WARNING: core mtj jar files are not available as resources to this classloader (jdk.internal.loader.ClassLoaders$AppClassLoader@5c29bfd)

=== Classifier model (full training set) ===

J48 pruned tree
------------------

NUM3 <= 1.998103
|   NUM2 <= -3.50193: TRUE (371.0)
|   NUM2 > -3.50193: FALSE (905.0)
NUM3 > 1.998103: TRUE (800.0)

Number of Leaves  : 	3

Size of the tree : 	5


Time taken to build model: 0.02 seconds

Time taken to test model on training data: 0.01 seconds

=== Error on training data ===

Correctly Classified Instances        2076              100      %
Incorrectly Classified Instances         0                0      %
Kappa statistic                          1     
K&B Relative Info Score                100      %
K&B Information Score                 2052.7877 bits      0.9888 bits/instance
Class complexity | order 0            2052.7877 bits      0.9888 bits/instance
Class complexity | scheme                0      bits      0      bits/instance
Complexity improvement     (Sf)       2052.7877 bits      0.9888 bits/instance
Mean absolute error                      0     
Root mean squared error                  0     
Relative absolute error                  0      %
Root relative squared error              0      %
Total Number of Instances             2076     


=== Detailed Accuracy By Class ===

                 TP Rate  FP Rate  Precision  Recall   F-Measure  MCC      ROC Area  PRC Area  Class
                 1.000    0.000    1.000      1.000    1.000      1.000    1.000     1.000     TRUE
                 1.000    0.000    1.000      1.000    1.000      1.000    1.000     1.000     FALSE
                 ?        0.000    ?          ?        ?          ?        ?         ?         UNKNOWN
Weighted Avg.    1.000    0.000    1.000      1.000    1.000      1.000    1.000     1.000     


=== Confusion Matrix ===

    a    b    c   <-- classified as
 1171    0    0 |    a = TRUE
    0  905    0 |    b = FALSE
    0    0    0 |    c = UNKNOWN

Time taken to perform cross-validation: 0.05 seconds


=== Stratified cross-validation ===

Correctly Classified Instances        2074               99.9037 %
Incorrectly Classified Instances         2                0.0963 %
Kappa statistic                          0.998 
K&B Relative Info Score                 99.8028 %
K&B Information Score                 2048.904  bits      0.9869 bits/instance
Class complexity | order 0            2052.9516 bits      0.9889 bits/instance
Class complexity | scheme             2148      bits      1.0347 bits/instance
Complexity improvement     (Sf)        -95.0484 bits     -0.0458 bits/instance
Mean absolute error                      0.0006
Root mean squared error                  0.0253
Relative absolute error                  0.1958 %
Root relative squared error              6.2593 %
Total Number of Instances             2076     


=== Detailed Accuracy By Class ===

                 TP Rate  FP Rate  Precision  Recall   F-Measure  MCC      ROC Area  PRC Area  Class
                 0.999    0.001    0.999      0.999    0.999      0.998    0.999     0.999     TRUE
                 0.999    0.001    0.999      0.999    0.999      0.998    0.999     0.998     FALSE
                 ?        0.000    ?          ?        ?          ?        ?         ?         UNKNOWN
Weighted Avg.    0.999    0.001    0.999      0.999    0.999      0.998    0.999     0.999     


=== Confusion Matrix ===

    a    b    c   <-- classified as
 1170    1    0 |    a = TRUE
    1  904    0 |    b = FALSE
    0    0    0 |    c = UNKNOWN

