WARNING: core mtj jar files are not available as resources to this classloader (jdk.internal.loader.ClassLoaders$AppClassLoader@5c29bfd)

=== Classifier model (full training set) ===

J48 pruned tree
------------------

NUM2 <= -3.521827: TRUE (85.0)
NUM2 > -3.521827
|   NUM3 <= 1.969086: FALSE (87.0)
|   NUM3 > 1.969086: TRUE (38.0)

Number of Leaves  : 	3

Size of the tree : 	5


Time taken to build model: 0.01 seconds

Time taken to test model on training data: 0 seconds

=== Error on training data ===

Correctly Classified Instances         210              100      %
Incorrectly Classified Instances         0                0      %
Kappa statistic                          1     
K&B Relative Info Score                100      %
K&B Information Score                  206.9523 bits      0.9855 bits/instance
Class complexity | order 0             206.9523 bits      0.9855 bits/instance
Class complexity | scheme                0      bits      0      bits/instance
Complexity improvement     (Sf)        206.9523 bits      0.9855 bits/instance
Mean absolute error                      0     
Root mean squared error                  0     
Relative absolute error                  0      %
Root relative squared error              0      %
Total Number of Instances              210     


=== Detailed Accuracy By Class ===

                 TP Rate  FP Rate  Precision  Recall   F-Measure  MCC      ROC Area  PRC Area  Class
                 1.000    0.000    1.000      1.000    1.000      1.000    1.000     1.000     TRUE
                 1.000    0.000    1.000      1.000    1.000      1.000    1.000     1.000     FALSE
                 ?        0.000    ?          ?        ?          ?        ?         ?         UNKNOWN
Weighted Avg.    1.000    0.000    1.000      1.000    1.000      1.000    1.000     1.000     


=== Confusion Matrix ===

   a   b   c   <-- classified as
 123   0   0 |   a = TRUE
   0  87   0 |   b = FALSE
   0   0   0 |   c = UNKNOWN

Time taken to perform cross-validation: 0.01 seconds


=== Stratified cross-validation ===

Correctly Classified Instances         209               99.5238 %
Incorrectly Classified Instances         1                0.4762 %
Kappa statistic                          0.9902
K&B Relative Info Score                 99.015  %
K&B Information Score                  205.137  bits      0.9768 bits/instance
Class complexity | order 0             207.1776 bits      0.9866 bits/instance
Class complexity | scheme             1074      bits      5.1143 bits/instance
Complexity improvement     (Sf)       -866.8224 bits     -4.1277 bits/instance
Mean absolute error                      0.0032
Root mean squared error                  0.0563
Relative absolute error                  0.9753 %
Root relative squared error             14.0049 %
Total Number of Instances              210     


=== Detailed Accuracy By Class ===

                 TP Rate  FP Rate  Precision  Recall   F-Measure  MCC      ROC Area  PRC Area  Class
                 1.000    0.011    0.992      1.000    0.996      0.990    0.994     0.992     TRUE
                 0.989    0.000    1.000      0.989    0.994      0.990    0.994     0.993     FALSE
                 ?        0.000    ?          ?        ?          ?        ?         ?         UNKNOWN
Weighted Avg.    0.995    0.007    0.995      0.995    0.995      0.990    0.994     0.992     


=== Confusion Matrix ===

   a   b   c   <-- classified as
 123   0   0 |   a = TRUE
   1  86   0 |   b = FALSE
   0   0   0 |   c = UNKNOWN

