WARNING: core mtj jar files are not available as resources to this classloader (jdk.internal.loader.ClassLoaders$AppClassLoader@5c29bfd)

=== Classifier model (full training set) ===

J48 pruned tree
------------------

NUM3 <= 2.798718: TRUE (50.0)
NUM3 > 2.798718: FALSE (58.0)

Number of Leaves  : 	2

Size of the tree : 	3


Time taken to build model: 0.01 seconds

Time taken to test model on training data: 0 seconds

=== Error on training data ===

Correctly Classified Instances         108              100      %
Incorrectly Classified Instances         0                0      %
Kappa statistic                          1     
K&B Relative Info Score                100      %
K&B Information Score                  108.9823 bits      1.0091 bits/instance
Class complexity | order 0             108.9823 bits      1.0091 bits/instance
Class complexity | scheme                0      bits      0      bits/instance
Complexity improvement     (Sf)        108.9823 bits      1.0091 bits/instance
Mean absolute error                      0     
Root mean squared error                  0     
Relative absolute error                  0      %
Root relative squared error              0      %
Total Number of Instances              108     


=== Detailed Accuracy By Class ===

                 TP Rate  FP Rate  Precision  Recall   F-Measure  MCC      ROC Area  PRC Area  Class
                 1.000    0.000    1.000      1.000    1.000      1.000    1.000     1.000     TRUE
                 1.000    0.000    1.000      1.000    1.000      1.000    1.000     1.000     FALSE
                 ?        0.000    ?          ?        ?          ?        ?         ?         UNKNOWN
Weighted Avg.    1.000    0.000    1.000      1.000    1.000      1.000    1.000     1.000     


=== Confusion Matrix ===

  a  b  c   <-- classified as
 50  0  0 |  a = TRUE
  0 58  0 |  b = FALSE
  0  0  0 |  c = UNKNOWN

Time taken to perform cross-validation: 0.01 seconds


=== Stratified cross-validation ===

Correctly Classified Instances         107               99.0741 %
Incorrectly Classified Instances         1                0.9259 %
Kappa statistic                          0.9814
K&B Relative Info Score                 98.1593 %
K&B Information Score                  107.1472 bits      0.9921 bits/instance
Class complexity | order 0             109.1564 bits      1.0107 bits/instance
Class complexity | scheme             1074      bits      9.9444 bits/instance
Complexity improvement     (Sf)       -964.8436 bits     -8.9337 bits/instance
Mean absolute error                      0.0062
Root mean squared error                  0.0786
Relative absolute error                  1.843  %
Root relative squared error             19.2925 %
Total Number of Instances              108     


=== Detailed Accuracy By Class ===

                 TP Rate  FP Rate  Precision  Recall   F-Measure  MCC      ROC Area  PRC Area  Class
                 0.980    0.000    1.000      0.980    0.990      0.982    0.990     0.989     TRUE
                 1.000    0.020    0.983      1.000    0.991      0.982    0.990     0.983     FALSE
                 ?        0.000    ?          ?        ?          ?        ?         ?         UNKNOWN
Weighted Avg.    0.991    0.011    0.991      0.991    0.991      0.982    0.990     0.986     


=== Confusion Matrix ===

  a  b  c   <-- classified as
 49  1  0 |  a = TRUE
  0 58  0 |  b = FALSE
  0  0  0 |  c = UNKNOWN

