WARNING: core mtj jar files are not available as resources to this classloader (jdk.internal.loader.ClassLoaders$AppClassLoader@5c29bfd)

=== Classifier model (full training set) ===

J48 pruned tree
------------------

NUM3 <= 2.798718: TRUE (84.0)
NUM3 > 2.798718: FALSE (93.0)

Number of Leaves  : 	2

Size of the tree : 	3


Time taken to build model: 0.01 seconds

Time taken to test model on training data: 0 seconds

=== Error on training data ===

Correctly Classified Instances         177              100      %
Incorrectly Classified Instances         0                0      %
Kappa statistic                          1     
K&B Relative Info Score                100      %
K&B Information Score                  178.0924 bits      1.0062 bits/instance
Class complexity | order 0             178.0924 bits      1.0062 bits/instance
Class complexity | scheme                0      bits      0      bits/instance
Complexity improvement     (Sf)        178.0924 bits      1.0062 bits/instance
Mean absolute error                      0     
Root mean squared error                  0     
Relative absolute error                  0      %
Root relative squared error              0      %
Total Number of Instances              177     


=== Detailed Accuracy By Class ===

                 TP Rate  FP Rate  Precision  Recall   F-Measure  MCC      ROC Area  PRC Area  Class
                 1.000    0.000    1.000      1.000    1.000      1.000    1.000     1.000     TRUE
                 1.000    0.000    1.000      1.000    1.000      1.000    1.000     1.000     FALSE
                 ?        0.000    ?          ?        ?          ?        ?         ?         UNKNOWN
Weighted Avg.    1.000    0.000    1.000      1.000    1.000      1.000    1.000     1.000     


=== Confusion Matrix ===

  a  b  c   <-- classified as
 84  0  0 |  a = TRUE
  0 93  0 |  b = FALSE
  0  0  0 |  c = UNKNOWN

Time taken to perform cross-validation: 0.01 seconds


=== Stratified cross-validation ===

Correctly Classified Instances         176               99.435  %
Incorrectly Classified Instances         1                0.565  %
Kappa statistic                          0.9887
K&B Relative Info Score                 98.8753 %
K&B Information Score                  176.3084 bits      0.9961 bits/instance
Class complexity | order 0             178.3139 bits      1.0074 bits/instance
Class complexity | scheme             1074      bits      6.0678 bits/instance
Complexity improvement     (Sf)       -895.6861 bits     -5.0604 bits/instance
Mean absolute error                      0.0038
Root mean squared error                  0.0614
Relative absolute error                  1.1256 %
Root relative squared error             15.0477 %
Total Number of Instances              177     


=== Detailed Accuracy By Class ===

                 TP Rate  FP Rate  Precision  Recall   F-Measure  MCC      ROC Area  PRC Area  Class
                 0.988    0.000    1.000      0.988    0.994      0.989    0.994     0.994     TRUE
                 1.000    0.012    0.989      1.000    0.995      0.989    0.994     0.989     FALSE
                 ?        0.000    ?          ?        ?          ?        ?         ?         UNKNOWN
Weighted Avg.    0.994    0.006    0.994      0.994    0.994      0.989    0.994     0.991     


=== Confusion Matrix ===

  a  b  c   <-- classified as
 83  1  0 |  a = TRUE
  0 93  0 |  b = FALSE
  0  0  0 |  c = UNKNOWN

