WARNING: core mtj jar files are not available as resources to this classloader (jdk.internal.loader.ClassLoaders$AppClassLoader@5c29bfd)

=== Classifier model (full training set) ===

J48 pruned tree
------------------

LOGICALS2 = And: FALSE (78.0)
LOGICALS2 = Or: TRUE (1.0)
LOGICALS2 = Implies: TRUE (38.0)

Number of Leaves  : 	3

Size of the tree : 	4


Time taken to build model: 0.01 seconds

Time taken to test model on training data: 0 seconds

=== Error on training data ===

Correctly Classified Instances         117              100      %
Incorrectly Classified Instances         0                0      %
Kappa statistic                          1     
K&B Relative Info Score                100      %
K&B Information Score                  108.8561 bits      0.9304 bits/instance
Class complexity | order 0             108.8561 bits      0.9304 bits/instance
Class complexity | scheme                0      bits      0      bits/instance
Complexity improvement     (Sf)        108.8561 bits      0.9304 bits/instance
Mean absolute error                      0     
Root mean squared error                  0     
Relative absolute error                  0      %
Root relative squared error              0      %
Total Number of Instances              117     


=== Detailed Accuracy By Class ===

                 TP Rate  FP Rate  Precision  Recall   F-Measure  MCC      ROC Area  PRC Area  Class
                 1.000    0.000    1.000      1.000    1.000      1.000    1.000     1.000     TRUE
                 1.000    0.000    1.000      1.000    1.000      1.000    1.000     1.000     FALSE
                 ?        0.000    ?          ?        ?          ?        ?         ?         UNKNOWN
Weighted Avg.    1.000    0.000    1.000      1.000    1.000      1.000    1.000     1.000     


=== Confusion Matrix ===

  a  b  c   <-- classified as
 39  0  0 |  a = TRUE
  0 78  0 |  b = FALSE
  0  0  0 |  c = UNKNOWN

Time taken to perform cross-validation: 0.01 seconds


=== Stratified cross-validation ===

Correctly Classified Instances         116               99.1453 %
Incorrectly Classified Instances         1                0.8547 %
Kappa statistic                          0.9806
K&B Relative Info Score                 98.5466 %
K&B Information Score                  107.4672 bits      0.9185 bits/instance
Class complexity | order 0             109.0522 bits      0.9321 bits/instance
Class complexity | scheme                1.585  bits      0.0135 bits/instance
Complexity improvement     (Sf)        107.4672 bits      0.9185 bits/instance
Mean absolute error                      0.0038
Root mean squared error                  0.0503
Relative absolute error                  1.2642 %
Root relative squared error             13.0687 %
Total Number of Instances              117     


=== Detailed Accuracy By Class ===

                 TP Rate  FP Rate  Precision  Recall   F-Measure  MCC      ROC Area  PRC Area  Class
                 0.974    0.000    1.000      0.974    0.987      0.981    1.000     1.000     TRUE
                 1.000    0.026    0.987      1.000    0.994      0.981    1.000     1.000     FALSE
                 ?        0.000    ?          ?        ?          ?        ?         ?         UNKNOWN
Weighted Avg.    0.991    0.017    0.992      0.991    0.991      0.981    1.000     1.000     


=== Confusion Matrix ===

  a  b  c   <-- classified as
 38  1  0 |  a = TRUE
  0 78  0 |  b = FALSE
  0  0  0 |  c = UNKNOWN

