WARNING: core mtj jar files are not available as resources to this classloader (jdk.internal.loader.ClassLoaders$AppClassLoader@5c29bfd)

=== Classifier model (full training set) ===

J48 pruned tree
------------------

LOGICALS2 = And: FALSE (767.0)
LOGICALS2 = Or
|   NUM3 <= 4.990545: FALSE (5.0)
|   NUM3 > 4.990545: TRUE (104.0)
LOGICALS2 = Implies: TRUE (288.0)

Number of Leaves  : 	4

Size of the tree : 	6


Time taken to build model: 0.02 seconds

Time taken to test model on training data: 0.01 seconds

=== Error on training data ===

Correctly Classified Instances        1164              100      %
Incorrectly Classified Instances         0                0      %
Kappa statistic                          1     
K&B Relative Info Score                100      %
K&B Information Score                 1074.2917 bits      0.9229 bits/instance
Class complexity | order 0            1074.2917 bits      0.9229 bits/instance
Class complexity | scheme                0      bits      0      bits/instance
Complexity improvement     (Sf)       1074.2917 bits      0.9229 bits/instance
Mean absolute error                      0     
Root mean squared error                  0     
Relative absolute error                  0      %
Root relative squared error              0      %
Total Number of Instances             1164     


=== Detailed Accuracy By Class ===

                 TP Rate  FP Rate  Precision  Recall   F-Measure  MCC      ROC Area  PRC Area  Class
                 1.000    0.000    1.000      1.000    1.000      1.000    1.000     1.000     TRUE
                 1.000    0.000    1.000      1.000    1.000      1.000    1.000     1.000     FALSE
                 ?        0.000    ?          ?        ?          ?        ?         ?         UNKNOWN
Weighted Avg.    1.000    0.000    1.000      1.000    1.000      1.000    1.000     1.000     


=== Confusion Matrix ===

   a   b   c   <-- classified as
 392   0   0 |   a = TRUE
   0 772   0 |   b = FALSE
   0   0   0 |   c = UNKNOWN

Time taken to perform cross-validation: 0.03 seconds


=== Stratified cross-validation ===

Correctly Classified Instances        1163               99.9141 %
Incorrectly Classified Instances         1                0.0859 %
Kappa statistic                          0.9981
K&B Relative Info Score                 99.7601 %
K&B Information Score                 1071.8808 bits      0.9209 bits/instance
Class complexity | order 0            1074.4583 bits      0.9231 bits/instance
Class complexity | scheme                2.8301 bits      0.0024 bits/instance
Complexity improvement     (Sf)       1071.6282 bits      0.9206 bits/instance
Mean absolute error                      0.0007
Root mean squared error                  0.0198
Relative absolute error                  0.2401 %
Root relative squared error              5.1423 %
Total Number of Instances             1164     


=== Detailed Accuracy By Class ===

                 TP Rate  FP Rate  Precision  Recall   F-Measure  MCC      ROC Area  PRC Area  Class
                 0.997    0.000    1.000      0.997    0.999      0.998    1.000     1.000     TRUE
                 1.000    0.003    0.999      1.000    0.999      0.998    1.000     1.000     FALSE
                 ?        0.000    ?          ?        ?          ?        ?         ?         UNKNOWN
Weighted Avg.    0.999    0.002    0.999      0.999    0.999      0.998    1.000     1.000     


=== Confusion Matrix ===

   a   b   c   <-- classified as
 391   1   0 |   a = TRUE
   0 772   0 |   b = FALSE
   0   0   0 |   c = UNKNOWN

