WARNING: core mtj jar files are not available as resources to this classloader (jdk.internal.loader.ClassLoaders$AppClassLoader@5c29bfd)

=== Classifier model (full training set) ===

J48 pruned tree
------------------

LOGICALS2 = And: FALSE (118.0)
LOGICALS2 = Or: TRUE (1.0)
LOGICALS2 = Implies: TRUE (58.0)

Number of Leaves  : 	3

Size of the tree : 	4


Time taken to build model: 0.01 seconds

Time taken to test model on training data: 0 seconds

=== Error on training data ===

Correctly Classified Instances         177              100      %
Incorrectly Classified Instances         0                0      %
Kappa statistic                          1     
K&B Relative Info Score                100      %
K&B Information Score                  163.963  bits      0.9263 bits/instance
Class complexity | order 0             163.963  bits      0.9263 bits/instance
Class complexity | scheme                0      bits      0      bits/instance
Complexity improvement     (Sf)        163.963  bits      0.9263 bits/instance
Mean absolute error                      0     
Root mean squared error                  0     
Relative absolute error                  0      %
Root relative squared error              0      %
Total Number of Instances              177     


=== Detailed Accuracy By Class ===

                 TP Rate  FP Rate  Precision  Recall   F-Measure  MCC      ROC Area  PRC Area  Class
                 1.000    0.000    1.000      1.000    1.000      1.000    1.000     1.000     TRUE
                 1.000    0.000    1.000      1.000    1.000      1.000    1.000     1.000     FALSE
                 ?        0.000    ?          ?        ?          ?        ?         ?         UNKNOWN
Weighted Avg.    1.000    0.000    1.000      1.000    1.000      1.000    1.000     1.000     


=== Confusion Matrix ===

   a   b   c   <-- classified as
  59   0   0 |   a = TRUE
   0 118   0 |   b = FALSE
   0   0   0 |   c = UNKNOWN

Time taken to perform cross-validation: 0.01 seconds


=== Stratified cross-validation ===

Correctly Classified Instances         176               99.435  %
Incorrectly Classified Instances         1                0.565  %
Kappa statistic                          0.9872
K&B Relative Info Score                 99.0344 %
K&B Information Score                  162.5622 bits      0.9184 bits/instance
Class complexity | order 0             164.1472 bits      0.9274 bits/instance
Class complexity | scheme                1.585  bits      0.009  bits/instance
Complexity improvement     (Sf)        162.5622 bits      0.9184 bits/instance
Mean absolute error                      0.0025
Root mean squared error                  0.0409
Relative absolute error                  0.8396 %
Root relative squared error             10.6278 %
Total Number of Instances              177     


=== Detailed Accuracy By Class ===

                 TP Rate  FP Rate  Precision  Recall   F-Measure  MCC      ROC Area  PRC Area  Class
                 0.983    0.000    1.000      0.983    0.991      0.987    1.000     1.000     TRUE
                 1.000    0.017    0.992      1.000    0.996      0.987    1.000     1.000     FALSE
                 ?        0.000    ?          ?        ?          ?        ?         ?         UNKNOWN
Weighted Avg.    0.994    0.011    0.994      0.994    0.994      0.987    1.000     1.000     


=== Confusion Matrix ===

   a   b   c   <-- classified as
  58   1   0 |   a = TRUE
   0 118   0 |   b = FALSE
   0   0   0 |   c = UNKNOWN

