WARNING: core mtj jar files are not available as resources to this classloader (jdk.internal.loader.ClassLoaders$AppClassLoader@5c29bfd)

=== Classifier model (full training set) ===

J48 pruned tree
------------------

LOGICALS2 = And: FALSE (156.0)
LOGICALS2 = Or: TRUE (1.0)
LOGICALS2 = Implies: TRUE (77.0)

Number of Leaves  : 	3

Size of the tree : 	4


Time taken to build model: 0.01 seconds

Time taken to test model on training data: 0 seconds

=== Error on training data ===

Correctly Classified Instances         234              100      %
Incorrectly Classified Instances         0                0      %
Kappa statistic                          1     
K&B Relative Info Score                100      %
K&B Information Score                  216.3102 bits      0.9244 bits/instance
Class complexity | order 0             216.3102 bits      0.9244 bits/instance
Class complexity | scheme                0      bits      0      bits/instance
Complexity improvement     (Sf)        216.3102 bits      0.9244 bits/instance
Mean absolute error                      0     
Root mean squared error                  0     
Relative absolute error                  0      %
Root relative squared error              0      %
Total Number of Instances              234     


=== Detailed Accuracy By Class ===

                 TP Rate  FP Rate  Precision  Recall   F-Measure  MCC      ROC Area  PRC Area  Class
                 1.000    0.000    1.000      1.000    1.000      1.000    1.000     1.000     TRUE
                 1.000    0.000    1.000      1.000    1.000      1.000    1.000     1.000     FALSE
                 ?        0.000    ?          ?        ?          ?        ?         ?         UNKNOWN
Weighted Avg.    1.000    0.000    1.000      1.000    1.000      1.000    1.000     1.000     


=== Confusion Matrix ===

   a   b   c   <-- classified as
  78   0   0 |   a = TRUE
   0 156   0 |   b = FALSE
   0   0   0 |   c = UNKNOWN

Time taken to perform cross-validation: 0.01 seconds


=== Stratified cross-validation ===

Correctly Classified Instances         233               99.5726 %
Incorrectly Classified Instances         1                0.4274 %
Kappa statistic                          0.9904
K&B Relative Info Score                 99.2742 %
K&B Information Score                  214.9387 bits      0.9185 bits/instance
Class complexity | order 0             216.51   bits      0.9253 bits/instance
Class complexity | scheme                1.5714 bits      0.0067 bits/instance
Complexity improvement     (Sf)        214.9387 bits      0.9185 bits/instance
Mean absolute error                      0.0019
Root mean squared error                  0.0354
Relative absolute error                  0.6335 %
Root relative squared error              9.1996 %
Total Number of Instances              234     


=== Detailed Accuracy By Class ===

                 TP Rate  FP Rate  Precision  Recall   F-Measure  MCC      ROC Area  PRC Area  Class
                 0.987    0.000    1.000      0.987    0.994      0.990    1.000     1.000     TRUE
                 1.000    0.013    0.994      1.000    0.997      0.990    1.000     1.000     FALSE
                 ?        0.000    ?          ?        ?          ?        ?         ?         UNKNOWN
Weighted Avg.    0.996    0.009    0.996      0.996    0.996      0.990    1.000     1.000     


=== Confusion Matrix ===

   a   b   c   <-- classified as
  77   1   0 |   a = TRUE
   0 156   0 |   b = FALSE
   0   0   0 |   c = UNKNOWN

