WARNING: core mtj jar files are not available as resources to this classloader (jdk.internal.loader.ClassLoaders$AppClassLoader@5c29bfd)

=== Classifier model (full training set) ===

J48 pruned tree
------------------

LOGICALS2 = And: FALSE (194.0)
LOGICALS2 = Or: TRUE (1.0)
LOGICALS2 = Implies: TRUE (96.0)

Number of Leaves  : 	3

Size of the tree : 	4


Time taken to build model: 0.01 seconds

Time taken to test model on training data: 0 seconds

=== Error on training data ===

Correctly Classified Instances         291              100      %
Incorrectly Classified Instances         0                0      %
Kappa statistic                          1     
K&B Relative Info Score                100      %
K&B Information Score                  268.6557 bits      0.9232 bits/instance
Class complexity | order 0             268.6557 bits      0.9232 bits/instance
Class complexity | scheme                0      bits      0      bits/instance
Complexity improvement     (Sf)        268.6557 bits      0.9232 bits/instance
Mean absolute error                      0     
Root mean squared error                  0     
Relative absolute error                  0      %
Root relative squared error              0      %
Total Number of Instances              291     


=== Detailed Accuracy By Class ===

                 TP Rate  FP Rate  Precision  Recall   F-Measure  MCC      ROC Area  PRC Area  Class
                 1.000    0.000    1.000      1.000    1.000      1.000    1.000     1.000     TRUE
                 1.000    0.000    1.000      1.000    1.000      1.000    1.000     1.000     FALSE
                 ?        0.000    ?          ?        ?          ?        ?         ?         UNKNOWN
Weighted Avg.    1.000    0.000    1.000      1.000    1.000      1.000    1.000     1.000     


=== Confusion Matrix ===

   a   b   c   <-- classified as
  97   0   0 |   a = TRUE
   0 194   0 |   b = FALSE
   0   0   0 |   c = UNKNOWN

Time taken to perform cross-validation: 0.01 seconds


=== Stratified cross-validation ===

Correctly Classified Instances         290               99.6564 %
Incorrectly Classified Instances         1                0.3436 %
Kappa statistic                          0.9922
K&B Relative Info Score                 99.4085 %
K&B Information Score                  267.2747 bits      0.9185 bits/instance
Class complexity | order 0             268.8652 bits      0.9239 bits/instance
Class complexity | scheme                1.5905 bits      0.0055 bits/instance
Complexity improvement     (Sf)        267.2747 bits      0.9185 bits/instance
Mean absolute error                      0.0015
Root mean squared error                  0.032 
Relative absolute error                  0.5135 %
Root relative squared error              8.3048 %
Total Number of Instances              291     


=== Detailed Accuracy By Class ===

                 TP Rate  FP Rate  Precision  Recall   F-Measure  MCC      ROC Area  PRC Area  Class
                 0.990    0.000    1.000      0.990    0.995      0.992    1.000     1.000     TRUE
                 1.000    0.010    0.995      1.000    0.997      0.992    1.000     1.000     FALSE
                 ?        0.000    ?          ?        ?          ?        ?         ?         UNKNOWN
Weighted Avg.    0.997    0.007    0.997      0.997    0.997      0.992    1.000     1.000     


=== Confusion Matrix ===

   a   b   c   <-- classified as
  96   1   0 |   a = TRUE
   0 194   0 |   b = FALSE
   0   0   0 |   c = UNKNOWN

