WARNING: core mtj jar files are not available as resources to this classloader (jdk.internal.loader.ClassLoaders$AppClassLoader@5c29bfd)

=== Classifier model (full training set) ===

J48 pruned tree
------------------

NUM3 <= 1.988533
|   NUM2 <= -3.502855: TRUE (96.0)
|   NUM2 > -3.502855: FALSE (222.0)
NUM3 > 1.988533: TRUE (201.0)

Number of Leaves  : 	3

Size of the tree : 	5


Time taken to build model: 0.02 seconds

Time taken to test model on training data: 0.01 seconds

=== Error on training data ===

Correctly Classified Instances         519              100      %
Incorrectly Classified Instances         0                0      %
Kappa statistic                          1     
K&B Relative Info Score                100      %
K&B Information Score                  512.5904 bits      0.9877 bits/instance
Class complexity | order 0             512.5904 bits      0.9877 bits/instance
Class complexity | scheme                0      bits      0      bits/instance
Complexity improvement     (Sf)        512.5904 bits      0.9877 bits/instance
Mean absolute error                      0     
Root mean squared error                  0     
Relative absolute error                  0      %
Root relative squared error              0      %
Total Number of Instances              519     


=== Detailed Accuracy By Class ===

                 TP Rate  FP Rate  Precision  Recall   F-Measure  MCC      ROC Area  PRC Area  Class
                 1.000    0.000    1.000      1.000    1.000      1.000    1.000     1.000     TRUE
                 1.000    0.000    1.000      1.000    1.000      1.000    1.000     1.000     FALSE
                 ?        0.000    ?          ?        ?          ?        ?         ?         UNKNOWN
Weighted Avg.    1.000    0.000    1.000      1.000    1.000      1.000    1.000     1.000     


=== Confusion Matrix ===

   a   b   c   <-- classified as
 297   0   0 |   a = TRUE
   0 222   0 |   b = FALSE
   0   0   0 |   c = UNKNOWN

Time taken to perform cross-validation: 0.02 seconds


=== Stratified cross-validation ===

Correctly Classified Instances         516               99.422  %
Incorrectly Classified Instances         3                0.578  %
Kappa statistic                          0.9882
K&B Relative Info Score                 98.8117 %
K&B Information Score                  506.6771 bits      0.9763 bits/instance
Class complexity | order 0             512.7702 bits      0.988  bits/instance
Class complexity | scheme             3222      bits      6.2081 bits/instance
Complexity improvement     (Sf)      -2709.2298 bits     -5.2201 bits/instance
Mean absolute error                      0.0039
Root mean squared error                  0.0621
Relative absolute error                  1.178  %
Root relative squared error             15.3665 %
Total Number of Instances              519     


=== Detailed Accuracy By Class ===

                 TP Rate  FP Rate  Precision  Recall   F-Measure  MCC      ROC Area  PRC Area  Class
                 0.997    0.009    0.993      0.997    0.995      0.988    0.994     0.992     TRUE
                 0.991    0.003    0.995      0.991    0.993      0.988    0.994     0.990     FALSE
                 ?        0.000    ?          ?        ?          ?        ?         ?         UNKNOWN
Weighted Avg.    0.994    0.007    0.994      0.994    0.994      0.988    0.994     0.991     


=== Confusion Matrix ===

   a   b   c   <-- classified as
 296   1   0 |   a = TRUE
   2 220   0 |   b = FALSE
   0   0   0 |   c = UNKNOWN

