WARNING: core mtj jar files are not available as resources to this classloader (jdk.internal.loader.ClassLoaders$AppClassLoader@5c29bfd)

=== Classifier model (full training set) ===

J48 pruned tree
------------------

NUM3 <= 2.796604: TRUE (33.0)
NUM3 > 2.796604: FALSE (36.0)

Number of Leaves  : 	2

Size of the tree : 	3


Time taken to build model: 0.01 seconds

Time taken to test model on training data: 0 seconds

=== Error on training data ===

Correctly Classified Instances          69              100      %
Incorrectly Classified Instances         0                0      %
Kappa statistic                          1     
K&B Relative Info Score                100      %
K&B Information Score                   70.2982 bits      1.0188 bits/instance
Class complexity | order 0              70.2982 bits      1.0188 bits/instance
Class complexity | scheme                0      bits      0      bits/instance
Complexity improvement     (Sf)         70.2982 bits      1.0188 bits/instance
Mean absolute error                      0     
Root mean squared error                  0     
Relative absolute error                  0      %
Root relative squared error              0      %
Total Number of Instances               69     


=== Detailed Accuracy By Class ===

                 TP Rate  FP Rate  Precision  Recall   F-Measure  MCC      ROC Area  PRC Area  Class
                 1.000    0.000    1.000      1.000    1.000      1.000    1.000     1.000     TRUE
                 1.000    0.000    1.000      1.000    1.000      1.000    1.000     1.000     FALSE
                 ?        0.000    ?          ?        ?          ?        ?         ?         UNKNOWN
Weighted Avg.    1.000    0.000    1.000      1.000    1.000      1.000    1.000     1.000     


=== Confusion Matrix ===

  a  b  c   <-- classified as
 33  0  0 |  a = TRUE
  0 36  0 |  b = FALSE
  0  0  0 |  c = UNKNOWN

Time taken to perform cross-validation: 0.01 seconds


=== Stratified cross-validation ===

Correctly Classified Instances          68               98.5507 %
Incorrectly Classified Instances         1                1.4493 %
Kappa statistic                          0.9709
K&B Relative Info Score                 97.1612 %
K&B Information Score                   68.6344 bits      0.9947 bits/instance
Class complexity | order 0              70.6397 bits      1.0238 bits/instance
Class complexity | scheme             1074      bits     15.5652 bits/instance
Complexity improvement     (Sf)      -1003.3603 bits    -14.5415 bits/instance
Mean absolute error                      0.0097
Root mean squared error                  0.0983
Relative absolute error                  2.8547 %
Root relative squared error             24.0457 %
Total Number of Instances               69     


=== Detailed Accuracy By Class ===

                 TP Rate  FP Rate  Precision  Recall   F-Measure  MCC      ROC Area  PRC Area  Class
                 0.970    0.000    1.000      0.970    0.985      0.971    0.985     0.984     TRUE
                 1.000    0.030    0.973      1.000    0.986      0.971    0.985     0.973     FALSE
                 ?        0.000    ?          ?        ?          ?        ?         ?         UNKNOWN
Weighted Avg.    0.986    0.016    0.986      0.986    0.985      0.971    0.985     0.978     


=== Confusion Matrix ===

  a  b  c   <-- classified as
 32  1  0 |  a = TRUE
  0 36  0 |  b = FALSE
  0  0  0 |  c = UNKNOWN

