WARNING: core mtj jar files are not available as resources to this classloader (jdk.internal.loader.ClassLoaders$AppClassLoader@5c29bfd)

=== Classifier model (full training set) ===

J48 pruned tree
------------------

NUM3 <= 2.796604: TRUE (45.0)
NUM3 > 2.796604: FALSE (57.0)

Number of Leaves  : 	2

Size of the tree : 	3


Time taken to build model: 0.01 seconds

Time taken to test model on training data: 0 seconds

=== Error on training data ===

Correctly Classified Instances         102              100      %
Incorrectly Classified Instances         0                0      %
Kappa statistic                          1     
K&B Relative Info Score                100      %
K&B Information Score                  102.3878 bits      1.0038 bits/instance
Class complexity | order 0             102.3878 bits      1.0038 bits/instance
Class complexity | scheme                0      bits      0      bits/instance
Complexity improvement     (Sf)        102.3878 bits      1.0038 bits/instance
Mean absolute error                      0     
Root mean squared error                  0     
Relative absolute error                  0      %
Root relative squared error              0      %
Total Number of Instances              102     


=== Detailed Accuracy By Class ===

                 TP Rate  FP Rate  Precision  Recall   F-Measure  MCC      ROC Area  PRC Area  Class
                 1.000    0.000    1.000      1.000    1.000      1.000    1.000     1.000     TRUE
                 1.000    0.000    1.000      1.000    1.000      1.000    1.000     1.000     FALSE
                 ?        0.000    ?          ?        ?          ?        ?         ?         UNKNOWN
Weighted Avg.    1.000    0.000    1.000      1.000    1.000      1.000    1.000     1.000     


=== Confusion Matrix ===

  a  b  c   <-- classified as
 45  0  0 |  a = TRUE
  0 57  0 |  b = FALSE
  0  0  0 |  c = UNKNOWN

Time taken to perform cross-validation: 0.01 seconds


=== Stratified cross-validation ===

Correctly Classified Instances         101               99.0196 %
Incorrectly Classified Instances         1                0.9804 %
Kappa statistic                          0.9801
K&B Relative Info Score                 98.0254 %
K&B Information Score                  100.6397 bits      0.9867 bits/instance
Class complexity | order 0             102.667  bits      1.0065 bits/instance
Class complexity | scheme             1074      bits     10.5294 bits/instance
Complexity improvement     (Sf)       -971.333  bits     -9.5229 bits/instance
Mean absolute error                      0.0065
Root mean squared error                  0.0808
Relative absolute error                  1.9648 %
Root relative squared error             19.921  %
Total Number of Instances              102     


=== Detailed Accuracy By Class ===

                 TP Rate  FP Rate  Precision  Recall   F-Measure  MCC      ROC Area  PRC Area  Class
                 0.978    0.000    1.000      0.978    0.989      0.980    0.989     0.988     TRUE
                 1.000    0.022    0.983      1.000    0.991      0.980    0.989     0.983     FALSE
                 ?        0.000    ?          ?        ?          ?        ?         ?         UNKNOWN
Weighted Avg.    0.990    0.012    0.990      0.990    0.990      0.980    0.989     0.985     


=== Confusion Matrix ===

  a  b  c   <-- classified as
 44  1  0 |  a = TRUE
  0 57  0 |  b = FALSE
  0  0  0 |  c = UNKNOWN

