WARNING: core mtj jar files are not available as resources to this classloader (jdk.internal.loader.ClassLoaders$AppClassLoader@5c29bfd)

=== Classifier model (full training set) ===

J48 pruned tree
------------------

NUM3 <= 2.796604: TRUE (76.0)
NUM3 > 2.796604: FALSE (95.0)

Number of Leaves  : 	2

Size of the tree : 	3


Time taken to build model: 0.01 seconds

Time taken to test model on training data: 0 seconds

=== Error on training data ===

Correctly Classified Instances         171              100      %
Incorrectly Classified Instances         0                0      %
Kappa statistic                          1     
K&B Relative Info Score                100      %
K&B Information Score                  170.8961 bits      0.9994 bits/instance
Class complexity | order 0             170.8961 bits      0.9994 bits/instance
Class complexity | scheme                0      bits      0      bits/instance
Complexity improvement     (Sf)        170.8961 bits      0.9994 bits/instance
Mean absolute error                      0     
Root mean squared error                  0     
Relative absolute error                  0      %
Root relative squared error              0      %
Total Number of Instances              171     


=== Detailed Accuracy By Class ===

                 TP Rate  FP Rate  Precision  Recall   F-Measure  MCC      ROC Area  PRC Area  Class
                 1.000    0.000    1.000      1.000    1.000      1.000    1.000     1.000     TRUE
                 1.000    0.000    1.000      1.000    1.000      1.000    1.000     1.000     FALSE
                 ?        0.000    ?          ?        ?          ?        ?         ?         UNKNOWN
Weighted Avg.    1.000    0.000    1.000      1.000    1.000      1.000    1.000     1.000     


=== Confusion Matrix ===

  a  b  c   <-- classified as
 76  0  0 |  a = TRUE
  0 95  0 |  b = FALSE
  0  0  0 |  c = UNKNOWN

Time taken to perform cross-validation: 0.01 seconds


=== Stratified cross-validation ===

Correctly Classified Instances         170               99.4152 %
Incorrectly Classified Instances         1                0.5848 %
Kappa statistic                          0.9881
K&B Relative Info Score                 98.8214 %
K&B Information Score                  169.1224 bits      0.989  bits/instance
Class complexity | order 0             171.1394 bits      1.0008 bits/instance
Class complexity | scheme             1074      bits      6.2807 bits/instance
Complexity improvement     (Sf)       -902.8606 bits     -5.2799 bits/instance
Mean absolute error                      0.0039
Root mean squared error                  0.0624
Relative absolute error                  1.1759 %
Root relative squared error             15.3833 %
Total Number of Instances              171     


=== Detailed Accuracy By Class ===

                 TP Rate  FP Rate  Precision  Recall   F-Measure  MCC      ROC Area  PRC Area  Class
                 0.987    0.000    1.000      0.987    0.993      0.988    0.993     0.993     TRUE
                 1.000    0.013    0.990      1.000    0.995      0.988    0.993     0.990     FALSE
                 ?        0.000    ?          ?        ?          ?        ?         ?         UNKNOWN
Weighted Avg.    0.994    0.007    0.994      0.994    0.994      0.988    0.993     0.991     


=== Confusion Matrix ===

  a  b  c   <-- classified as
 75  1  0 |  a = TRUE
  0 95  0 |  b = FALSE
  0  0  0 |  c = UNKNOWN

