WARNING: core mtj jar files are not available as resources to this classloader (jdk.internal.loader.ClassLoaders$AppClassLoader@5c29bfd)

=== Classifier model (full training set) ===

J48 pruned tree
------------------

QUANTIFIERS1 = ForAll: FALSE (634.0)
QUANTIFIERS1 = Exists: TRUE (392.0/1.0)

Number of Leaves  : 	2

Size of the tree : 	3


Time taken to build model: 0.02 seconds

Time taken to test model on training data: 0.01 seconds

=== Error on training data ===

Correctly Classified Instances        1025               99.9025 %
Incorrectly Classified Instances         1                0.0975 %
Kappa statistic                          0.9979
K&B Relative Info Score                 99.6427 %
K&B Information Score                  981.6578 bits      0.9568 bits/instance
Class complexity | order 0             985.1778 bits      0.9602 bits/instance
Class complexity | scheme               10.0556 bits      0.0098 bits/instance
Complexity improvement     (Sf)        975.1222 bits      0.9504 bits/instance
Mean absolute error                      0.0013
Root mean squared error                  0.0255
Relative absolute error                  0.4117 %
Root relative squared error              6.4201 %
Total Number of Instances             1026     


=== Detailed Accuracy By Class ===

                 TP Rate  FP Rate  Precision  Recall   F-Measure  MCC      ROC Area  PRC Area  Class
                 1.000    0.002    0.997      1.000    0.999      0.998    0.999     0.997     TRUE
                 0.998    0.000    1.000      0.998    0.999      0.998    0.999     0.999     FALSE
                 ?        0.000    ?          ?        ?          ?        ?         ?         UNKNOWN
Weighted Avg.    0.999    0.001    0.999      0.999    0.999      0.998    0.999     0.999     


=== Confusion Matrix ===

   a   b   c   <-- classified as
 391   0   0 |   a = TRUE
   1 634   0 |   b = FALSE
   0   0   0 |   c = UNKNOWN

Time taken to perform cross-validation: 0.03 seconds


=== Stratified cross-validation ===

Correctly Classified Instances        1025               99.9025 %
Incorrectly Classified Instances         1                0.0975 %
Kappa statistic                          0.9979
K&B Relative Info Score                 99.6424 %
K&B Information Score                  981.8199 bits      0.9569 bits/instance
Class complexity | order 0             985.3439 bits      0.9604 bits/instance
Class complexity | scheme             1075.4411 bits      1.0482 bits/instance
Complexity improvement     (Sf)        -90.0973 bits     -0.0878 bits/instance
Mean absolute error                      0.0013
Root mean squared error                  0.0255
Relative absolute error                  0.4122 %
Root relative squared error              6.4374 %
Total Number of Instances             1026     


=== Detailed Accuracy By Class ===

                 TP Rate  FP Rate  Precision  Recall   F-Measure  MCC      ROC Area  PRC Area  Class
                 1.000    0.002    0.997      1.000    0.999      0.998    0.999     0.995     TRUE
                 0.998    0.000    1.000      0.998    0.999      0.998    0.999     0.999     FALSE
                 ?        0.000    ?          ?        ?          ?        ?         ?         UNKNOWN
Weighted Avg.    0.999    0.001    0.999      0.999    0.999      0.998    0.999     0.998     


=== Confusion Matrix ===

   a   b   c   <-- classified as
 391   0   0 |   a = TRUE
   1 634   0 |   b = FALSE
   0   0   0 |   c = UNKNOWN

