WARNING: core mtj jar files are not available as resources to this classloader (jdk.internal.loader.ClassLoaders$AppClassLoader@5c29bfd)

=== Classifier model (full training set) ===

J48 pruned tree
------------------

NUM1 <= 4854466.796768: TRUE (106.0)
NUM1 > 4854466.796768
|   NUM3 <= 2.796872
|   |   LOGICALS3 = And: TRUE (14.0)
|   |   LOGICALS3 = Or: FALSE (4.0)
|   |   LOGICALS3 = Implies: TRUE (0.0)
|   NUM3 > 2.796872
|   |   NUM1 <= 5133926.38928
|   |   |   NUM1 <= 4954836.532198: FALSE (3.0)
|   |   |   NUM1 > 4954836.532198: TRUE (2.0)
|   |   NUM1 > 5133926.38928: FALSE (132.0)

Number of Leaves  : 	7

Size of the tree : 	12


Time taken to build model: 0.02 seconds

Time taken to test model on training data: 0.01 seconds

=== Error on training data ===

Correctly Classified Instances         261              100      %
Incorrectly Classified Instances         0                0      %
Kappa statistic                          1     
K&B Relative Info Score                100      %
K&B Information Score                  261.6298 bits      1.0024 bits/instance
Class complexity | order 0             261.6298 bits      1.0024 bits/instance
Class complexity | scheme                0      bits      0      bits/instance
Complexity improvement     (Sf)        261.6298 bits      1.0024 bits/instance
Mean absolute error                      0     
Root mean squared error                  0     
Relative absolute error                  0      %
Root relative squared error              0      %
Total Number of Instances              261     


=== Detailed Accuracy By Class ===

                 TP Rate  FP Rate  Precision  Recall   F-Measure  MCC      ROC Area  PRC Area  Class
                 1.000    0.000    1.000      1.000    1.000      1.000    1.000     1.000     TRUE
                 1.000    0.000    1.000      1.000    1.000      1.000    1.000     1.000     FALSE
                 ?        0.000    ?          ?        ?          ?        ?         ?         UNKNOWN
Weighted Avg.    1.000    0.000    1.000      1.000    1.000      1.000    1.000     1.000     


=== Confusion Matrix ===

   a   b   c   <-- classified as
 122   0   0 |   a = TRUE
   0 139   0 |   b = FALSE
   0   0   0 |   c = UNKNOWN

Time taken to perform cross-validation: 0.02 seconds


=== Stratified cross-validation ===

Correctly Classified Instances         258               98.8506 %
Incorrectly Classified Instances         3                1.1494 %
Kappa statistic                          0.9769
K&B Relative Info Score                 97.4695 %
K&B Information Score                  255.1889 bits      0.9777 bits/instance
Class complexity | order 0             261.814  bits      1.0031 bits/instance
Class complexity | scheme               21.4649 bits      0.0822 bits/instance
Complexity improvement     (Sf)        240.3491 bits      0.9209 bits/instance
Mean absolute error                      0.0087
Root mean squared error                  0.0869
Relative absolute error                  2.6164 %
Root relative squared error             21.3306 %
Total Number of Instances              261     


=== Detailed Accuracy By Class ===

                 TP Rate  FP Rate  Precision  Recall   F-Measure  MCC      ROC Area  PRC Area  Class
                 0.975    0.000    1.000      0.975    0.988      0.977    0.995     0.994     TRUE
                 1.000    0.025    0.979      1.000    0.989      0.977    0.995     0.993     FALSE
                 ?        0.000    ?          ?        ?          ?        ?         ?         UNKNOWN
Weighted Avg.    0.989    0.013    0.989      0.989    0.988      0.977    0.995     0.994     


=== Confusion Matrix ===

   a   b   c   <-- classified as
 119   3   0 |   a = TRUE
   0 139   0 |   b = FALSE
   0   0   0 |   c = UNKNOWN

