WARNING: core mtj jar files are not available as resources to this classloader (jdk.internal.loader.ClassLoaders$AppClassLoader@5c29bfd)

=== Classifier model (full training set) ===

J48 pruned tree
------------------

NUM1 <= 5219155.105622
|   NUM1 <= 4778584.629878: TRUE (186.0)
|   NUM1 > 4778584.629878
|   |   LOGICALS3 = And: TRUE (22.0)
|   |   LOGICALS3 = Or: FALSE (7.0)
|   |   LOGICALS3 = Implies: TRUE (0.0)
NUM1 > 5219155.105622
|   NUM3 <= 2.799925
|   |   LOGICALS3 = And: TRUE (32.0)
|   |   LOGICALS3 = Or: FALSE (17.0)
|   |   LOGICALS3 = Implies: TRUE (0.0)
|   NUM3 > 2.799925: FALSE (255.0)

Number of Leaves  : 	8

Size of the tree : 	13


Time taken to build model: 0.02 seconds

Time taken to test model on training data: 0 seconds

=== Error on training data ===

Correctly Classified Instances         519              100      %
Incorrectly Classified Instances         0                0      %
Kappa statistic                          1     
K&B Relative Info Score                100      %
K&B Information Score                  518.3198 bits      0.9987 bits/instance
Class complexity | order 0             518.3198 bits      0.9987 bits/instance
Class complexity | scheme                0      bits      0      bits/instance
Complexity improvement     (Sf)        518.3198 bits      0.9987 bits/instance
Mean absolute error                      0     
Root mean squared error                  0     
Relative absolute error                  0      %
Root relative squared error              0      %
Total Number of Instances              519     


=== Detailed Accuracy By Class ===

                 TP Rate  FP Rate  Precision  Recall   F-Measure  MCC      ROC Area  PRC Area  Class
                 1.000    0.000    1.000      1.000    1.000      1.000    1.000     1.000     TRUE
                 1.000    0.000    1.000      1.000    1.000      1.000    1.000     1.000     FALSE
                 ?        0.000    ?          ?        ?          ?        ?         ?         UNKNOWN
Weighted Avg.    1.000    0.000    1.000      1.000    1.000      1.000    1.000     1.000     


=== Confusion Matrix ===

   a   b   c   <-- classified as
 240   0   0 |   a = TRUE
   0 279   0 |   b = FALSE
   0   0   0 |   c = UNKNOWN

Time taken to perform cross-validation: 0.03 seconds


=== Stratified cross-validation ===

Correctly Classified Instances         517               99.6146 %
Incorrectly Classified Instances         2                0.3854 %
Kappa statistic                          0.9922
K&B Relative Info Score                 99.1972 %
K&B Information Score                  514.3187 bits      0.991  bits/instance
Class complexity | order 0             518.481  bits      0.999  bits/instance
Class complexity | scheme             1081.6302 bits      2.0841 bits/instance
Complexity improvement     (Sf)       -563.1491 bits     -1.0851 bits/instance
Mean absolute error                      0.0027
Root mean squared error                  0.0506
Relative absolute error                  0.8125 %
Root relative squared error             12.4174 %
Total Number of Instances              519     


=== Detailed Accuracy By Class ===

                 TP Rate  FP Rate  Precision  Recall   F-Measure  MCC      ROC Area  PRC Area  Class
                 0.996    0.004    0.996      0.996    0.996      0.992    0.998     0.997     TRUE
                 0.996    0.004    0.996      0.996    0.996      0.992    0.998     0.996     FALSE
                 ?        0.000    ?          ?        ?          ?        ?         ?         UNKNOWN
Weighted Avg.    0.996    0.004    0.996      0.996    0.996      0.992    0.998     0.997     


=== Confusion Matrix ===

   a   b   c   <-- classified as
 239   1   0 |   a = TRUE
   1 278   0 |   b = FALSE
   0   0   0 |   c = UNKNOWN

