WARNING: core mtj jar files are not available as resources to this classloader (jdk.internal.loader.ClassLoaders$AppClassLoader@5c29bfd)

=== Classifier model (full training set) ===

J48 pruned tree
------------------

NUM1 <= 16
|   NUM2 <= 6.823286
|   |   NUM2 <= 6.396103: TRUE (137.0)
|   |   NUM2 > 6.396103
|   |   |   NUM1 <= 13
|   |   |   |   NUM1 <= 12: TRUE (45.0/1.0)
|   |   |   |   NUM1 > 12
|   |   |   |   |   NUM2 <= 6.442663: TRUE (3.0)
|   |   |   |   |   NUM2 > 6.442663: FALSE (2.0)
|   |   |   NUM1 > 13: FALSE (10.0)
|   NUM2 > 6.823286: FALSE (73.0)
NUM1 > 16: FALSE (240.0)

Number of Leaves  : 	7

Size of the tree : 	13


Time taken to build model: 0.02 seconds

Time taken to test model on training data: 0 seconds

=== Error on training data ===

Correctly Classified Instances         509               99.8039 %
Incorrectly Classified Instances         1                0.1961 %
Kappa statistic                          0.9958
K&B Relative Info Score                 99.2731 %
K&B Information Score                  479.0282 bits      0.9393 bits/instance
Class complexity | order 0             482.5356 bits      0.9461 bits/instance
Class complexity | scheme                6.9184 bits      0.0136 bits/instance
Complexity improvement     (Sf)        475.6172 bits      0.9326 bits/instance
Mean absolute error                      0.0026
Root mean squared error                  0.0358
Relative absolute error                  0.8292 %
Root relative squared error              9.1177 %
Total Number of Instances              510     


=== Detailed Accuracy By Class ===

                 TP Rate  FP Rate  Precision  Recall   F-Measure  MCC      ROC Area  PRC Area  Class
                 1.000    0.003    0.995      1.000    0.997      0.996    1.000     0.999     TRUE
                 0.997    0.000    1.000      0.997    0.998      0.996    1.000     1.000     FALSE
                 ?        0.000    ?          ?        ?          ?        ?         ?         UNKNOWN
Weighted Avg.    0.998    0.001    0.998      0.998    0.998      0.996    1.000     0.999     


=== Confusion Matrix ===

   a   b   c   <-- classified as
 184   0   0 |   a = TRUE
   1 325   0 |   b = FALSE
   0   0   0 |   c = UNKNOWN

Time taken to perform cross-validation: 0.02 seconds


=== Stratified cross-validation ===

Correctly Classified Instances         503               98.6275 %
Incorrectly Classified Instances         7                1.3725 %
Kappa statistic                          0.9704
K&B Relative Info Score                 96.671  %
K&B Information Score                  466.6588 bits      0.915  bits/instance
Class complexity | order 0             482.7287 bits      0.9465 bits/instance
Class complexity | scheme             3244.4758 bits      6.3617 bits/instance
Complexity improvement     (Sf)      -2761.7471 bits     -5.4152 bits/instance
Mean absolute error                      0.0103
Root mean squared error                  0.092 
Relative absolute error                  3.3513 %
Root relative squared error             23.4667 %
Total Number of Instances              510     


=== Detailed Accuracy By Class ===

                 TP Rate  FP Rate  Precision  Recall   F-Measure  MCC      ROC Area  PRC Area  Class
                 0.995    0.018    0.968      0.995    0.981      0.971    0.992     0.979     TRUE
                 0.982    0.005    0.997      0.982    0.989      0.971    0.992     0.994     FALSE
                 ?        0.000    ?          ?        ?          ?        ?         ?         UNKNOWN
Weighted Avg.    0.986    0.010    0.987      0.986    0.986      0.971    0.992     0.988     


=== Confusion Matrix ===

   a   b   c   <-- classified as
 183   1   0 |   a = TRUE
   6 320   0 |   b = FALSE
   0   0   0 |   c = UNKNOWN

