WARNING: core mtj jar files are not available as resources to this classloader (jdk.internal.loader.ClassLoaders$AppClassLoader@5c29bfd)

=== Classifier model (full training set) ===

J48 pruned tree
------------------

NUM2 <= 3.805642: TRUE (6.0)
NUM2 > 3.805642: FALSE (12.0)

Number of Leaves  : 	2

Size of the tree : 	3


Time taken to build model: 0.01 seconds

Time taken to test model on training data: 0 seconds

=== Error on training data ===

Correctly Classified Instances          18              100      %
Incorrectly Classified Instances         0                0      %
Kappa statistic                          1     
K&B Relative Info Score                100      %
K&B Information Score                   17.8123 bits      0.9896 bits/instance
Class complexity | order 0              17.8123 bits      0.9896 bits/instance
Class complexity | scheme                0      bits      0      bits/instance
Complexity improvement     (Sf)         17.8123 bits      0.9896 bits/instance
Mean absolute error                      0     
Root mean squared error                  0     
Relative absolute error                  0      %
Root relative squared error              0      %
Total Number of Instances               18     


=== Detailed Accuracy By Class ===

                 TP Rate  FP Rate  Precision  Recall   F-Measure  MCC      ROC Area  PRC Area  Class
                 1.000    0.000    1.000      1.000    1.000      1.000    1.000     1.000     TRUE
                 1.000    0.000    1.000      1.000    1.000      1.000    1.000     1.000     FALSE
                 ?        0.000    ?          ?        ?          ?        ?         ?         UNKNOWN
Weighted Avg.    1.000    0.000    1.000      1.000    1.000      1.000    1.000     1.000     


=== Confusion Matrix ===

  a  b  c   <-- classified as
  6  0  0 |  a = TRUE
  0 12  0 |  b = FALSE
  0  0  0 |  c = UNKNOWN

Time taken to perform cross-validation: 0 seconds


=== Stratified cross-validation ===

Correctly Classified Instances          17               94.4444 %
Incorrectly Classified Instances         1                5.5556 %
Kappa statistic                          0.8696
K&B Relative Info Score                 88.1053 %
K&B Information Score                   16.373  bits      0.9096 bits/instance
Class complexity | order 0              18.5835 bits      1.0324 bits/instance
Class complexity | scheme             1074      bits     59.6667 bits/instance
Complexity improvement     (Sf)      -1055.4165 bits    -58.6343 bits/instance
Mean absolute error                      0.037 
Root mean squared error                  0.1925
Relative absolute error                 11.3636 %
Root relative squared error             48.5604 %
Total Number of Instances               18     


=== Detailed Accuracy By Class ===

                 TP Rate  FP Rate  Precision  Recall   F-Measure  MCC      ROC Area  PRC Area  Class
                 0.833    0.000    1.000      0.833    0.909      0.877    0.917     0.889     TRUE
                 1.000    0.167    0.923      1.000    0.960      0.877    0.917     0.923     FALSE
                 ?        0.000    ?          ?        ?          ?        ?         ?         UNKNOWN
Weighted Avg.    0.944    0.111    0.949      0.944    0.943      0.877    0.917     0.912     


=== Confusion Matrix ===

  a  b  c   <-- classified as
  5  1  0 |  a = TRUE
  0 12  0 |  b = FALSE
  0  0  0 |  c = UNKNOWN

