WARNING: core mtj jar files are not available as resources to this classloader (jdk.internal.loader.ClassLoaders$AppClassLoader@5c29bfd)

=== Classifier model (full training set) ===

J48 pruned tree
------------------

NUM1 <= 16: TRUE (15.0)
NUM1 > 16: FALSE (30.0)

Number of Leaves  : 	2

Size of the tree : 	3


Time taken to build model: 0.01 seconds

Time taken to test model on training data: 0 seconds

=== Error on training data ===

Correctly Classified Instances          45              100      %
Incorrectly Classified Instances         0                0      %
Kappa statistic                          1     
K&B Relative Info Score                100      %
K&B Information Score                   42.6974 bits      0.9488 bits/instance
Class complexity | order 0              42.6974 bits      0.9488 bits/instance
Class complexity | scheme                0      bits      0      bits/instance
Complexity improvement     (Sf)         42.6974 bits      0.9488 bits/instance
Mean absolute error                      0     
Root mean squared error                  0     
Relative absolute error                  0      %
Root relative squared error              0      %
Total Number of Instances               45     


=== Detailed Accuracy By Class ===

                 TP Rate  FP Rate  Precision  Recall   F-Measure  MCC      ROC Area  PRC Area  Class
                 1.000    0.000    1.000      1.000    1.000      1.000    1.000     1.000     TRUE
                 1.000    0.000    1.000      1.000    1.000      1.000    1.000     1.000     FALSE
                 ?        0.000    ?          ?        ?          ?        ?         ?         UNKNOWN
Weighted Avg.    1.000    0.000    1.000      1.000    1.000      1.000    1.000     1.000     


=== Confusion Matrix ===

  a  b  c   <-- classified as
 15  0  0 |  a = TRUE
  0 30  0 |  b = FALSE
  0  0  0 |  c = UNKNOWN

Time taken to perform cross-validation: 0.01 seconds


=== Stratified cross-validation ===

Correctly Classified Instances          44               97.7778 %
Incorrectly Classified Instances         1                2.2222 %
Kappa statistic                          0.9492
K&B Relative Info Score                 94.9155 %
K&B Information Score                   40.8294 bits      0.9073 bits/instance
Class complexity | order 0              43.0166 bits      0.9559 bits/instance
Class complexity | scheme             1074      bits     23.8667 bits/instance
Complexity improvement     (Sf)      -1030.9834 bits    -22.9107 bits/instance
Mean absolute error                      0.0148
Root mean squared error                  0.1217
Relative absolute error                  4.8247 %
Root relative squared error             31.5038 %
Total Number of Instances               45     


=== Detailed Accuracy By Class ===

                 TP Rate  FP Rate  Precision  Recall   F-Measure  MCC      ROC Area  PRC Area  Class
                 0.933    0.000    1.000      0.933    0.966      0.950    0.967     0.956     TRUE
                 1.000    0.067    0.968      1.000    0.984      0.950    0.967     0.968     FALSE
                 ?        0.000    ?          ?        ?          ?        ?         ?         UNKNOWN
Weighted Avg.    0.978    0.044    0.978      0.978    0.978      0.950    0.967     0.964     


=== Confusion Matrix ===

  a  b  c   <-- classified as
 14  1  0 |  a = TRUE
  0 30  0 |  b = FALSE
  0  0  0 |  c = UNKNOWN

