WARNING: core mtj jar files are not available as resources to this classloader (jdk.internal.loader.ClassLoaders$AppClassLoader@5c29bfd)

=== Classifier model (full training set) ===

J48 pruned tree
------------------

NUM3 <= 2.722923: TRUE (64.0)
NUM3 > 2.722923
|   NUM1 <= 5086929.985732: TRUE (34.0)
|   NUM1 > 5086929.985732
|   |   NUM0 <= 5132964: FALSE (151.0)
|   |   NUM0 > 5132964: TRUE (30.0)

Number of Leaves  : 	4

Size of the tree : 	7


Time taken to build model: 0.02 seconds

Time taken to test model on training data: 0.01 seconds

=== Error on training data ===

Correctly Classified Instances         279              100      %
Incorrectly Classified Instances         0                0      %
Kappa statistic                          1     
K&B Relative Info Score                100      %
K&B Information Score                  279.0607 bits      1.0002 bits/instance
Class complexity | order 0             279.0607 bits      1.0002 bits/instance
Class complexity | scheme                0      bits      0      bits/instance
Complexity improvement     (Sf)        279.0607 bits      1.0002 bits/instance
Mean absolute error                      0     
Root mean squared error                  0     
Relative absolute error                  0      %
Root relative squared error              0      %
Total Number of Instances              279     


=== Detailed Accuracy By Class ===

                 TP Rate  FP Rate  Precision  Recall   F-Measure  MCC      ROC Area  PRC Area  Class
                 1.000    0.000    1.000      1.000    1.000      1.000    1.000     1.000     TRUE
                 1.000    0.000    1.000      1.000    1.000      1.000    1.000     1.000     FALSE
                 ?        0.000    ?          ?        ?          ?        ?         ?         UNKNOWN
Weighted Avg.    1.000    0.000    1.000      1.000    1.000      1.000    1.000     1.000     


=== Confusion Matrix ===

   a   b   c   <-- classified as
 128   0   0 |   a = TRUE
   0 151   0 |   b = FALSE
   0   0   0 |   c = UNKNOWN

Time taken to perform cross-validation: 0.02 seconds


=== Stratified cross-validation ===

Correctly Classified Instances         277               99.2832 %
Incorrectly Classified Instances         2                0.7168 %
Kappa statistic                          0.9855
K&B Relative Info Score                 98.5598 %
K&B Information Score                  275.2218 bits      0.9865 bits/instance
Class complexity | order 0             279.2436 bits      1.0009 bits/instance
Class complexity | scheme             2148      bits      7.6989 bits/instance
Complexity improvement     (Sf)      -1868.7564 bits     -6.6981 bits/instance
Mean absolute error                      0.0048
Root mean squared error                  0.0691
Relative absolute error                  1.4376 %
Root relative squared error             16.9897 %
Total Number of Instances              279     


=== Detailed Accuracy By Class ===

                 TP Rate  FP Rate  Precision  Recall   F-Measure  MCC      ROC Area  PRC Area  Class
                 0.984    0.000    1.000      0.984    0.992      0.986    0.992     0.992     TRUE
                 1.000    0.016    0.987      1.000    0.993      0.986    0.992     0.987     FALSE
                 ?        0.000    ?          ?        ?          ?        ?         ?         UNKNOWN
Weighted Avg.    0.993    0.008    0.993      0.993    0.993      0.986    0.992     0.989     


=== Confusion Matrix ===

   a   b   c   <-- classified as
 126   2   0 |   a = TRUE
   0 151   0 |   b = FALSE
   0   0   0 |   c = UNKNOWN

