WARNING: core mtj jar files are not available as resources to this classloader (jdk.internal.loader.ClassLoaders$AppClassLoader@5c29bfd)

=== Classifier model (full training set) ===

J48 pruned tree
------------------

NUM3 <= 2.722923: TRUE (50.0)
NUM3 > 2.722923
|   NUM1 <= 5086850.129793: TRUE (30.0)
|   NUM1 > 5086850.129793
|   |   NUM0 <= 5132964: FALSE (118.0)
|   |   NUM0 > 5132964: TRUE (27.0)

Number of Leaves  : 	4

Size of the tree : 	7


Time taken to build model: 0.02 seconds

Time taken to test model on training data: 0.01 seconds

=== Error on training data ===

Correctly Classified Instances         225              100      %
Incorrectly Classified Instances         0                0      %
Kappa statistic                          1     
K&B Relative Info Score                100      %
K&B Information Score                  226.0388 bits      1.0046 bits/instance
Class complexity | order 0             226.0388 bits      1.0046 bits/instance
Class complexity | scheme                0      bits      0      bits/instance
Complexity improvement     (Sf)        226.0388 bits      1.0046 bits/instance
Mean absolute error                      0     
Root mean squared error                  0     
Relative absolute error                  0      %
Root relative squared error              0      %
Total Number of Instances              225     


=== Detailed Accuracy By Class ===

                 TP Rate  FP Rate  Precision  Recall   F-Measure  MCC      ROC Area  PRC Area  Class
                 1.000    0.000    1.000      1.000    1.000      1.000    1.000     1.000     TRUE
                 1.000    0.000    1.000      1.000    1.000      1.000    1.000     1.000     FALSE
                 ?        0.000    ?          ?        ?          ?        ?         ?         UNKNOWN
Weighted Avg.    1.000    0.000    1.000      1.000    1.000      1.000    1.000     1.000     


=== Confusion Matrix ===

   a   b   c   <-- classified as
 107   0   0 |   a = TRUE
   0 118   0 |   b = FALSE
   0   0   0 |   c = UNKNOWN

Time taken to perform cross-validation: 0.02 seconds


=== Stratified cross-validation ===

Correctly Classified Instances         223               99.1111 %
Incorrectly Classified Instances         2                0.8889 %
Kappa statistic                          0.9822
K&B Relative Info Score                 98.2279 %
K&B Information Score                  222.2233 bits      0.9877 bits/instance
Class complexity | order 0             226.2323 bits      1.0055 bits/instance
Class complexity | scheme             2148      bits      9.5467 bits/instance
Complexity improvement     (Sf)      -1921.7677 bits     -8.5412 bits/instance
Mean absolute error                      0.0059
Root mean squared error                  0.077 
Relative absolute error                  1.7731 %
Root relative squared error             18.8759 %
Total Number of Instances              225     


=== Detailed Accuracy By Class ===

                 TP Rate  FP Rate  Precision  Recall   F-Measure  MCC      ROC Area  PRC Area  Class
                 0.981    0.000    1.000      0.981    0.991      0.982    0.991     0.990     TRUE
                 1.000    0.019    0.983      1.000    0.992      0.982    0.991     0.983     FALSE
                 ?        0.000    ?          ?        ?          ?        ?         ?         UNKNOWN
Weighted Avg.    0.991    0.010    0.991      0.991    0.991      0.982    0.991     0.987     


=== Confusion Matrix ===

   a   b   c   <-- classified as
 105   2   0 |   a = TRUE
   0 118   0 |   b = FALSE
   0   0   0 |   c = UNKNOWN

