WARNING: core mtj jar files are not available as resources to this classloader (jdk.internal.loader.ClassLoaders$AppClassLoader@5c29bfd)

=== Classifier model (full training set) ===

J48 pruned tree
------------------

NUM1 <= 5156040.073625
|   LOGICALS3 = And: TRUE (166.0)
|   LOGICALS3 = Or
|   |   NUM1 <= 4791045.797768: TRUE (62.0)
|   |   NUM1 > 4791045.797768: FALSE (5.0)
|   LOGICALS3 = Implies: TRUE (0.0)
NUM1 > 5156040.073625
|   NUM3 <= 2.778015
|   |   LOGICALS3 = And: TRUE (209.0)
|   |   LOGICALS3 = Or: FALSE (32.0)
|   |   LOGICALS3 = Implies: TRUE (0.0)
|   NUM3 > 2.778015
|   |   NUM0 <= 5350060: FALSE (547.0)
|   |   NUM0 > 5350060
|   |   |   LOGICALS3 = And
|   |   |   |   NUM3 <= 4.081729: TRUE (72.0)
|   |   |   |   NUM3 > 4.081729
|   |   |   |   |   NUM1 <= 7661840.616577: TRUE (2.0)
|   |   |   |   |   NUM1 > 7661840.616577: FALSE (5.0)
|   |   |   LOGICALS3 = Or
|   |   |   |   NUM1 <= 7661840.616577: TRUE (2.0)
|   |   |   |   NUM1 > 7661840.616577: FALSE (11.0)
|   |   |   LOGICALS3 = Implies: TRUE (0.0)

Number of Leaves  : 	14

Size of the tree : 	24


Time taken to build model: 0.03 seconds

Time taken to test model on training data: 0.01 seconds

=== Error on training data ===

Correctly Classified Instances        1113              100      %
Incorrectly Classified Instances         0                0      %
Kappa statistic                          1     
K&B Relative Info Score                100      %
K&B Information Score                 1109.5289 bits      0.9969 bits/instance
Class complexity | order 0            1109.5289 bits      0.9969 bits/instance
Class complexity | scheme                0      bits      0      bits/instance
Complexity improvement     (Sf)       1109.5289 bits      0.9969 bits/instance
Mean absolute error                      0     
Root mean squared error                  0     
Relative absolute error                  0      %
Root relative squared error              0      %
Total Number of Instances             1113     


=== Detailed Accuracy By Class ===

                 TP Rate  FP Rate  Precision  Recall   F-Measure  MCC      ROC Area  PRC Area  Class
                 1.000    0.000    1.000      1.000    1.000      1.000    1.000     1.000     TRUE
                 1.000    0.000    1.000      1.000    1.000      1.000    1.000     1.000     FALSE
                 ?        0.000    ?          ?        ?          ?        ?         ?         UNKNOWN
Weighted Avg.    1.000    0.000    1.000      1.000    1.000      1.000    1.000     1.000     


=== Confusion Matrix ===

   a   b   c   <-- classified as
 513   0   0 |   a = TRUE
   0 600   0 |   b = FALSE
   0   0   0 |   c = UNKNOWN

Time taken to perform cross-validation: 0.06 seconds


=== Stratified cross-validation ===

Correctly Classified Instances        1108               99.5508 %
Incorrectly Classified Instances         5                0.4492 %
Kappa statistic                          0.991 
K&B Relative Info Score                 99.1284 %
K&B Information Score                 1100.0206 bits      0.9883 bits/instance
Class complexity | order 0            1109.6922 bits      0.997  bits/instance
Class complexity | scheme             1086.3928 bits      0.9761 bits/instance
Complexity improvement     (Sf)         23.2994 bits      0.0209 bits/instance
Mean absolute error                      0.0029
Root mean squared error                  0.0493
Relative absolute error                  0.8609 %
Root relative squared error             12.1069 %
Total Number of Instances             1113     


=== Detailed Accuracy By Class ===

                 TP Rate  FP Rate  Precision  Recall   F-Measure  MCC      ROC Area  PRC Area  Class
                 0.990    0.000    1.000      0.990    0.995      0.991    0.999     0.999     TRUE
                 1.000    0.010    0.992      1.000    0.996      0.991    0.999     0.998     FALSE
                 ?        0.000    ?          ?        ?          ?        ?         ?         UNKNOWN
Weighted Avg.    0.996    0.005    0.996      0.996    0.996      0.991    0.999     0.999     


=== Confusion Matrix ===

   a   b   c   <-- classified as
 508   5   0 |   a = TRUE
   0 600   0 |   b = FALSE
   0   0   0 |   c = UNKNOWN

