WARNING: core mtj jar files are not available as resources to this classloader (jdk.internal.loader.ClassLoaders$AppClassLoader@5c29bfd)

=== Classifier model (full training set) ===

J48 pruned tree
------------------

NUM3 <= 2.713467: TRUE (25.0)
NUM3 > 2.713467
|   NUM1 <= 5024508.310056: TRUE (15.0)
|   NUM1 > 5024508.310056
|   |   NUM0 <= 5132964: FALSE (59.0)
|   |   NUM0 > 5132964: TRUE (15.0)

Number of Leaves  : 	4

Size of the tree : 	7


Time taken to build model: 0.01 seconds

Time taken to test model on training data: 0 seconds

=== Error on training data ===

Correctly Classified Instances         114              100      %
Incorrectly Classified Instances         0                0      %
Kappa statistic                          1     
K&B Relative Info Score                100      %
K&B Information Score                  115.3105 bits      1.0115 bits/instance
Class complexity | order 0             115.3105 bits      1.0115 bits/instance
Class complexity | scheme                0      bits      0      bits/instance
Complexity improvement     (Sf)        115.3105 bits      1.0115 bits/instance
Mean absolute error                      0     
Root mean squared error                  0     
Relative absolute error                  0      %
Root relative squared error              0      %
Total Number of Instances              114     


=== Detailed Accuracy By Class ===

                 TP Rate  FP Rate  Precision  Recall   F-Measure  MCC      ROC Area  PRC Area  Class
                 1.000    0.000    1.000      1.000    1.000      1.000    1.000     1.000     TRUE
                 1.000    0.000    1.000      1.000    1.000      1.000    1.000     1.000     FALSE
                 ?        0.000    ?          ?        ?          ?        ?         ?         UNKNOWN
Weighted Avg.    1.000    0.000    1.000      1.000    1.000      1.000    1.000     1.000     


=== Confusion Matrix ===

  a  b  c   <-- classified as
 55  0  0 |  a = TRUE
  0 59  0 |  b = FALSE
  0  0  0 |  c = UNKNOWN

Time taken to perform cross-validation: 0.01 seconds


=== Stratified cross-validation ===

Correctly Classified Instances         111               97.3684 %
Incorrectly Classified Instances         3                2.6316 %
Kappa statistic                          0.9473
K&B Relative Info Score                 94.8039 %
K&B Information Score                  109.5264 bits      0.9608 bits/instance
Class complexity | order 0             115.5295 bits      1.0134 bits/instance
Class complexity | scheme             3222      bits     28.2632 bits/instance
Complexity improvement     (Sf)      -3106.4705 bits    -27.2497 bits/instance
Mean absolute error                      0.0175
Root mean squared error                  0.1325
Relative absolute error                  5.2181 %
Root relative squared error             32.4471 %
Total Number of Instances              114     


=== Detailed Accuracy By Class ===

                 TP Rate  FP Rate  Precision  Recall   F-Measure  MCC      ROC Area  PRC Area  Class
                 0.982    0.034    0.964      0.982    0.973      0.947    0.974     0.956     TRUE
                 0.966    0.018    0.983      0.966    0.974      0.947    0.974     0.967     FALSE
                 ?        0.000    ?          ?        ?          ?        ?         ?         UNKNOWN
Weighted Avg.    0.974    0.026    0.974      0.974    0.974      0.947    0.974     0.961     


=== Confusion Matrix ===

  a  b  c   <-- classified as
 54  1  0 |  a = TRUE
  2 57  0 |  b = FALSE
  0  0  0 |  c = UNKNOWN

