WARNING: core mtj jar files are not available as resources to this classloader (jdk.internal.loader.ClassLoaders$AppClassLoader@5c29bfd)

=== Classifier model (full training set) ===

J48 pruned tree
------------------

NUM3 <= 2.713467: TRUE (37.0)
NUM3 > 2.713467
|   NUM1 <= 5086850.129793: TRUE (21.0)
|   NUM1 > 5086850.129793
|   |   NUM0 <= 5132964: FALSE (90.0)
|   |   NUM0 > 5132964: TRUE (20.0)

Number of Leaves  : 	4

Size of the tree : 	7


Time taken to build model: 0.02 seconds

Time taken to test model on training data: 0 seconds

=== Error on training data ===

Correctly Classified Instances         168              100      %
Incorrectly Classified Instances         0                0      %
Kappa statistic                          1     
K&B Relative Info Score                100      %
K&B Information Score                  168.8028 bits      1.0048 bits/instance
Class complexity | order 0             168.8028 bits      1.0048 bits/instance
Class complexity | scheme                0      bits      0      bits/instance
Complexity improvement     (Sf)        168.8028 bits      1.0048 bits/instance
Mean absolute error                      0     
Root mean squared error                  0     
Relative absolute error                  0      %
Root relative squared error              0      %
Total Number of Instances              168     


=== Detailed Accuracy By Class ===

                 TP Rate  FP Rate  Precision  Recall   F-Measure  MCC      ROC Area  PRC Area  Class
                 1.000    0.000    1.000      1.000    1.000      1.000    1.000     1.000     TRUE
                 1.000    0.000    1.000      1.000    1.000      1.000    1.000     1.000     FALSE
                 ?        0.000    ?          ?        ?          ?        ?         ?         UNKNOWN
Weighted Avg.    1.000    0.000    1.000      1.000    1.000      1.000    1.000     1.000     


=== Confusion Matrix ===

  a  b  c   <-- classified as
 78  0  0 |  a = TRUE
  0 90  0 |  b = FALSE
  0  0  0 |  c = UNKNOWN

Time taken to perform cross-validation: 0.02 seconds


=== Stratified cross-validation ===

Correctly Classified Instances         167               99.4048 %
Incorrectly Classified Instances         1                0.5952 %
Kappa statistic                          0.988 
K&B Relative Info Score                 98.8112 %
K&B Information Score                  166.9677 bits      0.9939 bits/instance
Class complexity | order 0             168.9765 bits      1.0058 bits/instance
Class complexity | scheme             1074      bits      6.3929 bits/instance
Complexity improvement     (Sf)       -905.0235 bits     -5.387  bits/instance
Mean absolute error                      0.004 
Root mean squared error                  0.063 
Relative absolute error                  1.1886 %
Root relative squared error             15.4677 %
Total Number of Instances              168     


=== Detailed Accuracy By Class ===

                 TP Rate  FP Rate  Precision  Recall   F-Measure  MCC      ROC Area  PRC Area  Class
                 0.987    0.000    1.000      0.987    0.994      0.988    0.994     0.993     TRUE
                 1.000    0.013    0.989      1.000    0.994      0.988    0.994     0.989     FALSE
                 ?        0.000    ?          ?        ?          ?        ?         ?         UNKNOWN
Weighted Avg.    0.994    0.007    0.994      0.994    0.994      0.988    0.994     0.991     


=== Confusion Matrix ===

  a  b  c   <-- classified as
 77  1  0 |  a = TRUE
  0 90  0 |  b = FALSE
  0  0  0 |  c = UNKNOWN

