WARNING: core mtj jar files are not available as resources to this classloader (jdk.internal.loader.ClassLoaders$AppClassLoader@5c29bfd)

=== Classifier model (full training set) ===

J48 pruned tree
------------------
: TRUE (6.0/3.0)

Number of Leaves  : 	1

Size of the tree : 	1


Time taken to build model: 0.02 seconds

Time taken to test model on training data: 0 seconds

=== Error on training data ===

Correctly Classified Instances           3               50      %
Incorrectly Classified Instances         3               50      %
Kappa statistic                          0     
K&B Relative Info Score                 14.5244 %
K&B Information Score                    1.0196 bits      0.1699 bits/instance
Class complexity | order 0               7.0196 bits      1.1699 bits/instance
Class complexity | scheme                6      bits      1      bits/instance
Complexity improvement     (Sf)          1.0196 bits      0.1699 bits/instance
Mean absolute error                      0.3333
Root mean squared error                  0.4082
Relative absolute error                 90      %
Root relative squared error             98.1981 %
Total Number of Instances                6     


=== Detailed Accuracy By Class ===

                 TP Rate  FP Rate  Precision  Recall   F-Measure  MCC      ROC Area  PRC Area  Class
                 1.000    1.000    0.500      1.000    0.667      ?        0.500     0.500     TRUE
                 0.000    0.000    ?          0.000    ?          ?        0.500     0.500     FALSE
                 ?        0.000    ?          ?        ?          ?        ?         ?         UNKNOWN
Weighted Avg.    0.500    0.500    ?          0.500    ?          ?        0.500     0.500     


=== Confusion Matrix ===

 a b c   <-- classified as
 3 0 0 | a = TRUE
 3 0 0 | b = FALSE
 0 0 0 | c = UNKNOWN

Time taken to perform cross-validation: 0 seconds


=== Stratified cross-validation ===

Correctly Classified Instances           0                0      %
Incorrectly Classified Instances         6              100      %
Kappa statistic                         -1     
K&B Relative Info Score                  6.58   %
K&B Information Score                    0.5587 bits      0.0931 bits/instance
Class complexity | order 0               8.4902 bits      1.415  bits/instance
Class complexity | scheme                7.9316 bits      1.3219 bits/instance
Complexity improvement     (Sf)          0.5587 bits      0.0931 bits/instance
Mean absolute error                      0.4   
Root mean squared error                  0.4899
Relative absolute error                 96      %
Root relative squared error            104.7446 %
Total Number of Instances                6     


=== Detailed Accuracy By Class ===

                 TP Rate  FP Rate  Precision  Recall   F-Measure  MCC      ROC Area  PRC Area  Class
                 0.000    1.000    0.000      0.000    0.000      -1.000   0.000     0.500     TRUE
                 0.000    1.000    0.000      0.000    0.000      -1.000   0.000     0.500     FALSE
                 ?        0.000    ?          ?        ?          ?        ?         ?         UNKNOWN
Weighted Avg.    0.000    1.000    0.000      0.000    0.000      -1.000   0.000     0.500     


=== Confusion Matrix ===

 a b c   <-- classified as
 0 3 0 | a = TRUE
 3 0 0 | b = FALSE
 0 0 0 | c = UNKNOWN

