
=== Classifier model (full training set) ===

J48 pruned tree
------------------

NUM3 <= 0.006858
|   NUM2 <= 5.461305
|   |   LOGICALS1 = And: FALSE (52.0)
|   |   LOGICALS1 = Or: TRUE (3.0)
|   NUM2 > 5.461305: TRUE (273.0)
NUM3 > 0.006858
|   LOGICALS1 = And: FALSE (412.0)
|   LOGICALS1 = Or: TRUE (28.0)

Number of Leaves  : 	5

Size of the tree : 	9


Time taken to build model: 0.34 seconds

Time taken to test model on training data: 0.07 seconds

=== Error on training data ===

Correctly Classified Instances         768              100      %
Incorrectly Classified Instances         0                0      %
Kappa statistic                          1     
K&B Relative Info Score                100      %
K&B Information Score                  745.2162 bits      0.9703 bits/instance
Class complexity | order 0             745.2162 bits      0.9703 bits/instance
Class complexity | scheme                0      bits      0      bits/instance
Complexity improvement     (Sf)        745.2162 bits      0.9703 bits/instance
Mean absolute error                      0     
Root mean squared error                  0     
Relative absolute error                  0      %
Root relative squared error              0      %
Total Number of Instances              768     


=== Detailed Accuracy By Class ===

                 TP Rate  FP Rate  Precision  Recall   F-Measure  MCC      ROC Area  PRC Area  Class
                 1.000    0.000    1.000      1.000    1.000      1.000    1.000     1.000     TRUE
                 1.000    0.000    1.000      1.000    1.000      1.000    1.000     1.000     FALSE
                 ?        0.000    ?          ?        ?          ?        ?         ?         UNKNOWN
Weighted Avg.    1.000    0.000    1.000      1.000    1.000      1.000    1.000     1.000     


=== Confusion Matrix ===

   a   b   c   <-- classified as
 304   0   0 |   a = TRUE
   0 464   0 |   b = FALSE
   0   0   0 |   c = UNKNOWN

Time taken to perform cross-validation: 0.25 seconds


=== Stratified cross-validation ===

Correctly Classified Instances         765               99.6094 %
Incorrectly Classified Instances         3                0.3906 %
Kappa statistic                          0.9918
K&B Relative Info Score                 99.1524 %
K&B Information Score                  739.0758 bits      0.9623 bits/instance
Class complexity | order 0             745.394  bits      0.9706 bits/instance
Class complexity | scheme             1085.2953 bits      1.4131 bits/instance
Complexity improvement     (Sf)       -339.9013 bits     -0.4426 bits/instance
Mean absolute error                      0.0027
Root mean squared error                  0.0503
Relative absolute error                  0.8384 %
Root relative squared error             12.6054 %
Total Number of Instances              768     


=== Detailed Accuracy By Class ===

                 TP Rate  FP Rate  Precision  Recall   F-Measure  MCC      ROC Area  PRC Area  Class
                 0.990    0.000    1.000      0.990    0.995      0.992    0.998     0.998     TRUE
                 1.000    0.010    0.994      1.000    0.997      0.992    0.998     0.998     FALSE
                 ?        0.000    ?          ?        ?          ?        ?         ?         UNKNOWN
Weighted Avg.    0.996    0.006    0.996      0.996    0.996      0.992    0.998     0.998     


=== Confusion Matrix ===

   a   b   c   <-- classified as
 301   3   0 |   a = TRUE
   0 464   0 |   b = FALSE
   0   0   0 |   c = UNKNOWN

Picked up JAVA_TOOL_OPTIONS: -Xmx2g
java.lang.reflect.InaccessibleObjectException: Unable to make protected final java.lang.Class java.lang.ClassLoader.defineClass(java.lang.String,byte[],int,int,java.security.ProtectionDomain) throws java.lang.ClassFormatError accessible: module java.base does not "opens java.lang" to unnamed module @4b6995df
	at java.base/java.lang.reflect.AccessibleObject.checkCanSetAccessible(AccessibleObject.java:354)
	at java.base/java.lang.reflect.AccessibleObject.checkCanSetAccessible(AccessibleObject.java:297)
	at java.base/java.lang.reflect.Method.checkCanSetAccessible(Method.java:199)
	at java.base/java.lang.reflect.Method.setAccessible(Method.java:193)
	at weka.core.WekaPackageClassLoaderManager.injectClasses(WekaPackageClassLoaderManager.java:792)
	at weka.core.WekaPackageClassLoaderManager.injectAllClassesInFromStream(WekaPackageClassLoaderManager.java:690)
	at weka.core.WekaPackageClassLoaderManager.injectMTJCoreClasses(WekaPackageClassLoaderManager.java:118)
	at weka.core.WekaPackageManager.<clinit>(WekaPackageManager.java:255)
	at weka.core.ResourceUtils.readProperties(ResourceUtils.java:241)
	at weka.core.ResourceUtils.readProperties(ResourceUtils.java:184)
	at weka.core.Utils.readProperties(Utils.java:183)
	at weka.core.Capabilities.<clinit>(Capabilities.java:104)
	at weka.classifiers.trees.J48.getCapabilities(J48.java:250)
	at weka.classifiers.trees.J48.buildClassifier(J48.java:300)
	at weka.classifiers.evaluation.Evaluation.evaluateModel(Evaluation.java:1632)
	at weka.classifiers.Evaluation.evaluateModel(Evaluation.java:668)
	at weka.classifiers.AbstractClassifier.runClassifier(AbstractClassifier.java:141)
	at weka.classifiers.trees.J48.main(J48.java:1221)
