
=== Classifier model (full training set) ===

J48 pruned tree
------------------

NUM3 <= 0.006798
|   NUM2 <= 5.452554: FALSE (27.0)
|   NUM2 > 5.452554: TRUE (122.0)
NUM3 > 0.006798: FALSE (160.0)

Number of Leaves  : 	3

Size of the tree : 	5


Time taken to build model: 0.31 seconds

Time taken to test model on training data: 0.02 seconds

=== Error on training data ===

Correctly Classified Instances         309              100      %
Incorrectly Classified Instances         0                0      %
Kappa statistic                          1     
K&B Relative Info Score                100      %
K&B Information Score                  300.4944 bits      0.9725 bits/instance
Class complexity | order 0             300.4944 bits      0.9725 bits/instance
Class complexity | scheme                0      bits      0      bits/instance
Complexity improvement     (Sf)        300.4944 bits      0.9725 bits/instance
Mean absolute error                      0     
Root mean squared error                  0     
Relative absolute error                  0      %
Root relative squared error              0      %
Total Number of Instances              309     


=== Detailed Accuracy By Class ===

                 TP Rate  FP Rate  Precision  Recall   F-Measure  MCC      ROC Area  PRC Area  Class
                 1.000    0.000    1.000      1.000    1.000      1.000    1.000     1.000     TRUE
                 1.000    0.000    1.000      1.000    1.000      1.000    1.000     1.000     FALSE
                 ?        0.000    ?          ?        ?          ?        ?         ?         UNKNOWN
Weighted Avg.    1.000    0.000    1.000      1.000    1.000      1.000    1.000     1.000     


=== Confusion Matrix ===

   a   b   c   <-- classified as
 122   0   0 |   a = TRUE
   0 187   0 |   b = FALSE
   0   0   0 |   c = UNKNOWN

Time taken to perform cross-validation: 0.11 seconds


=== Stratified cross-validation ===

Correctly Classified Instances         308               99.6764 %
Incorrectly Classified Instances         1                0.3236 %
Kappa statistic                          0.9932
K&B Relative Info Score                 99.3132 %
K&B Information Score                  298.6231 bits      0.9664 bits/instance
Class complexity | order 0             300.6881 bits      0.9731 bits/instance
Class complexity | scheme             1074      bits      3.4757 bits/instance
Complexity improvement     (Sf)       -773.3119 bits     -2.5026 bits/instance
Mean absolute error                      0.0022
Root mean squared error                  0.0464
Relative absolute error                  0.6743 %
Root relative squared error             11.6368 %
Total Number of Instances              309     


=== Detailed Accuracy By Class ===

                 TP Rate  FP Rate  Precision  Recall   F-Measure  MCC      ROC Area  PRC Area  Class
                 0.992    0.000    1.000      0.992    0.996      0.993    0.996     0.995     TRUE
                 1.000    0.008    0.995      1.000    0.997      0.993    0.996     0.995     FALSE
                 ?        0.000    ?          ?        ?          ?        ?         ?         UNKNOWN
Weighted Avg.    0.997    0.005    0.997      0.997    0.997      0.993    0.996     0.995     


=== Confusion Matrix ===

   a   b   c   <-- classified as
 121   1   0 |   a = TRUE
   0 187   0 |   b = FALSE
   0   0   0 |   c = UNKNOWN

Picked up JAVA_TOOL_OPTIONS: -Xmx2g
java.lang.reflect.InaccessibleObjectException: Unable to make protected final java.lang.Class java.lang.ClassLoader.defineClass(java.lang.String,byte[],int,int,java.security.ProtectionDomain) throws java.lang.ClassFormatError accessible: module java.base does not "opens java.lang" to unnamed module @4b6995df
	at java.base/java.lang.reflect.AccessibleObject.checkCanSetAccessible(AccessibleObject.java:354)
	at java.base/java.lang.reflect.AccessibleObject.checkCanSetAccessible(AccessibleObject.java:297)
	at java.base/java.lang.reflect.Method.checkCanSetAccessible(Method.java:199)
	at java.base/java.lang.reflect.Method.setAccessible(Method.java:193)
	at weka.core.WekaPackageClassLoaderManager.injectClasses(WekaPackageClassLoaderManager.java:792)
	at weka.core.WekaPackageClassLoaderManager.injectAllClassesInFromStream(WekaPackageClassLoaderManager.java:690)
	at weka.core.WekaPackageClassLoaderManager.injectMTJCoreClasses(WekaPackageClassLoaderManager.java:118)
	at weka.core.WekaPackageManager.<clinit>(WekaPackageManager.java:255)
	at weka.core.ResourceUtils.readProperties(ResourceUtils.java:241)
	at weka.core.ResourceUtils.readProperties(ResourceUtils.java:184)
	at weka.core.Utils.readProperties(Utils.java:183)
	at weka.core.Capabilities.<clinit>(Capabilities.java:104)
	at weka.classifiers.trees.J48.getCapabilities(J48.java:250)
	at weka.classifiers.trees.J48.buildClassifier(J48.java:300)
	at weka.classifiers.evaluation.Evaluation.evaluateModel(Evaluation.java:1632)
	at weka.classifiers.Evaluation.evaluateModel(Evaluation.java:668)
	at weka.classifiers.AbstractClassifier.runClassifier(AbstractClassifier.java:141)
	at weka.classifiers.trees.J48.main(J48.java:1221)
