
=== Classifier model (full training set) ===

J48 pruned tree
------------------

NUM3 <= 0.006858
|   NUM2 <= 5.461305: FALSE (46.0)
|   NUM2 > 5.461305: TRUE (248.0)
NUM3 > 0.006858: FALSE (321.0)

Number of Leaves  : 	3

Size of the tree : 	5


Time taken to build model: 0.27 seconds

Time taken to test model on training data: 0.07 seconds

=== Error on training data ===

Correctly Classified Instances         615              100      %
Incorrectly Classified Instances         0                0      %
Kappa statistic                          1     
K&B Relative Info Score                100      %
K&B Information Score                  599.722  bits      0.9752 bits/instance
Class complexity | order 0             599.722  bits      0.9752 bits/instance
Class complexity | scheme                0      bits      0      bits/instance
Complexity improvement     (Sf)        599.722  bits      0.9752 bits/instance
Mean absolute error                      0     
Root mean squared error                  0     
Relative absolute error                  0      %
Root relative squared error              0      %
Total Number of Instances              615     


=== Detailed Accuracy By Class ===

                 TP Rate  FP Rate  Precision  Recall   F-Measure  MCC      ROC Area  PRC Area  Class
                 1.000    0.000    1.000      1.000    1.000      1.000    1.000     1.000     TRUE
                 1.000    0.000    1.000      1.000    1.000      1.000    1.000     1.000     FALSE
                 ?        0.000    ?          ?        ?          ?        ?         ?         UNKNOWN
Weighted Avg.    1.000    0.000    1.000      1.000    1.000      1.000    1.000     1.000     


=== Confusion Matrix ===

   a   b   c   <-- classified as
 248   0   0 |   a = TRUE
   0 367   0 |   b = FALSE
   0   0   0 |   c = UNKNOWN

Time taken to perform cross-validation: 0.18 seconds


=== Stratified cross-validation ===

Correctly Classified Instances         613               99.6748 %
Incorrectly Classified Instances         2                0.3252 %
Kappa statistic                          0.9932
K&B Relative Info Score                 99.3147 %
K&B Information Score                  595.7837 bits      0.9688 bits/instance
Class complexity | order 0             599.8947 bits      0.9754 bits/instance
Class complexity | scheme             2148      bits      3.4927 bits/instance
Complexity improvement     (Sf)      -1548.1053 bits     -2.5172 bits/instance
Mean absolute error                      0.0022
Root mean squared error                  0.0466
Relative absolute error                  0.6743 %
Root relative squared error             11.6248 %
Total Number of Instances              615     


=== Detailed Accuracy By Class ===

                 TP Rate  FP Rate  Precision  Recall   F-Measure  MCC      ROC Area  PRC Area  Class
                 0.992    0.000    1.000      0.992    0.996      0.993    0.996     0.995     TRUE
                 1.000    0.008    0.995      1.000    0.997      0.993    0.996     0.995     FALSE
                 ?        0.000    ?          ?        ?          ?        ?         ?         UNKNOWN
Weighted Avg.    0.997    0.005    0.997      0.997    0.997      0.993    0.996     0.995     


=== Confusion Matrix ===

   a   b   c   <-- classified as
 246   2   0 |   a = TRUE
   0 367   0 |   b = FALSE
   0   0   0 |   c = UNKNOWN

Picked up JAVA_TOOL_OPTIONS: -Xmx2g
java.lang.reflect.InaccessibleObjectException: Unable to make protected final java.lang.Class java.lang.ClassLoader.defineClass(java.lang.String,byte[],int,int,java.security.ProtectionDomain) throws java.lang.ClassFormatError accessible: module java.base does not "opens java.lang" to unnamed module @4b6995df
	at java.base/java.lang.reflect.AccessibleObject.checkCanSetAccessible(AccessibleObject.java:354)
	at java.base/java.lang.reflect.AccessibleObject.checkCanSetAccessible(AccessibleObject.java:297)
	at java.base/java.lang.reflect.Method.checkCanSetAccessible(Method.java:199)
	at java.base/java.lang.reflect.Method.setAccessible(Method.java:193)
	at weka.core.WekaPackageClassLoaderManager.injectClasses(WekaPackageClassLoaderManager.java:792)
	at weka.core.WekaPackageClassLoaderManager.injectAllClassesInFromStream(WekaPackageClassLoaderManager.java:690)
	at weka.core.WekaPackageClassLoaderManager.injectMTJCoreClasses(WekaPackageClassLoaderManager.java:118)
	at weka.core.WekaPackageManager.<clinit>(WekaPackageManager.java:255)
	at weka.core.ResourceUtils.readProperties(ResourceUtils.java:241)
	at weka.core.ResourceUtils.readProperties(ResourceUtils.java:184)
	at weka.core.Utils.readProperties(Utils.java:183)
	at weka.core.Capabilities.<clinit>(Capabilities.java:104)
	at weka.classifiers.trees.J48.getCapabilities(J48.java:250)
	at weka.classifiers.trees.J48.buildClassifier(J48.java:300)
	at weka.classifiers.evaluation.Evaluation.evaluateModel(Evaluation.java:1632)
	at weka.classifiers.Evaluation.evaluateModel(Evaluation.java:668)
	at weka.classifiers.AbstractClassifier.runClassifier(AbstractClassifier.java:141)
	at weka.classifiers.trees.J48.main(J48.java:1221)
