WARNING: core mtj jar files are not available as resources to this classloader (jdk.internal.loader.ClassLoaders$AppClassLoader@5c29bfd)

=== Classifier model (full training set) ===

J48 pruned tree
------------------

QUANTIFIERS1 = ForAll: FALSE (1298.0)
QUANTIFIERS1 = Exists
|   LOGICALS4 = And: FALSE (22.0)
|   LOGICALS4 = Or: TRUE (356.0)
|   LOGICALS4 = Implies: TRUE (466.0)

Number of Leaves  : 	4

Size of the tree : 	6


Time taken to build model: 0.03 seconds

Time taken to test model on training data: 0.01 seconds

=== Error on training data ===

Correctly Classified Instances        2142              100      %
Incorrectly Classified Instances         0                0      %
Kappa statistic                          1     
K&B Relative Info Score                100      %
K&B Information Score                 2059.1532 bits      0.9613 bits/instance
Class complexity | order 0            2059.1532 bits      0.9613 bits/instance
Class complexity | scheme                0      bits      0      bits/instance
Complexity improvement     (Sf)       2059.1532 bits      0.9613 bits/instance
Mean absolute error                      0     
Root mean squared error                  0     
Relative absolute error                  0      %
Root relative squared error              0      %
Total Number of Instances             2142     


=== Detailed Accuracy By Class ===

                 TP Rate  FP Rate  Precision  Recall   F-Measure  MCC      ROC Area  PRC Area  Class
                 1.000    0.000    1.000      1.000    1.000      1.000    1.000     1.000     TRUE
                 1.000    0.000    1.000      1.000    1.000      1.000    1.000     1.000     FALSE
                 ?        0.000    ?          ?        ?          ?        ?         ?         UNKNOWN
Weighted Avg.    1.000    0.000    1.000      1.000    1.000      1.000    1.000     1.000     


=== Confusion Matrix ===

    a    b    c   <-- classified as
  822    0    0 |    a = TRUE
    0 1320    0 |    b = FALSE
    0    0    0 |    c = UNKNOWN

Time taken to perform cross-validation: 0.04 seconds


=== Stratified cross-validation ===

Correctly Classified Instances        2142              100      %
Incorrectly Classified Instances         0                0      %
Kappa statistic                          1     
K&B Relative Info Score                100      %
K&B Information Score                 2059.3152 bits      0.9614 bits/instance
Class complexity | order 0            2059.3152 bits      0.9614 bits/instance
Class complexity | scheme                0      bits      0      bits/instance
Complexity improvement     (Sf)       2059.3152 bits      0.9614 bits/instance
Mean absolute error                      0     
Root mean squared error                  0     
Relative absolute error                  0      %
Root relative squared error              0      %
Total Number of Instances             2142     


=== Detailed Accuracy By Class ===

                 TP Rate  FP Rate  Precision  Recall   F-Measure  MCC      ROC Area  PRC Area  Class
                 1.000    0.000    1.000      1.000    1.000      1.000    1.000     1.000     TRUE
                 1.000    0.000    1.000      1.000    1.000      1.000    1.000     1.000     FALSE
                 ?        0.000    ?          ?        ?          ?        ?         ?         UNKNOWN
Weighted Avg.    1.000    0.000    1.000      1.000    1.000      1.000    1.000     1.000     


=== Confusion Matrix ===

    a    b    c   <-- classified as
  822    0    0 |    a = TRUE
    0 1320    0 |    b = FALSE
    0    0    0 |    c = UNKNOWN

