
=== Classifier model (full training set) ===

J48 pruned tree
------------------

NUM6 <= 2023917: TRUE (129.0)
NUM6 > 2023917
|   NUM2 <= 18247923: TRUE (24.0)
|   NUM2 > 18247923: FALSE (153.0)

Number of Leaves  : 	3

Size of the tree : 	5


Time taken to build model: 0.28 seconds

Time taken to test model on training data: 0.06 seconds

=== Error on training data ===

Correctly Classified Instances         306              100      %
Incorrectly Classified Instances         0                0      %
Kappa statistic                          1     
K&B Relative Info Score                100      %
K&B Information Score                  306      bits      1      bits/instance
Class complexity | order 0             306      bits      1      bits/instance
Class complexity | scheme                0      bits      0      bits/instance
Complexity improvement     (Sf)        306      bits      1      bits/instance
Mean absolute error                      0     
Root mean squared error                  0     
Relative absolute error                  0      %
Root relative squared error              0      %
Total Number of Instances              306     


=== Detailed Accuracy By Class ===

                 TP Rate  FP Rate  Precision  Recall   F-Measure  MCC      ROC Area  PRC Area  Class
                 1.000    0.000    1.000      1.000    1.000      1.000    1.000     1.000     TRUE
                 1.000    0.000    1.000      1.000    1.000      1.000    1.000     1.000     FALSE
Weighted Avg.    1.000    0.000    1.000      1.000    1.000      1.000    1.000     1.000     


=== Confusion Matrix ===

   a   b   <-- classified as
 153   0 |   a = TRUE
   0 153 |   b = FALSE

Time taken to perform cross-validation: 0.16 seconds


=== Stratified cross-validation ===

Correctly Classified Instances         304               99.3464 %
Incorrectly Classified Instances         2                0.6536 %
Kappa statistic                          0.9869
K&B Relative Info Score                 98.6929 %
K&B Information Score                  302.033  bits      0.987  bits/instance
Class complexity | order 0             306.033  bits      1.0001 bits/instance
Class complexity | scheme             2148      bits      7.0196 bits/instance
Complexity improvement     (Sf)      -1841.967  bits     -6.0195 bits/instance
Mean absolute error                      0.0065
Root mean squared error                  0.0808
Relative absolute error                  1.3071 %
Root relative squared error             16.1678 %
Total Number of Instances              306     


=== Detailed Accuracy By Class ===

                 TP Rate  FP Rate  Precision  Recall   F-Measure  MCC      ROC Area  PRC Area  Class
                 0.987    0.000    1.000      0.987    0.993      0.987    0.993     0.993     TRUE
                 1.000    0.013    0.987      1.000    0.994      0.987    0.993     0.987     FALSE
Weighted Avg.    0.993    0.007    0.994      0.993    0.993      0.987    0.993     0.990     


=== Confusion Matrix ===

   a   b   <-- classified as
 151   2 |   a = TRUE
   0 153 |   b = FALSE

Picked up JAVA_TOOL_OPTIONS: -Xmx2g
java.lang.reflect.InaccessibleObjectException: Unable to make protected final java.lang.Class java.lang.ClassLoader.defineClass(java.lang.String,byte[],int,int,java.security.ProtectionDomain) throws java.lang.ClassFormatError accessible: module java.base does not "opens java.lang" to unnamed module @4b6995df
	at java.base/java.lang.reflect.AccessibleObject.checkCanSetAccessible(AccessibleObject.java:354)
	at java.base/java.lang.reflect.AccessibleObject.checkCanSetAccessible(AccessibleObject.java:297)
	at java.base/java.lang.reflect.Method.checkCanSetAccessible(Method.java:199)
	at java.base/java.lang.reflect.Method.setAccessible(Method.java:193)
	at weka.core.WekaPackageClassLoaderManager.injectClasses(WekaPackageClassLoaderManager.java:792)
	at weka.core.WekaPackageClassLoaderManager.injectAllClassesInFromStream(WekaPackageClassLoaderManager.java:690)
	at weka.core.WekaPackageClassLoaderManager.injectMTJCoreClasses(WekaPackageClassLoaderManager.java:118)
	at weka.core.WekaPackageManager.<clinit>(WekaPackageManager.java:255)
	at weka.core.ResourceUtils.readProperties(ResourceUtils.java:241)
	at weka.core.ResourceUtils.readProperties(ResourceUtils.java:184)
	at weka.core.Utils.readProperties(Utils.java:183)
	at weka.core.Capabilities.<clinit>(Capabilities.java:104)
	at weka.classifiers.trees.J48.getCapabilities(J48.java:250)
	at weka.classifiers.trees.J48.buildClassifier(J48.java:300)
	at weka.classifiers.evaluation.Evaluation.evaluateModel(Evaluation.java:1632)
	at weka.classifiers.Evaluation.evaluateModel(Evaluation.java:668)
	at weka.classifiers.AbstractClassifier.runClassifier(AbstractClassifier.java:141)
	at weka.classifiers.trees.J48.main(J48.java:1221)
