
=== Classifier model (full training set) ===

J48 pruned tree
------------------

NUM6 <= 2040122: TRUE (871.0)
NUM6 > 2040122
|   NUM2 <= 18419529: TRUE (147.0)
|   NUM2 > 18419529: FALSE (1018.0)

Number of Leaves  : 	3

Size of the tree : 	5


Time taken to build model: 0.74 seconds

Time taken to test model on training data: 0.11 seconds

=== Error on training data ===

Correctly Classified Instances        2036              100      %
Incorrectly Classified Instances         0                0      %
Kappa statistic                          1     
K&B Relative Info Score                100      %
K&B Information Score                 2036      bits      1      bits/instance
Class complexity | order 0            2036      bits      1      bits/instance
Class complexity | scheme                0      bits      0      bits/instance
Complexity improvement     (Sf)       2036      bits      1      bits/instance
Mean absolute error                      0     
Root mean squared error                  0     
Relative absolute error                  0      %
Root relative squared error              0      %
Total Number of Instances             2036     


=== Detailed Accuracy By Class ===

                 TP Rate  FP Rate  Precision  Recall   F-Measure  MCC      ROC Area  PRC Area  Class
                 1.000    0.000    1.000      1.000    1.000      1.000    1.000     1.000     TRUE
                 1.000    0.000    1.000      1.000    1.000      1.000    1.000     1.000     FALSE
Weighted Avg.    1.000    0.000    1.000      1.000    1.000      1.000    1.000     1.000     


=== Confusion Matrix ===

    a    b   <-- classified as
 1018    0 |    a = TRUE
    0 1018 |    b = FALSE

Time taken to perform cross-validation: 0.45 seconds


=== Stratified cross-validation ===

Correctly Classified Instances        2035               99.9509 %
Incorrectly Classified Instances         1                0.0491 %
Kappa statistic                          0.999 
K&B Relative Info Score                 99.9018 %
K&B Information Score                 2034.0033 bits      0.999  bits/instance
Class complexity | order 0            2036.0033 bits      1      bits/instance
Class complexity | scheme             1074      bits      0.5275 bits/instance
Complexity improvement     (Sf)        962.0033 bits      0.4725 bits/instance
Mean absolute error                      0.0005
Root mean squared error                  0.0222
Relative absolute error                  0.0982 %
Root relative squared error              4.4324 %
Total Number of Instances             2036     


=== Detailed Accuracy By Class ===

                 TP Rate  FP Rate  Precision  Recall   F-Measure  MCC      ROC Area  PRC Area  Class
                 0.999    0.000    1.000      0.999    1.000      0.999    1.000     1.000     TRUE
                 1.000    0.001    0.999      1.000    1.000      0.999    1.000     0.999     FALSE
Weighted Avg.    1.000    0.000    1.000      1.000    1.000      0.999    1.000     0.999     


=== Confusion Matrix ===

    a    b   <-- classified as
 1017    1 |    a = TRUE
    0 1018 |    b = FALSE

Picked up JAVA_TOOL_OPTIONS: -Xmx2g
java.lang.reflect.InaccessibleObjectException: Unable to make protected final java.lang.Class java.lang.ClassLoader.defineClass(java.lang.String,byte[],int,int,java.security.ProtectionDomain) throws java.lang.ClassFormatError accessible: module java.base does not "opens java.lang" to unnamed module @4b6995df
	at java.base/java.lang.reflect.AccessibleObject.checkCanSetAccessible(AccessibleObject.java:354)
	at java.base/java.lang.reflect.AccessibleObject.checkCanSetAccessible(AccessibleObject.java:297)
	at java.base/java.lang.reflect.Method.checkCanSetAccessible(Method.java:199)
	at java.base/java.lang.reflect.Method.setAccessible(Method.java:193)
	at weka.core.WekaPackageClassLoaderManager.injectClasses(WekaPackageClassLoaderManager.java:792)
	at weka.core.WekaPackageClassLoaderManager.injectAllClassesInFromStream(WekaPackageClassLoaderManager.java:690)
	at weka.core.WekaPackageClassLoaderManager.injectMTJCoreClasses(WekaPackageClassLoaderManager.java:118)
	at weka.core.WekaPackageManager.<clinit>(WekaPackageManager.java:255)
	at weka.core.ResourceUtils.readProperties(ResourceUtils.java:241)
	at weka.core.ResourceUtils.readProperties(ResourceUtils.java:184)
	at weka.core.Utils.readProperties(Utils.java:183)
	at weka.core.Capabilities.<clinit>(Capabilities.java:104)
	at weka.classifiers.trees.J48.getCapabilities(J48.java:250)
	at weka.classifiers.trees.J48.buildClassifier(J48.java:300)
	at weka.classifiers.evaluation.Evaluation.evaluateModel(Evaluation.java:1632)
	at weka.classifiers.Evaluation.evaluateModel(Evaluation.java:668)
	at weka.classifiers.AbstractClassifier.runClassifier(AbstractClassifier.java:141)
	at weka.classifiers.trees.J48.main(J48.java:1221)
