WARNING: core mtj jar files are not available as resources to this classloader (jdk.internal.loader.ClassLoaders$AppClassLoader@5c29bfd)

=== Classifier model (full training set) ===

J48 pruned tree
------------------

NUM2 <= 6.716489
|   NUM1 <= 27: TRUE (31.0)
|   NUM1 > 27: FALSE (6.0)
NUM2 > 6.716489: FALSE (56.0)

Number of Leaves  : 	3

Size of the tree : 	5


Time taken to build model: 0.01 seconds

Time taken to test model on training data: 0 seconds

=== Error on training data ===

Correctly Classified Instances          93              100      %
Incorrectly Classified Instances         0                0      %
Kappa statistic                          1     
K&B Relative Info Score                100      %
K&B Information Score                   86.8102 bits      0.9334 bits/instance
Class complexity | order 0              86.8102 bits      0.9334 bits/instance
Class complexity | scheme                0      bits      0      bits/instance
Complexity improvement     (Sf)         86.8102 bits      0.9334 bits/instance
Mean absolute error                      0     
Root mean squared error                  0     
Relative absolute error                  0      %
Root relative squared error              0      %
Total Number of Instances               93     


=== Detailed Accuracy By Class ===

                 TP Rate  FP Rate  Precision  Recall   F-Measure  MCC      ROC Area  PRC Area  Class
                 1.000    0.000    1.000      1.000    1.000      1.000    1.000     1.000     TRUE
                 1.000    0.000    1.000      1.000    1.000      1.000    1.000     1.000     FALSE
                 ?        0.000    ?          ?        ?          ?        ?         ?         UNKNOWN
Weighted Avg.    1.000    0.000    1.000      1.000    1.000      1.000    1.000     1.000     


=== Confusion Matrix ===

  a  b  c   <-- classified as
 31  0  0 |  a = TRUE
  0 62  0 |  b = FALSE
  0  0  0 |  c = UNKNOWN

Time taken to perform cross-validation: 0.01 seconds


=== Stratified cross-validation ===

Correctly Classified Instances          91               97.8495 %
Incorrectly Classified Instances         2                2.1505 %
Kappa statistic                          0.9508
K&B Relative Info Score                 95.0126 %
K&B Information Score                   82.6769 bits      0.889  bits/instance
Class complexity | order 0              87.0168 bits      0.9357 bits/instance
Class complexity | scheme             2148      bits     23.0968 bits/instance
Complexity improvement     (Sf)      -2060.9832 bits    -22.1611 bits/instance
Mean absolute error                      0.0143
Root mean squared error                  0.1197
Relative absolute error                  4.7546 %
Root relative squared error             31.0869 %
Total Number of Instances               93     


=== Detailed Accuracy By Class ===

                 TP Rate  FP Rate  Precision  Recall   F-Measure  MCC      ROC Area  PRC Area  Class
                 0.935    0.000    1.000      0.935    0.967      0.952    0.968     0.957     TRUE
                 1.000    0.065    0.969      1.000    0.984      0.952    0.968     0.969     FALSE
                 ?        0.000    ?          ?        ?          ?        ?         ?         UNKNOWN
Weighted Avg.    0.978    0.043    0.979      0.978    0.978      0.952    0.968     0.965     


=== Confusion Matrix ===

  a  b  c   <-- classified as
 29  2  0 |  a = TRUE
  0 62  0 |  b = FALSE
  0  0  0 |  c = UNKNOWN

