WARNING: core mtj jar files are not available as resources to this classloader (jdk.internal.loader.ClassLoaders$AppClassLoader@5c29bfd)

=== Classifier model (full training set) ===

J48 pruned tree
------------------

LOGICALS2 = And: FALSE (166.0)
LOGICALS2 = Or: TRUE (1.0)
LOGICALS2 = Implies: TRUE (82.0)

Number of Leaves  : 	3

Size of the tree : 	4


Time taken to build model: 0.01 seconds

Time taken to test model on training data: 0 seconds

=== Error on training data ===

Correctly Classified Instances         249              100      %
Incorrectly Classified Instances         0                0      %
Kappa statistic                          1     
K&B Relative Info Score                100      %
K&B Information Score                  230.0854 bits      0.924  bits/instance
Class complexity | order 0             230.0854 bits      0.924  bits/instance
Class complexity | scheme                0      bits      0      bits/instance
Complexity improvement     (Sf)        230.0854 bits      0.924  bits/instance
Mean absolute error                      0     
Root mean squared error                  0     
Relative absolute error                  0      %
Root relative squared error              0      %
Total Number of Instances              249     


=== Detailed Accuracy By Class ===

                 TP Rate  FP Rate  Precision  Recall   F-Measure  MCC      ROC Area  PRC Area  Class
                 1.000    0.000    1.000      1.000    1.000      1.000    1.000     1.000     TRUE
                 1.000    0.000    1.000      1.000    1.000      1.000    1.000     1.000     FALSE
                 ?        0.000    ?          ?        ?          ?        ?         ?         UNKNOWN
Weighted Avg.    1.000    0.000    1.000      1.000    1.000      1.000    1.000     1.000     


=== Confusion Matrix ===

   a   b   c   <-- classified as
  83   0   0 |   a = TRUE
   0 166   0 |   b = FALSE
   0   0   0 |   c = UNKNOWN

Time taken to perform cross-validation: 0.01 seconds


=== Stratified cross-validation ===

Correctly Classified Instances         248               99.5984 %
Incorrectly Classified Instances         1                0.4016 %
Kappa statistic                          0.9909
K&B Relative Info Score                 99.3146 %
K&B Information Score                  228.7248 bits      0.9186 bits/instance
Class complexity | order 0             230.3033 bits      0.9249 bits/instance
Class complexity | scheme                1.5785 bits      0.0063 bits/instance
Complexity improvement     (Sf)        228.7248 bits      0.9186 bits/instance
Mean absolute error                      0.0018
Root mean squared error                  0.0344
Relative absolute error                  0.597  %
Root relative squared error              8.9403 %
Total Number of Instances              249     


=== Detailed Accuracy By Class ===

                 TP Rate  FP Rate  Precision  Recall   F-Measure  MCC      ROC Area  PRC Area  Class
                 0.988    0.000    1.000      0.988    0.994      0.991    1.000     1.000     TRUE
                 1.000    0.012    0.994      1.000    0.997      0.991    1.000     1.000     FALSE
                 ?        0.000    ?          ?        ?          ?        ?         ?         UNKNOWN
Weighted Avg.    0.996    0.008    0.996      0.996    0.996      0.991    1.000     1.000     


=== Confusion Matrix ===

   a   b   c   <-- classified as
  82   1   0 |   a = TRUE
   0 166   0 |   b = FALSE
   0   0   0 |   c = UNKNOWN

