WARNING: core mtj jar files are not available as resources to this classloader (jdk.internal.loader.ClassLoaders$AppClassLoader@5c29bfd)

=== Classifier model (full training set) ===

J48 pruned tree
------------------

LOGICALS2 = And: FALSE (84.0)
LOGICALS2 = Or: TRUE (1.0)
LOGICALS2 = Implies: TRUE (41.0)

Number of Leaves  : 	3

Size of the tree : 	4


Time taken to build model: 0.01 seconds

Time taken to test model on training data: 0 seconds

=== Error on training data ===

Correctly Classified Instances         126              100      %
Incorrectly Classified Instances         0                0      %
Kappa statistic                          1     
K&B Relative Info Score                100      %
K&B Information Score                  117.1227 bits      0.9295 bits/instance
Class complexity | order 0             117.1227 bits      0.9295 bits/instance
Class complexity | scheme                0      bits      0      bits/instance
Complexity improvement     (Sf)        117.1227 bits      0.9295 bits/instance
Mean absolute error                      0     
Root mean squared error                  0     
Relative absolute error                  0      %
Root relative squared error              0      %
Total Number of Instances              126     


=== Detailed Accuracy By Class ===

                 TP Rate  FP Rate  Precision  Recall   F-Measure  MCC      ROC Area  PRC Area  Class
                 1.000    0.000    1.000      1.000    1.000      1.000    1.000     1.000     TRUE
                 1.000    0.000    1.000      1.000    1.000      1.000    1.000     1.000     FALSE
                 ?        0.000    ?          ?        ?          ?        ?         ?         UNKNOWN
Weighted Avg.    1.000    0.000    1.000      1.000    1.000      1.000    1.000     1.000     


=== Confusion Matrix ===

  a  b  c   <-- classified as
 42  0  0 |  a = TRUE
  0 84  0 |  b = FALSE
  0  0  0 |  c = UNKNOWN

Time taken to perform cross-validation: 0.01 seconds


=== Stratified cross-validation ===

Correctly Classified Instances         125               99.2063 %
Incorrectly Classified Instances         1                0.7937 %
Kappa statistic                          0.982 
K&B Relative Info Score                 98.6603 %
K&B Information Score                  115.7845 bits      0.9189 bits/instance
Class complexity | order 0             117.3567 bits      0.9314 bits/instance
Class complexity | scheme                1.5723 bits      0.0125 bits/instance
Complexity improvement     (Sf)        115.7845 bits      0.9189 bits/instance
Mean absolute error                      0.0035
Root mean squared error                  0.0483
Relative absolute error                  1.1697 %
Root relative squared error             12.5356 %
Total Number of Instances              126     


=== Detailed Accuracy By Class ===

                 TP Rate  FP Rate  Precision  Recall   F-Measure  MCC      ROC Area  PRC Area  Class
                 0.976    0.000    1.000      0.976    0.988      0.982    1.000     1.000     TRUE
                 1.000    0.024    0.988      1.000    0.994      0.982    1.000     1.000     FALSE
                 ?        0.000    ?          ?        ?          ?        ?         ?         UNKNOWN
Weighted Avg.    0.992    0.016    0.992      0.992    0.992      0.982    1.000     1.000     


=== Confusion Matrix ===

  a  b  c   <-- classified as
 41  1  0 |  a = TRUE
  0 84  0 |  b = FALSE
  0  0  0 |  c = UNKNOWN

