WARNING: core mtj jar files are not available as resources to this classloader (jdk.internal.loader.ClassLoaders$AppClassLoader@5c29bfd)

=== Classifier model (full training set) ===

J48 pruned tree
------------------

NUM1 <= 16: TRUE (103.0)
NUM1 > 16: FALSE (206.0)

Number of Leaves  : 	2

Size of the tree : 	3


Time taken to build model: 0.02 seconds

Time taken to test model on training data: 0 seconds

=== Error on training data ===

Correctly Classified Instances         309              100      %
Incorrectly Classified Instances         0                0      %
Kappa statistic                          1     
K&B Relative Info Score                100      %
K&B Information Score                  285.1857 bits      0.9229 bits/instance
Class complexity | order 0             285.1857 bits      0.9229 bits/instance
Class complexity | scheme                0      bits      0      bits/instance
Complexity improvement     (Sf)        285.1857 bits      0.9229 bits/instance
Mean absolute error                      0     
Root mean squared error                  0     
Relative absolute error                  0      %
Root relative squared error              0      %
Total Number of Instances              309     


=== Detailed Accuracy By Class ===

                 TP Rate  FP Rate  Precision  Recall   F-Measure  MCC      ROC Area  PRC Area  Class
                 1.000    0.000    1.000      1.000    1.000      1.000    1.000     1.000     TRUE
                 1.000    0.000    1.000      1.000    1.000      1.000    1.000     1.000     FALSE
                 ?        0.000    ?          ?        ?          ?        ?         ?         UNKNOWN
Weighted Avg.    1.000    0.000    1.000      1.000    1.000      1.000    1.000     1.000     


=== Confusion Matrix ===

   a   b   c   <-- classified as
 103   0   0 |   a = TRUE
   0 206   0 |   b = FALSE
   0   0   0 |   c = UNKNOWN

Time taken to perform cross-validation: 0.01 seconds


=== Stratified cross-validation ===

Correctly Classified Instances         308               99.6764 %
Incorrectly Classified Instances         1                0.3236 %
Kappa statistic                          0.9927
K&B Relative Info Score                 99.2406 %
K&B Information Score                  283.2251 bits      0.9166 bits/instance
Class complexity | order 0             285.3925 bits      0.9236 bits/instance
Class complexity | scheme             1074      bits      3.4757 bits/instance
Complexity improvement     (Sf)       -788.6075 bits     -2.5521 bits/instance
Mean absolute error                      0.0022
Root mean squared error                  0.0464
Relative absolute error                  0.7242 %
Root relative squared error             12.0661 %
Total Number of Instances              309     


=== Detailed Accuracy By Class ===

                 TP Rate  FP Rate  Precision  Recall   F-Measure  MCC      ROC Area  PRC Area  Class
                 0.990    0.000    1.000      0.990    0.995      0.993    0.995     0.994     TRUE
                 1.000    0.010    0.995      1.000    0.998      0.993    0.995     0.995     FALSE
                 ?        0.000    ?          ?        ?          ?        ?         ?         UNKNOWN
Weighted Avg.    0.997    0.006    0.997      0.997    0.997      0.993    0.995     0.995     


=== Confusion Matrix ===

   a   b   c   <-- classified as
 102   1   0 |   a = TRUE
   0 206   0 |   b = FALSE
   0   0   0 |   c = UNKNOWN

