WARNING: core mtj jar files are not available as resources to this classloader (jdk.internal.loader.ClassLoaders$AppClassLoader@5c29bfd)

=== Classifier model (full training set) ===

J48 pruned tree
------------------

NUM2 <= 6.774544
|   NUM1 <= 21: TRUE (18.0)
|   NUM1 > 21: FALSE (5.0)
NUM2 > 6.774544: FALSE (28.0)

Number of Leaves  : 	3

Size of the tree : 	5


Time taken to build model: 0.01 seconds

Time taken to test model on training data: 0 seconds

=== Error on training data ===

Correctly Classified Instances          51              100      %
Incorrectly Classified Instances         0                0      %
Kappa statistic                          1     
K&B Relative Info Score                100      %
K&B Information Score                   49.1503 bits      0.9637 bits/instance
Class complexity | order 0              49.1503 bits      0.9637 bits/instance
Class complexity | scheme                0      bits      0      bits/instance
Complexity improvement     (Sf)         49.1503 bits      0.9637 bits/instance
Mean absolute error                      0     
Root mean squared error                  0     
Relative absolute error                  0      %
Root relative squared error              0      %
Total Number of Instances               51     


=== Detailed Accuracy By Class ===

                 TP Rate  FP Rate  Precision  Recall   F-Measure  MCC      ROC Area  PRC Area  Class
                 1.000    0.000    1.000      1.000    1.000      1.000    1.000     1.000     TRUE
                 1.000    0.000    1.000      1.000    1.000      1.000    1.000     1.000     FALSE
                 ?        0.000    ?          ?        ?          ?        ?         ?         UNKNOWN
Weighted Avg.    1.000    0.000    1.000      1.000    1.000      1.000    1.000     1.000     


=== Confusion Matrix ===

  a  b  c   <-- classified as
 18  0  0 |  a = TRUE
  0 33  0 |  b = FALSE
  0  0  0 |  c = UNKNOWN

Time taken to perform cross-validation: 0.01 seconds


=== Stratified cross-validation ===

Correctly Classified Instances          50               98.0392 %
Incorrectly Classified Instances         1                1.9608 %
Kappa statistic                          0.9565
K&B Relative Info Score                 95.6738 %
K&B Information Score                   47.3697 bits      0.9288 bits/instance
Class complexity | order 0              49.5117 bits      0.9708 bits/instance
Class complexity | scheme             1074      bits     21.0588 bits/instance
Complexity improvement     (Sf)      -1024.4883 bits    -20.088  bits/instance
Mean absolute error                      0.0131
Root mean squared error                  0.1143
Relative absolute error                  4.1639 %
Root relative squared error             29.192  %
Total Number of Instances               51     


=== Detailed Accuracy By Class ===

                 TP Rate  FP Rate  Precision  Recall   F-Measure  MCC      ROC Area  PRC Area  Class
                 0.944    0.000    1.000      0.944    0.971      0.957    0.972     0.964     TRUE
                 1.000    0.056    0.971      1.000    0.985      0.957    0.972     0.971     FALSE
                 ?        0.000    ?          ?        ?          ?        ?         ?         UNKNOWN
Weighted Avg.    0.980    0.036    0.981      0.980    0.980      0.957    0.972     0.968     


=== Confusion Matrix ===

  a  b  c   <-- classified as
 17  1  0 |  a = TRUE
  0 33  0 |  b = FALSE
  0  0  0 |  c = UNKNOWN

