WARNING: core mtj jar files are not available as resources to this classloader (jdk.internal.loader.ClassLoaders$AppClassLoader@5c29bfd)

=== Classifier model (full training set) ===

J48 pruned tree
------------------

NUM2 <= 6.774544
|   NUM1 <= 15: TRUE (45.0)
|   NUM1 > 15
|   |   NUM1 <= 16
|   |   |   NUM2 <= 6.25894: TRUE (2.0)
|   |   |   NUM2 > 6.25894: FALSE (2.0)
|   |   NUM1 > 16: FALSE (20.0)
NUM2 > 6.774544: FALSE (60.0)

Number of Leaves  : 	5

Size of the tree : 	9


Time taken to build model: 0.01 seconds

Time taken to test model on training data: 0 seconds

=== Error on training data ===

Correctly Classified Instances         129              100      %
Incorrectly Classified Instances         0                0      %
Kappa statistic                          1     
K&B Relative Info Score                100      %
K&B Information Score                  123.4804 bits      0.9572 bits/instance
Class complexity | order 0             123.4804 bits      0.9572 bits/instance
Class complexity | scheme                0      bits      0      bits/instance
Complexity improvement     (Sf)        123.4804 bits      0.9572 bits/instance
Mean absolute error                      0     
Root mean squared error                  0     
Relative absolute error                  0      %
Root relative squared error              0      %
Total Number of Instances              129     


=== Detailed Accuracy By Class ===

                 TP Rate  FP Rate  Precision  Recall   F-Measure  MCC      ROC Area  PRC Area  Class
                 1.000    0.000    1.000      1.000    1.000      1.000    1.000     1.000     TRUE
                 1.000    0.000    1.000      1.000    1.000      1.000    1.000     1.000     FALSE
                 ?        0.000    ?          ?        ?          ?        ?         ?         UNKNOWN
Weighted Avg.    1.000    0.000    1.000      1.000    1.000      1.000    1.000     1.000     


=== Confusion Matrix ===

  a  b  c   <-- classified as
 47  0  0 |  a = TRUE
  0 82  0 |  b = FALSE
  0  0  0 |  c = UNKNOWN

Time taken to perform cross-validation: 0.01 seconds


=== Stratified cross-validation ===

Correctly Classified Instances         123               95.3488 %
Incorrectly Classified Instances         6                4.6512 %
Kappa statistic                          0.8987
K&B Relative Info Score                 89.8579 %
K&B Information Score                  111.1806 bits      0.8619 bits/instance
Class complexity | order 0             123.7294 bits      0.9591 bits/instance
Class complexity | scheme             2165.1925 bits     16.7844 bits/instance
Complexity improvement     (Sf)      -2041.4631 bits    -15.8253 bits/instance
Mean absolute error                      0.031 
Root mean squared error                  0.1644
Relative absolute error                  9.9137 %
Root relative squared error             41.8173 %
Total Number of Instances              129     


=== Detailed Accuracy By Class ===

                 TP Rate  FP Rate  Precision  Recall   F-Measure  MCC      ROC Area  PRC Area  Class
                 0.915    0.024    0.956      0.915    0.935      0.899    0.973     0.964     TRUE
                 0.976    0.085    0.952      0.976    0.964      0.899    0.973     0.970     FALSE
                 ?        0.000    ?          ?        ?          ?        ?         ?         UNKNOWN
Weighted Avg.    0.953    0.063    0.954      0.953    0.953      0.899    0.973     0.968     


=== Confusion Matrix ===

  a  b  c   <-- classified as
 43  4  0 |  a = TRUE
  2 80  0 |  b = FALSE
  0  0  0 |  c = UNKNOWN

