WARNING: core mtj jar files are not available as resources to this classloader (jdk.internal.loader.ClassLoaders$AppClassLoader@5c29bfd)

=== Classifier model (full training set) ===

J48 pruned tree
------------------

NUM2 <= -3.502286: TRUE (530.0)
NUM2 > -3.502286: FALSE (583.0)

Number of Leaves  : 	2

Size of the tree : 	3


Time taken to build model: 0.02 seconds

Time taken to test model on training data: 0.01 seconds

=== Error on training data ===

Correctly Classified Instances        1113              100      %
Incorrectly Classified Instances         0                0      %
Kappa statistic                          1     
K&B Relative Info Score                100      %
K&B Information Score                 1112.6182 bits      0.9997 bits/instance
Class complexity | order 0            1112.6182 bits      0.9997 bits/instance
Class complexity | scheme                0      bits      0      bits/instance
Complexity improvement     (Sf)       1112.6182 bits      0.9997 bits/instance
Mean absolute error                      0     
Root mean squared error                  0     
Relative absolute error                  0      %
Root relative squared error              0      %
Total Number of Instances             1113     


=== Detailed Accuracy By Class ===

                 TP Rate  FP Rate  Precision  Recall   F-Measure  MCC      ROC Area  PRC Area  Class
                 1.000    0.000    1.000      1.000    1.000      1.000    1.000     1.000     TRUE
                 1.000    0.000    1.000      1.000    1.000      1.000    1.000     1.000     FALSE
                 ?        0.000    ?          ?        ?          ?        ?         ?         UNKNOWN
Weighted Avg.    1.000    0.000    1.000      1.000    1.000      1.000    1.000     1.000     


=== Confusion Matrix ===

   a   b   c   <-- classified as
 530   0   0 |   a = TRUE
   0 583   0 |   b = FALSE
   0   0   0 |   c = UNKNOWN

Time taken to perform cross-validation: 0.02 seconds


=== Stratified cross-validation ===

Correctly Classified Instances        1111               99.8203 %
Incorrectly Classified Instances         2                0.1797 %
Kappa statistic                          0.9964
K&B Relative Info Score                 99.6399 %
K&B Information Score                 1108.7741 bits      0.9962 bits/instance
Class complexity | order 0            1112.7807 bits      0.9998 bits/instance
Class complexity | scheme             2148      bits      1.9299 bits/instance
Complexity improvement     (Sf)      -1035.2193 bits     -0.9301 bits/instance
Mean absolute error                      0.0012
Root mean squared error                  0.0346
Relative absolute error                  0.3598 %
Root relative squared error              8.4877 %
Total Number of Instances             1113     


=== Detailed Accuracy By Class ===

                 TP Rate  FP Rate  Precision  Recall   F-Measure  MCC      ROC Area  PRC Area  Class
                 0.996    0.000    1.000      0.996    0.998      0.996    0.998     0.998     TRUE
                 1.000    0.004    0.997      1.000    0.998      0.996    0.998     0.997     FALSE
                 ?        0.000    ?          ?        ?          ?        ?         ?         UNKNOWN
Weighted Avg.    0.998    0.002    0.998      0.998    0.998      0.996    0.998     0.997     


=== Confusion Matrix ===

   a   b   c   <-- classified as
 528   2   0 |   a = TRUE
   0 583   0 |   b = FALSE
   0   0   0 |   c = UNKNOWN

