WARNING: core mtj jar files are not available as resources to this classloader (jdk.internal.loader.ClassLoaders$AppClassLoader@5c29bfd)

=== Classifier model (full training set) ===

J48 pruned tree
------------------

LOGICALS2 = And: FALSE (128.0)
LOGICALS2 = Or: TRUE (1.0)
LOGICALS2 = Implies: TRUE (63.0)

Number of Leaves  : 	3

Size of the tree : 	4


Time taken to build model: 0.01 seconds

Time taken to test model on training data: 0 seconds

=== Error on training data ===

Correctly Classified Instances         192              100      %
Incorrectly Classified Instances         0                0      %
Kappa statistic                          1     
K&B Relative Info Score                100      %
K&B Information Score                  177.7388 bits      0.9257 bits/instance
Class complexity | order 0             177.7388 bits      0.9257 bits/instance
Class complexity | scheme                0      bits      0      bits/instance
Complexity improvement     (Sf)        177.7388 bits      0.9257 bits/instance
Mean absolute error                      0     
Root mean squared error                  0     
Relative absolute error                  0      %
Root relative squared error              0      %
Total Number of Instances              192     


=== Detailed Accuracy By Class ===

                 TP Rate  FP Rate  Precision  Recall   F-Measure  MCC      ROC Area  PRC Area  Class
                 1.000    0.000    1.000      1.000    1.000      1.000    1.000     1.000     TRUE
                 1.000    0.000    1.000      1.000    1.000      1.000    1.000     1.000     FALSE
                 ?        0.000    ?          ?        ?          ?        ?         ?         UNKNOWN
Weighted Avg.    1.000    0.000    1.000      1.000    1.000      1.000    1.000     1.000     


=== Confusion Matrix ===

   a   b   c   <-- classified as
  64   0   0 |   a = TRUE
   0 128   0 |   b = FALSE
   0   0   0 |   c = UNKNOWN

Time taken to perform cross-validation: 0.01 seconds


=== Stratified cross-validation ===

Correctly Classified Instances         191               99.4792 %
Incorrectly Classified Instances         1                0.5208 %
Kappa statistic                          0.9882
K&B Relative Info Score                 99.1001 %
K&B Information Score                  176.3631 bits      0.9186 bits/instance
Class complexity | order 0             177.9647 bits      0.9269 bits/instance
Class complexity | scheme                1.6017 bits      0.0083 bits/instance
Complexity improvement     (Sf)        176.3629 bits      0.9186 bits/instance
Mean absolute error                      0.0023
Root mean squared error                  0.0395
Relative absolute error                  0.7789 %
Root relative squared error             10.2619 %
Total Number of Instances              192     


=== Detailed Accuracy By Class ===

                 TP Rate  FP Rate  Precision  Recall   F-Measure  MCC      ROC Area  PRC Area  Class
                 0.984    0.000    1.000      0.984    0.992      0.988    1.000     1.000     TRUE
                 1.000    0.016    0.992      1.000    0.996      0.988    1.000     1.000     FALSE
                 ?        0.000    ?          ?        ?          ?        ?         ?         UNKNOWN
Weighted Avg.    0.995    0.010    0.995      0.995    0.995      0.988    1.000     1.000     


=== Confusion Matrix ===

   a   b   c   <-- classified as
  63   1   0 |   a = TRUE
   0 128   0 |   b = FALSE
   0   0   0 |   c = UNKNOWN

