WARNING: core mtj jar files are not available as resources to this classloader (jdk.internal.loader.ClassLoaders$AppClassLoader@5c29bfd)

=== Classifier model (full training set) ===

J48 pruned tree
------------------

LOGICALS2 = And: FALSE (158.0)
LOGICALS2 = Or: TRUE (1.0)
LOGICALS2 = Implies: TRUE (78.0)

Number of Leaves  : 	3

Size of the tree : 	4


Time taken to build model: 0.01 seconds

Time taken to test model on training data: 0 seconds

=== Error on training data ===

Correctly Classified Instances         237              100      %
Incorrectly Classified Instances         0                0      %
Kappa statistic                          1     
K&B Relative Info Score                100      %
K&B Information Score                  219.0652 bits      0.9243 bits/instance
Class complexity | order 0             219.0652 bits      0.9243 bits/instance
Class complexity | scheme                0      bits      0      bits/instance
Complexity improvement     (Sf)        219.0652 bits      0.9243 bits/instance
Mean absolute error                      0     
Root mean squared error                  0     
Relative absolute error                  0      %
Root relative squared error              0      %
Total Number of Instances              237     


=== Detailed Accuracy By Class ===

                 TP Rate  FP Rate  Precision  Recall   F-Measure  MCC      ROC Area  PRC Area  Class
                 1.000    0.000    1.000      1.000    1.000      1.000    1.000     1.000     TRUE
                 1.000    0.000    1.000      1.000    1.000      1.000    1.000     1.000     FALSE
                 ?        0.000    ?          ?        ?          ?        ?         ?         UNKNOWN
Weighted Avg.    1.000    0.000    1.000      1.000    1.000      1.000    1.000     1.000     


=== Confusion Matrix ===

   a   b   c   <-- classified as
  79   0   0 |   a = TRUE
   0 158   0 |   b = FALSE
   0   0   0 |   c = UNKNOWN

Time taken to perform cross-validation: 0.01 seconds


=== Stratified cross-validation ===

Correctly Classified Instances         236               99.5781 %
Incorrectly Classified Instances         1                0.4219 %
Kappa statistic                          0.9905
K&B Relative Info Score                 99.274  %
K&B Information Score                  217.6518 bits      0.9184 bits/instance
Class complexity | order 0             219.2435 bits      0.9251 bits/instance
Class complexity | scheme                1.5917 bits      0.0067 bits/instance
Complexity improvement     (Sf)        217.6518 bits      0.9184 bits/instance
Mean absolute error                      0.0019
Root mean squared error                  0.0354
Relative absolute error                  0.63   %
Root relative squared error              9.2068 %
Total Number of Instances              237     


=== Detailed Accuracy By Class ===

                 TP Rate  FP Rate  Precision  Recall   F-Measure  MCC      ROC Area  PRC Area  Class
                 0.987    0.000    1.000      0.987    0.994      0.991    1.000     1.000     TRUE
                 1.000    0.013    0.994      1.000    0.997      0.991    1.000     1.000     FALSE
                 ?        0.000    ?          ?        ?          ?        ?         ?         UNKNOWN
Weighted Avg.    0.996    0.008    0.996      0.996    0.996      0.991    1.000     1.000     


=== Confusion Matrix ===

   a   b   c   <-- classified as
  78   1   0 |   a = TRUE
   0 158   0 |   b = FALSE
   0   0   0 |   c = UNKNOWN

