WARNING: core mtj jar files are not available as resources to this classloader (jdk.internal.loader.ClassLoaders$AppClassLoader@5c29bfd)

=== Classifier model (full training set) ===

J48 pruned tree
------------------

LOGICALS2 = And: FALSE (64.0)
LOGICALS2 = Or: TRUE (1.0)
LOGICALS2 = Implies: TRUE (31.0)

Number of Leaves  : 	3

Size of the tree : 	4


Time taken to build model: 0.01 seconds

Time taken to test model on training data: 0 seconds

=== Error on training data ===

Correctly Classified Instances          96              100      %
Incorrectly Classified Instances         0                0      %
Kappa statistic                          1     
K&B Relative Info Score                100      %
K&B Information Score                   89.5661 bits      0.933  bits/instance
Class complexity | order 0              89.5661 bits      0.933  bits/instance
Class complexity | scheme                0      bits      0      bits/instance
Complexity improvement     (Sf)         89.5661 bits      0.933  bits/instance
Mean absolute error                      0     
Root mean squared error                  0     
Relative absolute error                  0      %
Root relative squared error              0      %
Total Number of Instances               96     


=== Detailed Accuracy By Class ===

                 TP Rate  FP Rate  Precision  Recall   F-Measure  MCC      ROC Area  PRC Area  Class
                 1.000    0.000    1.000      1.000    1.000      1.000    1.000     1.000     TRUE
                 1.000    0.000    1.000      1.000    1.000      1.000    1.000     1.000     FALSE
                 ?        0.000    ?          ?        ?          ?        ?         ?         UNKNOWN
Weighted Avg.    1.000    0.000    1.000      1.000    1.000      1.000    1.000     1.000     


=== Confusion Matrix ===

  a  b  c   <-- classified as
 32  0  0 |  a = TRUE
  0 64  0 |  b = FALSE
  0  0  0 |  c = UNKNOWN

Time taken to perform cross-validation: 0.01 seconds


=== Stratified cross-validation ===

Correctly Classified Instances          95               98.9583 %
Incorrectly Classified Instances         1                1.0417 %
Kappa statistic                          0.9764
K&B Relative Info Score                 98.1983 %
K&B Information Score                   88.2046 bits      0.9188 bits/instance
Class complexity | order 0              89.8229 bits      0.9357 bits/instance
Class complexity | scheme                1.6189 bits      0.0169 bits/instance
Complexity improvement     (Sf)         88.204  bits      0.9188 bits/instance
Mean absolute error                      0.0047
Root mean squared error                  0.0562
Relative absolute error                  1.5535 %
Root relative squared error             14.5867 %
Total Number of Instances               96     


=== Detailed Accuracy By Class ===

                 TP Rate  FP Rate  Precision  Recall   F-Measure  MCC      ROC Area  PRC Area  Class
                 0.969    0.000    1.000      0.969    0.984      0.977    1.000     1.000     TRUE
                 1.000    0.031    0.985      1.000    0.992      0.977    1.000     1.000     FALSE
                 ?        0.000    ?          ?        ?          ?        ?         ?         UNKNOWN
Weighted Avg.    0.990    0.021    0.990      0.990    0.990      0.977    1.000     1.000     


=== Confusion Matrix ===

  a  b  c   <-- classified as
 31  1  0 |  a = TRUE
  0 64  0 |  b = FALSE
  0  0  0 |  c = UNKNOWN

