WARNING: core mtj jar files are not available as resources to this classloader (jdk.internal.loader.ClassLoaders$AppClassLoader@5c29bfd)

=== Classifier model (full training set) ===

J48 pruned tree
------------------

NUM1 <= 15
|   NUM2 <= 6.741045: TRUE (21.0)
|   NUM2 > 6.741045: FALSE (4.0)
NUM1 > 15: FALSE (38.0)

Number of Leaves  : 	3

Size of the tree : 	5


Time taken to build model: 0.01 seconds

Time taken to test model on training data: 0 seconds

=== Error on training data ===

Correctly Classified Instances          63              100      %
Incorrectly Classified Instances         0                0      %
Kappa statistic                          1     
K&B Relative Info Score                100      %
K&B Information Score                   59.2456 bits      0.9404 bits/instance
Class complexity | order 0              59.2456 bits      0.9404 bits/instance
Class complexity | scheme                0      bits      0      bits/instance
Complexity improvement     (Sf)         59.2456 bits      0.9404 bits/instance
Mean absolute error                      0     
Root mean squared error                  0     
Relative absolute error                  0      %
Root relative squared error              0      %
Total Number of Instances               63     


=== Detailed Accuracy By Class ===

                 TP Rate  FP Rate  Precision  Recall   F-Measure  MCC      ROC Area  PRC Area  Class
                 1.000    0.000    1.000      1.000    1.000      1.000    1.000     1.000     TRUE
                 1.000    0.000    1.000      1.000    1.000      1.000    1.000     1.000     FALSE
                 ?        0.000    ?          ?        ?          ?        ?         ?         UNKNOWN
Weighted Avg.    1.000    0.000    1.000      1.000    1.000      1.000    1.000     1.000     


=== Confusion Matrix ===

  a  b  c   <-- classified as
 21  0  0 |  a = TRUE
  0 42  0 |  b = FALSE
  0  0  0 |  c = UNKNOWN

Time taken to perform cross-validation: 0.01 seconds


=== Stratified cross-validation ===

Correctly Classified Instances          59               93.6508 %
Incorrectly Classified Instances         4                6.3492 %
Kappa statistic                          0.8571
K&B Relative Info Score                 85.3938 %
K&B Information Score                   50.7874 bits      0.8061 bits/instance
Class complexity | order 0              59.4743 bits      0.944  bits/instance
Class complexity | scheme             4296.0749 bits     68.1917 bits/instance
Complexity improvement     (Sf)      -4236.6007 bits    -67.2476 bits/instance
Mean absolute error                      0.0429
Root mean squared error                  0.2058
Relative absolute error                 14.1029 %
Root relative squared error             53.3817 %
Total Number of Instances               63     


=== Detailed Accuracy By Class ===

                 TP Rate  FP Rate  Precision  Recall   F-Measure  MCC      ROC Area  PRC Area  Class
                 0.905    0.048    0.905      0.905    0.905      0.857    0.926     0.850     TRUE
                 0.952    0.095    0.952      0.952    0.952      0.857    0.926     0.937     FALSE
                 ?        0.000    ?          ?        ?          ?        ?         ?         UNKNOWN
Weighted Avg.    0.937    0.079    0.937      0.937    0.937      0.857    0.926     0.908     


=== Confusion Matrix ===

  a  b  c   <-- classified as
 19  2  0 |  a = TRUE
  2 40  0 |  b = FALSE
  0  0  0 |  c = UNKNOWN

