WARNING: core mtj jar files are not available as resources to this classloader (jdk.internal.loader.ClassLoaders$AppClassLoader@5c29bfd)

=== Classifier model (full training set) ===

J48 pruned tree
------------------

NUM2 <= 6.508337: TRUE (14.0)
NUM2 > 6.508337: FALSE (28.0)

Number of Leaves  : 	2

Size of the tree : 	3


Time taken to build model: 0.01 seconds

Time taken to test model on training data: 0 seconds

=== Error on training data ===

Correctly Classified Instances          42              100      %
Incorrectly Classified Instances         0                0      %
Kappa statistic                          1     
K&B Relative Info Score                100      %
K&B Information Score                   39.9379 bits      0.9509 bits/instance
Class complexity | order 0              39.9379 bits      0.9509 bits/instance
Class complexity | scheme                0      bits      0      bits/instance
Complexity improvement     (Sf)         39.9379 bits      0.9509 bits/instance
Mean absolute error                      0     
Root mean squared error                  0     
Relative absolute error                  0      %
Root relative squared error              0      %
Total Number of Instances               42     


=== Detailed Accuracy By Class ===

                 TP Rate  FP Rate  Precision  Recall   F-Measure  MCC      ROC Area  PRC Area  Class
                 1.000    0.000    1.000      1.000    1.000      1.000    1.000     1.000     TRUE
                 1.000    0.000    1.000      1.000    1.000      1.000    1.000     1.000     FALSE
                 ?        0.000    ?          ?        ?          ?        ?         ?         UNKNOWN
Weighted Avg.    1.000    0.000    1.000      1.000    1.000      1.000    1.000     1.000     


=== Confusion Matrix ===

  a  b  c   <-- classified as
 14  0  0 |  a = TRUE
  0 28  0 |  b = FALSE
  0  0  0 |  c = UNKNOWN

Time taken to perform cross-validation: 0.01 seconds


=== Stratified cross-validation ===

Correctly Classified Instances          41               97.619  %
Incorrectly Classified Instances         1                2.381  %
Kappa statistic                          0.9455
K&B Relative Info Score                 94.5806 %
K&B Information Score                   38.1947 bits      0.9094 bits/instance
Class complexity | order 0              40.3832 bits      0.9615 bits/instance
Class complexity | scheme             1074      bits     25.5714 bits/instance
Complexity improvement     (Sf)      -1033.6168 bits    -24.6099 bits/instance
Mean absolute error                      0.0159
Root mean squared error                  0.126 
Relative absolute error                  5.1456 %
Root relative squared error             32.5315 %
Total Number of Instances               42     


=== Detailed Accuracy By Class ===

                 TP Rate  FP Rate  Precision  Recall   F-Measure  MCC      ROC Area  PRC Area  Class
                 0.929    0.000    1.000      0.929    0.963      0.947    0.964     0.952     TRUE
                 1.000    0.071    0.966      1.000    0.982      0.947    0.964     0.966     FALSE
                 ?        0.000    ?          ?        ?          ?        ?         ?         UNKNOWN
Weighted Avg.    0.976    0.048    0.977      0.976    0.976      0.947    0.964     0.961     


=== Confusion Matrix ===

  a  b  c   <-- classified as
 13  1  0 |  a = TRUE
  0 28  0 |  b = FALSE
  0  0  0 |  c = UNKNOWN

