WARNING: core mtj jar files are not available as resources to this classloader (jdk.internal.loader.ClassLoaders$AppClassLoader@5c29bfd)

=== Classifier model (full training set) ===

J48 pruned tree
------------------

NUM1 <= 5184109.671651: TRUE (93.0)
NUM1 > 5184109.671651
|   NUM3 <= 2.779102: TRUE (27.0)
|   NUM3 > 2.779102: FALSE (156.0)

Number of Leaves  : 	3

Size of the tree : 	5


Time taken to build model: 0.02 seconds

Time taken to test model on training data: 0 seconds

=== Error on training data ===

Correctly Classified Instances         276              100      %
Incorrectly Classified Instances         0                0      %
Kappa statistic                          1     
K&B Relative Info Score                100      %
K&B Information Score                  274.0331 bits      0.9929 bits/instance
Class complexity | order 0             274.0331 bits      0.9929 bits/instance
Class complexity | scheme                0      bits      0      bits/instance
Complexity improvement     (Sf)        274.0331 bits      0.9929 bits/instance
Mean absolute error                      0     
Root mean squared error                  0     
Relative absolute error                  0      %
Root relative squared error              0      %
Total Number of Instances              276     


=== Detailed Accuracy By Class ===

                 TP Rate  FP Rate  Precision  Recall   F-Measure  MCC      ROC Area  PRC Area  Class
                 1.000    0.000    1.000      1.000    1.000      1.000    1.000     1.000     TRUE
                 1.000    0.000    1.000      1.000    1.000      1.000    1.000     1.000     FALSE
                 ?        0.000    ?          ?        ?          ?        ?         ?         UNKNOWN
Weighted Avg.    1.000    0.000    1.000      1.000    1.000      1.000    1.000     1.000     


=== Confusion Matrix ===

   a   b   c   <-- classified as
 120   0   0 |   a = TRUE
   0 156   0 |   b = FALSE
   0   0   0 |   c = UNKNOWN

Time taken to perform cross-validation: 0.02 seconds


=== Stratified cross-validation ===

Correctly Classified Instances         275               99.6377 %
Incorrectly Classified Instances         1                0.3623 %
Kappa statistic                          0.9926
K&B Relative Info Score                 99.2614 %
K&B Information Score                  272.1765 bits      0.9861 bits/instance
Class complexity | order 0             274.2017 bits      0.9935 bits/instance
Class complexity | scheme             1074      bits      3.8913 bits/instance
Complexity improvement     (Sf)       -799.7983 bits     -2.8978 bits/instance
Mean absolute error                      0.0024
Root mean squared error                  0.0491
Relative absolute error                  0.734  %
Root relative squared error             12.1417 %
Total Number of Instances              276     


=== Detailed Accuracy By Class ===

                 TP Rate  FP Rate  Precision  Recall   F-Measure  MCC      ROC Area  PRC Area  Class
                 0.992    0.000    1.000      0.992    0.996      0.993    0.996     0.995     TRUE
                 1.000    0.008    0.994      1.000    0.997      0.993    0.996     0.994     FALSE
                 ?        0.000    ?          ?        ?          ?        ?         ?         UNKNOWN
Weighted Avg.    0.996    0.005    0.996      0.996    0.996      0.993    0.996     0.994     


=== Confusion Matrix ===

   a   b   c   <-- classified as
 119   1   0 |   a = TRUE
   0 156   0 |   b = FALSE
   0   0   0 |   c = UNKNOWN

