WARNING: core mtj jar files are not available as resources to this classloader (jdk.internal.loader.ClassLoaders$AppClassLoader@5c29bfd)

=== Classifier model (full training set) ===

J48 pruned tree
------------------

NUM1 <= 5184109.671651: TRUE (254.0)
NUM1 > 5184109.671651
|   NUM3 <= 2.799191
|   |   LOGICALS3 = And: TRUE (61.0)
|   |   LOGICALS3 = Or: FALSE (3.0)
|   |   LOGICALS3 = Implies: TRUE (0.0)
|   NUM3 > 2.799191: FALSE (372.0)

Number of Leaves  : 	5

Size of the tree : 	8


Time taken to build model: 0.02 seconds

Time taken to test model on training data: 0.01 seconds

=== Error on training data ===

Correctly Classified Instances         690              100      %
Incorrectly Classified Instances         0                0      %
Kappa statistic                          1     
K&B Relative Info Score                100      %
K&B Information Score                  687.6692 bits      0.9966 bits/instance
Class complexity | order 0             687.6692 bits      0.9966 bits/instance
Class complexity | scheme                0      bits      0      bits/instance
Complexity improvement     (Sf)        687.6692 bits      0.9966 bits/instance
Mean absolute error                      0     
Root mean squared error                  0     
Relative absolute error                  0      %
Root relative squared error              0      %
Total Number of Instances              690     


=== Detailed Accuracy By Class ===

                 TP Rate  FP Rate  Precision  Recall   F-Measure  MCC      ROC Area  PRC Area  Class
                 1.000    0.000    1.000      1.000    1.000      1.000    1.000     1.000     TRUE
                 1.000    0.000    1.000      1.000    1.000      1.000    1.000     1.000     FALSE
                 ?        0.000    ?          ?        ?          ?        ?         ?         UNKNOWN
Weighted Avg.    1.000    0.000    1.000      1.000    1.000      1.000    1.000     1.000     


=== Confusion Matrix ===

   a   b   c   <-- classified as
 315   0   0 |   a = TRUE
   0 375   0 |   b = FALSE
   0   0   0 |   c = UNKNOWN

Time taken to perform cross-validation: 0.03 seconds


=== Stratified cross-validation ===

Correctly Classified Instances         689               99.8551 %
Incorrectly Classified Instances         1                0.1449 %
Kappa statistic                          0.9971
K&B Relative Info Score                 99.7075 %
K&B Information Score                  685.8413 bits      0.994  bits/instance
Class complexity | order 0             687.8529 bits      0.9969 bits/instance
Class complexity | scheme             1074      bits      1.5565 bits/instance
Complexity improvement     (Sf)       -386.1471 bits     -0.5596 bits/instance
Mean absolute error                      0.001 
Root mean squared error                  0.0311
Relative absolute error                  0.2916 %
Root relative squared error              7.6426 %
Total Number of Instances              690     


=== Detailed Accuracy By Class ===

                 TP Rate  FP Rate  Precision  Recall   F-Measure  MCC      ROC Area  PRC Area  Class
                 0.997    0.000    1.000      0.997    0.998      0.997    0.998     0.998     TRUE
                 1.000    0.003    0.997      1.000    0.999      0.997    0.998     0.997     FALSE
                 ?        0.000    ?          ?        ?          ?        ?         ?         UNKNOWN
Weighted Avg.    0.999    0.002    0.999      0.999    0.999      0.997    0.998     0.998     


=== Confusion Matrix ===

   a   b   c   <-- classified as
 314   1   0 |   a = TRUE
   0 375   0 |   b = FALSE
   0   0   0 |   c = UNKNOWN

