WARNING: core mtj jar files are not available as resources to this classloader (jdk.internal.loader.ClassLoaders$AppClassLoader@5c29bfd)

=== Classifier model (full training set) ===

J48 pruned tree
------------------

NUM1 <= 5193114.187179: TRUE (237.0)
NUM1 > 5193114.187179: FALSE (300.0)

Number of Leaves  : 	2

Size of the tree : 	3


Time taken to build model: 0.02 seconds

Time taken to test model on training data: 0.01 seconds

=== Error on training data ===

Correctly Classified Instances         537              100      %
Incorrectly Classified Instances         0                0      %
Kappa statistic                          1     
K&B Relative Info Score                100      %
K&B Information Score                  533.0923 bits      0.9927 bits/instance
Class complexity | order 0             533.0923 bits      0.9927 bits/instance
Class complexity | scheme                0      bits      0      bits/instance
Complexity improvement     (Sf)        533.0923 bits      0.9927 bits/instance
Mean absolute error                      0     
Root mean squared error                  0     
Relative absolute error                  0      %
Root relative squared error              0      %
Total Number of Instances              537     


=== Detailed Accuracy By Class ===

                 TP Rate  FP Rate  Precision  Recall   F-Measure  MCC      ROC Area  PRC Area  Class
                 1.000    0.000    1.000      1.000    1.000      1.000    1.000     1.000     TRUE
                 1.000    0.000    1.000      1.000    1.000      1.000    1.000     1.000     FALSE
                 ?        0.000    ?          ?        ?          ?        ?         ?         UNKNOWN
Weighted Avg.    1.000    0.000    1.000      1.000    1.000      1.000    1.000     1.000     


=== Confusion Matrix ===

   a   b   c   <-- classified as
 237   0   0 |   a = TRUE
   0 300   0 |   b = FALSE
   0   0   0 |   c = UNKNOWN

Time taken to perform cross-validation: 0.02 seconds


=== Stratified cross-validation ===

Correctly Classified Instances         536               99.8138 %
Incorrectly Classified Instances         1                0.1862 %
Kappa statistic                          0.9962
K&B Relative Info Score                 99.6211 %
K&B Information Score                  531.2387 bits      0.9893 bits/instance
Class complexity | order 0             533.2593 bits      0.993  bits/instance
Class complexity | scheme             1074      bits      2      bits/instance
Complexity improvement     (Sf)       -540.7407 bits     -1.007  bits/instance
Mean absolute error                      0.0012
Root mean squared error                  0.0352
Relative absolute error                  0.3768 %
Root relative squared error              8.6905 %
Total Number of Instances              537     


=== Detailed Accuracy By Class ===

                 TP Rate  FP Rate  Precision  Recall   F-Measure  MCC      ROC Area  PRC Area  Class
                 0.996    0.000    1.000      0.996    0.998      0.996    0.998     0.998     TRUE
                 1.000    0.004    0.997      1.000    0.998      0.996    0.998     0.997     FALSE
                 ?        0.000    ?          ?        ?          ?        ?         ?         UNKNOWN
Weighted Avg.    0.998    0.002    0.998      0.998    0.998      0.996    0.998     0.997     


=== Confusion Matrix ===

   a   b   c   <-- classified as
 236   1   0 |   a = TRUE
   0 300   0 |   b = FALSE
   0   0   0 |   c = UNKNOWN

