WARNING: core mtj jar files are not available as resources to this classloader (jdk.internal.loader.ClassLoaders$AppClassLoader@5c29bfd)

=== Classifier model (full training set) ===

J48 pruned tree
------------------

QUANTIFIERS1 = ForAll: FALSE (608.0)
QUANTIFIERS1 = Exists: TRUE (409.0/1.0)

Number of Leaves  : 	2

Size of the tree : 	3


Time taken to build model: 0.02 seconds

Time taken to test model on training data: 0.01 seconds

=== Error on training data ===

Correctly Classified Instances        1016               99.9017 %
Incorrectly Classified Instances         1                0.0983 %
Kappa statistic                          0.998 
K&B Relative Info Score                 99.6469 %
K&B Information Score                  986.0998 bits      0.9696 bits/instance
Class complexity | order 0             989.5937 bits      0.9731 bits/instance
Class complexity | scheme               10.1169 bits      0.0099 bits/instance
Complexity improvement     (Sf)        979.4768 bits      0.9631 bits/instance
Mean absolute error                      0.0013
Root mean squared error                  0.0256
Relative absolute error                  0.4078 %
Root relative squared error              6.3898 %
Total Number of Instances             1017     


=== Detailed Accuracy By Class ===

                 TP Rate  FP Rate  Precision  Recall   F-Measure  MCC      ROC Area  PRC Area  Class
                 1.000    0.002    0.998      1.000    0.999      0.998    0.999     0.998     TRUE
                 0.998    0.000    1.000      0.998    0.999      0.998    0.999     0.999     FALSE
                 ?        0.000    ?          ?        ?          ?        ?         ?         UNKNOWN
Weighted Avg.    0.999    0.001    0.999      0.999    0.999      0.998    0.999     0.999     


=== Confusion Matrix ===

   a   b   c   <-- classified as
 408   0   0 |   a = TRUE
   1 608   0 |   b = FALSE
   0   0   0 |   c = UNKNOWN

Time taken to perform cross-validation: 0.03 seconds


=== Stratified cross-validation ===

Correctly Classified Instances        1016               99.9017 %
Incorrectly Classified Instances         1                0.0983 %
Kappa statistic                          0.998 
K&B Relative Info Score                 99.6467 %
K&B Information Score                  986.2624 bits      0.9698 bits/instance
Class complexity | order 0             989.7588 bits      0.9732 bits/instance
Class complexity | scheme             1075.4399 bits      1.0575 bits/instance
Complexity improvement     (Sf)        -85.681  bits     -0.0842 bits/instance
Mean absolute error                      0.0013
Root mean squared error                  0.0256
Relative absolute error                  0.4081 %
Root relative squared error              6.4063 %
Total Number of Instances             1017     


=== Detailed Accuracy By Class ===

                 TP Rate  FP Rate  Precision  Recall   F-Measure  MCC      ROC Area  PRC Area  Class
                 1.000    0.002    0.998      1.000    0.999      0.998    0.998     0.994     TRUE
                 0.998    0.000    1.000      0.998    0.999      0.998    0.998     0.999     FALSE
                 ?        0.000    ?          ?        ?          ?        ?         ?         UNKNOWN
Weighted Avg.    0.999    0.001    0.999      0.999    0.999      0.998    0.998     0.997     


=== Confusion Matrix ===

   a   b   c   <-- classified as
 408   0   0 |   a = TRUE
   1 608   0 |   b = FALSE
   0   0   0 |   c = UNKNOWN

