WARNING: core mtj jar files are not available as resources to this classloader (jdk.internal.loader.ClassLoaders$AppClassLoader@5c29bfd)

=== Classifier model (full training set) ===

J48 pruned tree
------------------

NUM3 <= 1.995889
|   NUM2 <= -3.563872: TRUE (194.0)
|   NUM2 > -3.563872: FALSE (432.0)
NUM3 > 1.995889: TRUE (376.0)

Number of Leaves  : 	3

Size of the tree : 	5


Time taken to build model: 0.02 seconds

Time taken to test model on training data: 0.01 seconds

=== Error on training data ===

Correctly Classified Instances        1002              100      %
Incorrectly Classified Instances         0                0      %
Kappa statistic                          1     
K&B Relative Info Score                100      %
K&B Information Score                  989.6856 bits      0.9877 bits/instance
Class complexity | order 0             989.6856 bits      0.9877 bits/instance
Class complexity | scheme                0      bits      0      bits/instance
Complexity improvement     (Sf)        989.6856 bits      0.9877 bits/instance
Mean absolute error                      0     
Root mean squared error                  0     
Relative absolute error                  0      %
Root relative squared error              0      %
Total Number of Instances             1002     


=== Detailed Accuracy By Class ===

                 TP Rate  FP Rate  Precision  Recall   F-Measure  MCC      ROC Area  PRC Area  Class
                 1.000    0.000    1.000      1.000    1.000      1.000    1.000     1.000     TRUE
                 1.000    0.000    1.000      1.000    1.000      1.000    1.000     1.000     FALSE
                 ?        0.000    ?          ?        ?          ?        ?         ?         UNKNOWN
Weighted Avg.    1.000    0.000    1.000      1.000    1.000      1.000    1.000     1.000     


=== Confusion Matrix ===

   a   b   c   <-- classified as
 570   0   0 |   a = TRUE
   0 432   0 |   b = FALSE
   0   0   0 |   c = UNKNOWN

Time taken to perform cross-validation: 0.03 seconds


=== Stratified cross-validation ===

Correctly Classified Instances        1001               99.9002 %
Incorrectly Classified Instances         1                0.0998 %
Kappa statistic                          0.998 
K&B Relative Info Score                 99.7952 %
K&B Information Score                  987.8217 bits      0.9858 bits/instance
Class complexity | order 0             989.8486 bits      0.9879 bits/instance
Class complexity | scheme             1074      bits      1.0719 bits/instance
Complexity improvement     (Sf)        -84.1514 bits     -0.084  bits/instance
Mean absolute error                      0.0007
Root mean squared error                  0.0258
Relative absolute error                  0.2032 %
Root relative squared error              6.379  %
Total Number of Instances             1002     


=== Detailed Accuracy By Class ===

                 TP Rate  FP Rate  Precision  Recall   F-Measure  MCC      ROC Area  PRC Area  Class
                 0.998    0.000    1.000      0.998    0.999      0.998    0.999     0.999     TRUE
                 1.000    0.002    0.998      1.000    0.999      0.998    0.999     0.998     FALSE
                 ?        0.000    ?          ?        ?          ?        ?         ?         UNKNOWN
Weighted Avg.    0.999    0.001    0.999      0.999    0.999      0.998    0.999     0.999     


=== Confusion Matrix ===

   a   b   c   <-- classified as
 569   1   0 |   a = TRUE
   0 432   0 |   b = FALSE
   0   0   0 |   c = UNKNOWN

