WARNING: core mtj jar files are not available as resources to this classloader (jdk.internal.loader.ClassLoaders$AppClassLoader@5c29bfd)

=== Classifier model (full training set) ===

J48 pruned tree
------------------

NUM3 <= 1.995889: FALSE (110.0)
NUM3 > 1.995889: TRUE (142.0)

Number of Leaves  : 	2

Size of the tree : 	3


Time taken to build model: 0.02 seconds

Time taken to test model on training data: 0 seconds

=== Error on training data ===

Correctly Classified Instances         252              100      %
Incorrectly Classified Instances         0                0      %
Kappa statistic                          1     
K&B Relative Info Score                100      %
K&B Information Score                  250.4896 bits      0.994  bits/instance
Class complexity | order 0             250.4896 bits      0.994  bits/instance
Class complexity | scheme                0      bits      0      bits/instance
Complexity improvement     (Sf)        250.4896 bits      0.994  bits/instance
Mean absolute error                      0     
Root mean squared error                  0     
Relative absolute error                  0      %
Root relative squared error              0      %
Total Number of Instances              252     


=== Detailed Accuracy By Class ===

                 TP Rate  FP Rate  Precision  Recall   F-Measure  MCC      ROC Area  PRC Area  Class
                 1.000    0.000    1.000      1.000    1.000      1.000    1.000     1.000     TRUE
                 1.000    0.000    1.000      1.000    1.000      1.000    1.000     1.000     FALSE
                 ?        0.000    ?          ?        ?          ?        ?         ?         UNKNOWN
Weighted Avg.    1.000    0.000    1.000      1.000    1.000      1.000    1.000     1.000     


=== Confusion Matrix ===

   a   b   c   <-- classified as
 142   0   0 |   a = TRUE
   0 110   0 |   b = FALSE
   0   0   0 |   c = UNKNOWN

Time taken to perform cross-validation: 0.01 seconds


=== Stratified cross-validation ===

Correctly Classified Instances         251               99.6032 %
Incorrectly Classified Instances         1                0.3968 %
Kappa statistic                          0.9919
K&B Relative Info Score                 99.1928 %
K&B Information Score                  248.6316 bits      0.9866 bits/instance
Class complexity | order 0             250.655  bits      0.9947 bits/instance
Class complexity | scheme             1074      bits      4.2619 bits/instance
Complexity improvement     (Sf)       -823.345  bits     -3.2672 bits/instance
Mean absolute error                      0.0026
Root mean squared error                  0.0514
Relative absolute error                  0.8029 %
Root relative squared error             12.701  %
Total Number of Instances              252     


=== Detailed Accuracy By Class ===

                 TP Rate  FP Rate  Precision  Recall   F-Measure  MCC      ROC Area  PRC Area  Class
                 1.000    0.009    0.993      1.000    0.996      0.992    0.995     0.993     TRUE
                 0.991    0.000    1.000      0.991    0.995      0.992    0.995     0.995     FALSE
                 ?        0.000    ?          ?        ?          ?        ?         ?         UNKNOWN
Weighted Avg.    0.996    0.005    0.996      0.996    0.996      0.992    0.995     0.994     


=== Confusion Matrix ===

   a   b   c   <-- classified as
 142   0   0 |   a = TRUE
   1 109   0 |   b = FALSE
   0   0   0 |   c = UNKNOWN

