WARNING: core mtj jar files are not available as resources to this classloader (jdk.internal.loader.ClassLoaders$AppClassLoader@5c29bfd)

=== Classifier model (full training set) ===

J48 pruned tree
------------------

NUM3 <= 1.964818: FALSE (43.0)
NUM3 > 1.964818: TRUE (59.0)

Number of Leaves  : 	2

Size of the tree : 	3


Time taken to build model: 0.01 seconds

Time taken to test model on training data: 0 seconds

=== Error on training data ===

Correctly Classified Instances         102              100      %
Incorrectly Classified Instances         0                0      %
Kappa statistic                          1     
K&B Relative Info Score                100      %
K&B Information Score                  101.5909 bits      0.996  bits/instance
Class complexity | order 0             101.5909 bits      0.996  bits/instance
Class complexity | scheme                0      bits      0      bits/instance
Complexity improvement     (Sf)        101.5909 bits      0.996  bits/instance
Mean absolute error                      0     
Root mean squared error                  0     
Relative absolute error                  0      %
Root relative squared error              0      %
Total Number of Instances              102     


=== Detailed Accuracy By Class ===

                 TP Rate  FP Rate  Precision  Recall   F-Measure  MCC      ROC Area  PRC Area  Class
                 1.000    0.000    1.000      1.000    1.000      1.000    1.000     1.000     TRUE
                 1.000    0.000    1.000      1.000    1.000      1.000    1.000     1.000     FALSE
                 ?        0.000    ?          ?        ?          ?        ?         ?         UNKNOWN
Weighted Avg.    1.000    0.000    1.000      1.000    1.000      1.000    1.000     1.000     


=== Confusion Matrix ===

  a  b  c   <-- classified as
 59  0  0 |  a = TRUE
  0 43  0 |  b = FALSE
  0  0  0 |  c = UNKNOWN

Time taken to perform cross-validation: 0.01 seconds


=== Stratified cross-validation ===

Correctly Classified Instances         100               98.0392 %
Incorrectly Classified Instances         2                1.9608 %
Kappa statistic                          0.9595
K&B Relative Info Score                 96.0001 %
K&B Information Score                   97.7508 bits      0.9583 bits/instance
Class complexity | order 0             101.8237 bits      0.9983 bits/instance
Class complexity | scheme             2148      bits     21.0588 bits/instance
Complexity improvement     (Sf)      -2046.1763 bits    -20.0606 bits/instance
Mean absolute error                      0.0131
Root mean squared error                  0.1143
Relative absolute error                  3.9724 %
Root relative squared error             28.3362 %
Total Number of Instances              102     


=== Detailed Accuracy By Class ===

                 TP Rate  FP Rate  Precision  Recall   F-Measure  MCC      ROC Area  PRC Area  Class
                 1.000    0.047    0.967      1.000    0.983      0.960    0.977     0.967     TRUE
                 0.953    0.000    1.000      0.953    0.976      0.960    0.977     0.973     FALSE
                 ?        0.000    ?          ?        ?          ?        ?         ?         UNKNOWN
Weighted Avg.    0.980    0.027    0.981      0.980    0.980      0.960    0.977     0.970     


=== Confusion Matrix ===

  a  b  c   <-- classified as
 59  0  0 |  a = TRUE
  2 41  0 |  b = FALSE
  0  0  0 |  c = UNKNOWN

