WARNING: core mtj jar files are not available as resources to this classloader (jdk.internal.loader.ClassLoaders$AppClassLoader@5c29bfd)

=== Classifier model (full training set) ===

J48 pruned tree
------------------

NUM1 <= 13
|   NUM2 <= 7.13541: TRUE (27.0)
|   NUM2 > 7.13541: FALSE (2.0)
NUM1 > 13
|   NUM2 <= 6.169023
|   |   NUM1 <= 16: TRUE (3.0)
|   |   NUM1 > 16: FALSE (3.0)
|   NUM2 > 6.169023: FALSE (40.0)

Number of Leaves  : 	5

Size of the tree : 	9


Time taken to build model: 0.01 seconds

Time taken to test model on training data: 0 seconds

=== Error on training data ===

Correctly Classified Instances          75              100      %
Incorrectly Classified Instances         0                0      %
Kappa statistic                          1     
K&B Relative Info Score                100      %
K&B Information Score                   74.219  bits      0.9896 bits/instance
Class complexity | order 0              74.219  bits      0.9896 bits/instance
Class complexity | scheme                0      bits      0      bits/instance
Complexity improvement     (Sf)         74.219  bits      0.9896 bits/instance
Mean absolute error                      0     
Root mean squared error                  0     
Relative absolute error                  0      %
Root relative squared error              0      %
Total Number of Instances               75     


=== Detailed Accuracy By Class ===

                 TP Rate  FP Rate  Precision  Recall   F-Measure  MCC      ROC Area  PRC Area  Class
                 1.000    0.000    1.000      1.000    1.000      1.000    1.000     1.000     TRUE
                 1.000    0.000    1.000      1.000    1.000      1.000    1.000     1.000     FALSE
                 ?        0.000    ?          ?        ?          ?        ?         ?         UNKNOWN
Weighted Avg.    1.000    0.000    1.000      1.000    1.000      1.000    1.000     1.000     


=== Confusion Matrix ===

  a  b  c   <-- classified as
 30  0  0 |  a = TRUE
  0 45  0 |  b = FALSE
  0  0  0 |  c = UNKNOWN

Time taken to perform cross-validation: 0.01 seconds


=== Stratified cross-validation ===

Correctly Classified Instances          72               96      %
Incorrectly Classified Instances         3                4      %
Kappa statistic                          0.9171
K&B Relative Info Score                 91.3519 %
K&B Information Score                   67.9719 bits      0.9063 bits/instance
Class complexity | order 0              74.4067 bits      0.9921 bits/instance
Class complexity | scheme               15.036  bits      0.2005 bits/instance
Complexity improvement     (Sf)         59.3707 bits      0.7916 bits/instance
Mean absolute error                      0.0284
Root mean squared error                  0.1579
Relative absolute error                  8.7335 %
Root relative squared error             39.4467 %
Total Number of Instances               75     


=== Detailed Accuracy By Class ===

                 TP Rate  FP Rate  Precision  Recall   F-Measure  MCC      ROC Area  PRC Area  Class
                 0.967    0.044    0.935      0.967    0.951      0.917    0.993     0.986     TRUE
                 0.956    0.033    0.977      0.956    0.966      0.917    0.993     0.994     FALSE
                 ?        0.000    ?          ?        ?          ?        ?         ?         UNKNOWN
Weighted Avg.    0.960    0.038    0.961      0.960    0.960      0.917    0.993     0.990     


=== Confusion Matrix ===

  a  b  c   <-- classified as
 29  1  0 |  a = TRUE
  2 43  0 |  b = FALSE
  0  0  0 |  c = UNKNOWN

