WARNING: core mtj jar files are not available as resources to this classloader (jdk.internal.loader.ClassLoaders$AppClassLoader@5c29bfd)

=== Classifier model (full training set) ===

J48 pruned tree
------------------

QUANTIFIERS1 = ForAll: FALSE (628.0)
QUANTIFIERS1 = Exists: TRUE (416.0/1.0)

Number of Leaves  : 	2

Size of the tree : 	3


Time taken to build model: 0.02 seconds

Time taken to test model on training data: 0.01 seconds

=== Error on training data ===

Correctly Classified Instances        1043               99.9042 %
Incorrectly Classified Instances         1                0.0958 %
Kappa statistic                          0.998 
K&B Relative Info Score                 99.6548 %
K&B Information Score                 1010.0729 bits      0.9675 bits/instance
Class complexity | order 0            1013.5714 bits      0.9709 bits/instance
Class complexity | scheme               10.1414 bits      0.0097 bits/instance
Complexity improvement     (Sf)       1003.43   bits      0.9611 bits/instance
Mean absolute error                      0.0013
Root mean squared error                  0.0252
Relative absolute error                  0.3985 %
Root relative squared error              6.3165 %
Total Number of Instances             1044     


=== Detailed Accuracy By Class ===

                 TP Rate  FP Rate  Precision  Recall   F-Measure  MCC      ROC Area  PRC Area  Class
                 1.000    0.002    0.998      1.000    0.999      0.998    0.999     0.998     TRUE
                 0.998    0.000    1.000      0.998    0.999      0.998    0.999     0.999     FALSE
                 ?        0.000    ?          ?        ?          ?        ?         ?         UNKNOWN
Weighted Avg.    0.999    0.001    0.999      0.999    0.999      0.998    0.999     0.999     


=== Confusion Matrix ===

   a   b   c   <-- classified as
 415   0   0 |   a = TRUE
   1 628   0 |   b = FALSE
   0   0   0 |   c = UNKNOWN

Time taken to perform cross-validation: 0.03 seconds


=== Stratified cross-validation ===

Correctly Classified Instances        1043               99.9042 %
Incorrectly Classified Instances         1                0.0958 %
Kappa statistic                          0.998 
K&B Relative Info Score                 99.6544 %
K&B Information Score                 1010.2363 bits      0.9677 bits/instance
Class complexity | order 0            1013.7396 bits      0.971  bits/instance
Class complexity | scheme             1075.4429 bits      1.0301 bits/instance
Complexity improvement     (Sf)        -61.7033 bits     -0.0591 bits/instance
Mean absolute error                      0.0013
Root mean squared error                  0.0253
Relative absolute error                  0.3992 %
Root relative squared error              6.3325 %
Total Number of Instances             1044     


=== Detailed Accuracy By Class ===

                 TP Rate  FP Rate  Precision  Recall   F-Measure  MCC      ROC Area  PRC Area  Class
                 1.000    0.002    0.998      1.000    0.999      0.998    0.998     0.995     TRUE
                 0.998    0.000    1.000      0.998    0.999      0.998    0.998     0.999     FALSE
                 ?        0.000    ?          ?        ?          ?        ?         ?         UNKNOWN
Weighted Avg.    0.999    0.001    0.999      0.999    0.999      0.998    0.998     0.997     


=== Confusion Matrix ===

   a   b   c   <-- classified as
 415   0   0 |   a = TRUE
   1 628   0 |   b = FALSE
   0   0   0 |   c = UNKNOWN

