WARNING: core mtj jar files are not available as resources to this classloader (jdk.internal.loader.ClassLoaders$AppClassLoader@5c29bfd)

=== Classifier model (full training set) ===

J48 pruned tree
------------------

NUM3 <= 2.795534: TRUE (87.0)
NUM3 > 2.795534: FALSE (114.0)

Number of Leaves  : 	2

Size of the tree : 	3


Time taken to build model: 0.01 seconds

Time taken to test model on training data: 0 seconds

=== Error on training data ===

Correctly Classified Instances         201              100      %
Incorrectly Classified Instances         0                0      %
Kappa statistic                          1     
K&B Relative Info Score                100      %
K&B Information Score                  199.8011 bits      0.994  bits/instance
Class complexity | order 0             199.8011 bits      0.994  bits/instance
Class complexity | scheme                0      bits      0      bits/instance
Complexity improvement     (Sf)        199.8011 bits      0.994  bits/instance
Mean absolute error                      0     
Root mean squared error                  0     
Relative absolute error                  0      %
Root relative squared error              0      %
Total Number of Instances              201     


=== Detailed Accuracy By Class ===

                 TP Rate  FP Rate  Precision  Recall   F-Measure  MCC      ROC Area  PRC Area  Class
                 1.000    0.000    1.000      1.000    1.000      1.000    1.000     1.000     TRUE
                 1.000    0.000    1.000      1.000    1.000      1.000    1.000     1.000     FALSE
                 ?        0.000    ?          ?        ?          ?        ?         ?         UNKNOWN
Weighted Avg.    1.000    0.000    1.000      1.000    1.000      1.000    1.000     1.000     


=== Confusion Matrix ===

   a   b   c   <-- classified as
  87   0   0 |   a = TRUE
   0 114   0 |   b = FALSE
   0   0   0 |   c = UNKNOWN

Time taken to perform cross-validation: 0.01 seconds


=== Stratified cross-validation ===

Correctly Classified Instances         200               99.5025 %
Incorrectly Classified Instances         1                0.4975 %
Kappa statistic                          0.9899
K&B Relative Info Score                 98.9856 %
K&B Information Score                  197.9962 bits      0.9851 bits/instance
Class complexity | order 0             200.0253 bits      0.9952 bits/instance
Class complexity | scheme             1074      bits      5.3433 bits/instance
Complexity improvement     (Sf)       -873.9747 bits     -4.3481 bits/instance
Mean absolute error                      0.0033
Root mean squared error                  0.0576
Relative absolute error                  1.0072 %
Root relative squared error             14.2319 %
Total Number of Instances              201     


=== Detailed Accuracy By Class ===

                 TP Rate  FP Rate  Precision  Recall   F-Measure  MCC      ROC Area  PRC Area  Class
                 0.989    0.000    1.000      0.989    0.994      0.990    0.994     0.993     TRUE
                 1.000    0.011    0.991      1.000    0.996      0.990    0.994     0.991     FALSE
                 ?        0.000    ?          ?        ?          ?        ?         ?         UNKNOWN
Weighted Avg.    0.995    0.007    0.995      0.995    0.995      0.990    0.994     0.992     


=== Confusion Matrix ===

   a   b   c   <-- classified as
  86   1   0 |   a = TRUE
   0 114   0 |   b = FALSE
   0   0   0 |   c = UNKNOWN

