WARNING: core mtj jar files are not available as resources to this classloader (jdk.internal.loader.ClassLoaders$AppClassLoader@5c29bfd)

=== Classifier model (full training set) ===

J48 pruned tree
------------------

NUM3 <= 2.795534: TRUE (68.0)
NUM3 > 2.795534: FALSE (91.0)

Number of Leaves  : 	2

Size of the tree : 	3


Time taken to build model: 0.01 seconds

Time taken to test model on training data: 0 seconds

=== Error on training data ===

Correctly Classified Instances         159              100      %
Incorrectly Classified Instances         0                0      %
Kappa statistic                          1     
K&B Relative Info Score                100      %
K&B Information Score                  158.0123 bits      0.9938 bits/instance
Class complexity | order 0             158.0123 bits      0.9938 bits/instance
Class complexity | scheme                0      bits      0      bits/instance
Complexity improvement     (Sf)        158.0123 bits      0.9938 bits/instance
Mean absolute error                      0     
Root mean squared error                  0     
Relative absolute error                  0      %
Root relative squared error              0      %
Total Number of Instances              159     


=== Detailed Accuracy By Class ===

                 TP Rate  FP Rate  Precision  Recall   F-Measure  MCC      ROC Area  PRC Area  Class
                 1.000    0.000    1.000      1.000    1.000      1.000    1.000     1.000     TRUE
                 1.000    0.000    1.000      1.000    1.000      1.000    1.000     1.000     FALSE
                 ?        0.000    ?          ?        ?          ?        ?         ?         UNKNOWN
Weighted Avg.    1.000    0.000    1.000      1.000    1.000      1.000    1.000     1.000     


=== Confusion Matrix ===

  a  b  c   <-- classified as
 68  0  0 |  a = TRUE
  0 91  0 |  b = FALSE
  0  0  0 |  c = UNKNOWN

Time taken to perform cross-validation: 0.01 seconds


=== Stratified cross-validation ===

Correctly Classified Instances         158               99.3711 %
Incorrectly Classified Instances         1                0.6289 %
Kappa statistic                          0.9871
K&B Relative Info Score                 98.7149 %
K&B Information Score                  156.1806 bits      0.9823 bits/instance
Class complexity | order 0             158.2138 bits      0.9951 bits/instance
Class complexity | scheme             1074      bits      6.7547 bits/instance
Complexity improvement     (Sf)       -915.7862 bits     -5.7597 bits/instance
Mean absolute error                      0.0042
Root mean squared error                  0.0648
Relative absolute error                  1.275  %
Root relative squared error             16.0252 %
Total Number of Instances              159     


=== Detailed Accuracy By Class ===

                 TP Rate  FP Rate  Precision  Recall   F-Measure  MCC      ROC Area  PRC Area  Class
                 0.985    0.000    1.000      0.985    0.993      0.987    0.993     0.992     TRUE
                 1.000    0.015    0.989      1.000    0.995      0.987    0.993     0.989     FALSE
                 ?        0.000    ?          ?        ?          ?        ?         ?         UNKNOWN
Weighted Avg.    0.994    0.008    0.994      0.994    0.994      0.987    0.993     0.990     


=== Confusion Matrix ===

  a  b  c   <-- classified as
 67  1  0 |  a = TRUE
  0 91  0 |  b = FALSE
  0  0  0 |  c = UNKNOWN

