WARNING: core mtj jar files are not available as resources to this classloader (jdk.internal.loader.ClassLoaders$AppClassLoader@5c29bfd)

=== Classifier model (full training set) ===

J48 pruned tree
------------------

NUM3 <= 2.795534: TRUE (50.0)
NUM3 > 2.795534: FALSE (70.0)

Number of Leaves  : 	2

Size of the tree : 	3


Time taken to build model: 0.01 seconds

Time taken to test model on training data: 0 seconds

=== Error on training data ===

Correctly Classified Instances         120              100      %
Incorrectly Classified Instances         0                0      %
Kappa statistic                          1     
K&B Relative Info Score                100      %
K&B Information Score                  118.9982 bits      0.9917 bits/instance
Class complexity | order 0             118.9982 bits      0.9917 bits/instance
Class complexity | scheme                0      bits      0      bits/instance
Complexity improvement     (Sf)        118.9982 bits      0.9917 bits/instance
Mean absolute error                      0     
Root mean squared error                  0     
Relative absolute error                  0      %
Root relative squared error              0      %
Total Number of Instances              120     


=== Detailed Accuracy By Class ===

                 TP Rate  FP Rate  Precision  Recall   F-Measure  MCC      ROC Area  PRC Area  Class
                 1.000    0.000    1.000      1.000    1.000      1.000    1.000     1.000     TRUE
                 1.000    0.000    1.000      1.000    1.000      1.000    1.000     1.000     FALSE
                 ?        0.000    ?          ?        ?          ?        ?         ?         UNKNOWN
Weighted Avg.    1.000    0.000    1.000      1.000    1.000      1.000    1.000     1.000     


=== Confusion Matrix ===

  a  b  c   <-- classified as
 50  0  0 |  a = TRUE
  0 70  0 |  b = FALSE
  0  0  0 |  c = UNKNOWN

Time taken to perform cross-validation: 0.01 seconds


=== Stratified cross-validation ===

Correctly Classified Instances         119               99.1667 %
Incorrectly Classified Instances         1                0.8333 %
Kappa statistic                          0.9828
K&B Relative Info Score                 98.2855 %
K&B Information Score                  117.1089 bits      0.9759 bits/instance
Class complexity | order 0             119.1518 bits      0.9929 bits/instance
Class complexity | scheme             1074      bits      8.95   bits/instance
Complexity improvement     (Sf)       -954.8482 bits     -7.9571 bits/instance
Mean absolute error                      0.0056
Root mean squared error                  0.0745
Relative absolute error                  1.6972 %
Root relative squared error             18.5139 %
Total Number of Instances              120     


=== Detailed Accuracy By Class ===

                 TP Rate  FP Rate  Precision  Recall   F-Measure  MCC      ROC Area  PRC Area  Class
                 0.980    0.000    1.000      0.980    0.990      0.983    0.990     0.988     TRUE
                 1.000    0.020    0.986      1.000    0.993      0.983    0.990     0.986     FALSE
                 ?        0.000    ?          ?        ?          ?        ?         ?         UNKNOWN
Weighted Avg.    0.992    0.012    0.992      0.992    0.992      0.983    0.990     0.987     


=== Confusion Matrix ===

  a  b  c   <-- classified as
 49  1  0 |  a = TRUE
  0 70  0 |  b = FALSE
  0  0  0 |  c = UNKNOWN

