WARNING: core mtj jar files are not available as resources to this classloader (jdk.internal.loader.ClassLoaders$AppClassLoader@5c29bfd)

=== Classifier model (full training set) ===

J48 pruned tree
------------------

NUM3 <= 2.790399: TRUE (32.0)
NUM3 > 2.790399: FALSE (49.0)

Number of Leaves  : 	2

Size of the tree : 	3


Time taken to build model: 0.01 seconds

Time taken to test model on training data: 0 seconds

=== Error on training data ===

Correctly Classified Instances          81              100      %
Incorrectly Classified Instances         0                0      %
Kappa statistic                          1     
K&B Relative Info Score                100      %
K&B Information Score                   79.8081 bits      0.9853 bits/instance
Class complexity | order 0              79.8081 bits      0.9853 bits/instance
Class complexity | scheme                0      bits      0      bits/instance
Complexity improvement     (Sf)         79.8081 bits      0.9853 bits/instance
Mean absolute error                      0     
Root mean squared error                  0     
Relative absolute error                  0      %
Root relative squared error              0      %
Total Number of Instances               81     


=== Detailed Accuracy By Class ===

                 TP Rate  FP Rate  Precision  Recall   F-Measure  MCC      ROC Area  PRC Area  Class
                 1.000    0.000    1.000      1.000    1.000      1.000    1.000     1.000     TRUE
                 1.000    0.000    1.000      1.000    1.000      1.000    1.000     1.000     FALSE
                 ?        0.000    ?          ?        ?          ?        ?         ?         UNKNOWN
Weighted Avg.    1.000    0.000    1.000      1.000    1.000      1.000    1.000     1.000     


=== Confusion Matrix ===

  a  b  c   <-- classified as
 32  0  0 |  a = TRUE
  0 49  0 |  b = FALSE
  0  0  0 |  c = UNKNOWN

Time taken to perform cross-validation: 0.01 seconds


=== Stratified cross-validation ===

Correctly Classified Instances          80               98.7654 %
Incorrectly Classified Instances         1                1.2346 %
Kappa statistic                          0.974 
K&B Relative Info Score                 97.42   %
K&B Information Score                   77.9879 bits      0.9628 bits/instance
Class complexity | order 0              80.0533 bits      0.9883 bits/instance
Class complexity | scheme             1074      bits     13.2593 bits/instance
Complexity improvement     (Sf)       -993.9467 bits    -12.2709 bits/instance
Mean absolute error                      0.0082
Root mean squared error                  0.0907
Relative absolute error                  2.5414 %
Root relative squared error             22.7034 %
Total Number of Instances               81     


=== Detailed Accuracy By Class ===

                 TP Rate  FP Rate  Precision  Recall   F-Measure  MCC      ROC Area  PRC Area  Class
                 0.969    0.000    1.000      0.969    0.984      0.974    0.984     0.981     TRUE
                 1.000    0.031    0.980      1.000    0.990      0.974    0.984     0.980     FALSE
                 ?        0.000    ?          ?        ?          ?        ?         ?         UNKNOWN
Weighted Avg.    0.988    0.019    0.988      0.988    0.988      0.974    0.984     0.980     


=== Confusion Matrix ===

  a  b  c   <-- classified as
 31  1  0 |  a = TRUE
  0 49  0 |  b = FALSE
  0  0  0 |  c = UNKNOWN

