WARNING: core mtj jar files are not available as resources to this classloader (jdk.internal.loader.ClassLoaders$AppClassLoader@5c29bfd)

=== Classifier model (full training set) ===

J48 pruned tree
------------------

NUM3 <= 2.352613: TRUE (58.0)
NUM3 > 2.352613
|   NUM0 <= 5329971
|   |   NUM1 <= 5185472.513511: TRUE (29.0)
|   |   NUM1 > 5185472.513511: FALSE (145.0)
|   NUM0 > 5329971: TRUE (29.0)

Number of Leaves  : 	4

Size of the tree : 	7


Time taken to build model: 0.02 seconds

Time taken to test model on training data: 0 seconds

=== Error on training data ===

Correctly Classified Instances         261              100      %
Incorrectly Classified Instances         0                0      %
Kappa statistic                          1     
K&B Relative Info Score                100      %
K&B Information Score                  260.1    bits      0.9966 bits/instance
Class complexity | order 0             260.1    bits      0.9966 bits/instance
Class complexity | scheme                0      bits      0      bits/instance
Complexity improvement     (Sf)        260.1    bits      0.9966 bits/instance
Mean absolute error                      0     
Root mean squared error                  0     
Relative absolute error                  0      %
Root relative squared error              0      %
Total Number of Instances              261     


=== Detailed Accuracy By Class ===

                 TP Rate  FP Rate  Precision  Recall   F-Measure  MCC      ROC Area  PRC Area  Class
                 1.000    0.000    1.000      1.000    1.000      1.000    1.000     1.000     TRUE
                 1.000    0.000    1.000      1.000    1.000      1.000    1.000     1.000     FALSE
                 ?        0.000    ?          ?        ?          ?        ?         ?         UNKNOWN
Weighted Avg.    1.000    0.000    1.000      1.000    1.000      1.000    1.000     1.000     


=== Confusion Matrix ===

   a   b   c   <-- classified as
 116   0   0 |   a = TRUE
   0 145   0 |   b = FALSE
   0   0   0 |   c = UNKNOWN

Time taken to perform cross-validation: 0.02 seconds


=== Stratified cross-validation ===

Correctly Classified Instances         257               98.4674 %
Incorrectly Classified Instances         4                1.5326 %
Kappa statistic                          0.9689
K&B Relative Info Score                 96.899  %
K&B Information Score                  252.2427 bits      0.9664 bits/instance
Class complexity | order 0             260.3149 bits      0.9974 bits/instance
Class complexity | scheme             4296      bits     16.4598 bits/instance
Complexity improvement     (Sf)      -4035.6851 bits    -15.4624 bits/instance
Mean absolute error                      0.0102
Root mean squared error                  0.1011
Relative absolute error                  3.0894 %
Root relative squared error             24.9091 %
Total Number of Instances              261     


=== Detailed Accuracy By Class ===

                 TP Rate  FP Rate  Precision  Recall   F-Measure  MCC      ROC Area  PRC Area  Class
                 0.974    0.007    0.991      0.974    0.983      0.969    0.984     0.977     TRUE
                 0.993    0.026    0.980      0.993    0.986      0.969    0.984     0.977     FALSE
                 ?        0.000    ?          ?        ?          ?        ?         ?         UNKNOWN
Weighted Avg.    0.985    0.017    0.985      0.985    0.985      0.969    0.984     0.977     


=== Confusion Matrix ===

   a   b   c   <-- classified as
 113   3   0 |   a = TRUE
   1 144   0 |   b = FALSE
   0   0   0 |   c = UNKNOWN

