WARNING: core mtj jar files are not available as resources to this classloader (jdk.internal.loader.ClassLoaders$AppClassLoader@5c29bfd)

=== Classifier model (full training set) ===

J48 pruned tree
------------------

NUM3 <= 2.783805: TRUE (126.0)
NUM3 > 2.783805
|   NUM1 <= 5185472.513511: TRUE (68.0)
|   NUM1 > 5185472.513511
|   |   NUM0 <= 5347435: FALSE (284.0)
|   |   NUM0 > 5347435: TRUE (44.0)

Number of Leaves  : 	4

Size of the tree : 	7


Time taken to build model: 0.02 seconds

Time taken to test model on training data: 0 seconds

=== Error on training data ===

Correctly Classified Instances         522              100      %
Incorrectly Classified Instances         0                0      %
Kappa statistic                          1     
K&B Relative Info Score                100      %
K&B Information Score                  520.508  bits      0.9971 bits/instance
Class complexity | order 0             520.508  bits      0.9971 bits/instance
Class complexity | scheme                0      bits      0      bits/instance
Complexity improvement     (Sf)        520.508  bits      0.9971 bits/instance
Mean absolute error                      0     
Root mean squared error                  0     
Relative absolute error                  0      %
Root relative squared error              0      %
Total Number of Instances              522     


=== Detailed Accuracy By Class ===

                 TP Rate  FP Rate  Precision  Recall   F-Measure  MCC      ROC Area  PRC Area  Class
                 1.000    0.000    1.000      1.000    1.000      1.000    1.000     1.000     TRUE
                 1.000    0.000    1.000      1.000    1.000      1.000    1.000     1.000     FALSE
                 ?        0.000    ?          ?        ?          ?        ?         ?         UNKNOWN
Weighted Avg.    1.000    0.000    1.000      1.000    1.000      1.000    1.000     1.000     


=== Confusion Matrix ===

   a   b   c   <-- classified as
 238   0   0 |   a = TRUE
   0 284   0 |   b = FALSE
   0   0   0 |   c = UNKNOWN

Time taken to perform cross-validation: 0.03 seconds


=== Stratified cross-validation ===

Correctly Classified Instances         518               99.2337 %
Incorrectly Classified Instances         4                0.7663 %
Kappa statistic                          0.9845
K&B Relative Info Score                 98.4546 %
K&B Information Score                  512.6402 bits      0.9821 bits/instance
Class complexity | order 0             520.6871 bits      0.9975 bits/instance
Class complexity | scheme             4296      bits      8.2299 bits/instance
Complexity improvement     (Sf)      -3775.3129 bits     -7.2324 bits/instance
Mean absolute error                      0.0051
Root mean squared error                  0.0715
Relative absolute error                  1.5412 %
Root relative squared error             17.5753 %
Total Number of Instances              522     


=== Detailed Accuracy By Class ===

                 TP Rate  FP Rate  Precision  Recall   F-Measure  MCC      ROC Area  PRC Area  Class
                 0.983    0.000    1.000      0.983    0.992      0.985    0.992     0.991     TRUE
                 1.000    0.017    0.986      1.000    0.993      0.985    0.992     0.986     FALSE
                 ?        0.000    ?          ?        ?          ?        ?         ?         UNKNOWN
Weighted Avg.    0.992    0.009    0.992      0.992    0.992      0.985    0.992     0.988     


=== Confusion Matrix ===

   a   b   c   <-- classified as
 234   4   0 |   a = TRUE
   0 284   0 |   b = FALSE
   0   0   0 |   c = UNKNOWN

