WARNING: core mtj jar files are not available as resources to this classloader (jdk.internal.loader.ClassLoaders$AppClassLoader@5c29bfd)

=== Classifier model (full training set) ===

J48 pruned tree
------------------

NUM3 <= 2.783805: TRUE (95.0)
NUM3 > 2.783805
|   NUM1 <= 5185472.513511: TRUE (48.0)
|   NUM1 > 5185472.513511
|   |   NUM0 <= 5329971: FALSE (215.0)
|   |   NUM0 > 5329971: TRUE (35.0)

Number of Leaves  : 	4

Size of the tree : 	7


Time taken to build model: 0.02 seconds

Time taken to test model on training data: 0.01 seconds

=== Error on training data ===

Correctly Classified Instances         393              100      %
Incorrectly Classified Instances         0                0      %
Kappa statistic                          1     
K&B Relative Info Score                100      %
K&B Information Score                  391.9171 bits      0.9972 bits/instance
Class complexity | order 0             391.9171 bits      0.9972 bits/instance
Class complexity | scheme                0      bits      0      bits/instance
Complexity improvement     (Sf)        391.9171 bits      0.9972 bits/instance
Mean absolute error                      0     
Root mean squared error                  0     
Relative absolute error                  0      %
Root relative squared error              0      %
Total Number of Instances              393     


=== Detailed Accuracy By Class ===

                 TP Rate  FP Rate  Precision  Recall   F-Measure  MCC      ROC Area  PRC Area  Class
                 1.000    0.000    1.000      1.000    1.000      1.000    1.000     1.000     TRUE
                 1.000    0.000    1.000      1.000    1.000      1.000    1.000     1.000     FALSE
                 ?        0.000    ?          ?        ?          ?        ?         ?         UNKNOWN
Weighted Avg.    1.000    0.000    1.000      1.000    1.000      1.000    1.000     1.000     


=== Confusion Matrix ===

   a   b   c   <-- classified as
 178   0   0 |   a = TRUE
   0 215   0 |   b = FALSE
   0   0   0 |   c = UNKNOWN

Time taken to perform cross-validation: 0.03 seconds


=== Stratified cross-validation ===

Correctly Classified Instances         392               99.7455 %
Incorrectly Classified Instances         1                0.2545 %
Kappa statistic                          0.9949
K&B Relative Info Score                 99.4864 %
K&B Information Score                  390.0871 bits      0.9926 bits/instance
Class complexity | order 0             392.101  bits      0.9977 bits/instance
Class complexity | scheme             1074      bits      2.7328 bits/instance
Complexity improvement     (Sf)       -681.899  bits     -1.7351 bits/instance
Mean absolute error                      0.0017
Root mean squared error                  0.0412
Relative absolute error                  0.5119 %
Root relative squared error             10.1331 %
Total Number of Instances              393     


=== Detailed Accuracy By Class ===

                 TP Rate  FP Rate  Precision  Recall   F-Measure  MCC      ROC Area  PRC Area  Class
                 0.994    0.000    1.000      0.994    0.997      0.995    0.997     0.997     TRUE
                 1.000    0.006    0.995      1.000    0.998      0.995    0.997     0.995     FALSE
                 ?        0.000    ?          ?        ?          ?        ?         ?         UNKNOWN
Weighted Avg.    0.997    0.003    0.997      0.997    0.997      0.995    0.997     0.996     


=== Confusion Matrix ===

   a   b   c   <-- classified as
 177   1   0 |   a = TRUE
   0 215   0 |   b = FALSE
   0   0   0 |   c = UNKNOWN

