WARNING: core mtj jar files are not available as resources to this classloader (jdk.internal.loader.ClassLoaders$AppClassLoader@5c29bfd)

=== Classifier model (full training set) ===

J48 pruned tree
------------------

QUANTIFIERS1 = ForAll: FALSE (1041.0)
QUANTIFIERS1 = Exists: TRUE (696.0/1.0)

Number of Leaves  : 	2

Size of the tree : 	3


Time taken to build model: 0.03 seconds

Time taken to test model on training data: 0.01 seconds

=== Error on training data ===

Correctly Classified Instances        1736               99.9424 %
Incorrectly Classified Instances         1                0.0576 %
Kappa statistic                          0.9988
K&B Relative Info Score                 99.7928 %
K&B Information Score                 1684.601  bits      0.9698 bits/instance
Class complexity | order 0            1688.0988 bits      0.9718 bits/instance
Class complexity | scheme               10.8846 bits      0.0063 bits/instance
Complexity improvement     (Sf)       1677.2142 bits      0.9656 bits/instance
Mean absolute error                      0.0008
Root mean squared error                  0.0196
Relative absolute error                  0.2393 %
Root relative squared error              4.894  %
Total Number of Instances             1737     


=== Detailed Accuracy By Class ===

                 TP Rate  FP Rate  Precision  Recall   F-Measure  MCC      ROC Area  PRC Area  Class
                 1.000    0.001    0.999      1.000    0.999      0.999    1.000     0.999     TRUE
                 0.999    0.000    1.000      0.999    1.000      0.999    1.000     1.000     FALSE
                 ?        0.000    ?          ?        ?          ?        ?         ?         UNKNOWN
Weighted Avg.    0.999    0.000    0.999      0.999    0.999      0.999    1.000     0.999     


=== Confusion Matrix ===

    a    b    c   <-- classified as
  695    0    0 |    a = TRUE
    1 1041    0 |    b = FALSE
    0    0    0 |    c = UNKNOWN

Time taken to perform cross-validation: 0.04 seconds


=== Stratified cross-validation ===

Correctly Classified Instances        1736               99.9424 %
Incorrectly Classified Instances         1                0.0576 %
Kappa statistic                          0.9988
K&B Relative Info Score                 99.7926 %
K&B Information Score                 1684.7644 bits      0.9699 bits/instance
Class complexity | order 0            1688.2653 bits      0.9719 bits/instance
Class complexity | scheme             1075.4428 bits      0.6191 bits/instance
Complexity improvement     (Sf)        612.8224 bits      0.3528 bits/instance
Mean absolute error                      0.0008
Root mean squared error                  0.0196
Relative absolute error                  0.2396 %
Root relative squared error              4.9014 %
Total Number of Instances             1737     


=== Detailed Accuracy By Class ===

                 TP Rate  FP Rate  Precision  Recall   F-Measure  MCC      ROC Area  PRC Area  Class
                 1.000    0.001    0.999      1.000    0.999      0.999    0.999     0.997     TRUE
                 0.999    0.000    1.000      0.999    1.000      0.999    0.999     1.000     FALSE
                 ?        0.000    ?          ?        ?          ?        ?         ?         UNKNOWN
Weighted Avg.    0.999    0.000    0.999      0.999    0.999      0.999    0.999     0.998     


=== Confusion Matrix ===

    a    b    c   <-- classified as
  695    0    0 |    a = TRUE
    1 1041    0 |    b = FALSE
    0    0    0 |    c = UNKNOWN

