WARNING: core mtj jar files are not available as resources to this classloader (jdk.internal.loader.ClassLoaders$AppClassLoader@5c29bfd)

=== Classifier model (full training set) ===

J48 pruned tree
------------------

QUANTIFIERS1 = ForAll: FALSE (289.0)
QUANTIFIERS1 = Exists: TRUE (146.0/1.0)

Number of Leaves  : 	2

Size of the tree : 	3


Time taken to build model: 0.02 seconds

Time taken to test model on training data: 0.01 seconds

=== Error on training data ===

Correctly Classified Instances         434               99.7701 %
Incorrectly Classified Instances         1                0.2299 %
Kappa statistic                          0.9948
K&B Relative Info Score                 99.1038 %
K&B Information Score                  397.3011 bits      0.9133 bits/instance
Class complexity | order 0             400.894  bits      0.9216 bits/instance
Class complexity | scheme                8.6276 bits      0.0198 bits/instance
Complexity improvement     (Sf)        392.2664 bits      0.9018 bits/instance
Mean absolute error                      0.003 
Root mean squared error                  0.039 
Relative absolute error                  1.0239 %
Root relative squared error             10.1359 %
Total Number of Instances              435     


=== Detailed Accuracy By Class ===

                 TP Rate  FP Rate  Precision  Recall   F-Measure  MCC      ROC Area  PRC Area  Class
                 1.000    0.003    0.993      1.000    0.997      0.995    0.998     0.993     TRUE
                 0.997    0.000    1.000      0.997    0.998      0.995    0.998     0.999     FALSE
                 ?        0.000    ?          ?        ?          ?        ?         ?         UNKNOWN
Weighted Avg.    0.998    0.001    0.998      0.998    0.998      0.995    0.998     0.997     


=== Confusion Matrix ===

   a   b   c   <-- classified as
 145   0   0 |   a = TRUE
   1 289   0 |   b = FALSE
   0   0   0 |   c = UNKNOWN

Time taken to perform cross-validation: 0.02 seconds


=== Stratified cross-validation ===

Correctly Classified Instances         434               99.7701 %
Incorrectly Classified Instances         1                0.2299 %
Kappa statistic                          0.9948
K&B Relative Info Score                 99.1009 %
K&B Information Score                  397.4656 bits      0.9137 bits/instance
Class complexity | order 0             401.0718 bits      0.922  bits/instance
Class complexity | scheme             1075.4435 bits      2.4723 bits/instance
Complexity improvement     (Sf)       -674.3717 bits     -1.5503 bits/instance
Mean absolute error                      0.0031
Root mean squared error                  0.0393
Relative absolute error                  1.0289 %
Root relative squared error             10.209  %
Total Number of Instances              435     


=== Detailed Accuracy By Class ===

                 TP Rate  FP Rate  Precision  Recall   F-Measure  MCC      ROC Area  PRC Area  Class
                 1.000    0.003    0.993      1.000    0.997      0.995    0.997     0.985     TRUE
                 0.997    0.000    1.000      0.997    0.998      0.995    0.997     0.999     FALSE
                 ?        0.000    ?          ?        ?          ?        ?         ?         UNKNOWN
Weighted Avg.    0.998    0.001    0.998      0.998    0.998      0.995    0.997     0.994     


=== Confusion Matrix ===

   a   b   c   <-- classified as
 145   0   0 |   a = TRUE
   1 289   0 |   b = FALSE
   0   0   0 |   c = UNKNOWN

