WARNING: core mtj jar files are not available as resources to this classloader (jdk.internal.loader.ClassLoaders$AppClassLoader@5c29bfd)

=== Classifier model (full training set) ===

J48 pruned tree
------------------

NUM3 <= 1.993979
|   NUM2 <= -3.528394: TRUE (56.0)
|   NUM2 > -3.528394: FALSE (138.0)
NUM3 > 1.993979: TRUE (121.0)

Number of Leaves  : 	3

Size of the tree : 	5


Time taken to build model: 0.01 seconds

Time taken to test model on training data: 0.01 seconds

=== Error on training data ===

Correctly Classified Instances         315              100      %
Incorrectly Classified Instances         0                0      %
Kappa statistic                          1     
K&B Relative Info Score                100      %
K&B Information Score                  312.9394 bits      0.9935 bits/instance
Class complexity | order 0             312.9394 bits      0.9935 bits/instance
Class complexity | scheme                0      bits      0      bits/instance
Complexity improvement     (Sf)        312.9394 bits      0.9935 bits/instance
Mean absolute error                      0     
Root mean squared error                  0     
Relative absolute error                  0      %
Root relative squared error              0      %
Total Number of Instances              315     


=== Detailed Accuracy By Class ===

                 TP Rate  FP Rate  Precision  Recall   F-Measure  MCC      ROC Area  PRC Area  Class
                 1.000    0.000    1.000      1.000    1.000      1.000    1.000     1.000     TRUE
                 1.000    0.000    1.000      1.000    1.000      1.000    1.000     1.000     FALSE
                 ?        0.000    ?          ?        ?          ?        ?         ?         UNKNOWN
Weighted Avg.    1.000    0.000    1.000      1.000    1.000      1.000    1.000     1.000     


=== Confusion Matrix ===

   a   b   c   <-- classified as
 177   0   0 |   a = TRUE
   0 138   0 |   b = FALSE
   0   0   0 |   c = UNKNOWN

Time taken to perform cross-validation: 0.02 seconds


=== Stratified cross-validation ===

Correctly Classified Instances         313               99.3651 %
Incorrectly Classified Instances         2                0.6349 %
Kappa statistic                          0.9871
K&B Relative Info Score                 98.7083 %
K&B Information Score                  309.0785 bits      0.9812 bits/instance
Class complexity | order 0             313.1232 bits      0.994  bits/instance
Class complexity | scheme             2148      bits      6.819  bits/instance
Complexity improvement     (Sf)      -1834.8768 bits     -5.825  bits/instance
Mean absolute error                      0.0042
Root mean squared error                  0.0651
Relative absolute error                  1.2848 %
Root relative squared error             16.0587 %
Total Number of Instances              315     


=== Detailed Accuracy By Class ===

                 TP Rate  FP Rate  Precision  Recall   F-Measure  MCC      ROC Area  PRC Area  Class
                 0.994    0.007    0.994      0.994    0.994      0.987    0.994     0.992     TRUE
                 0.993    0.006    0.993      0.993    0.993      0.987    0.994     0.989     FALSE
                 ?        0.000    ?          ?        ?          ?        ?         ?         UNKNOWN
Weighted Avg.    0.994    0.007    0.994      0.994    0.994      0.987    0.994     0.991     


=== Confusion Matrix ===

   a   b   c   <-- classified as
 176   1   0 |   a = TRUE
   1 137   0 |   b = FALSE
   0   0   0 |   c = UNKNOWN

