WARNING: core mtj jar files are not available as resources to this classloader (jdk.internal.loader.ClassLoaders$AppClassLoader@5c29bfd)

=== Classifier model (full training set) ===

J48 pruned tree
------------------

LOGICALS2 = And: FALSE (66.0)
LOGICALS2 = Or: TRUE (1.0)
LOGICALS2 = Implies: TRUE (32.0)

Number of Leaves  : 	3

Size of the tree : 	4


Time taken to build model: 0.01 seconds

Time taken to test model on training data: 0 seconds

=== Error on training data ===

Correctly Classified Instances          99              100      %
Incorrectly Classified Instances         0                0      %
Kappa statistic                          1     
K&B Relative Info Score                100      %
K&B Information Score                   92.3219 bits      0.9325 bits/instance
Class complexity | order 0              92.3219 bits      0.9325 bits/instance
Class complexity | scheme                0      bits      0      bits/instance
Complexity improvement     (Sf)         92.3219 bits      0.9325 bits/instance
Mean absolute error                      0     
Root mean squared error                  0     
Relative absolute error                  0      %
Root relative squared error              0      %
Total Number of Instances               99     


=== Detailed Accuracy By Class ===

                 TP Rate  FP Rate  Precision  Recall   F-Measure  MCC      ROC Area  PRC Area  Class
                 1.000    0.000    1.000      1.000    1.000      1.000    1.000     1.000     TRUE
                 1.000    0.000    1.000      1.000    1.000      1.000    1.000     1.000     FALSE
                 ?        0.000    ?          ?        ?          ?        ?         ?         UNKNOWN
Weighted Avg.    1.000    0.000    1.000      1.000    1.000      1.000    1.000     1.000     


=== Confusion Matrix ===

  a  b  c   <-- classified as
 33  0  0 |  a = TRUE
  0 66  0 |  b = FALSE
  0  0  0 |  c = UNKNOWN

Time taken to perform cross-validation: 0.01 seconds


=== Stratified cross-validation ===

Correctly Classified Instances          98               98.9899 %
Incorrectly Classified Instances         1                1.0101 %
Kappa statistic                          0.9771
K&B Relative Info Score                 98.3062 %
K&B Information Score                   91.0563 bits      0.9198 bits/instance
Class complexity | order 0              92.6251 bits      0.9356 bits/instance
Class complexity | scheme                1.5688 bits      0.0158 bits/instance
Complexity improvement     (Sf)         91.0563 bits      0.9198 bits/instance
Mean absolute error                      0.0045
Root mean squared error                  0.0544
Relative absolute error                  1.4811 %
Root relative squared error             14.1151 %
Total Number of Instances               99     


=== Detailed Accuracy By Class ===

                 TP Rate  FP Rate  Precision  Recall   F-Measure  MCC      ROC Area  PRC Area  Class
                 0.970    0.000    1.000      0.970    0.985      0.977    1.000     1.000     TRUE
                 1.000    0.030    0.985      1.000    0.992      0.977    1.000     1.000     FALSE
                 ?        0.000    ?          ?        ?          ?        ?         ?         UNKNOWN
Weighted Avg.    0.990    0.020    0.990      0.990    0.990      0.977    1.000     1.000     


=== Confusion Matrix ===

  a  b  c   <-- classified as
 32  1  0 |  a = TRUE
  0 66  0 |  b = FALSE
  0  0  0 |  c = UNKNOWN

