WARNING: core mtj jar files are not available as resources to this classloader (jdk.internal.loader.ClassLoaders$AppClassLoader@5c29bfd)

=== Classifier model (full training set) ===

J48 pruned tree
------------------

NUM2 <= 5.521781: TRUE (23.0)
NUM2 > 5.521781: FALSE (46.0)

Number of Leaves  : 	2

Size of the tree : 	3


Time taken to build model: 0.01 seconds

Time taken to test model on training data: 0 seconds

=== Error on training data ===

Correctly Classified Instances          69              100      %
Incorrectly Classified Instances         0                0      %
Kappa statistic                          1     
K&B Relative Info Score                100      %
K&B Information Score                   64.7596 bits      0.9385 bits/instance
Class complexity | order 0              64.7596 bits      0.9385 bits/instance
Class complexity | scheme                0      bits      0      bits/instance
Complexity improvement     (Sf)         64.7596 bits      0.9385 bits/instance
Mean absolute error                      0     
Root mean squared error                  0     
Relative absolute error                  0      %
Root relative squared error              0      %
Total Number of Instances               69     


=== Detailed Accuracy By Class ===

                 TP Rate  FP Rate  Precision  Recall   F-Measure  MCC      ROC Area  PRC Area  Class
                 1.000    0.000    1.000      1.000    1.000      1.000    1.000     1.000     TRUE
                 1.000    0.000    1.000      1.000    1.000      1.000    1.000     1.000     FALSE
                 ?        0.000    ?          ?        ?          ?        ?         ?         UNKNOWN
Weighted Avg.    1.000    0.000    1.000      1.000    1.000      1.000    1.000     1.000     


=== Confusion Matrix ===

  a  b  c   <-- classified as
 23  0  0 |  a = TRUE
  0 46  0 |  b = FALSE
  0  0  0 |  c = UNKNOWN

Time taken to perform cross-validation: 0.01 seconds


=== Stratified cross-validation ===

Correctly Classified Instances          68               98.5507 %
Incorrectly Classified Instances         1                1.4493 %
Kappa statistic                          0.967 
K&B Relative Info Score                 96.6847 %
K&B Information Score                   62.9638 bits      0.9125 bits/instance
Class complexity | order 0              65.1229 bits      0.9438 bits/instance
Class complexity | scheme             1074      bits     15.5652 bits/instance
Complexity improvement     (Sf)      -1008.8771 bits    -14.6214 bits/instance
Mean absolute error                      0.0097
Root mean squared error                  0.0983
Relative absolute error                  3.1812 %
Root relative squared error             25.4704 %
Total Number of Instances               69     


=== Detailed Accuracy By Class ===

                 TP Rate  FP Rate  Precision  Recall   F-Measure  MCC      ROC Area  PRC Area  Class
                 0.957    0.000    1.000      0.957    0.978      0.968    0.978     0.971     TRUE
                 1.000    0.043    0.979      1.000    0.989      0.968    0.978     0.979     FALSE
                 ?        0.000    ?          ?        ?          ?        ?         ?         UNKNOWN
Weighted Avg.    0.986    0.029    0.986      0.986    0.985      0.968    0.978     0.976     


=== Confusion Matrix ===

  a  b  c   <-- classified as
 22  1  0 |  a = TRUE
  0 46  0 |  b = FALSE
  0  0  0 |  c = UNKNOWN

