WARNING: core mtj jar files are not available as resources to this classloader (jdk.internal.loader.ClassLoaders$AppClassLoader@5c29bfd)

=== Classifier model (full training set) ===

J48 pruned tree
------------------

NUM1 <= 5193197.623514: TRUE (78.0)
NUM1 > 5193197.623514
|   NUM3 <= 2.798636: TRUE (36.0)
|   NUM3 > 2.798636: FALSE (159.0)

Number of Leaves  : 	3

Size of the tree : 	5


Time taken to build model: 0.02 seconds

Time taken to test model on training data: 0.01 seconds

=== Error on training data ===

Correctly Classified Instances         273              100      %
Incorrectly Classified Instances         0                0      %
Kappa statistic                          1     
K&B Relative Info Score                100      %
K&B Information Score                  269.0547 bits      0.9855 bits/instance
Class complexity | order 0             269.0547 bits      0.9855 bits/instance
Class complexity | scheme                0      bits      0      bits/instance
Complexity improvement     (Sf)        269.0547 bits      0.9855 bits/instance
Mean absolute error                      0     
Root mean squared error                  0     
Relative absolute error                  0      %
Root relative squared error              0      %
Total Number of Instances              273     


=== Detailed Accuracy By Class ===

                 TP Rate  FP Rate  Precision  Recall   F-Measure  MCC      ROC Area  PRC Area  Class
                 1.000    0.000    1.000      1.000    1.000      1.000    1.000     1.000     TRUE
                 1.000    0.000    1.000      1.000    1.000      1.000    1.000     1.000     FALSE
                 ?        0.000    ?          ?        ?          ?        ?         ?         UNKNOWN
Weighted Avg.    1.000    0.000    1.000      1.000    1.000      1.000    1.000     1.000     


=== Confusion Matrix ===

   a   b   c   <-- classified as
 114   0   0 |   a = TRUE
   0 159   0 |   b = FALSE
   0   0   0 |   c = UNKNOWN

Time taken to perform cross-validation: 0.02 seconds


=== Stratified cross-validation ===

Correctly Classified Instances         272               99.6337 %
Incorrectly Classified Instances         1                0.3663 %
Kappa statistic                          0.9925
K&B Relative Info Score                 99.2425 %
K&B Information Score                  267.2043 bits      0.9788 bits/instance
Class complexity | order 0             269.244  bits      0.9862 bits/instance
Class complexity | scheme             1074      bits      3.9341 bits/instance
Complexity improvement     (Sf)       -804.756  bits     -2.9478 bits/instance
Mean absolute error                      0.0024
Root mean squared error                  0.0494
Relative absolute error                  0.7497 %
Root relative squared error             12.2711 %
Total Number of Instances              273     


=== Detailed Accuracy By Class ===

                 TP Rate  FP Rate  Precision  Recall   F-Measure  MCC      ROC Area  PRC Area  Class
                 0.991    0.000    1.000      0.991    0.996      0.992    0.996     0.995     TRUE
                 1.000    0.009    0.994      1.000    0.997      0.992    0.996     0.994     FALSE
                 ?        0.000    ?          ?        ?          ?        ?         ?         UNKNOWN
Weighted Avg.    0.996    0.005    0.996      0.996    0.996      0.992    0.996     0.994     


=== Confusion Matrix ===

   a   b   c   <-- classified as
 113   1   0 |   a = TRUE
   0 159   0 |   b = FALSE
   0   0   0 |   c = UNKNOWN

