WARNING: core mtj jar files are not available as resources to this classloader (jdk.internal.loader.ClassLoaders$AppClassLoader@5c29bfd)

=== Classifier model (full training set) ===

J48 pruned tree
------------------

NUM1 <= 5196645.96756: TRUE (181.0)
NUM1 > 5196645.96756
|   NUM3 <= 2.798636: TRUE (58.0)
|   NUM3 > 2.798636: FALSE (307.0)

Number of Leaves  : 	3

Size of the tree : 	5


Time taken to build model: 0.02 seconds

Time taken to test model on training data: 0 seconds

=== Error on training data ===

Correctly Classified Instances         546              100      %
Incorrectly Classified Instances         0                0      %
Kappa statistic                          1     
K&B Relative Info Score                100      %
K&B Information Score                  541.3113 bits      0.9914 bits/instance
Class complexity | order 0             541.3113 bits      0.9914 bits/instance
Class complexity | scheme                0      bits      0      bits/instance
Complexity improvement     (Sf)        541.3113 bits      0.9914 bits/instance
Mean absolute error                      0     
Root mean squared error                  0     
Relative absolute error                  0      %
Root relative squared error              0      %
Total Number of Instances              546     


=== Detailed Accuracy By Class ===

                 TP Rate  FP Rate  Precision  Recall   F-Measure  MCC      ROC Area  PRC Area  Class
                 1.000    0.000    1.000      1.000    1.000      1.000    1.000     1.000     TRUE
                 1.000    0.000    1.000      1.000    1.000      1.000    1.000     1.000     FALSE
                 ?        0.000    ?          ?        ?          ?        ?         ?         UNKNOWN
Weighted Avg.    1.000    0.000    1.000      1.000    1.000      1.000    1.000     1.000     


=== Confusion Matrix ===

   a   b   c   <-- classified as
 239   0   0 |   a = TRUE
   0 307   0 |   b = FALSE
   0   0   0 |   c = UNKNOWN

Time taken to perform cross-validation: 0.03 seconds


=== Stratified cross-validation ===

Correctly Classified Instances         544               99.6337 %
Incorrectly Classified Instances         2                0.3663 %
Kappa statistic                          0.9926
K&B Relative Info Score                 99.2528 %
K&B Information Score                  537.4347 bits      0.9843 bits/instance
Class complexity | order 0             541.4806 bits      0.9917 bits/instance
Class complexity | scheme             2148      bits      3.9341 bits/instance
Complexity improvement     (Sf)      -1606.5194 bits     -2.9423 bits/instance
Mean absolute error                      0.0024
Root mean squared error                  0.0494
Relative absolute error                  0.7425 %
Root relative squared error             12.1993 %
Total Number of Instances              546     


=== Detailed Accuracy By Class ===

                 TP Rate  FP Rate  Precision  Recall   F-Measure  MCC      ROC Area  PRC Area  Class
                 0.992    0.000    1.000      0.992    0.996      0.993    0.996     0.995     TRUE
                 1.000    0.008    0.994      1.000    0.997      0.993    0.996     0.994     FALSE
                 ?        0.000    ?          ?        ?          ?        ?         ?         UNKNOWN
Weighted Avg.    0.996    0.005    0.996      0.996    0.996      0.993    0.996     0.994     


=== Confusion Matrix ===

   a   b   c   <-- classified as
 237   2   0 |   a = TRUE
   0 307   0 |   b = FALSE
   0   0   0 |   c = UNKNOWN

