WARNING: core mtj jar files are not available as resources to this classloader (jdk.internal.loader.ClassLoaders$AppClassLoader@5c29bfd)

=== Classifier model (full training set) ===

J48 pruned tree
------------------

NUM1 <= 5196645.96756
|   LOGICALS3 = And: TRUE (208.0)
|   LOGICALS3 = Or
|   |   NUM1 <= 4756851.945422: TRUE (23.0)
|   |   NUM1 > 4756851.945422: FALSE (3.0)
|   LOGICALS3 = Implies: TRUE (0.0)
NUM1 > 5196645.96756
|   NUM3 <= 2.801629: TRUE (68.0)
|   NUM3 > 2.801629: FALSE (379.0)

Number of Leaves  : 	6

Size of the tree : 	10


Time taken to build model: 0.02 seconds

Time taken to test model on training data: 0.01 seconds

=== Error on training data ===

Correctly Classified Instances         681              100      %
Incorrectly Classified Instances         0                0      %
Kappa statistic                          1     
K&B Relative Info Score                100      %
K&B Information Score                  675.1222 bits      0.9914 bits/instance
Class complexity | order 0             675.1222 bits      0.9914 bits/instance
Class complexity | scheme                0      bits      0      bits/instance
Complexity improvement     (Sf)        675.1222 bits      0.9914 bits/instance
Mean absolute error                      0     
Root mean squared error                  0     
Relative absolute error                  0      %
Root relative squared error              0      %
Total Number of Instances              681     


=== Detailed Accuracy By Class ===

                 TP Rate  FP Rate  Precision  Recall   F-Measure  MCC      ROC Area  PRC Area  Class
                 1.000    0.000    1.000      1.000    1.000      1.000    1.000     1.000     TRUE
                 1.000    0.000    1.000      1.000    1.000      1.000    1.000     1.000     FALSE
                 ?        0.000    ?          ?        ?          ?        ?         ?         UNKNOWN
Weighted Avg.    1.000    0.000    1.000      1.000    1.000      1.000    1.000     1.000     


=== Confusion Matrix ===

   a   b   c   <-- classified as
 299   0   0 |   a = TRUE
   0 382   0 |   b = FALSE
   0   0   0 |   c = UNKNOWN

Time taken to perform cross-validation: 0.03 seconds


=== Stratified cross-validation ===

Correctly Classified Instances         677               99.4126 %
Incorrectly Classified Instances         4                0.5874 %
Kappa statistic                          0.9881
K&B Relative Info Score                 98.6589 %
K&B Information Score                  666.2349 bits      0.9783 bits/instance
Class complexity | order 0             675.2911 bits      0.9916 bits/instance
Class complexity | scheme             1095.1296 bits      1.6081 bits/instance
Complexity improvement     (Sf)       -419.8385 bits     -0.6165 bits/instance
Mean absolute error                      0.0046
Root mean squared error                  0.0622
Relative absolute error                  1.3901 %
Root relative squared error             15.3451 %
Total Number of Instances              681     


=== Detailed Accuracy By Class ===

                 TP Rate  FP Rate  Precision  Recall   F-Measure  MCC      ROC Area  PRC Area  Class
                 0.997    0.008    0.990      0.997    0.993      0.988    0.997     0.996     TRUE
                 0.992    0.003    0.997      0.992    0.995      0.988    0.997     0.996     FALSE
                 ?        0.000    ?          ?        ?          ?        ?         ?         UNKNOWN
Weighted Avg.    0.994    0.005    0.994      0.994    0.994      0.988    0.997     0.996     


=== Confusion Matrix ===

   a   b   c   <-- classified as
 298   1   0 |   a = TRUE
   3 379   0 |   b = FALSE
   0   0   0 |   c = UNKNOWN

