WARNING: core mtj jar files are not available as resources to this classloader (jdk.internal.loader.ClassLoaders$AppClassLoader@5c29bfd)

=== Classifier model (full training set) ===

J48 pruned tree
------------------

NUM2 <= 3.036447: TRUE (2.0)
NUM2 > 3.036447: FALSE (4.0)

Number of Leaves  : 	2

Size of the tree : 	3


Time taken to build model: 0.01 seconds

Time taken to test model on training data: 0 seconds

=== Error on training data ===

Correctly Classified Instances           6              100      %
Incorrectly Classified Instances         0                0      %
Kappa statistic                          1     
K&B Relative Info Score                100      %
K&B Information Score                    6.5619 bits      1.0937 bits/instance
Class complexity | order 0               6.5619 bits      1.0937 bits/instance
Class complexity | scheme                0      bits      0      bits/instance
Complexity improvement     (Sf)          6.5619 bits      1.0937 bits/instance
Mean absolute error                      0     
Root mean squared error                  0     
Relative absolute error                  0      %
Root relative squared error              0      %
Total Number of Instances                6     


=== Detailed Accuracy By Class ===

                 TP Rate  FP Rate  Precision  Recall   F-Measure  MCC      ROC Area  PRC Area  Class
                 1.000    0.000    1.000      1.000    1.000      1.000    1.000     1.000     TRUE
                 1.000    0.000    1.000      1.000    1.000      1.000    1.000     1.000     FALSE
                 ?        0.000    ?          ?        ?          ?        ?         ?         UNKNOWN
Weighted Avg.    1.000    0.000    1.000      1.000    1.000      1.000    1.000     1.000     


=== Confusion Matrix ===

 a b c   <-- classified as
 2 0 0 | a = TRUE
 0 4 0 | b = FALSE
 0 0 0 | c = UNKNOWN

Time taken to perform cross-validation: 0 seconds


=== Stratified cross-validation ===

Correctly Classified Instances           4               66.6667 %
Incorrectly Classified Instances         2               33.3333 %
Kappa statistic                          0     
K&B Relative Info Score                 47.6723 %
K&B Information Score                    3.8138 bits      0.6356 bits/instance
Class complexity | order 0               8      bits      1.3333 bits/instance
Class complexity | scheme                4.6439 bits      0.774  bits/instance
Complexity improvement     (Sf)          3.3561 bits      0.5594 bits/instance
Mean absolute error                      0.1778
Root mean squared error                  0.3771
Relative absolute error                 45.7143 %
Root relative squared error             84.7701 %
Total Number of Instances                6     


=== Detailed Accuracy By Class ===

                 TP Rate  FP Rate  Precision  Recall   F-Measure  MCC      ROC Area  PRC Area  Class
                 0.000    0.000    ?          0.000    ?          ?        1.000     1.000     TRUE
                 1.000    1.000    0.667      1.000    0.800      ?        1.000     1.000     FALSE
                 ?        0.000    ?          ?        ?          ?        ?         ?         UNKNOWN
Weighted Avg.    0.667    0.667    ?          0.667    ?          ?        1.000     1.000     


=== Confusion Matrix ===

 a b c   <-- classified as
 0 2 0 | a = TRUE
 0 4 0 | b = FALSE
 0 0 0 | c = UNKNOWN

