WARNING: core mtj jar files are not available as resources to this classloader (jdk.internal.loader.ClassLoaders$AppClassLoader@5c29bfd)

=== Classifier model (full training set) ===

J48 pruned tree
------------------

NUM3 <= 1.996011: FALSE (130.0)
NUM3 > 1.996011: TRUE (137.0)

Number of Leaves  : 	2

Size of the tree : 	3


Time taken to build model: 0.01 seconds

Time taken to test model on training data: 0 seconds

=== Error on training data ===

Correctly Classified Instances         267              100      %
Incorrectly Classified Instances         0                0      %
Kappa statistic                          1     
K&B Relative Info Score                100      %
K&B Information Score                  268.2969 bits      1.0049 bits/instance
Class complexity | order 0             268.2969 bits      1.0049 bits/instance
Class complexity | scheme                0      bits      0      bits/instance
Complexity improvement     (Sf)        268.2969 bits      1.0049 bits/instance
Mean absolute error                      0     
Root mean squared error                  0     
Relative absolute error                  0      %
Root relative squared error              0      %
Total Number of Instances              267     


=== Detailed Accuracy By Class ===

                 TP Rate  FP Rate  Precision  Recall   F-Measure  MCC      ROC Area  PRC Area  Class
                 1.000    0.000    1.000      1.000    1.000      1.000    1.000     1.000     TRUE
                 1.000    0.000    1.000      1.000    1.000      1.000    1.000     1.000     FALSE
                 ?        0.000    ?          ?        ?          ?        ?         ?         UNKNOWN
Weighted Avg.    1.000    0.000    1.000      1.000    1.000      1.000    1.000     1.000     


=== Confusion Matrix ===

   a   b   c   <-- classified as
 137   0   0 |   a = TRUE
   0 130   0 |   b = FALSE
   0   0   0 |   c = UNKNOWN

Time taken to perform cross-validation: 0.01 seconds


=== Stratified cross-validation ===

Correctly Classified Instances         265               99.2509 %
Incorrectly Classified Instances         2                0.7491 %
Kappa statistic                          0.985 
K&B Relative Info Score                 98.5089 %
K&B Information Score                  264.4636 bits      0.9905 bits/instance
Class complexity | order 0             268.4667 bits      1.0055 bits/instance
Class complexity | scheme             2148      bits      8.0449 bits/instance
Complexity improvement     (Sf)      -1879.5333 bits     -7.0395 bits/instance
Mean absolute error                      0.005 
Root mean squared error                  0.0707
Relative absolute error                  1.493  %
Root relative squared error             17.3146 %
Total Number of Instances              267     


=== Detailed Accuracy By Class ===

                 TP Rate  FP Rate  Precision  Recall   F-Measure  MCC      ROC Area  PRC Area  Class
                 1.000    0.015    0.986      1.000    0.993      0.985    0.992     0.986     TRUE
                 0.985    0.000    1.000      0.985    0.992      0.985    0.992     0.992     FALSE
                 ?        0.000    ?          ?        ?          ?        ?         ?         UNKNOWN
Weighted Avg.    0.993    0.008    0.993      0.993    0.993      0.985    0.992     0.989     


=== Confusion Matrix ===

   a   b   c   <-- classified as
 137   0   0 |   a = TRUE
   2 128   0 |   b = FALSE
   0   0   0 |   c = UNKNOWN

