WARNING: core mtj jar files are not available as resources to this classloader (jdk.internal.loader.ClassLoaders$AppClassLoader@5c29bfd)

=== Classifier model (full training set) ===

J48 pruned tree
------------------

NUM3 <= 1.996011
|   NUM2 <= -3.558709: TRUE (15.0)
|   NUM2 > -3.558709: FALSE (270.0)
NUM3 > 1.996011: TRUE (246.0)

Number of Leaves  : 	3

Size of the tree : 	5


Time taken to build model: 0.02 seconds

Time taken to test model on training data: 0 seconds

=== Error on training data ===

Correctly Classified Instances         531              100      %
Incorrectly Classified Instances         0                0      %
Kappa statistic                          1     
K&B Relative Info Score                100      %
K&B Information Score                  532.3259 bits      1.0025 bits/instance
Class complexity | order 0             532.3259 bits      1.0025 bits/instance
Class complexity | scheme                0      bits      0      bits/instance
Complexity improvement     (Sf)        532.3259 bits      1.0025 bits/instance
Mean absolute error                      0     
Root mean squared error                  0     
Relative absolute error                  0      %
Root relative squared error              0      %
Total Number of Instances              531     


=== Detailed Accuracy By Class ===

                 TP Rate  FP Rate  Precision  Recall   F-Measure  MCC      ROC Area  PRC Area  Class
                 1.000    0.000    1.000      1.000    1.000      1.000    1.000     1.000     TRUE
                 1.000    0.000    1.000      1.000    1.000      1.000    1.000     1.000     FALSE
                 ?        0.000    ?          ?        ?          ?        ?         ?         UNKNOWN
Weighted Avg.    1.000    0.000    1.000      1.000    1.000      1.000    1.000     1.000     


=== Confusion Matrix ===

   a   b   c   <-- classified as
 261   0   0 |   a = TRUE
   0 270   0 |   b = FALSE
   0   0   0 |   c = UNKNOWN

Time taken to perform cross-validation: 0.02 seconds


=== Stratified cross-validation ===

Correctly Classified Instances         530               99.8117 %
Incorrectly Classified Instances         1                0.1883 %
Kappa statistic                          0.9962
K&B Relative Info Score                 99.6243 %
K&B Information Score                  530.4871 bits      0.999  bits/instance
Class complexity | order 0             532.4876 bits      1.0028 bits/instance
Class complexity | scheme             1074      bits      2.0226 bits/instance
Complexity improvement     (Sf)       -541.5124 bits     -1.0198 bits/instance
Mean absolute error                      0.0013
Root mean squared error                  0.0354
Relative absolute error                  0.376  %
Root relative squared error              8.6804 %
Total Number of Instances              531     


=== Detailed Accuracy By Class ===

                 TP Rate  FP Rate  Precision  Recall   F-Measure  MCC      ROC Area  PRC Area  Class
                 0.996    0.000    1.000      0.996    0.998      0.996    0.998     0.998     TRUE
                 1.000    0.004    0.996      1.000    0.998      0.996    0.998     0.996     FALSE
                 ?        0.000    ?          ?        ?          ?        ?         ?         UNKNOWN
Weighted Avg.    0.998    0.002    0.998      0.998    0.998      0.996    0.998     0.997     


=== Confusion Matrix ===

   a   b   c   <-- classified as
 260   1   0 |   a = TRUE
   0 270   0 |   b = FALSE
   0   0   0 |   c = UNKNOWN

