WARNING: core mtj jar files are not available as resources to this classloader (jdk.internal.loader.ClassLoaders$AppClassLoader@5c29bfd)

=== Classifier model (full training set) ===

J48 pruned tree
------------------

NUM3 <= 1.99956
|   NUM2 <= -3.505225: TRUE (324.0)
|   NUM2 > -3.505225: FALSE (927.0)
NUM3 > 1.99956: TRUE (870.0)

Number of Leaves  : 	3

Size of the tree : 	5


Time taken to build model: 0.02 seconds

Time taken to test model on training data: 0.01 seconds

=== Error on training data ===

Correctly Classified Instances        2121              100      %
Incorrectly Classified Instances         0                0      %
Kappa statistic                          1     
K&B Relative Info Score                100      %
K&B Information Score                 2098.1313 bits      0.9892 bits/instance
Class complexity | order 0            2098.1313 bits      0.9892 bits/instance
Class complexity | scheme                0      bits      0      bits/instance
Complexity improvement     (Sf)       2098.1313 bits      0.9892 bits/instance
Mean absolute error                      0     
Root mean squared error                  0     
Relative absolute error                  0      %
Root relative squared error              0      %
Total Number of Instances             2121     


=== Detailed Accuracy By Class ===

                 TP Rate  FP Rate  Precision  Recall   F-Measure  MCC      ROC Area  PRC Area  Class
                 1.000    0.000    1.000      1.000    1.000      1.000    1.000     1.000     TRUE
                 1.000    0.000    1.000      1.000    1.000      1.000    1.000     1.000     FALSE
                 ?        0.000    ?          ?        ?          ?        ?         ?         UNKNOWN
Weighted Avg.    1.000    0.000    1.000      1.000    1.000      1.000    1.000     1.000     


=== Confusion Matrix ===

    a    b    c   <-- classified as
 1194    0    0 |    a = TRUE
    0  927    0 |    b = FALSE
    0    0    0 |    c = UNKNOWN

Time taken to perform cross-validation: 0.05 seconds


=== Stratified cross-validation ===

Correctly Classified Instances        2120               99.9529 %
Incorrectly Classified Instances         1                0.0471 %
Kappa statistic                          0.999 
K&B Relative Info Score                 99.9036 %
K&B Information Score                 2096.2746 bits      0.9883 bits/instance
Class complexity | order 0            2098.2978 bits      0.9893 bits/instance
Class complexity | scheme             1074      bits      0.5064 bits/instance
Complexity improvement     (Sf)       1024.2978 bits      0.4829 bits/instance
Mean absolute error                      0.0003
Root mean squared error                  0.0177
Relative absolute error                  0.0958 %
Root relative squared error              4.3775 %
Total Number of Instances             2121     


=== Detailed Accuracy By Class ===

                 TP Rate  FP Rate  Precision  Recall   F-Measure  MCC      ROC Area  PRC Area  Class
                 1.000    0.001    0.999      1.000    1.000      0.999    0.999     0.999     TRUE
                 0.999    0.000    1.000      0.999    0.999      0.999    0.999     0.999     FALSE
                 ?        0.000    ?          ?        ?          ?        ?         ?         UNKNOWN
Weighted Avg.    1.000    0.001    1.000      1.000    1.000      0.999    0.999     0.999     


=== Confusion Matrix ===

    a    b    c   <-- classified as
 1194    0    0 |    a = TRUE
    1  926    0 |    b = FALSE
    0    0    0 |    c = UNKNOWN

