WARNING: core mtj jar files are not available as resources to this classloader (jdk.internal.loader.ClassLoaders$AppClassLoader@5c29bfd)

=== Classifier model (full training set) ===

J48 pruned tree
------------------

NUM1 <= 5215446.962908
|   LOGICALS3 = And: TRUE (111.0)
|   LOGICALS3 = Or
|   |   NUM1 <= 4753586.018169: TRUE (38.0)
|   |   NUM1 > 4753586.018169: FALSE (3.0)
|   LOGICALS3 = Implies: TRUE (0.0)
NUM1 > 5215446.962908
|   NUM3 <= 2.791612
|   |   LOGICALS3 = And: TRUE (26.0)
|   |   LOGICALS3 = Or: FALSE (8.0)
|   |   LOGICALS3 = Implies: TRUE (0.0)
|   NUM3 > 2.791612: FALSE (189.0)

Number of Leaves  : 	8

Size of the tree : 	13


Time taken to build model: 0.02 seconds

Time taken to test model on training data: 0.01 seconds

=== Error on training data ===

Correctly Classified Instances         375              100      %
Incorrectly Classified Instances         0                0      %
Kappa statistic                          1     
K&B Relative Info Score                100      %
K&B Information Score                  375.23   bits      1.0006 bits/instance
Class complexity | order 0             375.23   bits      1.0006 bits/instance
Class complexity | scheme                0      bits      0      bits/instance
Complexity improvement     (Sf)        375.23   bits      1.0006 bits/instance
Mean absolute error                      0     
Root mean squared error                  0     
Relative absolute error                  0      %
Root relative squared error              0      %
Total Number of Instances              375     


=== Detailed Accuracy By Class ===

                 TP Rate  FP Rate  Precision  Recall   F-Measure  MCC      ROC Area  PRC Area  Class
                 1.000    0.000    1.000      1.000    1.000      1.000    1.000     1.000     TRUE
                 1.000    0.000    1.000      1.000    1.000      1.000    1.000     1.000     FALSE
                 ?        0.000    ?          ?        ?          ?        ?         ?         UNKNOWN
Weighted Avg.    1.000    0.000    1.000      1.000    1.000      1.000    1.000     1.000     


=== Confusion Matrix ===

   a   b   c   <-- classified as
 175   0   0 |   a = TRUE
   0 200   0 |   b = FALSE
   0   0   0 |   c = UNKNOWN

Time taken to perform cross-validation: 0.02 seconds


=== Stratified cross-validation ===

Correctly Classified Instances         371               98.9333 %
Incorrectly Classified Instances         4                1.0667 %
Kappa statistic                          0.9786
K&B Relative Info Score                 97.5465 %
K&B Information Score                  366.1905 bits      0.9765 bits/instance
Class complexity | order 0             375.4009 bits      1.0011 bits/instance
Class complexity | scheme             1095.427  bits      2.9211 bits/instance
Complexity improvement     (Sf)       -720.026  bits     -1.9201 bits/instance
Mean absolute error                      0.0086
Root mean squared error                  0.0838
Relative absolute error                  2.5732 %
Root relative squared error             20.5712 %
Total Number of Instances              375     


=== Detailed Accuracy By Class ===

                 TP Rate  FP Rate  Precision  Recall   F-Measure  MCC      ROC Area  PRC Area  Class
                 0.994    0.015    0.983      0.994    0.989      0.979    0.994     0.992     TRUE
                 0.985    0.006    0.995      0.985    0.990      0.979    0.994     0.991     FALSE
                 ?        0.000    ?          ?        ?          ?        ?         ?         UNKNOWN
Weighted Avg.    0.989    0.010    0.989      0.989    0.989      0.979    0.994     0.992     


=== Confusion Matrix ===

   a   b   c   <-- classified as
 174   1   0 |   a = TRUE
   3 197   0 |   b = FALSE
   0   0   0 |   c = UNKNOWN

