WARNING: core mtj jar files are not available as resources to this classloader (jdk.internal.loader.ClassLoaders$AppClassLoader@5c29bfd)

=== Classifier model (full training set) ===

J48 pruned tree
------------------

NUM2 <= 5.556345: TRUE (6.0)
NUM2 > 5.556345: FALSE (12.0)

Number of Leaves  : 	2

Size of the tree : 	3


Time taken to build model: 0.01 seconds

Time taken to test model on training data: 0 seconds

=== Error on training data ===

Correctly Classified Instances          18              100      %
Incorrectly Classified Instances         0                0      %
Kappa statistic                          1     
K&B Relative Info Score                100      %
K&B Information Score                   17.8123 bits      0.9896 bits/instance
Class complexity | order 0              17.8123 bits      0.9896 bits/instance
Class complexity | scheme                0      bits      0      bits/instance
Complexity improvement     (Sf)         17.8123 bits      0.9896 bits/instance
Mean absolute error                      0     
Root mean squared error                  0     
Relative absolute error                  0      %
Root relative squared error              0      %
Total Number of Instances               18     


=== Detailed Accuracy By Class ===

                 TP Rate  FP Rate  Precision  Recall   F-Measure  MCC      ROC Area  PRC Area  Class
                 1.000    0.000    1.000      1.000    1.000      1.000    1.000     1.000     TRUE
                 1.000    0.000    1.000      1.000    1.000      1.000    1.000     1.000     FALSE
                 ?        0.000    ?          ?        ?          ?        ?         ?         UNKNOWN
Weighted Avg.    1.000    0.000    1.000      1.000    1.000      1.000    1.000     1.000     


=== Confusion Matrix ===

  a  b  c   <-- classified as
  6  0  0 |  a = TRUE
  0 12  0 |  b = FALSE
  0  0  0 |  c = UNKNOWN

Time taken to perform cross-validation: 0 seconds


=== Stratified cross-validation ===

Correctly Classified Instances          16               88.8889 %
Incorrectly Classified Instances         2               11.1111 %
Kappa statistic                          0.7273
K&B Relative Info Score                 76.2106 %
K&B Information Score                   14.1626 bits      0.7868 bits/instance
Class complexity | order 0              18.5835 bits      1.0324 bits/instance
Class complexity | scheme             2148      bits    119.3333 bits/instance
Complexity improvement     (Sf)      -2129.4165 bits   -118.3009 bits/instance
Mean absolute error                      0.0741
Root mean squared error                  0.2722
Relative absolute error                 22.7273 %
Root relative squared error             68.6748 %
Total Number of Instances               18     


=== Detailed Accuracy By Class ===

                 TP Rate  FP Rate  Precision  Recall   F-Measure  MCC      ROC Area  PRC Area  Class
                 0.667    0.000    1.000      0.667    0.800      0.756    0.833     0.778     TRUE
                 1.000    0.333    0.857      1.000    0.923      0.756    0.833     0.857     FALSE
                 ?        0.000    ?          ?        ?          ?        ?         ?         UNKNOWN
Weighted Avg.    0.889    0.222    0.905      0.889    0.882      0.756    0.833     0.831     


=== Confusion Matrix ===

  a  b  c   <-- classified as
  4  2  0 |  a = TRUE
  0 12  0 |  b = FALSE
  0  0  0 |  c = UNKNOWN

