WARNING: core mtj jar files are not available as resources to this classloader (jdk.internal.loader.ClassLoaders$AppClassLoader@5c29bfd)

=== Classifier model (full training set) ===

J48 pruned tree
------------------

NUM2 <= 5.556345: TRUE (28.0)
NUM2 > 5.556345: FALSE (56.0)

Number of Leaves  : 	2

Size of the tree : 	3


Time taken to build model: 0.02 seconds

Time taken to test model on training data: 0 seconds

=== Error on training data ===

Correctly Classified Instances          84              100      %
Incorrectly Classified Instances         0                0      %
Kappa statistic                          1     
K&B Relative Info Score                100      %
K&B Information Score                   78.5419 bits      0.935  bits/instance
Class complexity | order 0              78.5419 bits      0.935  bits/instance
Class complexity | scheme                0      bits      0      bits/instance
Complexity improvement     (Sf)         78.5419 bits      0.935  bits/instance
Mean absolute error                      0     
Root mean squared error                  0     
Relative absolute error                  0      %
Root relative squared error              0      %
Total Number of Instances               84     


=== Detailed Accuracy By Class ===

                 TP Rate  FP Rate  Precision  Recall   F-Measure  MCC      ROC Area  PRC Area  Class
                 1.000    0.000    1.000      1.000    1.000      1.000    1.000     1.000     TRUE
                 1.000    0.000    1.000      1.000    1.000      1.000    1.000     1.000     FALSE
                 ?        0.000    ?          ?        ?          ?        ?         ?         UNKNOWN
Weighted Avg.    1.000    0.000    1.000      1.000    1.000      1.000    1.000     1.000     


=== Confusion Matrix ===

  a  b  c   <-- classified as
 28  0  0 |  a = TRUE
  0 56  0 |  b = FALSE
  0  0  0 |  c = UNKNOWN

Time taken to perform cross-validation: 0.01 seconds


=== Stratified cross-validation ===

Correctly Classified Instances          82               97.619  %
Incorrectly Classified Instances         2                2.381  %
Kappa statistic                          0.9455
K&B Relative Info Score                 94.4815 %
K&B Information Score                   74.4606 bits      0.8864 bits/instance
Class complexity | order 0              78.8097 bits      0.9382 bits/instance
Class complexity | scheme             2148      bits     25.5714 bits/instance
Complexity improvement     (Sf)      -2069.1903 bits    -24.6332 bits/instance
Mean absolute error                      0.0159
Root mean squared error                  0.126 
Relative absolute error                  5.2521 %
Root relative squared error             32.6897 %
Total Number of Instances               84     


=== Detailed Accuracy By Class ===

                 TP Rate  FP Rate  Precision  Recall   F-Measure  MCC      ROC Area  PRC Area  Class
                 0.929    0.000    1.000      0.929    0.963      0.947    0.964     0.952     TRUE
                 1.000    0.071    0.966      1.000    0.982      0.947    0.964     0.966     FALSE
                 ?        0.000    ?          ?        ?          ?        ?         ?         UNKNOWN
Weighted Avg.    0.976    0.048    0.977      0.976    0.976      0.947    0.964     0.961     


=== Confusion Matrix ===

  a  b  c   <-- classified as
 26  2  0 |  a = TRUE
  0 56  0 |  b = FALSE
  0  0  0 |  c = UNKNOWN

