WARNING: core mtj jar files are not available as resources to this classloader (jdk.internal.loader.ClassLoaders$AppClassLoader@5c29bfd)

=== Classifier model (full training set) ===

J48 pruned tree
------------------

NUM3 <= 1.998847
|   NUM2 <= -3.509786: TRUE (347.0)
|   NUM2 > -3.509786: FALSE (870.0)
NUM3 > 1.998847: TRUE (796.0)

Number of Leaves  : 	3

Size of the tree : 	5


Time taken to build model: 0.03 seconds

Time taken to test model on training data: 0.01 seconds

=== Error on training data ===

Correctly Classified Instances        2013              100      %
Incorrectly Classified Instances         0                0      %
Kappa statistic                          1     
K&B Relative Info Score                100      %
K&B Information Score                 1987.6514 bits      0.9874 bits/instance
Class complexity | order 0            1987.6514 bits      0.9874 bits/instance
Class complexity | scheme                0      bits      0      bits/instance
Complexity improvement     (Sf)       1987.6514 bits      0.9874 bits/instance
Mean absolute error                      0     
Root mean squared error                  0     
Relative absolute error                  0      %
Root relative squared error              0      %
Total Number of Instances             2013     


=== Detailed Accuracy By Class ===

                 TP Rate  FP Rate  Precision  Recall   F-Measure  MCC      ROC Area  PRC Area  Class
                 1.000    0.000    1.000      1.000    1.000      1.000    1.000     1.000     TRUE
                 1.000    0.000    1.000      1.000    1.000      1.000    1.000     1.000     FALSE
                 ?        0.000    ?          ?        ?          ?        ?         ?         UNKNOWN
Weighted Avg.    1.000    0.000    1.000      1.000    1.000      1.000    1.000     1.000     


=== Confusion Matrix ===

    a    b    c   <-- classified as
 1143    0    0 |    a = TRUE
    0  870    0 |    b = FALSE
    0    0    0 |    c = UNKNOWN

Time taken to perform cross-validation: 0.05 seconds


=== Stratified cross-validation ===

Correctly Classified Instances        2012               99.9503 %
Incorrectly Classified Instances         1                0.0497 %
Kappa statistic                          0.999 
K&B Relative Info Score                 99.898  %
K&B Information Score                 1985.7857 bits      0.9865 bits/instance
Class complexity | order 0            1987.8126 bits      0.9875 bits/instance
Class complexity | scheme             1074      bits      0.5335 bits/instance
Complexity improvement     (Sf)        913.8126 bits      0.454  bits/instance
Mean absolute error                      0.0003
Root mean squared error                  0.0182
Relative absolute error                  0.1012 %
Root relative squared error              4.4992 %
Total Number of Instances             2013     


=== Detailed Accuracy By Class ===

                 TP Rate  FP Rate  Precision  Recall   F-Measure  MCC      ROC Area  PRC Area  Class
                 1.000    0.001    0.999      1.000    1.000      0.999    0.999     0.999     TRUE
                 0.999    0.000    1.000      0.999    0.999      0.999    0.999     0.999     FALSE
                 ?        0.000    ?          ?        ?          ?        ?         ?         UNKNOWN
Weighted Avg.    1.000    0.001    1.000      1.000    1.000      0.999    0.999     0.999     


=== Confusion Matrix ===

    a    b    c   <-- classified as
 1143    0    0 |    a = TRUE
    1  869    0 |    b = FALSE
    0    0    0 |    c = UNKNOWN

