WARNING: core mtj jar files are not available as resources to this classloader (jdk.internal.loader.ClassLoaders$AppClassLoader@5c29bfd)

=== Classifier model (full training set) ===

J48 pruned tree
------------------

NUM3 <= 2.798718: TRUE (67.0)
NUM3 > 2.798718: FALSE (77.0)

Number of Leaves  : 	2

Size of the tree : 	3


Time taken to build model: 0.01 seconds

Time taken to test model on training data: 0 seconds

=== Error on training data ===

Correctly Classified Instances         144              100      %
Incorrectly Classified Instances         0                0      %
Kappa statistic                          1     
K&B Relative Info Score                100      %
K&B Information Score                  144.9168 bits      1.0064 bits/instance
Class complexity | order 0             144.9168 bits      1.0064 bits/instance
Class complexity | scheme                0      bits      0      bits/instance
Complexity improvement     (Sf)        144.9168 bits      1.0064 bits/instance
Mean absolute error                      0     
Root mean squared error                  0     
Relative absolute error                  0      %
Root relative squared error              0      %
Total Number of Instances              144     


=== Detailed Accuracy By Class ===

                 TP Rate  FP Rate  Precision  Recall   F-Measure  MCC      ROC Area  PRC Area  Class
                 1.000    0.000    1.000      1.000    1.000      1.000    1.000     1.000     TRUE
                 1.000    0.000    1.000      1.000    1.000      1.000    1.000     1.000     FALSE
                 ?        0.000    ?          ?        ?          ?        ?         ?         UNKNOWN
Weighted Avg.    1.000    0.000    1.000      1.000    1.000      1.000    1.000     1.000     


=== Confusion Matrix ===

  a  b  c   <-- classified as
 67  0  0 |  a = TRUE
  0 77  0 |  b = FALSE
  0  0  0 |  c = UNKNOWN

Time taken to perform cross-validation: 0.01 seconds


=== Stratified cross-validation ===

Correctly Classified Instances         143               99.3056 %
Incorrectly Classified Instances         1                0.6944 %
Kappa statistic                          0.986 
K&B Relative Info Score                 98.6175 %
K&B Information Score                  143.1345 bits      0.994  bits/instance
Class complexity | order 0             145.1412 bits      1.0079 bits/instance
Class complexity | scheme             1074      bits      7.4583 bits/instance
Complexity improvement     (Sf)       -928.8588 bits     -6.4504 bits/instance
Mean absolute error                      0.0046
Root mean squared error                  0.068 
Relative absolute error                  1.3845 %
Root relative squared error             16.7    %
Total Number of Instances              144     


=== Detailed Accuracy By Class ===

                 TP Rate  FP Rate  Precision  Recall   F-Measure  MCC      ROC Area  PRC Area  Class
                 0.985    0.000    1.000      0.985    0.992      0.986    0.993     0.992     TRUE
                 1.000    0.015    0.987      1.000    0.994      0.986    0.993     0.987     FALSE
                 ?        0.000    ?          ?        ?          ?        ?         ?         UNKNOWN
Weighted Avg.    0.993    0.008    0.993      0.993    0.993      0.986    0.993     0.989     


=== Confusion Matrix ===

  a  b  c   <-- classified as
 66  1  0 |  a = TRUE
  0 77  0 |  b = FALSE
  0  0  0 |  c = UNKNOWN

