WARNING: core mtj jar files are not available as resources to this classloader (jdk.internal.loader.ClassLoaders$AppClassLoader@5c29bfd)

=== Classifier model (full training set) ===

J48 pruned tree
------------------

NUM3 <= 1.993979
|   NUM2 <= -3.512337: TRUE (77.0)
|   NUM2 > -3.512337: FALSE (182.0)
NUM3 > 1.993979: TRUE (158.0)

Number of Leaves  : 	3

Size of the tree : 	5


Time taken to build model: 0.01 seconds

Time taken to test model on training data: 0 seconds

=== Error on training data ===

Correctly Classified Instances         417              100      %
Incorrectly Classified Instances         0                0      %
Kappa statistic                          1     
K&B Relative Info Score                100      %
K&B Information Score                  413.5619 bits      0.9918 bits/instance
Class complexity | order 0             413.5619 bits      0.9918 bits/instance
Class complexity | scheme                0      bits      0      bits/instance
Complexity improvement     (Sf)        413.5619 bits      0.9918 bits/instance
Mean absolute error                      0     
Root mean squared error                  0     
Relative absolute error                  0      %
Root relative squared error              0      %
Total Number of Instances              417     


=== Detailed Accuracy By Class ===

                 TP Rate  FP Rate  Precision  Recall   F-Measure  MCC      ROC Area  PRC Area  Class
                 1.000    0.000    1.000      1.000    1.000      1.000    1.000     1.000     TRUE
                 1.000    0.000    1.000      1.000    1.000      1.000    1.000     1.000     FALSE
                 ?        0.000    ?          ?        ?          ?        ?         ?         UNKNOWN
Weighted Avg.    1.000    0.000    1.000      1.000    1.000      1.000    1.000     1.000     


=== Confusion Matrix ===

   a   b   c   <-- classified as
 235   0   0 |   a = TRUE
   0 182   0 |   b = FALSE
   0   0   0 |   c = UNKNOWN

Time taken to perform cross-validation: 0.02 seconds


=== Stratified cross-validation ===

Correctly Classified Instances         415               99.5204 %
Incorrectly Classified Instances         2                0.4796 %
Kappa statistic                          0.9903
K&B Relative Info Score                 99.0217 %
K&B Information Score                  409.6967 bits      0.9825 bits/instance
Class complexity | order 0             413.7445 bits      0.9922 bits/instance
Class complexity | scheme             2148      bits      5.1511 bits/instance
Complexity improvement     (Sf)      -1734.2555 bits     -4.1589 bits/instance
Mean absolute error                      0.0032
Root mean squared error                  0.0565
Relative absolute error                  0.9722 %
Root relative squared error             13.9634 %
Total Number of Instances              417     


=== Detailed Accuracy By Class ===

                 TP Rate  FP Rate  Precision  Recall   F-Measure  MCC      ROC Area  PRC Area  Class
                 0.996    0.005    0.996      0.996    0.996      0.990    0.995     0.994     TRUE
                 0.995    0.004    0.995      0.995    0.995      0.990    0.995     0.991     FALSE
                 ?        0.000    ?          ?        ?          ?        ?         ?         UNKNOWN
Weighted Avg.    0.995    0.005    0.995      0.995    0.995      0.990    0.995     0.993     


=== Confusion Matrix ===

   a   b   c   <-- classified as
 234   1   0 |   a = TRUE
   1 181   0 |   b = FALSE
   0   0   0 |   c = UNKNOWN

