WARNING: core mtj jar files are not available as resources to this classloader (jdk.internal.loader.ClassLoaders$AppClassLoader@5c29bfd)

=== Classifier model (full training set) ===

J48 pruned tree
------------------

NUM3 <= 1.993979
|   NUM2 <= -3.504768: TRUE (91.0)
|   NUM2 > -3.504768: FALSE (231.0)
NUM3 > 1.993979: TRUE (200.0)

Number of Leaves  : 	3

Size of the tree : 	5


Time taken to build model: 0.02 seconds

Time taken to test model on training data: 0 seconds

=== Error on training data ===

Correctly Classified Instances         522              100      %
Incorrectly Classified Instances         0                0      %
Kappa statistic                          1     
K&B Relative Info Score                100      %
K&B Information Score                  518.4501 bits      0.9932 bits/instance
Class complexity | order 0             518.4501 bits      0.9932 bits/instance
Class complexity | scheme                0      bits      0      bits/instance
Complexity improvement     (Sf)        518.4501 bits      0.9932 bits/instance
Mean absolute error                      0     
Root mean squared error                  0     
Relative absolute error                  0      %
Root relative squared error              0      %
Total Number of Instances              522     


=== Detailed Accuracy By Class ===

                 TP Rate  FP Rate  Precision  Recall   F-Measure  MCC      ROC Area  PRC Area  Class
                 1.000    0.000    1.000      1.000    1.000      1.000    1.000     1.000     TRUE
                 1.000    0.000    1.000      1.000    1.000      1.000    1.000     1.000     FALSE
                 ?        0.000    ?          ?        ?          ?        ?         ?         UNKNOWN
Weighted Avg.    1.000    0.000    1.000      1.000    1.000      1.000    1.000     1.000     


=== Confusion Matrix ===

   a   b   c   <-- classified as
 291   0   0 |   a = TRUE
   0 231   0 |   b = FALSE
   0   0   0 |   c = UNKNOWN

Time taken to perform cross-validation: 0.02 seconds


=== Stratified cross-validation ===

Correctly Classified Instances         520               99.6169 %
Incorrectly Classified Instances         2                0.3831 %
Kappa statistic                          0.9922
K&B Relative Info Score                 99.2214 %
K&B Information Score                  514.5775 bits      0.9858 bits/instance
Class complexity | order 0             518.6154 bits      0.9935 bits/instance
Class complexity | scheme             2148      bits      4.1149 bits/instance
Complexity improvement     (Sf)      -1629.3846 bits     -3.1214 bits/instance
Mean absolute error                      0.0026
Root mean squared error                  0.0505
Relative absolute error                  0.7748 %
Root relative squared error             12.4621 %
Total Number of Instances              522     


=== Detailed Accuracy By Class ===

                 TP Rate  FP Rate  Precision  Recall   F-Measure  MCC      ROC Area  PRC Area  Class
                 0.997    0.004    0.997      0.997    0.997      0.992    0.996     0.995     TRUE
                 0.996    0.003    0.996      0.996    0.996      0.992    0.996     0.993     FALSE
                 ?        0.000    ?          ?        ?          ?        ?         ?         UNKNOWN
Weighted Avg.    0.996    0.004    0.996      0.996    0.996      0.992    0.996     0.994     


=== Confusion Matrix ===

   a   b   c   <-- classified as
 290   1   0 |   a = TRUE
   1 230   0 |   b = FALSE
   0   0   0 |   c = UNKNOWN

