WARNING: core mtj jar files are not available as resources to this classloader (jdk.internal.loader.ClassLoaders$AppClassLoader@5c29bfd)

=== Classifier model (full training set) ===

J48 pruned tree
------------------

NUM2 <= 6.781284
|   NUM1 <= 30: TRUE (161.0)
|   NUM1 > 30: FALSE (52.0)
NUM2 > 6.781284: FALSE (270.0)

Number of Leaves  : 	3

Size of the tree : 	5


Time taken to build model: 0.02 seconds

Time taken to test model on training data: 0 seconds

=== Error on training data ===

Correctly Classified Instances         483              100      %
Incorrectly Classified Instances         0                0      %
Kappa statistic                          1     
K&B Relative Info Score                100      %
K&B Information Score                  444.9729 bits      0.9213 bits/instance
Class complexity | order 0             444.9729 bits      0.9213 bits/instance
Class complexity | scheme                0      bits      0      bits/instance
Complexity improvement     (Sf)        444.9729 bits      0.9213 bits/instance
Mean absolute error                      0     
Root mean squared error                  0     
Relative absolute error                  0      %
Root relative squared error              0      %
Total Number of Instances              483     


=== Detailed Accuracy By Class ===

                 TP Rate  FP Rate  Precision  Recall   F-Measure  MCC      ROC Area  PRC Area  Class
                 1.000    0.000    1.000      1.000    1.000      1.000    1.000     1.000     TRUE
                 1.000    0.000    1.000      1.000    1.000      1.000    1.000     1.000     FALSE
                 ?        0.000    ?          ?        ?          ?        ?         ?         UNKNOWN
Weighted Avg.    1.000    0.000    1.000      1.000    1.000      1.000    1.000     1.000     


=== Confusion Matrix ===

   a   b   c   <-- classified as
 161   0   0 |   a = TRUE
   0 322   0 |   b = FALSE
   0   0   0 |   c = UNKNOWN

Time taken to perform cross-validation: 0.02 seconds


=== Stratified cross-validation ===

Correctly Classified Instances         482               99.793  %
Incorrectly Classified Instances         1                0.207  %
Kappa statistic                          0.9953
K&B Relative Info Score                 99.5125 %
K&B Information Score                  442.9722 bits      0.9171 bits/instance
Class complexity | order 0             445.1421 bits      0.9216 bits/instance
Class complexity | scheme             1074      bits      2.2236 bits/instance
Complexity improvement     (Sf)       -628.8579 bits     -1.302  bits/instance
Mean absolute error                      0.0014
Root mean squared error                  0.0372
Relative absolute error                  0.4642 %
Root relative squared error              9.6521 %
Total Number of Instances              483     


=== Detailed Accuracy By Class ===

                 TP Rate  FP Rate  Precision  Recall   F-Measure  MCC      ROC Area  PRC Area  Class
                 0.994    0.000    1.000      0.994    0.997      0.995    0.997     0.996     TRUE
                 1.000    0.006    0.997      1.000    0.998      0.995    0.997     0.997     FALSE
                 ?        0.000    ?          ?        ?          ?        ?         ?         UNKNOWN
Weighted Avg.    0.998    0.004    0.998      0.998    0.998      0.995    0.997     0.997     


=== Confusion Matrix ===

   a   b   c   <-- classified as
 160   1   0 |   a = TRUE
   0 322   0 |   b = FALSE
   0   0   0 |   c = UNKNOWN

