
=== Classifier model (full training set) ===

J48 pruned tree
------------------

NUM2 <= 4753.999554
|   NUM1 <= 7151408: TRUE (45.0)
|   NUM1 > 7151408: FALSE (204.0)
NUM2 > 4753.999554: TRUE (159.0)

Number of Leaves  : 	3

Size of the tree : 	5


Time taken to build model: 0.26 seconds

Time taken to test model on training data: 0.04 seconds

=== Error on training data ===

Correctly Classified Instances         408              100      %
Incorrectly Classified Instances         0                0      %
Kappa statistic                          1     
K&B Relative Info Score                100      %
K&B Information Score                  408      bits      1      bits/instance
Class complexity | order 0             408      bits      1      bits/instance
Class complexity | scheme                0      bits      0      bits/instance
Complexity improvement     (Sf)        408      bits      1      bits/instance
Mean absolute error                      0     
Root mean squared error                  0     
Relative absolute error                  0      %
Root relative squared error              0      %
Total Number of Instances              408     


=== Detailed Accuracy By Class ===

                 TP Rate  FP Rate  Precision  Recall   F-Measure  MCC      ROC Area  PRC Area  Class
                 1.000    0.000    1.000      1.000    1.000      1.000    1.000     1.000     TRUE
                 1.000    0.000    1.000      1.000    1.000      1.000    1.000     1.000     FALSE
Weighted Avg.    1.000    0.000    1.000      1.000    1.000      1.000    1.000     1.000     


=== Confusion Matrix ===

   a   b   <-- classified as
 204   0 |   a = TRUE
   0 204 |   b = FALSE

Time taken to perform cross-validation: 0.14 seconds


=== Stratified cross-validation ===

Correctly Classified Instances         406               99.5098 %
Incorrectly Classified Instances         2                0.4902 %
Kappa statistic                          0.9902
K&B Relative Info Score                 99.0197 %
K&B Information Score                  404.033  bits      0.9903 bits/instance
Class complexity | order 0             408.033  bits      1.0001 bits/instance
Class complexity | scheme             2148      bits      5.2647 bits/instance
Complexity improvement     (Sf)      -1739.967  bits     -4.2646 bits/instance
Mean absolute error                      0.0049
Root mean squared error                  0.07  
Relative absolute error                  0.9803 %
Root relative squared error             14.002  %
Total Number of Instances              408     


=== Detailed Accuracy By Class ===

                 TP Rate  FP Rate  Precision  Recall   F-Measure  MCC      ROC Area  PRC Area  Class
                 0.995    0.005    0.995      0.995    0.995      0.990    0.995     0.993     TRUE
                 0.995    0.005    0.995      0.995    0.995      0.990    0.995     0.993     FALSE
Weighted Avg.    0.995    0.005    0.995      0.995    0.995      0.990    0.995     0.993     


=== Confusion Matrix ===

   a   b   <-- classified as
 203   1 |   a = TRUE
   1 203 |   b = FALSE

Picked up JAVA_TOOL_OPTIONS: -Xmx2g
java.lang.reflect.InaccessibleObjectException: Unable to make protected final java.lang.Class java.lang.ClassLoader.defineClass(java.lang.String,byte[],int,int,java.security.ProtectionDomain) throws java.lang.ClassFormatError accessible: module java.base does not "opens java.lang" to unnamed module @4b6995df
	at java.base/java.lang.reflect.AccessibleObject.checkCanSetAccessible(AccessibleObject.java:354)
	at java.base/java.lang.reflect.AccessibleObject.checkCanSetAccessible(AccessibleObject.java:297)
	at java.base/java.lang.reflect.Method.checkCanSetAccessible(Method.java:199)
	at java.base/java.lang.reflect.Method.setAccessible(Method.java:193)
	at weka.core.WekaPackageClassLoaderManager.injectClasses(WekaPackageClassLoaderManager.java:792)
	at weka.core.WekaPackageClassLoaderManager.injectAllClassesInFromStream(WekaPackageClassLoaderManager.java:690)
	at weka.core.WekaPackageClassLoaderManager.injectMTJCoreClasses(WekaPackageClassLoaderManager.java:118)
	at weka.core.WekaPackageManager.<clinit>(WekaPackageManager.java:255)
	at weka.core.ResourceUtils.readProperties(ResourceUtils.java:241)
	at weka.core.ResourceUtils.readProperties(ResourceUtils.java:184)
	at weka.core.Utils.readProperties(Utils.java:183)
	at weka.core.Capabilities.<clinit>(Capabilities.java:104)
	at weka.classifiers.trees.J48.getCapabilities(J48.java:250)
	at weka.classifiers.trees.J48.buildClassifier(J48.java:300)
	at weka.classifiers.evaluation.Evaluation.evaluateModel(Evaluation.java:1632)
	at weka.classifiers.Evaluation.evaluateModel(Evaluation.java:668)
	at weka.classifiers.AbstractClassifier.runClassifier(AbstractClassifier.java:141)
	at weka.classifiers.trees.J48.main(J48.java:1221)
