WARNING: core mtj jar files are not available as resources to this classloader (jdk.internal.loader.ClassLoaders$AppClassLoader@5c29bfd)

=== Classifier model (full training set) ===

J48 pruned tree
------------------

NUM3 <= 2.695038: TRUE (96.0)
NUM3 > 2.695038
|   NUM1 <= 5157427.562259: TRUE (65.0)
|   NUM1 > 5157427.562259
|   |   NUM0 <= 5201995: FALSE (264.0)
|   |   NUM0 > 5201995: TRUE (49.0)

Number of Leaves  : 	4

Size of the tree : 	7


Time taken to build model: 0.02 seconds

Time taken to test model on training data: 0.01 seconds

=== Error on training data ===

Correctly Classified Instances         474              100      %
Incorrectly Classified Instances         0                0      %
Kappa statistic                          1     
K&B Relative Info Score                100      %
K&B Information Score                  470.9879 bits      0.9936 bits/instance
Class complexity | order 0             470.9879 bits      0.9936 bits/instance
Class complexity | scheme                0      bits      0      bits/instance
Complexity improvement     (Sf)        470.9879 bits      0.9936 bits/instance
Mean absolute error                      0     
Root mean squared error                  0     
Relative absolute error                  0      %
Root relative squared error              0      %
Total Number of Instances              474     


=== Detailed Accuracy By Class ===

                 TP Rate  FP Rate  Precision  Recall   F-Measure  MCC      ROC Area  PRC Area  Class
                 1.000    0.000    1.000      1.000    1.000      1.000    1.000     1.000     TRUE
                 1.000    0.000    1.000      1.000    1.000      1.000    1.000     1.000     FALSE
                 ?        0.000    ?          ?        ?          ?        ?         ?         UNKNOWN
Weighted Avg.    1.000    0.000    1.000      1.000    1.000      1.000    1.000     1.000     


=== Confusion Matrix ===

   a   b   c   <-- classified as
 210   0   0 |   a = TRUE
   0 264   0 |   b = FALSE
   0   0   0 |   c = UNKNOWN

Time taken to perform cross-validation: 0.03 seconds


=== Stratified cross-validation ===

Correctly Classified Instances         473               99.789  %
Incorrectly Classified Instances         1                0.211  %
Kappa statistic                          0.9957
K&B Relative Info Score                 99.5713 %
K&B Information Score                  469.1336 bits      0.9897 bits/instance
Class complexity | order 0             471.1533 bits      0.994  bits/instance
Class complexity | scheme             1074      bits      2.2658 bits/instance
Complexity improvement     (Sf)       -602.8467 bits     -1.2718 bits/instance
Mean absolute error                      0.0014
Root mean squared error                  0.0375
Relative absolute error                  0.4264 %
Root relative squared error              9.2463 %
Total Number of Instances              474     


=== Detailed Accuracy By Class ===

                 TP Rate  FP Rate  Precision  Recall   F-Measure  MCC      ROC Area  PRC Area  Class
                 0.995    0.000    1.000      0.995    0.998      0.996    0.998     0.997     TRUE
                 1.000    0.005    0.996      1.000    0.998      0.996    0.998     0.996     FALSE
                 ?        0.000    ?          ?        ?          ?        ?         ?         UNKNOWN
Weighted Avg.    0.998    0.003    0.998      0.998    0.998      0.996    0.998     0.997     


=== Confusion Matrix ===

   a   b   c   <-- classified as
 209   1   0 |   a = TRUE
   0 264   0 |   b = FALSE
   0   0   0 |   c = UNKNOWN

