WARNING: core mtj jar files are not available as resources to this classloader (jdk.internal.loader.ClassLoaders$AppClassLoader@5c29bfd)

=== Classifier model (full training set) ===

J48 pruned tree
------------------

NUM3 <= 2.695038: TRUE (45.0)
NUM3 > 2.695038
|   NUM0 <= 5201995
|   |   NUM1 <= 5157427.562259: TRUE (28.0)
|   |   NUM1 > 5157427.562259: FALSE (135.0)
|   NUM0 > 5201995: TRUE (29.0)

Number of Leaves  : 	4

Size of the tree : 	7


Time taken to build model: 0.02 seconds

Time taken to test model on training data: 0 seconds

=== Error on training data ===

Correctly Classified Instances         237              100      %
Incorrectly Classified Instances         0                0      %
Kappa statistic                          1     
K&B Relative Info Score                100      %
K&B Information Score                  235.1025 bits      0.992  bits/instance
Class complexity | order 0             235.1025 bits      0.992  bits/instance
Class complexity | scheme                0      bits      0      bits/instance
Complexity improvement     (Sf)        235.1025 bits      0.992  bits/instance
Mean absolute error                      0     
Root mean squared error                  0     
Relative absolute error                  0      %
Root relative squared error              0      %
Total Number of Instances              237     


=== Detailed Accuracy By Class ===

                 TP Rate  FP Rate  Precision  Recall   F-Measure  MCC      ROC Area  PRC Area  Class
                 1.000    0.000    1.000      1.000    1.000      1.000    1.000     1.000     TRUE
                 1.000    0.000    1.000      1.000    1.000      1.000    1.000     1.000     FALSE
                 ?        0.000    ?          ?        ?          ?        ?         ?         UNKNOWN
Weighted Avg.    1.000    0.000    1.000      1.000    1.000      1.000    1.000     1.000     


=== Confusion Matrix ===

   a   b   c   <-- classified as
 102   0   0 |   a = TRUE
   0 135   0 |   b = FALSE
   0   0   0 |   c = UNKNOWN

Time taken to perform cross-validation: 0.02 seconds


=== Stratified cross-validation ===

Correctly Classified Instances         236               99.5781 %
Incorrectly Classified Instances         1                0.4219 %
Kappa statistic                          0.9914
K&B Relative Info Score                 99.1374 %
K&B Information Score                  233.2723 bits      0.9843 bits/instance
Class complexity | order 0             235.302  bits      0.9928 bits/instance
Class complexity | scheme             1074      bits      4.5316 bits/instance
Complexity improvement     (Sf)       -838.698  bits     -3.5388 bits/instance
Mean absolute error                      0.0028
Root mean squared error                  0.053 
Relative absolute error                  0.8562 %
Root relative squared error             13.1171 %
Total Number of Instances              237     


=== Detailed Accuracy By Class ===

                 TP Rate  FP Rate  Precision  Recall   F-Measure  MCC      ROC Area  PRC Area  Class
                 0.990    0.000    1.000      0.990    0.995      0.991    0.995     0.994     TRUE
                 1.000    0.010    0.993      1.000    0.996      0.991    0.995     0.993     FALSE
                 ?        0.000    ?          ?        ?          ?        ?         ?         UNKNOWN
Weighted Avg.    0.996    0.006    0.996      0.996    0.996      0.991    0.995     0.993     


=== Confusion Matrix ===

   a   b   c   <-- classified as
 101   1   0 |   a = TRUE
   0 135   0 |   b = FALSE
   0   0   0 |   c = UNKNOWN

