WARNING: core mtj jar files are not available as resources to this classloader (jdk.internal.loader.ClassLoaders$AppClassLoader@5c29bfd)

=== Classifier model (full training set) ===

J48 pruned tree
------------------

NUM2 <= 6.7438
|   NUM1 <= 30: TRUE (40.0)
|   NUM1 > 30: FALSE (10.0)
NUM2 > 6.7438: FALSE (70.0)

Number of Leaves  : 	3

Size of the tree : 	5


Time taken to build model: 0.01 seconds

Time taken to test model on training data: 0 seconds

=== Error on training data ===

Correctly Classified Instances         120              100      %
Incorrectly Classified Instances         0                0      %
Kappa statistic                          1     
K&B Relative Info Score                100      %
K&B Information Score                  111.6117 bits      0.9301 bits/instance
Class complexity | order 0             111.6117 bits      0.9301 bits/instance
Class complexity | scheme                0      bits      0      bits/instance
Complexity improvement     (Sf)        111.6117 bits      0.9301 bits/instance
Mean absolute error                      0     
Root mean squared error                  0     
Relative absolute error                  0      %
Root relative squared error              0      %
Total Number of Instances              120     


=== Detailed Accuracy By Class ===

                 TP Rate  FP Rate  Precision  Recall   F-Measure  MCC      ROC Area  PRC Area  Class
                 1.000    0.000    1.000      1.000    1.000      1.000    1.000     1.000     TRUE
                 1.000    0.000    1.000      1.000    1.000      1.000    1.000     1.000     FALSE
                 ?        0.000    ?          ?        ?          ?        ?         ?         UNKNOWN
Weighted Avg.    1.000    0.000    1.000      1.000    1.000      1.000    1.000     1.000     


=== Confusion Matrix ===

  a  b  c   <-- classified as
 40  0  0 |  a = TRUE
  0 80  0 |  b = FALSE
  0  0  0 |  c = UNKNOWN

Time taken to perform cross-validation: 0.01 seconds


=== Stratified cross-validation ===

Correctly Classified Instances         119               99.1667 %
Incorrectly Classified Instances         1                0.8333 %
Kappa statistic                          0.9811
K&B Relative Info Score                 98.0585 %
K&B Information Score                  109.5959 bits      0.9133 bits/instance
Class complexity | order 0             111.7658 bits      0.9314 bits/instance
Class complexity | scheme             1074      bits      8.95   bits/instance
Complexity improvement     (Sf)       -962.2342 bits     -8.0186 bits/instance
Mean absolute error                      0.0056
Root mean squared error                  0.0745
Relative absolute error                  1.85   %
Root relative squared error             19.3614 %
Total Number of Instances              120     


=== Detailed Accuracy By Class ===

                 TP Rate  FP Rate  Precision  Recall   F-Measure  MCC      ROC Area  PRC Area  Class
                 0.975    0.000    1.000      0.975    0.987      0.981    0.988     0.983     TRUE
                 1.000    0.025    0.988      1.000    0.994      0.981    0.988     0.988     FALSE
                 ?        0.000    ?          ?        ?          ?        ?         ?         UNKNOWN
Weighted Avg.    0.992    0.017    0.992      0.992    0.992      0.981    0.988     0.986     


=== Confusion Matrix ===

  a  b  c   <-- classified as
 39  1  0 |  a = TRUE
  0 80  0 |  b = FALSE
  0  0  0 |  c = UNKNOWN

