
=== Classifier model (full training set) ===

J48 pruned tree
------------------

NUM0 <= 7184674
|   NUM6 <= 1627620: TRUE (58.0)
|   NUM6 > 1627620: FALSE (251.0)
NUM0 > 7184674: TRUE (193.0)

Number of Leaves  : 	3

Size of the tree : 	5


Time taken to build model: 0.27 seconds

Time taken to test model on training data: 0.04 seconds

=== Error on training data ===

Correctly Classified Instances         502              100      %
Incorrectly Classified Instances         0                0      %
Kappa statistic                          1     
K&B Relative Info Score                100      %
K&B Information Score                  502      bits      1      bits/instance
Class complexity | order 0             502      bits      1      bits/instance
Class complexity | scheme                0      bits      0      bits/instance
Complexity improvement     (Sf)        502      bits      1      bits/instance
Mean absolute error                      0     
Root mean squared error                  0     
Relative absolute error                  0      %
Root relative squared error              0      %
Total Number of Instances              502     


=== Detailed Accuracy By Class ===

                 TP Rate  FP Rate  Precision  Recall   F-Measure  MCC      ROC Area  PRC Area  Class
                 1.000    0.000    1.000      1.000    1.000      1.000    1.000     1.000     TRUE
                 1.000    0.000    1.000      1.000    1.000      1.000    1.000     1.000     FALSE
Weighted Avg.    1.000    0.000    1.000      1.000    1.000      1.000    1.000     1.000     


=== Confusion Matrix ===

   a   b   <-- classified as
 251   0 |   a = TRUE
   0 251 |   b = FALSE

Time taken to perform cross-validation: 0.2 seconds


=== Stratified cross-validation ===

Correctly Classified Instances         500               99.6016 %
Incorrectly Classified Instances         2                0.3984 %
Kappa statistic                          0.992 
K&B Relative Info Score                 99.2032 %
K&B Information Score                  498.0067 bits      0.992  bits/instance
Class complexity | order 0             502.0067 bits      1      bits/instance
Class complexity | scheme             2148      bits      4.2789 bits/instance
Complexity improvement     (Sf)      -1645.9933 bits     -3.2789 bits/instance
Mean absolute error                      0.004 
Root mean squared error                  0.0631
Relative absolute error                  0.7968 %
Root relative squared error             12.6238 %
Total Number of Instances              502     


=== Detailed Accuracy By Class ===

                 TP Rate  FP Rate  Precision  Recall   F-Measure  MCC      ROC Area  PRC Area  Class
                 0.996    0.004    0.996      0.996    0.996      0.992    0.996     0.994     TRUE
                 0.996    0.004    0.996      0.996    0.996      0.992    0.996     0.994     FALSE
Weighted Avg.    0.996    0.004    0.996      0.996    0.996      0.992    0.996     0.994     


=== Confusion Matrix ===

   a   b   <-- classified as
 250   1 |   a = TRUE
   1 250 |   b = FALSE

Picked up JAVA_TOOL_OPTIONS: -Xmx2g
java.lang.reflect.InaccessibleObjectException: Unable to make protected final java.lang.Class java.lang.ClassLoader.defineClass(java.lang.String,byte[],int,int,java.security.ProtectionDomain) throws java.lang.ClassFormatError accessible: module java.base does not "opens java.lang" to unnamed module @4b6995df
	at java.base/java.lang.reflect.AccessibleObject.checkCanSetAccessible(AccessibleObject.java:354)
	at java.base/java.lang.reflect.AccessibleObject.checkCanSetAccessible(AccessibleObject.java:297)
	at java.base/java.lang.reflect.Method.checkCanSetAccessible(Method.java:199)
	at java.base/java.lang.reflect.Method.setAccessible(Method.java:193)
	at weka.core.WekaPackageClassLoaderManager.injectClasses(WekaPackageClassLoaderManager.java:792)
	at weka.core.WekaPackageClassLoaderManager.injectAllClassesInFromStream(WekaPackageClassLoaderManager.java:690)
	at weka.core.WekaPackageClassLoaderManager.injectMTJCoreClasses(WekaPackageClassLoaderManager.java:118)
	at weka.core.WekaPackageManager.<clinit>(WekaPackageManager.java:255)
	at weka.core.ResourceUtils.readProperties(ResourceUtils.java:241)
	at weka.core.ResourceUtils.readProperties(ResourceUtils.java:184)
	at weka.core.Utils.readProperties(Utils.java:183)
	at weka.core.Capabilities.<clinit>(Capabilities.java:104)
	at weka.classifiers.trees.J48.getCapabilities(J48.java:250)
	at weka.classifiers.trees.J48.buildClassifier(J48.java:300)
	at weka.classifiers.evaluation.Evaluation.evaluateModel(Evaluation.java:1632)
	at weka.classifiers.Evaluation.evaluateModel(Evaluation.java:668)
	at weka.classifiers.AbstractClassifier.runClassifier(AbstractClassifier.java:141)
	at weka.classifiers.trees.J48.main(J48.java:1221)
