WARNING: core mtj jar files are not available as resources to this classloader (jdk.internal.loader.ClassLoaders$AppClassLoader@5c29bfd)

=== Classifier model (full training set) ===

J48 pruned tree
------------------

NUM3 <= 2.762733: TRUE (40.0)
NUM3 > 2.762733
|   NUM1 <= 5162813.972705: TRUE (37.0)
|   NUM1 > 5162813.972705
|   |   NUM0 <= 5185686: FALSE (129.0)
|   |   NUM0 > 5185686: TRUE (19.0)

Number of Leaves  : 	4

Size of the tree : 	7


Time taken to build model: 0.02 seconds

Time taken to test model on training data: 0 seconds

=== Error on training data ===

Correctly Classified Instances         225              100      %
Incorrectly Classified Instances         0                0      %
Kappa statistic                          1     
K&B Relative Info Score                100      %
K&B Information Score                  222.9232 bits      0.9908 bits/instance
Class complexity | order 0             222.9232 bits      0.9908 bits/instance
Class complexity | scheme                0      bits      0      bits/instance
Complexity improvement     (Sf)        222.9232 bits      0.9908 bits/instance
Mean absolute error                      0     
Root mean squared error                  0     
Relative absolute error                  0      %
Root relative squared error              0      %
Total Number of Instances              225     


=== Detailed Accuracy By Class ===

                 TP Rate  FP Rate  Precision  Recall   F-Measure  MCC      ROC Area  PRC Area  Class
                 1.000    0.000    1.000      1.000    1.000      1.000    1.000     1.000     TRUE
                 1.000    0.000    1.000      1.000    1.000      1.000    1.000     1.000     FALSE
                 ?        0.000    ?          ?        ?          ?        ?         ?         UNKNOWN
Weighted Avg.    1.000    0.000    1.000      1.000    1.000      1.000    1.000     1.000     


=== Confusion Matrix ===

   a   b   c   <-- classified as
  96   0   0 |   a = TRUE
   0 129   0 |   b = FALSE
   0   0   0 |   c = UNKNOWN

Time taken to perform cross-validation: 0.02 seconds


=== Stratified cross-validation ===

Correctly Classified Instances         223               99.1111 %
Incorrectly Classified Instances         2                0.8889 %
Kappa statistic                          0.9818
K&B Relative Info Score                 98.1795 %
K&B Information Score                  219.0529 bits      0.9736 bits/instance
Class complexity | order 0             223.1147 bits      0.9916 bits/instance
Class complexity | scheme             2148      bits      9.5467 bits/instance
Complexity improvement     (Sf)      -1924.8853 bits     -8.555  bits/instance
Mean absolute error                      0.0059
Root mean squared error                  0.077 
Relative absolute error                  1.8071 %
Root relative squared error             19.0596 %
Total Number of Instances              225     


=== Detailed Accuracy By Class ===

                 TP Rate  FP Rate  Precision  Recall   F-Measure  MCC      ROC Area  PRC Area  Class
                 0.979    0.000    1.000      0.979    0.989      0.982    0.990     0.988     TRUE
                 1.000    0.021    0.985      1.000    0.992      0.982    0.990     0.985     FALSE
                 ?        0.000    ?          ?        ?          ?        ?         ?         UNKNOWN
Weighted Avg.    0.991    0.012    0.991      0.991    0.991      0.982    0.990     0.986     


=== Confusion Matrix ===

   a   b   c   <-- classified as
  94   2   0 |   a = TRUE
   0 129   0 |   b = FALSE
   0   0   0 |   c = UNKNOWN

