WARNING: core mtj jar files are not available as resources to this classloader (jdk.internal.loader.ClassLoaders$AppClassLoader@5c29bfd)

=== Classifier model (full training set) ===

J48 pruned tree
------------------

NUM3 <= 2.762733: TRUE (89.0)
NUM3 > 2.762733
|   NUM1 <= 5162813.972705: TRUE (72.0)
|   NUM1 > 5162813.972705
|   |   NUM0 <= 5338968: FALSE (259.0)
|   |   NUM0 > 5338968: TRUE (30.0)

Number of Leaves  : 	4

Size of the tree : 	7


Time taken to build model: 0.02 seconds

Time taken to test model on training data: 0.01 seconds

=== Error on training data ===

Correctly Classified Instances         450              100      %
Incorrectly Classified Instances         0                0      %
Kappa statistic                          1     
K&B Relative Info Score                100      %
K&B Information Score                  443.9942 bits      0.9867 bits/instance
Class complexity | order 0             443.9942 bits      0.9867 bits/instance
Class complexity | scheme                0      bits      0      bits/instance
Complexity improvement     (Sf)        443.9942 bits      0.9867 bits/instance
Mean absolute error                      0     
Root mean squared error                  0     
Relative absolute error                  0      %
Root relative squared error              0      %
Total Number of Instances              450     


=== Detailed Accuracy By Class ===

                 TP Rate  FP Rate  Precision  Recall   F-Measure  MCC      ROC Area  PRC Area  Class
                 1.000    0.000    1.000      1.000    1.000      1.000    1.000     1.000     TRUE
                 1.000    0.000    1.000      1.000    1.000      1.000    1.000     1.000     FALSE
                 ?        0.000    ?          ?        ?          ?        ?         ?         UNKNOWN
Weighted Avg.    1.000    0.000    1.000      1.000    1.000      1.000    1.000     1.000     


=== Confusion Matrix ===

   a   b   c   <-- classified as
 191   0   0 |   a = TRUE
   0 259   0 |   b = FALSE
   0   0   0 |   c = UNKNOWN

Time taken to perform cross-validation: 0.03 seconds


=== Stratified cross-validation ===

Correctly Classified Instances         446               99.1111 %
Incorrectly Classified Instances         4                0.8889 %
Kappa statistic                          0.9818
K&B Relative Info Score                 98.169  %
K&B Information Score                  436.0338 bits      0.969  bits/instance
Class complexity | order 0             444.1664 bits      0.987  bits/instance
Class complexity | scheme             4296      bits      9.5467 bits/instance
Complexity improvement     (Sf)      -3851.8336 bits     -8.5596 bits/instance
Mean absolute error                      0.0059
Root mean squared error                  0.077 
Relative absolute error                  1.8144 %
Root relative squared error             19.0746 %
Total Number of Instances              450     


=== Detailed Accuracy By Class ===

                 TP Rate  FP Rate  Precision  Recall   F-Measure  MCC      ROC Area  PRC Area  Class
                 0.984    0.004    0.995      0.984    0.989      0.982    0.990     0.986     TRUE
                 0.996    0.016    0.989      0.996    0.992      0.982    0.990     0.987     FALSE
                 ?        0.000    ?          ?        ?          ?        ?         ?         UNKNOWN
Weighted Avg.    0.991    0.011    0.991      0.991    0.991      0.982    0.990     0.986     


=== Confusion Matrix ===

   a   b   c   <-- classified as
 188   3   0 |   a = TRUE
   1 258   0 |   b = FALSE
   0   0   0 |   c = UNKNOWN

