WARNING: core mtj jar files are not available as resources to this classloader (jdk.internal.loader.ClassLoaders$AppClassLoader@5c29bfd)

=== Classifier model (full training set) ===

J48 pruned tree
------------------

NUM3 <= 2.76694: TRUE (112.0)
NUM3 > 2.76694
|   NUM1 <= 5162813.972705: TRUE (85.0)
|   NUM1 > 5162813.972705
|   |   NUM0 <= 5338968: FALSE (325.0)
|   |   NUM0 > 5338968: TRUE (39.0)

Number of Leaves  : 	4

Size of the tree : 	7


Time taken to build model: 0.02 seconds

Time taken to test model on training data: 0.01 seconds

=== Error on training data ===

Correctly Classified Instances         561              100      %
Incorrectly Classified Instances         0                0      %
Kappa statistic                          1     
K&B Relative Info Score                100      %
K&B Information Score                  552.2083 bits      0.9843 bits/instance
Class complexity | order 0             552.2083 bits      0.9843 bits/instance
Class complexity | scheme                0      bits      0      bits/instance
Complexity improvement     (Sf)        552.2083 bits      0.9843 bits/instance
Mean absolute error                      0     
Root mean squared error                  0     
Relative absolute error                  0      %
Root relative squared error              0      %
Total Number of Instances              561     


=== Detailed Accuracy By Class ===

                 TP Rate  FP Rate  Precision  Recall   F-Measure  MCC      ROC Area  PRC Area  Class
                 1.000    0.000    1.000      1.000    1.000      1.000    1.000     1.000     TRUE
                 1.000    0.000    1.000      1.000    1.000      1.000    1.000     1.000     FALSE
                 ?        0.000    ?          ?        ?          ?        ?         ?         UNKNOWN
Weighted Avg.    1.000    0.000    1.000      1.000    1.000      1.000    1.000     1.000     


=== Confusion Matrix ===

   a   b   c   <-- classified as
 236   0   0 |   a = TRUE
   0 325   0 |   b = FALSE
   0   0   0 |   c = UNKNOWN

Time taken to perform cross-validation: 0.03 seconds


=== Stratified cross-validation ===

Correctly Classified Instances         558               99.4652 %
Incorrectly Classified Instances         3                0.5348 %
Kappa statistic                          0.989 
K&B Relative Info Score                 98.8938 %
K&B Information Score                  546.2839 bits      0.9738 bits/instance
Class complexity | order 0             552.3945 bits      0.9847 bits/instance
Class complexity | scheme             3222      bits      5.7433 bits/instance
Complexity improvement     (Sf)      -2669.6055 bits     -4.7587 bits/instance
Mean absolute error                      0.0036
Root mean squared error                  0.0597
Relative absolute error                  1.0947 %
Root relative squared error             14.8125 %
Total Number of Instances              561     


=== Detailed Accuracy By Class ===

                 TP Rate  FP Rate  Precision  Recall   F-Measure  MCC      ROC Area  PRC Area  Class
                 0.987    0.000    1.000      0.987    0.994      0.989    0.994     0.993     TRUE
                 1.000    0.013    0.991      1.000    0.995      0.989    0.994     0.991     FALSE
                 ?        0.000    ?          ?        ?          ?        ?         ?         UNKNOWN
Weighted Avg.    0.995    0.007    0.995      0.995    0.995      0.989    0.994     0.992     


=== Confusion Matrix ===

   a   b   c   <-- classified as
 233   3   0 |   a = TRUE
   0 325   0 |   b = FALSE
   0   0   0 |   c = UNKNOWN

