WARNING: core mtj jar files are not available as resources to this classloader (jdk.internal.loader.ClassLoaders$AppClassLoader@5c29bfd)

=== Classifier model (full training set) ===

J48 pruned tree
------------------

NUM3 <= 2.762733: TRUE (62.0)
NUM3 > 2.762733
|   NUM1 <= 5162813.972705: TRUE (54.0)
|   NUM1 > 5162813.972705
|   |   NUM0 <= 5185686: FALSE (198.0)
|   |   NUM0 > 5185686: TRUE (25.0)

Number of Leaves  : 	4

Size of the tree : 	7


Time taken to build model: 0.02 seconds

Time taken to test model on training data: 0.01 seconds

=== Error on training data ===

Correctly Classified Instances         339              100      %
Incorrectly Classified Instances         0                0      %
Kappa statistic                          1     
K&B Relative Info Score                100      %
K&B Information Score                  333.486  bits      0.9837 bits/instance
Class complexity | order 0             333.486  bits      0.9837 bits/instance
Class complexity | scheme                0      bits      0      bits/instance
Complexity improvement     (Sf)        333.486  bits      0.9837 bits/instance
Mean absolute error                      0     
Root mean squared error                  0     
Relative absolute error                  0      %
Root relative squared error              0      %
Total Number of Instances              339     


=== Detailed Accuracy By Class ===

                 TP Rate  FP Rate  Precision  Recall   F-Measure  MCC      ROC Area  PRC Area  Class
                 1.000    0.000    1.000      1.000    1.000      1.000    1.000     1.000     TRUE
                 1.000    0.000    1.000      1.000    1.000      1.000    1.000     1.000     FALSE
                 ?        0.000    ?          ?        ?          ?        ?         ?         UNKNOWN
Weighted Avg.    1.000    0.000    1.000      1.000    1.000      1.000    1.000     1.000     


=== Confusion Matrix ===

   a   b   c   <-- classified as
 141   0   0 |   a = TRUE
   0 198   0 |   b = FALSE
   0   0   0 |   c = UNKNOWN

Time taken to perform cross-validation: 0.02 seconds


=== Stratified cross-validation ===

Correctly Classified Instances         337               99.41   %
Incorrectly Classified Instances         2                0.59   %
Kappa statistic                          0.9878
K&B Relative Info Score                 98.7762 %
K&B Information Score                  329.5803 bits      0.9722 bits/instance
Class complexity | order 0             333.6637 bits      0.9843 bits/instance
Class complexity | scheme             2148      bits      6.3363 bits/instance
Complexity improvement     (Sf)      -1814.3363 bits     -5.352  bits/instance
Mean absolute error                      0.0039
Root mean squared error                  0.0627
Relative absolute error                  1.2098 %
Root relative squared error             15.5829 %
Total Number of Instances              339     


=== Detailed Accuracy By Class ===

                 TP Rate  FP Rate  Precision  Recall   F-Measure  MCC      ROC Area  PRC Area  Class
                 0.986    0.000    1.000      0.986    0.993      0.988    0.993     0.992     TRUE
                 1.000    0.014    0.990      1.000    0.995      0.988    0.993     0.990     FALSE
                 ?        0.000    ?          ?        ?          ?        ?         ?         UNKNOWN
Weighted Avg.    0.994    0.008    0.994      0.994    0.994      0.988    0.993     0.991     


=== Confusion Matrix ===

   a   b   c   <-- classified as
 139   2   0 |   a = TRUE
   0 198   0 |   b = FALSE
   0   0   0 |   c = UNKNOWN

