WARNING: core mtj jar files are not available as resources to this classloader (jdk.internal.loader.ClassLoaders$AppClassLoader@5c29bfd)

=== Classifier model (full training set) ===

J48 pruned tree
------------------

NUM1 <= 16
|   NUM2 <= 6.831786: TRUE (33.0)
|   NUM2 > 6.831786: FALSE (10.0)
NUM1 > 16: FALSE (56.0)

Number of Leaves  : 	3

Size of the tree : 	5


Time taken to build model: 0.01 seconds

Time taken to test model on training data: 0 seconds

=== Error on training data ===

Correctly Classified Instances          99              100      %
Incorrectly Classified Instances         0                0      %
Kappa statistic                          1     
K&B Relative Info Score                100      %
K&B Information Score                   92.3219 bits      0.9325 bits/instance
Class complexity | order 0              92.3219 bits      0.9325 bits/instance
Class complexity | scheme                0      bits      0      bits/instance
Complexity improvement     (Sf)         92.3219 bits      0.9325 bits/instance
Mean absolute error                      0     
Root mean squared error                  0     
Relative absolute error                  0      %
Root relative squared error              0      %
Total Number of Instances               99     


=== Detailed Accuracy By Class ===

                 TP Rate  FP Rate  Precision  Recall   F-Measure  MCC      ROC Area  PRC Area  Class
                 1.000    0.000    1.000      1.000    1.000      1.000    1.000     1.000     TRUE
                 1.000    0.000    1.000      1.000    1.000      1.000    1.000     1.000     FALSE
                 ?        0.000    ?          ?        ?          ?        ?         ?         UNKNOWN
Weighted Avg.    1.000    0.000    1.000      1.000    1.000      1.000    1.000     1.000     


=== Confusion Matrix ===

  a  b  c   <-- classified as
 33  0  0 |  a = TRUE
  0 66  0 |  b = FALSE
  0  0  0 |  c = UNKNOWN

Time taken to perform cross-validation: 0.01 seconds


=== Stratified cross-validation ===

Correctly Classified Instances          97               97.9798 %
Incorrectly Classified Instances         2                2.0202 %
Kappa statistic                          0.9538
K&B Relative Info Score                 95.3313 %
K&B Information Score                   88.3007 bits      0.8919 bits/instance
Class complexity | order 0              92.6251 bits      0.9356 bits/instance
Class complexity | scheme             2148      bits     21.697  bits/instance
Complexity improvement     (Sf)      -2055.3749 bits    -20.7614 bits/instance
Mean absolute error                      0.0135
Root mean squared error                  0.1161
Relative absolute error                  4.4683 %
Root relative squared error             30.1118 %
Total Number of Instances               99     


=== Detailed Accuracy By Class ===

                 TP Rate  FP Rate  Precision  Recall   F-Measure  MCC      ROC Area  PRC Area  Class
                 0.939    0.000    1.000      0.939    0.969      0.955    0.970     0.960     TRUE
                 1.000    0.061    0.971      1.000    0.985      0.955    0.970     0.971     FALSE
                 ?        0.000    ?          ?        ?          ?        ?         ?         UNKNOWN
Weighted Avg.    0.980    0.040    0.980      0.980    0.980      0.955    0.970     0.967     


=== Confusion Matrix ===

  a  b  c   <-- classified as
 31  2  0 |  a = TRUE
  0 66  0 |  b = FALSE
  0  0  0 |  c = UNKNOWN

