WARNING: core mtj jar files are not available as resources to this classloader (jdk.internal.loader.ClassLoaders$AppClassLoader@5c29bfd)

=== Classifier model (full training set) ===

J48 pruned tree
------------------

NUM3 <= 1.996591
|   NUM2 <= -3.501714: TRUE (141.0)
|   NUM2 > -3.501714: FALSE (415.0)
NUM3 > 1.996591: TRUE (425.0)

Number of Leaves  : 	3

Size of the tree : 	5


Time taken to build model: 0.02 seconds

Time taken to test model on training data: 0.01 seconds

=== Error on training data ===

Correctly Classified Instances         981              100      %
Incorrectly Classified Instances         0                0      %
Kappa statistic                          1     
K&B Relative Info Score                100      %
K&B Information Score                  965.6063 bits      0.9843 bits/instance
Class complexity | order 0             965.6063 bits      0.9843 bits/instance
Class complexity | scheme                0      bits      0      bits/instance
Complexity improvement     (Sf)        965.6063 bits      0.9843 bits/instance
Mean absolute error                      0     
Root mean squared error                  0     
Relative absolute error                  0      %
Root relative squared error              0      %
Total Number of Instances              981     


=== Detailed Accuracy By Class ===

                 TP Rate  FP Rate  Precision  Recall   F-Measure  MCC      ROC Area  PRC Area  Class
                 1.000    0.000    1.000      1.000    1.000      1.000    1.000     1.000     TRUE
                 1.000    0.000    1.000      1.000    1.000      1.000    1.000     1.000     FALSE
                 ?        0.000    ?          ?        ?          ?        ?         ?         UNKNOWN
Weighted Avg.    1.000    0.000    1.000      1.000    1.000      1.000    1.000     1.000     


=== Confusion Matrix ===

   a   b   c   <-- classified as
 566   0   0 |   a = TRUE
   0 415   0 |   b = FALSE
   0   0   0 |   c = UNKNOWN

Time taken to perform cross-validation: 0.03 seconds


=== Stratified cross-validation ===

Correctly Classified Instances         977               99.5923 %
Incorrectly Classified Instances         4                0.4077 %
Kappa statistic                          0.9916
K&B Relative Info Score                 99.1572 %
K&B Information Score                  957.6421 bits      0.9762 bits/instance
Class complexity | order 0             965.7815 bits      0.9845 bits/instance
Class complexity | scheme             4296      bits      4.3792 bits/instance
Complexity improvement     (Sf)      -3330.2185 bits     -3.3947 bits/instance
Mean absolute error                      0.0027
Root mean squared error                  0.0521
Relative absolute error                  0.8342 %
Root relative squared error             12.9249 %
Total Number of Instances              981     


=== Detailed Accuracy By Class ===

                 TP Rate  FP Rate  Precision  Recall   F-Measure  MCC      ROC Area  PRC Area  Class
                 0.998    0.007    0.995      0.998    0.996      0.992    0.996     0.994     TRUE
                 0.993    0.002    0.998      0.993    0.995      0.992    0.996     0.993     FALSE
                 ?        0.000    ?          ?        ?          ?        ?         ?         UNKNOWN
Weighted Avg.    0.996    0.005    0.996      0.996    0.996      0.992    0.996     0.994     


=== Confusion Matrix ===

   a   b   c   <-- classified as
 565   1   0 |   a = TRUE
   3 412   0 |   b = FALSE
   0   0   0 |   c = UNKNOWN

