WARNING: core mtj jar files are not available as resources to this classloader (jdk.internal.loader.ClassLoaders$AppClassLoader@5c29bfd)

=== Classifier model (full training set) ===

J48 pruned tree
------------------

NUM3 <= 1.993979
|   NUM2 <= -3.57465: TRUE (35.0)
|   NUM2 > -3.57465: FALSE (93.0)
NUM3 > 1.993979: TRUE (82.0)

Number of Leaves  : 	3

Size of the tree : 	5


Time taken to build model: 0.01 seconds

Time taken to test model on training data: 0 seconds

=== Error on training data ===

Correctly Classified Instances         210              100      %
Incorrectly Classified Instances         0                0      %
Kappa statistic                          1     
K&B Relative Info Score                100      %
K&B Information Score                  209.443  bits      0.9973 bits/instance
Class complexity | order 0             209.443  bits      0.9973 bits/instance
Class complexity | scheme                0      bits      0      bits/instance
Complexity improvement     (Sf)        209.443  bits      0.9973 bits/instance
Mean absolute error                      0     
Root mean squared error                  0     
Relative absolute error                  0      %
Root relative squared error              0      %
Total Number of Instances              210     


=== Detailed Accuracy By Class ===

                 TP Rate  FP Rate  Precision  Recall   F-Measure  MCC      ROC Area  PRC Area  Class
                 1.000    0.000    1.000      1.000    1.000      1.000    1.000     1.000     TRUE
                 1.000    0.000    1.000      1.000    1.000      1.000    1.000     1.000     FALSE
                 ?        0.000    ?          ?        ?          ?        ?         ?         UNKNOWN
Weighted Avg.    1.000    0.000    1.000      1.000    1.000      1.000    1.000     1.000     


=== Confusion Matrix ===

   a   b   c   <-- classified as
 117   0   0 |   a = TRUE
   0  93   0 |   b = FALSE
   0   0   0 |   c = UNKNOWN

Time taken to perform cross-validation: 0.01 seconds


=== Stratified cross-validation ===

Correctly Classified Instances         209               99.5238 %
Incorrectly Classified Instances         1                0.4762 %
Kappa statistic                          0.9903
K&B Relative Info Score                 99.037  %
K&B Information Score                  207.6482 bits      0.9888 bits/instance
Class complexity | order 0             209.6672 bits      0.9984 bits/instance
Class complexity | scheme             1074      bits      5.1143 bits/instance
Complexity improvement     (Sf)       -864.3328 bits     -4.1159 bits/instance
Mean absolute error                      0.0032
Root mean squared error                  0.0563
Relative absolute error                  0.9595 %
Root relative squared error             13.8886 %
Total Number of Instances              210     


=== Detailed Accuracy By Class ===

                 TP Rate  FP Rate  Precision  Recall   F-Measure  MCC      ROC Area  PRC Area  Class
                 1.000    0.011    0.992      1.000    0.996      0.990    0.995     0.992     TRUE
                 0.989    0.000    1.000      0.989    0.995      0.990    0.995     0.994     FALSE
                 ?        0.000    ?          ?        ?          ?        ?         ?         UNKNOWN
Weighted Avg.    0.995    0.006    0.995      0.995    0.995      0.990    0.995     0.993     


=== Confusion Matrix ===

   a   b   c   <-- classified as
 117   0   0 |   a = TRUE
   1  92   0 |   b = FALSE
   0   0   0 |   c = UNKNOWN

