WARNING: core mtj jar files are not available as resources to this classloader (jdk.internal.loader.ClassLoaders$AppClassLoader@5c29bfd)

=== Classifier model (full training set) ===

J48 pruned tree
------------------

NUM3 <= 1.998314
|   NUM2 <= -3.504768: TRUE (329.0)
|   NUM2 > -3.504768: FALSE (908.0)
NUM3 > 1.998314: TRUE (848.0)

Number of Leaves  : 	3

Size of the tree : 	5


Time taken to build model: 0.03 seconds

Time taken to test model on training data: 0.01 seconds

=== Error on training data ===

Correctly Classified Instances        2085              100      %
Incorrectly Classified Instances         0                0      %
Kappa statistic                          1     
K&B Relative Info Score                100      %
K&B Information Score                 2061.3363 bits      0.9887 bits/instance
Class complexity | order 0            2061.3363 bits      0.9887 bits/instance
Class complexity | scheme                0      bits      0      bits/instance
Complexity improvement     (Sf)       2061.3363 bits      0.9887 bits/instance
Mean absolute error                      0     
Root mean squared error                  0     
Relative absolute error                  0      %
Root relative squared error              0      %
Total Number of Instances             2085     


=== Detailed Accuracy By Class ===

                 TP Rate  FP Rate  Precision  Recall   F-Measure  MCC      ROC Area  PRC Area  Class
                 1.000    0.000    1.000      1.000    1.000      1.000    1.000     1.000     TRUE
                 1.000    0.000    1.000      1.000    1.000      1.000    1.000     1.000     FALSE
                 ?        0.000    ?          ?        ?          ?        ?         ?         UNKNOWN
Weighted Avg.    1.000    0.000    1.000      1.000    1.000      1.000    1.000     1.000     


=== Confusion Matrix ===

    a    b    c   <-- classified as
 1177    0    0 |    a = TRUE
    0  908    0 |    b = FALSE
    0    0    0 |    c = UNKNOWN

Time taken to perform cross-validation: 0.05 seconds


=== Stratified cross-validation ===

Correctly Classified Instances        2084               99.952  %
Incorrectly Classified Instances         1                0.048  %
Kappa statistic                          0.999 
K&B Relative Info Score                 99.9018 %
K&B Information Score                 2059.4759 bits      0.9878 bits/instance
Class complexity | order 0            2061.5002 bits      0.9887 bits/instance
Class complexity | scheme             1074      bits      0.5151 bits/instance
Complexity improvement     (Sf)        987.5002 bits      0.4736 bits/instance
Mean absolute error                      0.0003
Root mean squared error                  0.0179
Relative absolute error                  0.0975 %
Root relative squared error              4.4169 %
Total Number of Instances             2085     


=== Detailed Accuracy By Class ===

                 TP Rate  FP Rate  Precision  Recall   F-Measure  MCC      ROC Area  PRC Area  Class
                 1.000    0.001    0.999      1.000    1.000      0.999    0.999     0.999     TRUE
                 0.999    0.000    1.000      0.999    0.999      0.999    0.999     0.999     FALSE
                 ?        0.000    ?          ?        ?          ?        ?         ?         UNKNOWN
Weighted Avg.    1.000    0.001    1.000      1.000    1.000      0.999    0.999     0.999     


=== Confusion Matrix ===

    a    b    c   <-- classified as
 1177    0    0 |    a = TRUE
    1  907    0 |    b = FALSE
    0    0    0 |    c = UNKNOWN

