WARNING: core mtj jar files are not available as resources to this classloader (jdk.internal.loader.ClassLoaders$AppClassLoader@5c29bfd)

=== Classifier model (full training set) ===

J48 pruned tree
------------------

NUM2 <= -3.500179: TRUE (258.0)
NUM2 > -3.500179: FALSE (297.0)

Number of Leaves  : 	2

Size of the tree : 	3


Time taken to build model: 0.02 seconds

Time taken to test model on training data: 0.01 seconds

=== Error on training data ===

Correctly Classified Instances         555              100      %
Incorrectly Classified Instances         0                0      %
Kappa statistic                          1     
K&B Relative Info Score                100      %
K&B Information Score                  554.4577 bits      0.999  bits/instance
Class complexity | order 0             554.4577 bits      0.999  bits/instance
Class complexity | scheme                0      bits      0      bits/instance
Complexity improvement     (Sf)        554.4577 bits      0.999  bits/instance
Mean absolute error                      0     
Root mean squared error                  0     
Relative absolute error                  0      %
Root relative squared error              0      %
Total Number of Instances              555     


=== Detailed Accuracy By Class ===

                 TP Rate  FP Rate  Precision  Recall   F-Measure  MCC      ROC Area  PRC Area  Class
                 1.000    0.000    1.000      1.000    1.000      1.000    1.000     1.000     TRUE
                 1.000    0.000    1.000      1.000    1.000      1.000    1.000     1.000     FALSE
                 ?        0.000    ?          ?        ?          ?        ?         ?         UNKNOWN
Weighted Avg.    1.000    0.000    1.000      1.000    1.000      1.000    1.000     1.000     


=== Confusion Matrix ===

   a   b   c   <-- classified as
 258   0   0 |   a = TRUE
   0 297   0 |   b = FALSE
   0   0   0 |   c = UNKNOWN

Time taken to perform cross-validation: 0.02 seconds


=== Stratified cross-validation ===

Correctly Classified Instances         554               99.8198 %
Incorrectly Classified Instances         1                0.1802 %
Kappa statistic                          0.9964
K&B Relative Info Score                 99.6381 %
K&B Information Score                  552.6239 bits      0.9957 bits/instance
Class complexity | order 0             554.6313 bits      0.9993 bits/instance
Class complexity | scheme             1074      bits      1.9351 bits/instance
Complexity improvement     (Sf)       -519.3687 bits     -0.9358 bits/instance
Mean absolute error                      0.0012
Root mean squared error                  0.0347
Relative absolute error                  0.3614 %
Root relative squared error              8.5104 %
Total Number of Instances              555     


=== Detailed Accuracy By Class ===

                 TP Rate  FP Rate  Precision  Recall   F-Measure  MCC      ROC Area  PRC Area  Class
                 0.996    0.000    1.000      0.996    0.998      0.996    0.998     0.998     TRUE
                 1.000    0.004    0.997      1.000    0.998      0.996    0.998     0.997     FALSE
                 ?        0.000    ?          ?        ?          ?        ?         ?         UNKNOWN
Weighted Avg.    0.998    0.002    0.998      0.998    0.998      0.996    0.998     0.997     


=== Confusion Matrix ===

   a   b   c   <-- classified as
 257   1   0 |   a = TRUE
   0 297   0 |   b = FALSE
   0   0   0 |   c = UNKNOWN

