WARNING: core mtj jar files are not available as resources to this classloader (jdk.internal.loader.ClassLoaders$AppClassLoader@5c29bfd)

=== Classifier model (full training set) ===

J48 pruned tree
------------------

NUM2 <= -3.506726: TRUE (258.0)
NUM2 > -3.506726: FALSE (306.0)

Number of Leaves  : 	2

Size of the tree : 	3


Time taken to build model: 0.03 seconds

Time taken to test model on training data: 0 seconds

=== Error on training data ===

Correctly Classified Instances         564              100      %
Incorrectly Classified Instances         0                0      %
Kappa statistic                          1     
K&B Relative Info Score                100      %
K&B Information Score                  562.486  bits      0.9973 bits/instance
Class complexity | order 0             562.486  bits      0.9973 bits/instance
Class complexity | scheme                0      bits      0      bits/instance
Complexity improvement     (Sf)        562.486  bits      0.9973 bits/instance
Mean absolute error                      0     
Root mean squared error                  0     
Relative absolute error                  0      %
Root relative squared error              0      %
Total Number of Instances              564     


=== Detailed Accuracy By Class ===

                 TP Rate  FP Rate  Precision  Recall   F-Measure  MCC      ROC Area  PRC Area  Class
                 1.000    0.000    1.000      1.000    1.000      1.000    1.000     1.000     TRUE
                 1.000    0.000    1.000      1.000    1.000      1.000    1.000     1.000     FALSE
                 ?        0.000    ?          ?        ?          ?        ?         ?         UNKNOWN
Weighted Avg.    1.000    0.000    1.000      1.000    1.000      1.000    1.000     1.000     


=== Confusion Matrix ===

   a   b   c   <-- classified as
 258   0   0 |   a = TRUE
   0 306   0 |   b = FALSE
   0   0   0 |   c = UNKNOWN

Time taken to perform cross-validation: 0.02 seconds


=== Stratified cross-validation ===

Correctly Classified Instances         563               99.8227 %
Incorrectly Classified Instances         1                0.1773 %
Kappa statistic                          0.9964
K&B Relative Info Score                 99.6426 %
K&B Information Score                  560.6505 bits      0.9941 bits/instance
Class complexity | order 0             562.6613 bits      0.9976 bits/instance
Class complexity | scheme             1074      bits      1.9043 bits/instance
Complexity improvement     (Sf)       -511.3387 bits     -0.9066 bits/instance
Mean absolute error                      0.0012
Root mean squared error                  0.0344
Relative absolute error                  0.3565 %
Root relative squared error              8.452  %
Total Number of Instances              564     


=== Detailed Accuracy By Class ===

                 TP Rate  FP Rate  Precision  Recall   F-Measure  MCC      ROC Area  PRC Area  Class
                 0.996    0.000    1.000      0.996    0.998      0.996    0.998     0.998     TRUE
                 1.000    0.004    0.997      1.000    0.998      0.996    0.998     0.997     FALSE
                 ?        0.000    ?          ?        ?          ?        ?         ?         UNKNOWN
Weighted Avg.    0.998    0.002    0.998      0.998    0.998      0.996    0.998     0.997     


=== Confusion Matrix ===

   a   b   c   <-- classified as
 257   1   0 |   a = TRUE
   0 306   0 |   b = FALSE
   0   0   0 |   c = UNKNOWN

