WARNING: core mtj jar files are not available as resources to this classloader (jdk.internal.loader.ClassLoaders$AppClassLoader@5c29bfd)

=== Classifier model (full training set) ===

J48 pruned tree
------------------

NUM3 <= 1.995356
|   NUM2 <= -3.594108: TRUE (8.0)
|   NUM2 > -3.594108: FALSE (215.0)
NUM3 > 1.995356: TRUE (227.0)

Number of Leaves  : 	3

Size of the tree : 	5


Time taken to build model: 0.02 seconds

Time taken to test model on training data: 0 seconds

=== Error on training data ===

Correctly Classified Instances         450              100      %
Incorrectly Classified Instances         0                0      %
Kappa statistic                          1     
K&B Relative Info Score                100      %
K&B Information Score                  450.7933 bits      1.0018 bits/instance
Class complexity | order 0             450.7933 bits      1.0018 bits/instance
Class complexity | scheme                0      bits      0      bits/instance
Complexity improvement     (Sf)        450.7933 bits      1.0018 bits/instance
Mean absolute error                      0     
Root mean squared error                  0     
Relative absolute error                  0      %
Root relative squared error              0      %
Total Number of Instances              450     


=== Detailed Accuracy By Class ===

                 TP Rate  FP Rate  Precision  Recall   F-Measure  MCC      ROC Area  PRC Area  Class
                 1.000    0.000    1.000      1.000    1.000      1.000    1.000     1.000     TRUE
                 1.000    0.000    1.000      1.000    1.000      1.000    1.000     1.000     FALSE
                 ?        0.000    ?          ?        ?          ?        ?         ?         UNKNOWN
Weighted Avg.    1.000    0.000    1.000      1.000    1.000      1.000    1.000     1.000     


=== Confusion Matrix ===

   a   b   c   <-- classified as
 235   0   0 |   a = TRUE
   0 215   0 |   b = FALSE
   0   0   0 |   c = UNKNOWN

Time taken to perform cross-validation: 0.02 seconds


=== Stratified cross-validation ===

Correctly Classified Instances         449               99.7778 %
Incorrectly Classified Instances         1                0.2222 %
Kappa statistic                          0.9955
K&B Relative Info Score                 99.4573 %
K&B Information Score                  448.5417 bits      0.9968 bits/instance
Class complexity | order 0             450.9892 bits      1.0022 bits/instance
Class complexity | scheme             1074.4448 bits      2.3877 bits/instance
Complexity improvement     (Sf)       -623.4555 bits     -1.3855 bits/instance
Mean absolute error                      0.0019
Root mean squared error                  0.0393
Relative absolute error                  0.5711 %
Root relative squared error              9.6274 %
Total Number of Instances              450     


=== Detailed Accuracy By Class ===

                 TP Rate  FP Rate  Precision  Recall   F-Measure  MCC      ROC Area  PRC Area  Class
                 1.000    0.005    0.996      1.000    0.998      0.996    0.998     0.996     TRUE
                 0.995    0.000    1.000      0.995    0.998      0.996    0.998     0.998     FALSE
                 ?        0.000    ?          ?        ?          ?        ?         ?         UNKNOWN
Weighted Avg.    0.998    0.002    0.998      0.998    0.998      0.996    0.998     0.997     


=== Confusion Matrix ===

   a   b   c   <-- classified as
 235   0   0 |   a = TRUE
   1 214   0 |   b = FALSE
   0   0   0 |   c = UNKNOWN

