WARNING: core mtj jar files are not available as resources to this classloader (jdk.internal.loader.ClassLoaders$AppClassLoader@5c29bfd)

=== Classifier model (full training set) ===

J48 pruned tree
------------------

NUM1 <= 4707744.223993: TRUE (220.0)
NUM1 > 4707744.223993
|   LOGICALS3 = And
|   |   NUM3 <= 2.802562: TRUE (39.0)
|   |   NUM3 > 2.802562
|   |   |   NUM1 <= 5177071.965135: TRUE (28.0)
|   |   |   NUM1 > 5177071.965135: FALSE (91.0)
|   LOGICALS3 = Or: FALSE (186.0)
|   LOGICALS3 = Implies: FALSE (0.0)

Number of Leaves  : 	6

Size of the tree : 	10


Time taken to build model: 0.02 seconds

Time taken to test model on training data: 0.01 seconds

=== Error on training data ===

Correctly Classified Instances         564              100      %
Incorrectly Classified Instances         0                0      %
Kappa statistic                          1     
K&B Relative Info Score                100      %
K&B Information Score                  565.3084 bits      1.0023 bits/instance
Class complexity | order 0             565.3084 bits      1.0023 bits/instance
Class complexity | scheme                0      bits      0      bits/instance
Complexity improvement     (Sf)        565.3084 bits      1.0023 bits/instance
Mean absolute error                      0     
Root mean squared error                  0     
Relative absolute error                  0      %
Root relative squared error              0      %
Total Number of Instances              564     


=== Detailed Accuracy By Class ===

                 TP Rate  FP Rate  Precision  Recall   F-Measure  MCC      ROC Area  PRC Area  Class
                 1.000    0.000    1.000      1.000    1.000      1.000    1.000     1.000     TRUE
                 1.000    0.000    1.000      1.000    1.000      1.000    1.000     1.000     FALSE
                 ?        0.000    ?          ?        ?          ?        ?         ?         UNKNOWN
Weighted Avg.    1.000    0.000    1.000      1.000    1.000      1.000    1.000     1.000     


=== Confusion Matrix ===

   a   b   c   <-- classified as
 287   0   0 |   a = TRUE
   0 277   0 |   b = FALSE
   0   0   0 |   c = UNKNOWN

Time taken to perform cross-validation: 0.03 seconds


=== Stratified cross-validation ===

Correctly Classified Instances         563               99.8227 %
Incorrectly Classified Instances         1                0.1773 %
Kappa statistic                          0.9965
K&B Relative Info Score                 99.6463 %
K&B Information Score                  563.4849 bits      0.9991 bits/instance
Class complexity | order 0             565.4852 bits      1.0026 bits/instance
Class complexity | scheme             1074      bits      1.9043 bits/instance
Complexity improvement     (Sf)       -508.5148 bits     -0.9016 bits/instance
Mean absolute error                      0.0012
Root mean squared error                  0.0344
Relative absolute error                  0.354  %
Root relative squared error              8.4226 %
Total Number of Instances              564     


=== Detailed Accuracy By Class ===

                 TP Rate  FP Rate  Precision  Recall   F-Measure  MCC      ROC Area  PRC Area  Class
                 0.997    0.000    1.000      0.997    0.998      0.996    0.998     0.998     TRUE
                 1.000    0.003    0.996      1.000    0.998      0.996    0.998     0.996     FALSE
                 ?        0.000    ?          ?        ?          ?        ?         ?         UNKNOWN
Weighted Avg.    0.998    0.002    0.998      0.998    0.998      0.996    0.998     0.997     


=== Confusion Matrix ===

   a   b   c   <-- classified as
 286   1   0 |   a = TRUE
   0 277   0 |   b = FALSE
   0   0   0 |   c = UNKNOWN

