WARNING: core mtj jar files are not available as resources to this classloader (jdk.internal.loader.ClassLoaders$AppClassLoader@5c29bfd)

=== Classifier model (full training set) ===

J48 pruned tree
------------------

NUM1 <= 4704029.010091: TRUE (913.0)
NUM1 > 4704029.010091
|   LOGICALS3 = And
|   |   NUM1 <= 5198091.625266: TRUE (236.0)
|   |   NUM1 > 5198091.625266
|   |   |   NUM3 <= 2.795913: TRUE (106.0)
|   |   |   NUM3 > 2.795913: FALSE (285.0)
|   LOGICALS3 = Or: FALSE (692.0/2.0)
|   LOGICALS3 = Implies: FALSE (0.0)

Number of Leaves  : 	6

Size of the tree : 	10


Time taken to build model: 0.04 seconds

Time taken to test model on training data: 0.01 seconds

=== Error on training data ===

Correctly Classified Instances        2230               99.9104 %
Incorrectly Classified Instances         2                0.0896 %
Kappa statistic                          0.9982
K&B Relative Info Score                 99.6866 %
K&B Information Score                 2200.7525 bits      0.986  bits/instance
Class complexity | order 0            2207.6714 bits      0.9891 bits/instance
Class complexity | scheme               19.7505 bits      0.0088 bits/instance
Complexity improvement     (Sf)       2187.9209 bits      0.9803 bits/instance
Mean absolute error                      0.0012
Root mean squared error                  0.0244
Relative absolute error                  0.363  %
Root relative squared error              6.0265 %
Total Number of Instances             2232     


=== Detailed Accuracy By Class ===

                 TP Rate  FP Rate  Precision  Recall   F-Measure  MCC      ROC Area  PRC Area  Class
                 0.998    0.000    1.000      0.998    0.999      0.998    0.999     0.999     TRUE
                 1.000    0.002    0.998      1.000    0.999      0.998    0.999     0.999     FALSE
                 ?        0.000    ?          ?        ?          ?        ?         ?         UNKNOWN
Weighted Avg.    0.999    0.001    0.999      0.999    0.999      0.998    0.999     0.999     


=== Confusion Matrix ===

    a    b    c   <-- classified as
 1255    2    0 |    a = TRUE
    0  975    0 |    b = FALSE
    0    0    0 |    c = UNKNOWN

Time taken to perform cross-validation: 0.08 seconds


=== Stratified cross-validation ===

Correctly Classified Instances        2230               99.9104 %
Incorrectly Classified Instances         2                0.0896 %
Kappa statistic                          0.9982
K&B Relative Info Score                 99.6861 %
K&B Information Score                 2200.9059 bits      0.9861 bits/instance
Class complexity | order 0            2207.8372 bits      0.9892 bits/instance
Class complexity | scheme               21.4587 bits      0.0096 bits/instance
Complexity improvement     (Sf)       2186.3786 bits      0.9796 bits/instance
Mean absolute error                      0.0012
Root mean squared error                  0.0244
Relative absolute error                  0.3638 %
Root relative squared error              6.0347 %
Total Number of Instances             2232     


=== Detailed Accuracy By Class ===

                 TP Rate  FP Rate  Precision  Recall   F-Measure  MCC      ROC Area  PRC Area  Class
                 0.998    0.000    1.000      0.998    0.999      0.998    0.999     0.999     TRUE
                 1.000    0.002    0.998      1.000    0.999      0.998    0.999     0.998     FALSE
                 ?        0.000    ?          ?        ?          ?        ?         ?         UNKNOWN
Weighted Avg.    0.999    0.001    0.999      0.999    0.999      0.998    0.999     0.999     


=== Confusion Matrix ===

    a    b    c   <-- classified as
 1255    2    0 |    a = TRUE
    0  975    0 |    b = FALSE
    0    0    0 |    c = UNKNOWN

