WARNING: core mtj jar files are not available as resources to this classloader (jdk.internal.loader.ClassLoaders$AppClassLoader@5c29bfd)

=== Classifier model (full training set) ===

J48 pruned tree
------------------

NUM1 <= 4825497.253039
|   LOGICALS3 = And: TRUE (146.0)
|   LOGICALS3 = Or
|   |   NUM1 <= 4674831.361319: TRUE (92.0)
|   |   NUM1 > 4674831.361319
|   |   |   NUM0 <= 2464773: FALSE (3.0)
|   |   |   NUM0 > 2464773: TRUE (2.0)
|   LOGICALS3 = Implies: TRUE (0.0)
NUM1 > 4825497.253039
|   LOGICALS3 = And
|   |   NUM3 <= 2.845747: TRUE (28.0)
|   |   NUM3 > 2.845747
|   |   |   NUM1 <= 5133615.693032: TRUE (17.0)
|   |   |   NUM1 > 5133615.693032: FALSE (79.0)
|   LOGICALS3 = Or: FALSE (191.0)
|   LOGICALS3 = Implies: FALSE (0.0)

Number of Leaves  : 	10

Size of the tree : 	17


Time taken to build model: 0.02 seconds

Time taken to test model on training data: 0.01 seconds

=== Error on training data ===

Correctly Classified Instances         558              100      %
Incorrectly Classified Instances         0                0      %
Kappa statistic                          1     
K&B Relative Info Score                100      %
K&B Information Score                  559.2501 bits      1.0022 bits/instance
Class complexity | order 0             559.2501 bits      1.0022 bits/instance
Class complexity | scheme                0      bits      0      bits/instance
Complexity improvement     (Sf)        559.2501 bits      1.0022 bits/instance
Mean absolute error                      0     
Root mean squared error                  0     
Relative absolute error                  0      %
Root relative squared error              0      %
Total Number of Instances              558     


=== Detailed Accuracy By Class ===

                 TP Rate  FP Rate  Precision  Recall   F-Measure  MCC      ROC Area  PRC Area  Class
                 1.000    0.000    1.000      1.000    1.000      1.000    1.000     1.000     TRUE
                 1.000    0.000    1.000      1.000    1.000      1.000    1.000     1.000     FALSE
                 ?        0.000    ?          ?        ?          ?        ?         ?         UNKNOWN
Weighted Avg.    1.000    0.000    1.000      1.000    1.000      1.000    1.000     1.000     


=== Confusion Matrix ===

   a   b   c   <-- classified as
 285   0   0 |   a = TRUE
   0 273   0 |   b = FALSE
   0   0   0 |   c = UNKNOWN

Time taken to perform cross-validation: 0.03 seconds


=== Stratified cross-validation ===

Correctly Classified Instances         555               99.4624 %
Incorrectly Classified Instances         3                0.5376 %
Kappa statistic                          0.9892
K&B Relative Info Score                 98.6684 %
K&B Information Score                  551.9827 bits      0.9892 bits/instance
Class complexity | order 0             559.4318 bits      1.0026 bits/instance
Class complexity | scheme               21.7782 bits      0.039  bits/instance
Complexity improvement     (Sf)        537.6536 bits      0.9635 bits/instance
Mean absolute error                      0.0048
Root mean squared error                  0.0594
Relative absolute error                  1.4306 %
Root relative squared error             14.5597 %
Total Number of Instances              558     


=== Detailed Accuracy By Class ===

                 TP Rate  FP Rate  Precision  Recall   F-Measure  MCC      ROC Area  PRC Area  Class
                 1.000    0.011    0.990      1.000    0.995      0.989    0.998     0.997     TRUE
                 0.989    0.000    1.000      0.989    0.994      0.989    0.998     0.997     FALSE
                 ?        0.000    ?          ?        ?          ?        ?         ?         UNKNOWN
Weighted Avg.    0.995    0.006    0.995      0.995    0.995      0.989    0.998     0.997     


=== Confusion Matrix ===

   a   b   c   <-- classified as
 285   0   0 |   a = TRUE
   3 270   0 |   b = FALSE
   0   0   0 |   c = UNKNOWN

