WARNING: core mtj jar files are not available as resources to this classloader (jdk.internal.loader.ClassLoaders$AppClassLoader@5c29bfd)

=== Classifier model (full training set) ===

J48 pruned tree
------------------

NUM1 <= 5134945.14406: TRUE (111.0)
NUM1 > 5134945.14406
|   NUM3 <= 2.799864: TRUE (66.0)
|   NUM3 > 2.799864: FALSE (222.0)

Number of Leaves  : 	3

Size of the tree : 	5


Time taken to build model: 0.04 seconds

Time taken to test model on training data: 0.01 seconds

=== Error on training data ===

Correctly Classified Instances         399              100      %
Incorrectly Classified Instances         0                0      %
Kappa statistic                          1     
K&B Relative Info Score                100      %
K&B Information Score                  396.765  bits      0.9944 bits/instance
Class complexity | order 0             396.765  bits      0.9944 bits/instance
Class complexity | scheme                0      bits      0      bits/instance
Complexity improvement     (Sf)        396.765  bits      0.9944 bits/instance
Mean absolute error                      0     
Root mean squared error                  0     
Relative absolute error                  0      %
Root relative squared error              0      %
Total Number of Instances              399     


=== Detailed Accuracy By Class ===

                 TP Rate  FP Rate  Precision  Recall   F-Measure  MCC      ROC Area  PRC Area  Class
                 1.000    0.000    1.000      1.000    1.000      1.000    1.000     1.000     TRUE
                 1.000    0.000    1.000      1.000    1.000      1.000    1.000     1.000     FALSE
                 ?        0.000    ?          ?        ?          ?        ?         ?         UNKNOWN
Weighted Avg.    1.000    0.000    1.000      1.000    1.000      1.000    1.000     1.000     


=== Confusion Matrix ===

   a   b   c   <-- classified as
 177   0   0 |   a = TRUE
   0 222   0 |   b = FALSE
   0   0   0 |   c = UNKNOWN

Time taken to perform cross-validation: 0.03 seconds


=== Stratified cross-validation ===

Correctly Classified Instances         397               99.4987 %
Incorrectly Classified Instances         2                0.5013 %
Kappa statistic                          0.9898
K&B Relative Info Score                 98.9834 %
K&B Information Score                  392.9161 bits      0.9848 bits/instance
Class complexity | order 0             396.9515 bits      0.9949 bits/instance
Class complexity | scheme             2148      bits      5.3835 bits/instance
Complexity improvement     (Sf)      -1751.0485 bits     -4.3886 bits/instance
Mean absolute error                      0.0033
Root mean squared error                  0.0578
Relative absolute error                  1.0124 %
Root relative squared error             14.2499 %
Total Number of Instances              399     


=== Detailed Accuracy By Class ===

                 TP Rate  FP Rate  Precision  Recall   F-Measure  MCC      ROC Area  PRC Area  Class
                 0.989    0.000    1.000      0.989    0.994      0.990    0.994     0.994     TRUE
                 1.000    0.011    0.991      1.000    0.996      0.990    0.994     0.991     FALSE
                 ?        0.000    ?          ?        ?          ?        ?         ?         UNKNOWN
Weighted Avg.    0.995    0.006    0.995      0.995    0.995      0.990    0.994     0.992     


=== Confusion Matrix ===

   a   b   c   <-- classified as
 175   2   0 |   a = TRUE
   0 222   0 |   b = FALSE
   0   0   0 |   c = UNKNOWN

