WARNING: core mtj jar files are not available as resources to this classloader (jdk.internal.loader.ClassLoaders$AppClassLoader@5c29bfd)

=== Classifier model (full training set) ===

J48 pruned tree
------------------

NUM1 <= 5134945.14406: TRUE (165.0)
NUM1 > 5134945.14406
|   NUM3 <= 2.799864: TRUE (75.0)
|   NUM3 > 2.799864: FALSE (291.0)

Number of Leaves  : 	3

Size of the tree : 	5


Time taken to build model: 0.02 seconds

Time taken to test model on training data: 0.01 seconds

=== Error on training data ===

Correctly Classified Instances         531              100      %
Incorrectly Classified Instances         0                0      %
Kappa statistic                          1     
K&B Relative Info Score                100      %
K&B Information Score                  528.8972 bits      0.996  bits/instance
Class complexity | order 0             528.8972 bits      0.996  bits/instance
Class complexity | scheme                0      bits      0      bits/instance
Complexity improvement     (Sf)        528.8972 bits      0.996  bits/instance
Mean absolute error                      0     
Root mean squared error                  0     
Relative absolute error                  0      %
Root relative squared error              0      %
Total Number of Instances              531     


=== Detailed Accuracy By Class ===

                 TP Rate  FP Rate  Precision  Recall   F-Measure  MCC      ROC Area  PRC Area  Class
                 1.000    0.000    1.000      1.000    1.000      1.000    1.000     1.000     TRUE
                 1.000    0.000    1.000      1.000    1.000      1.000    1.000     1.000     FALSE
                 ?        0.000    ?          ?        ?          ?        ?         ?         UNKNOWN
Weighted Avg.    1.000    0.000    1.000      1.000    1.000      1.000    1.000     1.000     


=== Confusion Matrix ===

   a   b   c   <-- classified as
 240   0   0 |   a = TRUE
   0 291   0 |   b = FALSE
   0   0   0 |   c = UNKNOWN

Time taken to perform cross-validation: 0.03 seconds


=== Stratified cross-validation ===

Correctly Classified Instances         529               99.6234 %
Incorrectly Classified Instances         2                0.3766 %
Kappa statistic                          0.9924
K&B Relative Info Score                 99.2387 %
K&B Information Score                  525.0306 bits      0.9888 bits/instance
Class complexity | order 0             529.0583 bits      0.9963 bits/instance
Class complexity | scheme             2148      bits      4.0452 bits/instance
Complexity improvement     (Sf)      -1618.9417 bits     -3.0489 bits/instance
Mean absolute error                      0.0025
Root mean squared error                  0.0501
Relative absolute error                  0.7587 %
Root relative squared error             12.3312 %
Total Number of Instances              531     


=== Detailed Accuracy By Class ===

                 TP Rate  FP Rate  Precision  Recall   F-Measure  MCC      ROC Area  PRC Area  Class
                 0.992    0.000    1.000      0.992    0.996      0.992    0.996     0.995     TRUE
                 1.000    0.008    0.993      1.000    0.997      0.992    0.996     0.993     FALSE
                 ?        0.000    ?          ?        ?          ?        ?         ?         UNKNOWN
Weighted Avg.    0.996    0.005    0.996      0.996    0.996      0.992    0.996     0.994     


=== Confusion Matrix ===

   a   b   c   <-- classified as
 238   2   0 |   a = TRUE
   0 291   0 |   b = FALSE
   0   0   0 |   c = UNKNOWN

