WARNING: core mtj jar files are not available as resources to this classloader (jdk.internal.loader.ClassLoaders$AppClassLoader@5c29bfd)

=== Classifier model (full training set) ===

J48 pruned tree
------------------

NUM3 <= 1.996011
|   NUM2 <= -3.521265: TRUE (59.0)
|   NUM2 > -3.521265: FALSE (336.0)
NUM3 > 1.996011: TRUE (268.0)

Number of Leaves  : 	3

Size of the tree : 	5


Time taken to build model: 0.02 seconds

Time taken to test model on training data: 0 seconds

=== Error on training data ===

Correctly Classified Instances         663              100      %
Incorrectly Classified Instances         0                0      %
Kappa statistic                          1     
K&B Relative Info Score                100      %
K&B Information Score                  664.3491 bits      1.002  bits/instance
Class complexity | order 0             664.3491 bits      1.002  bits/instance
Class complexity | scheme                0      bits      0      bits/instance
Complexity improvement     (Sf)        664.3491 bits      1.002  bits/instance
Mean absolute error                      0     
Root mean squared error                  0     
Relative absolute error                  0      %
Root relative squared error              0      %
Total Number of Instances              663     


=== Detailed Accuracy By Class ===

                 TP Rate  FP Rate  Precision  Recall   F-Measure  MCC      ROC Area  PRC Area  Class
                 1.000    0.000    1.000      1.000    1.000      1.000    1.000     1.000     TRUE
                 1.000    0.000    1.000      1.000    1.000      1.000    1.000     1.000     FALSE
                 ?        0.000    ?          ?        ?          ?        ?         ?         UNKNOWN
Weighted Avg.    1.000    0.000    1.000      1.000    1.000      1.000    1.000     1.000     


=== Confusion Matrix ===

   a   b   c   <-- classified as
 327   0   0 |   a = TRUE
   0 336   0 |   b = FALSE
   0   0   0 |   c = UNKNOWN

Time taken to perform cross-validation: 0.03 seconds


=== Stratified cross-validation ===

Correctly Classified Instances         662               99.8492 %
Incorrectly Classified Instances         1                0.1508 %
Kappa statistic                          0.997 
K&B Relative Info Score                 99.699  %
K&B Information Score                  662.5254 bits      0.9993 bits/instance
Class complexity | order 0             664.5257 bits      1.0023 bits/instance
Class complexity | scheme             1074      bits      1.6199 bits/instance
Complexity improvement     (Sf)       -409.4743 bits     -0.6176 bits/instance
Mean absolute error                      0.001 
Root mean squared error                  0.0317
Relative absolute error                  0.3012 %
Root relative squared error              7.7679 %
Total Number of Instances              663     


=== Detailed Accuracy By Class ===

                 TP Rate  FP Rate  Precision  Recall   F-Measure  MCC      ROC Area  PRC Area  Class
                 0.997    0.000    1.000      0.997    0.998      0.997    0.998     0.998     TRUE
                 1.000    0.003    0.997      1.000    0.999      0.997    0.998     0.997     FALSE
                 ?        0.000    ?          ?        ?          ?        ?         ?         UNKNOWN
Weighted Avg.    0.998    0.002    0.998      0.998    0.998      0.997    0.998     0.998     


=== Confusion Matrix ===

   a   b   c   <-- classified as
 326   1   0 |   a = TRUE
   0 336   0 |   b = FALSE
   0   0   0 |   c = UNKNOWN

