WARNING: core mtj jar files are not available as resources to this classloader (jdk.internal.loader.ClassLoaders$AppClassLoader@5c29bfd)

=== Classifier model (full training set) ===

J48 pruned tree
------------------

NUM3 <= 1.996011: FALSE (201.0)
NUM3 > 1.996011: TRUE (198.0)

Number of Leaves  : 	2

Size of the tree : 	3


Time taken to build model: 0.01 seconds

Time taken to test model on training data: 0 seconds

=== Error on training data ===

Correctly Classified Instances         399              100      %
Incorrectly Classified Instances         0                0      %
Kappa statistic                          1     
K&B Relative Info Score                100      %
K&B Information Score                  400.4174 bits      1.0036 bits/instance
Class complexity | order 0             400.4174 bits      1.0036 bits/instance
Class complexity | scheme                0      bits      0      bits/instance
Complexity improvement     (Sf)        400.4174 bits      1.0036 bits/instance
Mean absolute error                      0     
Root mean squared error                  0     
Relative absolute error                  0      %
Root relative squared error              0      %
Total Number of Instances              399     


=== Detailed Accuracy By Class ===

                 TP Rate  FP Rate  Precision  Recall   F-Measure  MCC      ROC Area  PRC Area  Class
                 1.000    0.000    1.000      1.000    1.000      1.000    1.000     1.000     TRUE
                 1.000    0.000    1.000      1.000    1.000      1.000    1.000     1.000     FALSE
                 ?        0.000    ?          ?        ?          ?        ?         ?         UNKNOWN
Weighted Avg.    1.000    0.000    1.000      1.000    1.000      1.000    1.000     1.000     


=== Confusion Matrix ===

   a   b   c   <-- classified as
 198   0   0 |   a = TRUE
   0 201   0 |   b = FALSE
   0   0   0 |   c = UNKNOWN

Time taken to perform cross-validation: 0.01 seconds


=== Stratified cross-validation ===

Correctly Classified Instances         397               99.4987 %
Incorrectly Classified Instances         2                0.5013 %
Kappa statistic                          0.99  
K&B Relative Info Score                 99.0015 %
K&B Information Score                  396.5929 bits      0.994  bits/instance
Class complexity | order 0             400.593  bits      1.004  bits/instance
Class complexity | scheme             2148      bits      5.3835 bits/instance
Complexity improvement     (Sf)      -1747.407  bits     -4.3795 bits/instance
Mean absolute error                      0.0033
Root mean squared error                  0.0578
Relative absolute error                  0.9998 %
Root relative squared error             14.1597 %
Total Number of Instances              399     


=== Detailed Accuracy By Class ===

                 TP Rate  FP Rate  Precision  Recall   F-Measure  MCC      ROC Area  PRC Area  Class
                 1.000    0.010    0.990      1.000    0.995      0.990    0.995     0.990     TRUE
                 0.990    0.000    1.000      0.990    0.995      0.990    0.995     0.995     FALSE
                 ?        0.000    ?          ?        ?          ?        ?         ?         UNKNOWN
Weighted Avg.    0.995    0.005    0.995      0.995    0.995      0.990    0.995     0.993     


=== Confusion Matrix ===

   a   b   c   <-- classified as
 198   0   0 |   a = TRUE
   2 199   0 |   b = FALSE
   0   0   0 |   c = UNKNOWN

