WARNING: core mtj jar files are not available as resources to this classloader (jdk.internal.loader.ClassLoaders$AppClassLoader@5c29bfd)

=== Classifier model (full training set) ===

J48 pruned tree
------------------

LOGICALS2 = And: FALSE (146.0)
LOGICALS2 = Or: TRUE (1.0)
LOGICALS2 = Implies: TRUE (72.0)

Number of Leaves  : 	3

Size of the tree : 	4


Time taken to build model: 0.01 seconds

Time taken to test model on training data: 0 seconds

=== Error on training data ===

Correctly Classified Instances         219              100      %
Incorrectly Classified Instances         0                0      %
Kappa statistic                          1     
K&B Relative Info Score                100      %
K&B Information Score                  202.5348 bits      0.9248 bits/instance
Class complexity | order 0             202.5348 bits      0.9248 bits/instance
Class complexity | scheme                0      bits      0      bits/instance
Complexity improvement     (Sf)        202.5348 bits      0.9248 bits/instance
Mean absolute error                      0     
Root mean squared error                  0     
Relative absolute error                  0      %
Root relative squared error              0      %
Total Number of Instances              219     


=== Detailed Accuracy By Class ===

                 TP Rate  FP Rate  Precision  Recall   F-Measure  MCC      ROC Area  PRC Area  Class
                 1.000    0.000    1.000      1.000    1.000      1.000    1.000     1.000     TRUE
                 1.000    0.000    1.000      1.000    1.000      1.000    1.000     1.000     FALSE
                 ?        0.000    ?          ?        ?          ?        ?         ?         UNKNOWN
Weighted Avg.    1.000    0.000    1.000      1.000    1.000      1.000    1.000     1.000     


=== Confusion Matrix ===

   a   b   c   <-- classified as
  73   0   0 |   a = TRUE
   0 146   0 |   b = FALSE
   0   0   0 |   c = UNKNOWN

Time taken to perform cross-validation: 0.01 seconds


=== Stratified cross-validation ===

Correctly Classified Instances         218               99.5434 %
Incorrectly Classified Instances         1                0.4566 %
Kappa statistic                          0.9897
K&B Relative Info Score                 99.2183 %
K&B Information Score                  201.1755 bits      0.9186 bits/instance
Class complexity | order 0             202.7605 bits      0.9258 bits/instance
Class complexity | scheme                1.585  bits      0.0072 bits/instance
Complexity improvement     (Sf)        201.1755 bits      0.9186 bits/instance
Mean absolute error                      0.002 
Root mean squared error                  0.0368
Relative absolute error                  0.6797 %
Root relative squared error              9.5538 %
Total Number of Instances              219     


=== Detailed Accuracy By Class ===

                 TP Rate  FP Rate  Precision  Recall   F-Measure  MCC      ROC Area  PRC Area  Class
                 0.986    0.000    1.000      0.986    0.993      0.990    1.000     1.000     TRUE
                 1.000    0.014    0.993      1.000    0.997      0.990    1.000     1.000     FALSE
                 ?        0.000    ?          ?        ?          ?        ?         ?         UNKNOWN
Weighted Avg.    0.995    0.009    0.995      0.995    0.995      0.990    1.000     1.000     


=== Confusion Matrix ===

   a   b   c   <-- classified as
  72   1   0 |   a = TRUE
   0 146   0 |   b = FALSE
   0   0   0 |   c = UNKNOWN

