WARNING: core mtj jar files are not available as resources to this classloader (jdk.internal.loader.ClassLoaders$AppClassLoader@5c29bfd)

=== Classifier model (full training set) ===

J48 pruned tree
------------------

LOGICALS2 = And: FALSE (110.0)
LOGICALS2 = Or: TRUE (1.0)
LOGICALS2 = Implies: TRUE (54.0)

Number of Leaves  : 	3

Size of the tree : 	4


Time taken to build model: 0.01 seconds

Time taken to test model on training data: 0 seconds

=== Error on training data ===

Correctly Classified Instances         165              100      %
Incorrectly Classified Instances         0                0      %
Kappa statistic                          1     
K&B Relative Info Score                100      %
K&B Information Score                  152.9421 bits      0.9269 bits/instance
Class complexity | order 0             152.9421 bits      0.9269 bits/instance
Class complexity | scheme                0      bits      0      bits/instance
Complexity improvement     (Sf)        152.9421 bits      0.9269 bits/instance
Mean absolute error                      0     
Root mean squared error                  0     
Relative absolute error                  0      %
Root relative squared error              0      %
Total Number of Instances              165     


=== Detailed Accuracy By Class ===

                 TP Rate  FP Rate  Precision  Recall   F-Measure  MCC      ROC Area  PRC Area  Class
                 1.000    0.000    1.000      1.000    1.000      1.000    1.000     1.000     TRUE
                 1.000    0.000    1.000      1.000    1.000      1.000    1.000     1.000     FALSE
                 ?        0.000    ?          ?        ?          ?        ?         ?         UNKNOWN
Weighted Avg.    1.000    0.000    1.000      1.000    1.000      1.000    1.000     1.000     


=== Confusion Matrix ===

   a   b   c   <-- classified as
  55   0   0 |   a = TRUE
   0 110   0 |   b = FALSE
   0   0   0 |   c = UNKNOWN

Time taken to perform cross-validation: 0.01 seconds


=== Stratified cross-validation ===

Correctly Classified Instances         164               99.3939 %
Incorrectly Classified Instances         1                0.6061 %
Kappa statistic                          0.9863
K&B Relative Info Score                 98.9714 %
K&B Information Score                  151.5728 bits      0.9186 bits/instance
Class complexity | order 0             153.1481 bits      0.9282 bits/instance
Class complexity | scheme                1.5753 bits      0.0095 bits/instance
Complexity improvement     (Sf)        151.5728 bits      0.9186 bits/instance
Mean absolute error                      0.0027
Root mean squared error                  0.0422
Relative absolute error                  0.897  %
Root relative squared error             10.9693 %
Total Number of Instances              165     


=== Detailed Accuracy By Class ===

                 TP Rate  FP Rate  Precision  Recall   F-Measure  MCC      ROC Area  PRC Area  Class
                 0.982    0.000    1.000      0.982    0.991      0.986    1.000     1.000     TRUE
                 1.000    0.018    0.991      1.000    0.995      0.986    1.000     1.000     FALSE
                 ?        0.000    ?          ?        ?          ?        ?         ?         UNKNOWN
Weighted Avg.    0.994    0.012    0.994      0.994    0.994      0.986    1.000     1.000     


=== Confusion Matrix ===

   a   b   c   <-- classified as
  54   1   0 |   a = TRUE
   0 110   0 |   b = FALSE
   0   0   0 |   c = UNKNOWN

