
=== Classifier model (full training set) ===

J48 pruned tree
------------------

NUM2 <= 125.964264
|   NUM1 <= 18384456
|   |   NUM2 <= 114.562083
|   |   |   NUM1 <= 13438345: TRUE (18.0)
|   |   |   NUM1 > 13438345
|   |   |   |   NUM2 <= 105.58205: FALSE (17.0)
|   |   |   |   NUM2 > 105.58205
|   |   |   |   |   NUM1 <= 15738557: TRUE (7.0/1.0)
|   |   |   |   |   NUM1 > 15738557: FALSE (8.0/1.0)
|   |   NUM2 > 114.562083: TRUE (35.0)
|   NUM1 > 18384456
|   |   NUM2 <= 123.17017: FALSE (113.0)
|   |   NUM2 > 123.17017
|   |   |   NUM1 <= 21589716: TRUE (3.0)
|   |   |   NUM1 > 21589716: FALSE (9.0)
NUM2 > 125.964264
|   NUM1 <= 27208199: TRUE (86.0)
|   NUM1 > 27208199
|   |   NUM2 <= 132.754284: FALSE (5.0)
|   |   NUM2 > 132.754284: TRUE (3.0)

Number of Leaves  : 	11

Size of the tree : 	21


Time taken to build model: 0.28 seconds

Time taken to test model on training data: 0.04 seconds

=== Error on training data ===

Correctly Classified Instances         302               99.3421 %
Incorrectly Classified Instances         2                0.6579 %
Kappa statistic                          0.9868
K&B Relative Info Score                 97.9382 %
K&B Information Score                  297.7322 bits      0.9794 bits/instance
Class complexity | order 0             304      bits      1      bits/instance
Class complexity | scheme                8.4902 bits      0.0279 bits/instance
Complexity improvement     (Sf)        295.5098 bits      0.9721 bits/instance
Mean absolute error                      0.0114
Root mean squared error                  0.0755
Relative absolute error                  2.2791 %
Root relative squared error             15.0968 %
Total Number of Instances              304     


=== Detailed Accuracy By Class ===

                 TP Rate  FP Rate  Precision  Recall   F-Measure  MCC      ROC Area  PRC Area  Class
                 0.993    0.007    0.993      0.993    0.993      0.987    1.000     0.999     TRUE
                 0.993    0.007    0.993      0.993    0.993      0.987    1.000     0.999     FALSE
Weighted Avg.    0.993    0.007    0.993      0.993    0.993      0.987    1.000     0.999     


=== Confusion Matrix ===

   a   b   <-- classified as
 151   1 |   a = TRUE
   1 151 |   b = FALSE

Time taken to perform cross-validation: 0.14 seconds


=== Stratified cross-validation ===

Correctly Classified Instances         294               96.7105 %
Incorrectly Classified Instances        10                3.2895 %
Kappa statistic                          0.9342
K&B Relative Info Score                 92.3939 %
K&B Information Score                  280.8979 bits      0.924  bits/instance
Class complexity | order 0             304.0222 bits      1.0001 bits/instance
Class complexity | scheme            10743.1242 bits     35.3392 bits/instance
Complexity improvement     (Sf)     -10439.1021 bits    -34.3392 bits/instance
Mean absolute error                      0.0394
Root mean squared error                  0.1842
Relative absolute error                  7.8861 %
Root relative squared error             36.8395 %
Total Number of Instances              304     


=== Detailed Accuracy By Class ===

                 TP Rate  FP Rate  Precision  Recall   F-Measure  MCC      ROC Area  PRC Area  Class
                 0.967    0.033    0.967      0.967    0.967      0.934    0.966     0.950     TRUE
                 0.967    0.033    0.967      0.967    0.967      0.934    0.966     0.950     FALSE
Weighted Avg.    0.967    0.033    0.967      0.967    0.967      0.934    0.966     0.950     


=== Confusion Matrix ===

   a   b   <-- classified as
 147   5 |   a = TRUE
   5 147 |   b = FALSE

Picked up JAVA_TOOL_OPTIONS: -Xmx2g
java.lang.reflect.InaccessibleObjectException: Unable to make protected final java.lang.Class java.lang.ClassLoader.defineClass(java.lang.String,byte[],int,int,java.security.ProtectionDomain) throws java.lang.ClassFormatError accessible: module java.base does not "opens java.lang" to unnamed module @4b6995df
	at java.base/java.lang.reflect.AccessibleObject.checkCanSetAccessible(AccessibleObject.java:354)
	at java.base/java.lang.reflect.AccessibleObject.checkCanSetAccessible(AccessibleObject.java:297)
	at java.base/java.lang.reflect.Method.checkCanSetAccessible(Method.java:199)
	at java.base/java.lang.reflect.Method.setAccessible(Method.java:193)
	at weka.core.WekaPackageClassLoaderManager.injectClasses(WekaPackageClassLoaderManager.java:792)
	at weka.core.WekaPackageClassLoaderManager.injectAllClassesInFromStream(WekaPackageClassLoaderManager.java:690)
	at weka.core.WekaPackageClassLoaderManager.injectMTJCoreClasses(WekaPackageClassLoaderManager.java:118)
	at weka.core.WekaPackageManager.<clinit>(WekaPackageManager.java:255)
	at weka.core.ResourceUtils.readProperties(ResourceUtils.java:241)
	at weka.core.ResourceUtils.readProperties(ResourceUtils.java:184)
	at weka.core.Utils.readProperties(Utils.java:183)
	at weka.core.Capabilities.<clinit>(Capabilities.java:104)
	at weka.classifiers.trees.J48.getCapabilities(J48.java:250)
	at weka.classifiers.trees.J48.buildClassifier(J48.java:300)
	at weka.classifiers.evaluation.Evaluation.evaluateModel(Evaluation.java:1632)
	at weka.classifiers.Evaluation.evaluateModel(Evaluation.java:668)
	at weka.classifiers.AbstractClassifier.runClassifier(AbstractClassifier.java:141)
	at weka.classifiers.trees.J48.main(J48.java:1221)
