WARNING: core mtj jar files are not available as resources to this classloader (jdk.internal.loader.ClassLoaders$AppClassLoader@5c29bfd)

=== Classifier model (full training set) ===

J48 pruned tree
------------------

NUM2 <= 5.556345: TRUE (7.0)
NUM2 > 5.556345: FALSE (14.0)

Number of Leaves  : 	2

Size of the tree : 	3


Time taken to build model: 0.01 seconds

Time taken to test model on training data: 0 seconds

=== Error on training data ===

Correctly Classified Instances          21              100      %
Incorrectly Classified Instances         0                0      %
Kappa statistic                          1     
K&B Relative Info Score                100      %
K&B Information Score                   20.5877 bits      0.9804 bits/instance
Class complexity | order 0              20.5877 bits      0.9804 bits/instance
Class complexity | scheme                0      bits      0      bits/instance
Complexity improvement     (Sf)         20.5877 bits      0.9804 bits/instance
Mean absolute error                      0     
Root mean squared error                  0     
Relative absolute error                  0      %
Root relative squared error              0      %
Total Number of Instances               21     


=== Detailed Accuracy By Class ===

                 TP Rate  FP Rate  Precision  Recall   F-Measure  MCC      ROC Area  PRC Area  Class
                 1.000    0.000    1.000      1.000    1.000      1.000    1.000     1.000     TRUE
                 1.000    0.000    1.000      1.000    1.000      1.000    1.000     1.000     FALSE
                 ?        0.000    ?          ?        ?          ?        ?         ?         UNKNOWN
Weighted Avg.    1.000    0.000    1.000      1.000    1.000      1.000    1.000     1.000     


=== Confusion Matrix ===

  a  b  c   <-- classified as
  7  0  0 |  a = TRUE
  0 14  0 |  b = FALSE
  0  0  0 |  c = UNKNOWN

Time taken to perform cross-validation: 0.01 seconds


=== Stratified cross-validation ===

Correctly Classified Instances          19               90.4762 %
Incorrectly Classified Instances         2                9.5238 %
Kappa statistic                          0.7692
K&B Relative Info Score                 79.508  %
K&B Information Score                   16.973  bits      0.8082 bits/instance
Class complexity | order 0              21.3476 bits      1.0166 bits/instance
Class complexity | scheme             2148      bits    102.2857 bits/instance
Complexity improvement     (Sf)      -2126.6524 bits   -101.2692 bits/instance
Mean absolute error                      0.0635
Root mean squared error                  0.252 
Relative absolute error                 19.6931 %
Root relative squared error             63.8828 %
Total Number of Instances               21     


=== Detailed Accuracy By Class ===

                 TP Rate  FP Rate  Precision  Recall   F-Measure  MCC      ROC Area  PRC Area  Class
                 0.714    0.000    1.000      0.714    0.833      0.791    0.857     0.810     TRUE
                 1.000    0.286    0.875      1.000    0.933      0.791    0.857     0.875     FALSE
                 ?        0.000    ?          ?        ?          ?        ?         ?         UNKNOWN
Weighted Avg.    0.905    0.190    0.917      0.905    0.900      0.791    0.857     0.853     


=== Confusion Matrix ===

  a  b  c   <-- classified as
  5  2  0 |  a = TRUE
  0 14  0 |  b = FALSE
  0  0  0 |  c = UNKNOWN

