WARNING: core mtj jar files are not available as resources to this classloader (jdk.internal.loader.ClassLoaders$AppClassLoader@5c29bfd)

=== Classifier model (full training set) ===

J48 pruned tree
------------------

NUM2 <= 4.308694: TRUE (5.0)
NUM2 > 4.308694: FALSE (10.0)

Number of Leaves  : 	2

Size of the tree : 	3


Time taken to build model: 0.02 seconds

Time taken to test model on training data: 0 seconds

=== Error on training data ===

Correctly Classified Instances          15              100      %
Incorrectly Classified Instances         0                0      %
Kappa statistic                          1     
K&B Relative Info Score                100      %
K&B Information Score                   15.0297 bits      1.002  bits/instance
Class complexity | order 0              15.0297 bits      1.002  bits/instance
Class complexity | scheme                0      bits      0      bits/instance
Complexity improvement     (Sf)         15.0297 bits      1.002  bits/instance
Mean absolute error                      0     
Root mean squared error                  0     
Relative absolute error                  0      %
Root relative squared error              0      %
Total Number of Instances               15     


=== Detailed Accuracy By Class ===

                 TP Rate  FP Rate  Precision  Recall   F-Measure  MCC      ROC Area  PRC Area  Class
                 1.000    0.000    1.000      1.000    1.000      1.000    1.000     1.000     TRUE
                 1.000    0.000    1.000      1.000    1.000      1.000    1.000     1.000     FALSE
                 ?        0.000    ?          ?        ?          ?        ?         ?         UNKNOWN
Weighted Avg.    1.000    0.000    1.000      1.000    1.000      1.000    1.000     1.000     


=== Confusion Matrix ===

  a  b  c   <-- classified as
  5  0  0 |  a = TRUE
  0 10  0 |  b = FALSE
  0  0  0 |  c = UNKNOWN

Time taken to perform cross-validation: 0.01 seconds


=== Stratified cross-validation ===

Correctly Classified Instances          13               86.6667 %
Incorrectly Classified Instances         2               13.3333 %
Kappa statistic                          0.6667
K&B Relative Info Score                 71.5712 %
K&B Information Score                   11.1711 bits      0.7447 bits/instance
Class complexity | order 0              15.6084 bits      1.0406 bits/instance
Class complexity | scheme             2148      bits    143.2    bits/instance
Complexity improvement     (Sf)      -2132.3916 bits   -142.1594 bits/instance
Mean absolute error                      0.0889
Root mean squared error                  0.2981
Relative absolute error                 27.1322 %
Root relative squared error             75.4059 %
Total Number of Instances               15     


=== Detailed Accuracy By Class ===

                 TP Rate  FP Rate  Precision  Recall   F-Measure  MCC      ROC Area  PRC Area  Class
                 0.600    0.000    1.000      0.600    0.750      0.707    0.800     0.733     TRUE
                 1.000    0.400    0.833      1.000    0.909      0.707    0.800     0.833     FALSE
                 ?        0.000    ?          ?        ?          ?        ?         ?         UNKNOWN
Weighted Avg.    0.867    0.267    0.889      0.867    0.856      0.707    0.800     0.800     


=== Confusion Matrix ===

  a  b  c   <-- classified as
  3  2  0 |  a = TRUE
  0 10  0 |  b = FALSE
  0  0  0 |  c = UNKNOWN

