WARNING: core mtj jar files are not available as resources to this classloader (jdk.internal.loader.ClassLoaders$AppClassLoader@5c29bfd)

=== Classifier model (full training set) ===

J48 pruned tree
------------------

NUM2 <= 3.47222: TRUE (3.0)
NUM2 > 3.47222: FALSE (6.0)

Number of Leaves  : 	2

Size of the tree : 	3


Time taken to build model: 0.01 seconds

Time taken to test model on training data: 0 seconds

=== Error on training data ===

Correctly Classified Instances           9              100      %
Incorrectly Classified Instances         0                0      %
Kappa statistic                          1     
K&B Relative Info Score                100      %
K&B Information Score                    9.4205 bits      1.0467 bits/instance
Class complexity | order 0               9.4205 bits      1.0467 bits/instance
Class complexity | scheme                0      bits      0      bits/instance
Complexity improvement     (Sf)          9.4205 bits      1.0467 bits/instance
Mean absolute error                      0     
Root mean squared error                  0     
Relative absolute error                  0      %
Root relative squared error              0      %
Total Number of Instances                9     


=== Detailed Accuracy By Class ===

                 TP Rate  FP Rate  Precision  Recall   F-Measure  MCC      ROC Area  PRC Area  Class
                 1.000    0.000    1.000      1.000    1.000      1.000    1.000     1.000     TRUE
                 1.000    0.000    1.000      1.000    1.000      1.000    1.000     1.000     FALSE
                 ?        0.000    ?          ?        ?          ?        ?         ?         UNKNOWN
Weighted Avg.    1.000    0.000    1.000      1.000    1.000      1.000    1.000     1.000     


=== Confusion Matrix ===

 a b c   <-- classified as
 3 0 0 | a = TRUE
 0 6 0 | b = FALSE
 0 0 0 | c = UNKNOWN

Time taken to perform cross-validation: 0 seconds


=== Stratified cross-validation ===

Correctly Classified Instances           7               77.7778 %
Incorrectly Classified Instances         2               22.2222 %
Kappa statistic                          0.4   
K&B Relative Info Score                 57.0588 %
K&B Information Score                    6.2024 bits      0.6892 bits/instance
Class complexity | order 0              10.8702 bits      1.2078 bits/instance
Class complexity | scheme             2148      bits    238.6667 bits/instance
Complexity improvement     (Sf)      -2137.1298 bits   -237.4589 bits/instance
Mean absolute error                      0.1481
Root mean squared error                  0.3849
Relative absolute error                 40.7407 %
Root relative squared error             90.2671 %
Total Number of Instances                9     


=== Detailed Accuracy By Class ===

                 TP Rate  FP Rate  Precision  Recall   F-Measure  MCC      ROC Area  PRC Area  Class
                 0.333    0.000    1.000      0.333    0.500      0.500    0.667     0.556     TRUE
                 1.000    0.667    0.750      1.000    0.857      0.500    0.667     0.750     FALSE
                 ?        0.000    ?          ?        ?          ?        ?         ?         UNKNOWN
Weighted Avg.    0.778    0.444    0.833      0.778    0.738      0.500    0.667     0.685     


=== Confusion Matrix ===

 a b c   <-- classified as
 1 2 0 | a = TRUE
 0 6 0 | b = FALSE
 0 0 0 | c = UNKNOWN

