
=== Classifier model (full training set) ===

J48 pruned tree
------------------

NUM6 <= 1792684: TRUE (90.0)
NUM6 > 1792684
|   NUM2 <= 19034947: TRUE (12.0)
|   NUM2 > 19034947: FALSE (102.0)

Number of Leaves  : 	3

Size of the tree : 	5


Time taken to build model: 0.27 seconds

Time taken to test model on training data: 0.04 seconds

=== Error on training data ===

Correctly Classified Instances         204              100      %
Incorrectly Classified Instances         0                0      %
Kappa statistic                          1     
K&B Relative Info Score                100      %
K&B Information Score                  204      bits      1      bits/instance
Class complexity | order 0             204      bits      1      bits/instance
Class complexity | scheme                0      bits      0      bits/instance
Complexity improvement     (Sf)        204      bits      1      bits/instance
Mean absolute error                      0     
Root mean squared error                  0     
Relative absolute error                  0      %
Root relative squared error              0      %
Total Number of Instances              204     


=== Detailed Accuracy By Class ===

                 TP Rate  FP Rate  Precision  Recall   F-Measure  MCC      ROC Area  PRC Area  Class
                 1.000    0.000    1.000      1.000    1.000      1.000    1.000     1.000     TRUE
                 1.000    0.000    1.000      1.000    1.000      1.000    1.000     1.000     FALSE
Weighted Avg.    1.000    0.000    1.000      1.000    1.000      1.000    1.000     1.000     


=== Confusion Matrix ===

   a   b   <-- classified as
 102   0 |   a = TRUE
   0 102 |   b = FALSE

Time taken to perform cross-validation: 0.13 seconds


=== Stratified cross-validation ===

Correctly Classified Instances         201               98.5294 %
Incorrectly Classified Instances         3                1.4706 %
Kappa statistic                          0.9706
K&B Relative Info Score                 97.0593 %
K&B Information Score                  198.033  bits      0.9707 bits/instance
Class complexity | order 0             204.033  bits      1.0002 bits/instance
Class complexity | scheme             3222      bits     15.7941 bits/instance
Complexity improvement     (Sf)      -3017.967  bits    -14.794  bits/instance
Mean absolute error                      0.0147
Root mean squared error                  0.1213
Relative absolute error                  2.9409 %
Root relative squared error             24.2508 %
Total Number of Instances              204     


=== Detailed Accuracy By Class ===

                 TP Rate  FP Rate  Precision  Recall   F-Measure  MCC      ROC Area  PRC Area  Class
                 0.971    0.000    1.000      0.971    0.985      0.971    0.985     0.985     TRUE
                 1.000    0.029    0.971      1.000    0.986      0.971    0.985     0.971     FALSE
Weighted Avg.    0.985    0.015    0.986      0.985    0.985      0.971    0.985     0.978     


=== Confusion Matrix ===

   a   b   <-- classified as
  99   3 |   a = TRUE
   0 102 |   b = FALSE

Picked up JAVA_TOOL_OPTIONS: -Xmx2g
java.lang.reflect.InaccessibleObjectException: Unable to make protected final java.lang.Class java.lang.ClassLoader.defineClass(java.lang.String,byte[],int,int,java.security.ProtectionDomain) throws java.lang.ClassFormatError accessible: module java.base does not "opens java.lang" to unnamed module @4b6995df
	at java.base/java.lang.reflect.AccessibleObject.checkCanSetAccessible(AccessibleObject.java:354)
	at java.base/java.lang.reflect.AccessibleObject.checkCanSetAccessible(AccessibleObject.java:297)
	at java.base/java.lang.reflect.Method.checkCanSetAccessible(Method.java:199)
	at java.base/java.lang.reflect.Method.setAccessible(Method.java:193)
	at weka.core.WekaPackageClassLoaderManager.injectClasses(WekaPackageClassLoaderManager.java:792)
	at weka.core.WekaPackageClassLoaderManager.injectAllClassesInFromStream(WekaPackageClassLoaderManager.java:690)
	at weka.core.WekaPackageClassLoaderManager.injectMTJCoreClasses(WekaPackageClassLoaderManager.java:118)
	at weka.core.WekaPackageManager.<clinit>(WekaPackageManager.java:255)
	at weka.core.ResourceUtils.readProperties(ResourceUtils.java:241)
	at weka.core.ResourceUtils.readProperties(ResourceUtils.java:184)
	at weka.core.Utils.readProperties(Utils.java:183)
	at weka.core.Capabilities.<clinit>(Capabilities.java:104)
	at weka.classifiers.trees.J48.getCapabilities(J48.java:250)
	at weka.classifiers.trees.J48.buildClassifier(J48.java:300)
	at weka.classifiers.evaluation.Evaluation.evaluateModel(Evaluation.java:1632)
	at weka.classifiers.Evaluation.evaluateModel(Evaluation.java:668)
	at weka.classifiers.AbstractClassifier.runClassifier(AbstractClassifier.java:141)
	at weka.classifiers.trees.J48.main(J48.java:1221)
