WARNING: core mtj jar files are not available as resources to this classloader (jdk.internal.loader.ClassLoaders$AppClassLoader@5c29bfd)

=== Classifier model (full training set) ===

J48 pruned tree
------------------

NUM1 <= 4712639.815733: TRUE (189.0)
NUM1 > 4712639.815733
|   LOGICALS3 = And
|   |   NUM3 <= 2.801264: TRUE (46.0)
|   |   NUM3 > 2.801264
|   |   |   NUM1 <= 5218868.263526: TRUE (19.0)
|   |   |   NUM1 > 5218868.263526: FALSE (71.0)
|   LOGICALS3 = Or: FALSE (173.0)
|   LOGICALS3 = Implies: FALSE (0.0)

Number of Leaves  : 	6

Size of the tree : 	10


Time taken to build model: 0.02 seconds

Time taken to test model on training data: 0.01 seconds

=== Error on training data ===

Correctly Classified Instances         498              100      %
Incorrectly Classified Instances         0                0      %
Kappa statistic                          1     
K&B Relative Info Score                100      %
K&B Information Score                  499.2906 bits      1.0026 bits/instance
Class complexity | order 0             499.2906 bits      1.0026 bits/instance
Class complexity | scheme                0      bits      0      bits/instance
Complexity improvement     (Sf)        499.2906 bits      1.0026 bits/instance
Mean absolute error                      0     
Root mean squared error                  0     
Relative absolute error                  0      %
Root relative squared error              0      %
Total Number of Instances              498     


=== Detailed Accuracy By Class ===

                 TP Rate  FP Rate  Precision  Recall   F-Measure  MCC      ROC Area  PRC Area  Class
                 1.000    0.000    1.000      1.000    1.000      1.000    1.000     1.000     TRUE
                 1.000    0.000    1.000      1.000    1.000      1.000    1.000     1.000     FALSE
                 ?        0.000    ?          ?        ?          ?        ?         ?         UNKNOWN
Weighted Avg.    1.000    0.000    1.000      1.000    1.000      1.000    1.000     1.000     


=== Confusion Matrix ===

   a   b   c   <-- classified as
 254   0   0 |   a = TRUE
   0 244   0 |   b = FALSE
   0   0   0 |   c = UNKNOWN

Time taken to perform cross-validation: 0.03 seconds


=== Stratified cross-validation ===

Correctly Classified Instances         497               99.7992 %
Incorrectly Classified Instances         1                0.2008 %
Kappa statistic                          0.996 
K&B Relative Info Score                 99.5995 %
K&B Information Score                  497.4758 bits      0.9989 bits/instance
Class complexity | order 0             499.4763 bits      1.003  bits/instance
Class complexity | scheme             1074      bits      2.1566 bits/instance
Complexity improvement     (Sf)       -574.5237 bits     -1.1537 bits/instance
Mean absolute error                      0.0013
Root mean squared error                  0.0366
Relative absolute error                  0.4009 %
Root relative squared error              8.9636 %
Total Number of Instances              498     


=== Detailed Accuracy By Class ===

                 TP Rate  FP Rate  Precision  Recall   F-Measure  MCC      ROC Area  PRC Area  Class
                 0.996    0.000    1.000      0.996    0.998      0.996    0.998     0.998     TRUE
                 1.000    0.004    0.996      1.000    0.998      0.996    0.998     0.996     FALSE
                 ?        0.000    ?          ?        ?          ?        ?         ?         UNKNOWN
Weighted Avg.    0.998    0.002    0.998      0.998    0.998      0.996    0.998     0.997     


=== Confusion Matrix ===

   a   b   c   <-- classified as
 253   1   0 |   a = TRUE
   0 244   0 |   b = FALSE
   0   0   0 |   c = UNKNOWN

