WARNING: core mtj jar files are not available as resources to this classloader (jdk.internal.loader.ClassLoaders$AppClassLoader@5c29bfd)

=== Classifier model (full training set) ===

J48 pruned tree
------------------

NUM1 <= 4690960.04756: TRUE (999.0)
NUM1 > 4690960.04756
|   LOGICALS3 = And
|   |   NUM3 <= 2.797655: TRUE (238.0)
|   |   NUM3 > 2.797655
|   |   |   NUM1 <= 5208071.40769: TRUE (143.0)
|   |   |   NUM1 > 5208071.40769: FALSE (368.0)
|   LOGICALS3 = Or: FALSE (736.0)
|   LOGICALS3 = Implies: FALSE (0.0)

Number of Leaves  : 	6

Size of the tree : 	10


Time taken to build model: 0.04 seconds

Time taken to test model on training data: 0.01 seconds

=== Error on training data ===

Correctly Classified Instances        2484              100      %
Incorrectly Classified Instances         0                0      %
Kappa statistic                          1     
K&B Relative Info Score                100      %
K&B Information Score                 2463.2742 bits      0.9917 bits/instance
Class complexity | order 0            2463.2742 bits      0.9917 bits/instance
Class complexity | scheme                0      bits      0      bits/instance
Complexity improvement     (Sf)       2463.2742 bits      0.9917 bits/instance
Mean absolute error                      0     
Root mean squared error                  0     
Relative absolute error                  0      %
Root relative squared error              0      %
Total Number of Instances             2484     


=== Detailed Accuracy By Class ===

                 TP Rate  FP Rate  Precision  Recall   F-Measure  MCC      ROC Area  PRC Area  Class
                 1.000    0.000    1.000      1.000    1.000      1.000    1.000     1.000     TRUE
                 1.000    0.000    1.000      1.000    1.000      1.000    1.000     1.000     FALSE
                 ?        0.000    ?          ?        ?          ?        ?         ?         UNKNOWN
Weighted Avg.    1.000    0.000    1.000      1.000    1.000      1.000    1.000     1.000     


=== Confusion Matrix ===

    a    b    c   <-- classified as
 1380    0    0 |    a = TRUE
    0 1104    0 |    b = FALSE
    0    0    0 |    c = UNKNOWN

Time taken to perform cross-validation: 0.08 seconds


=== Stratified cross-validation ===

Correctly Classified Instances        2483               99.9597 %
Incorrectly Classified Instances         1                0.0403 %
Kappa statistic                          0.9992
K&B Relative Info Score                 99.9181 %
K&B Information Score                 2461.4182 bits      0.9909 bits/instance
Class complexity | order 0            2463.4362 bits      0.9917 bits/instance
Class complexity | scheme             1074      bits      0.4324 bits/instance
Complexity improvement     (Sf)       1389.4362 bits      0.5594 bits/instance
Mean absolute error                      0.0003
Root mean squared error                  0.0164
Relative absolute error                  0.0815 %
Root relative squared error              4.0379 %
Total Number of Instances             2484     


=== Detailed Accuracy By Class ===

                 TP Rate  FP Rate  Precision  Recall   F-Measure  MCC      ROC Area  PRC Area  Class
                 1.000    0.001    0.999      1.000    1.000      0.999    1.000     0.999     TRUE
                 0.999    0.000    1.000      0.999    1.000      0.999    1.000     0.999     FALSE
                 ?        0.000    ?          ?        ?          ?        ?         ?         UNKNOWN
Weighted Avg.    1.000    0.001    1.000      1.000    1.000      0.999    1.000     0.999     


=== Confusion Matrix ===

    a    b    c   <-- classified as
 1380    0    0 |    a = TRUE
    1 1103    0 |    b = FALSE
    0    0    0 |    c = UNKNOWN

