WARNING: core mtj jar files are not available as resources to this classloader (jdk.internal.loader.ClassLoaders$AppClassLoader@5c29bfd)

=== Classifier model (full training set) ===

J48 pruned tree
------------------

NUM1 <= 4712639.815733: TRUE (86.0)
NUM1 > 4712639.815733
|   LOGICALS3 = And
|   |   NUM3 <= 2.789641: TRUE (37.0)
|   |   NUM3 > 2.789641
|   |   |   NUM1 <= 5144836.544846: TRUE (14.0)
|   |   |   NUM1 > 5144836.544846: FALSE (51.0)
|   LOGICALS3 = Or: FALSE (61.0)
|   LOGICALS3 = Implies: FALSE (0.0)

Number of Leaves  : 	6

Size of the tree : 	10


Time taken to build model: 0.02 seconds

Time taken to test model on training data: 0 seconds

=== Error on training data ===

Correctly Classified Instances         249              100      %
Incorrectly Classified Instances         0                0      %
Kappa statistic                          1     
K&B Relative Info Score                100      %
K&B Information Score                  248.6148 bits      0.9985 bits/instance
Class complexity | order 0             248.6148 bits      0.9985 bits/instance
Class complexity | scheme                0      bits      0      bits/instance
Complexity improvement     (Sf)        248.6148 bits      0.9985 bits/instance
Mean absolute error                      0     
Root mean squared error                  0     
Relative absolute error                  0      %
Root relative squared error              0      %
Total Number of Instances              249     


=== Detailed Accuracy By Class ===

                 TP Rate  FP Rate  Precision  Recall   F-Measure  MCC      ROC Area  PRC Area  Class
                 1.000    0.000    1.000      1.000    1.000      1.000    1.000     1.000     TRUE
                 1.000    0.000    1.000      1.000    1.000      1.000    1.000     1.000     FALSE
                 ?        0.000    ?          ?        ?          ?        ?         ?         UNKNOWN
Weighted Avg.    1.000    0.000    1.000      1.000    1.000      1.000    1.000     1.000     


=== Confusion Matrix ===

   a   b   c   <-- classified as
 137   0   0 |   a = TRUE
   0 112   0 |   b = FALSE
   0   0   0 |   c = UNKNOWN

Time taken to perform cross-validation: 0.02 seconds


=== Stratified cross-validation ===

Correctly Classified Instances         247               99.1968 %
Incorrectly Classified Instances         2                0.8032 %
Kappa statistic                          0.9838
K&B Relative Info Score                 98.3824 %
K&B Information Score                  244.7906 bits      0.9831 bits/instance
Class complexity | order 0             248.8154 bits      0.9993 bits/instance
Class complexity | scheme             2148      bits      8.6265 bits/instance
Complexity improvement     (Sf)      -1899.1846 bits     -7.6272 bits/instance
Mean absolute error                      0.0054
Root mean squared error                  0.0732
Relative absolute error                  1.6152 %
Root relative squared error             18.0127 %
Total Number of Instances              249     


=== Detailed Accuracy By Class ===

                 TP Rate  FP Rate  Precision  Recall   F-Measure  MCC      ROC Area  PRC Area  Class
                 0.985    0.000    1.000      0.985    0.993      0.984    0.993     0.993     TRUE
                 1.000    0.015    0.982      1.000    0.991      0.984    0.993     0.982     FALSE
                 ?        0.000    ?          ?        ?          ?        ?         ?         UNKNOWN
Weighted Avg.    0.992    0.007    0.992      0.992    0.992      0.984    0.993     0.988     


=== Confusion Matrix ===

   a   b   c   <-- classified as
 135   2   0 |   a = TRUE
   0 112   0 |   b = FALSE
   0   0   0 |   c = UNKNOWN

