WARNING: core mtj jar files are not available as resources to this classloader (jdk.internal.loader.ClassLoaders$AppClassLoader@5c29bfd)

=== Classifier model (full training set) ===

J48 pruned tree
------------------

NUM3 <= 1.999004: FALSE (61.0)
NUM3 > 1.999004: TRUE (83.0)

Number of Leaves  : 	2

Size of the tree : 	3


Time taken to build model: 0.01 seconds

Time taken to test model on training data: 0 seconds

=== Error on training data ===

Correctly Classified Instances         144              100      %
Incorrectly Classified Instances         0                0      %
Kappa statistic                          1     
K&B Relative Info Score                100      %
K&B Information Score                  142.9845 bits      0.9929 bits/instance
Class complexity | order 0             142.9845 bits      0.9929 bits/instance
Class complexity | scheme                0      bits      0      bits/instance
Complexity improvement     (Sf)        142.9845 bits      0.9929 bits/instance
Mean absolute error                      0     
Root mean squared error                  0     
Relative absolute error                  0      %
Root relative squared error              0      %
Total Number of Instances              144     


=== Detailed Accuracy By Class ===

                 TP Rate  FP Rate  Precision  Recall   F-Measure  MCC      ROC Area  PRC Area  Class
                 1.000    0.000    1.000      1.000    1.000      1.000    1.000     1.000     TRUE
                 1.000    0.000    1.000      1.000    1.000      1.000    1.000     1.000     FALSE
                 ?        0.000    ?          ?        ?          ?        ?         ?         UNKNOWN
Weighted Avg.    1.000    0.000    1.000      1.000    1.000      1.000    1.000     1.000     


=== Confusion Matrix ===

  a  b  c   <-- classified as
 83  0  0 |  a = TRUE
  0 61  0 |  b = FALSE
  0  0  0 |  c = UNKNOWN

Time taken to perform cross-validation: 0.01 seconds


=== Stratified cross-validation ===

Correctly Classified Instances         143               99.3056 %
Incorrectly Classified Instances         1                0.6944 %
Kappa statistic                          0.9857
K&B Relative Info Score                 98.5777 %
K&B Information Score                  141.1422 bits      0.9802 bits/instance
Class complexity | order 0             143.1786 bits      0.9943 bits/instance
Class complexity | scheme             1074      bits      7.4583 bits/instance
Complexity improvement     (Sf)       -930.8214 bits     -6.464  bits/instance
Mean absolute error                      0.0046
Root mean squared error                  0.068 
Relative absolute error                  1.4102 %
Root relative squared error             16.8599 %
Total Number of Instances              144     


=== Detailed Accuracy By Class ===

                 TP Rate  FP Rate  Precision  Recall   F-Measure  MCC      ROC Area  PRC Area  Class
                 1.000    0.016    0.988      1.000    0.994      0.986    0.992     0.988     TRUE
                 0.984    0.000    1.000      0.984    0.992      0.986    0.992     0.991     FALSE
                 ?        0.000    ?          ?        ?          ?        ?         ?         UNKNOWN
Weighted Avg.    0.993    0.009    0.993      0.993    0.993      0.986    0.992     0.989     


=== Confusion Matrix ===

  a  b  c   <-- classified as
 83  0  0 |  a = TRUE
  1 60  0 |  b = FALSE
  0  0  0 |  c = UNKNOWN

