WARNING: core mtj jar files are not available as resources to this classloader (jdk.internal.loader.ClassLoaders$AppClassLoader@5c29bfd)

=== Classifier model (full training set) ===

J48 pruned tree
------------------

NUM3 <= 1.998132
|   NUM2 <= -3.500179: TRUE (456.0)
|   NUM2 > -3.500179: FALSE (1140.0)
NUM3 > 1.998132: TRUE (753.0)

Number of Leaves  : 	3

Size of the tree : 	5


Time taken to build model: 0.03 seconds

Time taken to test model on training data: 0.01 seconds

=== Error on training data ===

Correctly Classified Instances        2349              100      %
Incorrectly Classified Instances         0                0      %
Kappa statistic                          1     
K&B Relative Info Score                100      %
K&B Information Score                 2348.9789 bits      1      bits/instance
Class complexity | order 0            2348.9789 bits      1      bits/instance
Class complexity | scheme                0      bits      0      bits/instance
Complexity improvement     (Sf)       2348.9789 bits      1      bits/instance
Mean absolute error                      0     
Root mean squared error                  0     
Relative absolute error                  0      %
Root relative squared error              0      %
Total Number of Instances             2349     


=== Detailed Accuracy By Class ===

                 TP Rate  FP Rate  Precision  Recall   F-Measure  MCC      ROC Area  PRC Area  Class
                 1.000    0.000    1.000      1.000    1.000      1.000    1.000     1.000     TRUE
                 1.000    0.000    1.000      1.000    1.000      1.000    1.000     1.000     FALSE
                 ?        0.000    ?          ?        ?          ?        ?         ?         UNKNOWN
Weighted Avg.    1.000    0.000    1.000      1.000    1.000      1.000    1.000     1.000     


=== Confusion Matrix ===

    a    b    c   <-- classified as
 1209    0    0 |    a = TRUE
    0 1140    0 |    b = FALSE
    0    0    0 |    c = UNKNOWN

Time taken to perform cross-validation: 0.06 seconds


=== Stratified cross-validation ===

Correctly Classified Instances        2346               99.8723 %
Incorrectly Classified Instances         3                0.1277 %
Kappa statistic                          0.9974
K&B Relative Info Score                 99.7444 %
K&B Information Score                 2343.1358 bits      0.9975 bits/instance
Class complexity | order 0            2349.1395 bits      1.0001 bits/instance
Class complexity | scheme             3222      bits      1.3716 bits/instance
Complexity improvement     (Sf)       -872.8605 bits     -0.3716 bits/instance
Mean absolute error                      0.0009
Root mean squared error                  0.0292
Relative absolute error                  0.2555 %
Root relative squared error              7.1505 %
Total Number of Instances             2349     


=== Detailed Accuracy By Class ===

                 TP Rate  FP Rate  Precision  Recall   F-Measure  MCC      ROC Area  PRC Area  Class
                 0.998    0.001    0.999      0.998    0.999      0.997    0.999     0.998     TRUE
                 0.999    0.002    0.998      0.999    0.999      0.997    0.999     0.998     FALSE
                 ?        0.000    ?          ?        ?          ?        ?         ?         UNKNOWN
Weighted Avg.    0.999    0.001    0.999      0.999    0.999      0.997    0.999     0.998     


=== Confusion Matrix ===

    a    b    c   <-- classified as
 1207    2    0 |    a = TRUE
    1 1139    0 |    b = FALSE
    0    0    0 |    c = UNKNOWN

