WARNING: core mtj jar files are not available as resources to this classloader (jdk.internal.loader.ClassLoaders$AppClassLoader@5c29bfd)

=== Classifier model (full training set) ===

J48 pruned tree
------------------

NUM3 <= 1.992666
|   NUM2 <= -3.523804: TRUE (29.0)
|   NUM2 > -3.523804: FALSE (234.0)
NUM3 > 1.992666: TRUE (208.0)

Number of Leaves  : 	3

Size of the tree : 	5


Time taken to build model: 0.02 seconds

Time taken to test model on training data: 0 seconds

=== Error on training data ===

Correctly Classified Instances         471              100      %
Incorrectly Classified Instances         0                0      %
Kappa statistic                          1     
K&B Relative Info Score                100      %
K&B Information Score                  472.4213 bits      1.003  bits/instance
Class complexity | order 0             472.4213 bits      1.003  bits/instance
Class complexity | scheme                0      bits      0      bits/instance
Complexity improvement     (Sf)        472.4213 bits      1.003  bits/instance
Mean absolute error                      0     
Root mean squared error                  0     
Relative absolute error                  0      %
Root relative squared error              0      %
Total Number of Instances              471     


=== Detailed Accuracy By Class ===

                 TP Rate  FP Rate  Precision  Recall   F-Measure  MCC      ROC Area  PRC Area  Class
                 1.000    0.000    1.000      1.000    1.000      1.000    1.000     1.000     TRUE
                 1.000    0.000    1.000      1.000    1.000      1.000    1.000     1.000     FALSE
                 ?        0.000    ?          ?        ?          ?        ?         ?         UNKNOWN
Weighted Avg.    1.000    0.000    1.000      1.000    1.000      1.000    1.000     1.000     


=== Confusion Matrix ===

   a   b   c   <-- classified as
 237   0   0 |   a = TRUE
   0 234   0 |   b = FALSE
   0   0   0 |   c = UNKNOWN

Time taken to perform cross-validation: 0.02 seconds


=== Stratified cross-validation ===

Correctly Classified Instances         470               99.7877 %
Incorrectly Classified Instances         1                0.2123 %
Kappa statistic                          0.9958
K&B Relative Info Score                 99.5768 %
K&B Information Score                  470.6088 bits      0.9992 bits/instance
Class complexity | order 0             472.6088 bits      1.0034 bits/instance
Class complexity | scheme             1074      bits      2.2803 bits/instance
Complexity improvement     (Sf)       -601.3912 bits     -1.2768 bits/instance
Mean absolute error                      0.0014
Root mean squared error                  0.0376
Relative absolute error                  0.4236 %
Root relative squared error              9.2152 %
Total Number of Instances              471     


=== Detailed Accuracy By Class ===

                 TP Rate  FP Rate  Precision  Recall   F-Measure  MCC      ROC Area  PRC Area  Class
                 0.996    0.000    1.000      0.996    0.998      0.996    0.998     0.998     TRUE
                 1.000    0.004    0.996      1.000    0.998      0.996    0.998     0.996     FALSE
                 ?        0.000    ?          ?        ?          ?        ?         ?         UNKNOWN
Weighted Avg.    0.998    0.002    0.998      0.998    0.998      0.996    0.998     0.997     


=== Confusion Matrix ===

   a   b   c   <-- classified as
 236   1   0 |   a = TRUE
   0 234   0 |   b = FALSE
   0   0   0 |   c = UNKNOWN

