WARNING: core mtj jar files are not available as resources to this classloader (jdk.internal.loader.ClassLoaders$AppClassLoader@5c29bfd)

=== Classifier model (full training set) ===

J48 pruned tree
------------------

NUM3 <= 1.992666
|   NUM2 <= -3.500179: TRUE (68.0)
|   NUM2 > -3.500179: FALSE (289.0)
NUM3 > 1.992666: TRUE (231.0)

Number of Leaves  : 	3

Size of the tree : 	5


Time taken to build model: 0.02 seconds

Time taken to test model on training data: 0 seconds

=== Error on training data ===

Correctly Classified Instances         588              100      %
Incorrectly Classified Instances         0                0      %
Kappa statistic                          1     
K&B Relative Info Score                100      %
K&B Information Score                  589.3139 bits      1.0022 bits/instance
Class complexity | order 0             589.3139 bits      1.0022 bits/instance
Class complexity | scheme                0      bits      0      bits/instance
Complexity improvement     (Sf)        589.3139 bits      1.0022 bits/instance
Mean absolute error                      0     
Root mean squared error                  0     
Relative absolute error                  0      %
Root relative squared error              0      %
Total Number of Instances              588     


=== Detailed Accuracy By Class ===

                 TP Rate  FP Rate  Precision  Recall   F-Measure  MCC      ROC Area  PRC Area  Class
                 1.000    0.000    1.000      1.000    1.000      1.000    1.000     1.000     TRUE
                 1.000    0.000    1.000      1.000    1.000      1.000    1.000     1.000     FALSE
                 ?        0.000    ?          ?        ?          ?        ?         ?         UNKNOWN
Weighted Avg.    1.000    0.000    1.000      1.000    1.000      1.000    1.000     1.000     


=== Confusion Matrix ===

   a   b   c   <-- classified as
 299   0   0 |   a = TRUE
   0 289   0 |   b = FALSE
   0   0   0 |   c = UNKNOWN

Time taken to perform cross-validation: 0.02 seconds


=== Stratified cross-validation ===

Correctly Classified Instances         587               99.8299 %
Incorrectly Classified Instances         1                0.1701 %
Kappa statistic                          0.9966
K&B Relative Info Score                 99.6607 %
K&B Information Score                  587.4782 bits      0.9991 bits/instance
Class complexity | order 0             589.4785 bits      1.0025 bits/instance
Class complexity | scheme             1074      bits      1.8265 bits/instance
Complexity improvement     (Sf)       -484.5215 bits     -0.824  bits/instance
Mean absolute error                      0.0011
Root mean squared error                  0.0337
Relative absolute error                  0.3396 %
Root relative squared error              8.249  %
Total Number of Instances              588     


=== Detailed Accuracy By Class ===

                 TP Rate  FP Rate  Precision  Recall   F-Measure  MCC      ROC Area  PRC Area  Class
                 0.997    0.000    1.000      0.997    0.998      0.997    0.998     0.998     TRUE
                 1.000    0.003    0.997      1.000    0.998      0.997    0.998     0.997     FALSE
                 ?        0.000    ?          ?        ?          ?        ?         ?         UNKNOWN
Weighted Avg.    0.998    0.002    0.998      0.998    0.998      0.997    0.998     0.997     


=== Confusion Matrix ===

   a   b   c   <-- classified as
 298   1   0 |   a = TRUE
   0 289   0 |   b = FALSE
   0   0   0 |   c = UNKNOWN

