WARNING: core mtj jar files are not available as resources to this classloader (jdk.internal.loader.ClassLoaders$AppClassLoader@5c29bfd)

=== Classifier model (full training set) ===

J48 pruned tree
------------------

NUM3 <= 1.992666: FALSE (118.0)
NUM3 > 1.992666: TRUE (119.0)

Number of Leaves  : 	2

Size of the tree : 	3


Time taken to build model: 0.01 seconds

Time taken to test model on training data: 0 seconds

=== Error on training data ===

Correctly Classified Instances         237              100      %
Incorrectly Classified Instances         0                0      %
Kappa statistic                          1     
K&B Relative Info Score                100      %
K&B Information Score                  238.4246 bits      1.006  bits/instance
Class complexity | order 0             238.4246 bits      1.006  bits/instance
Class complexity | scheme                0      bits      0      bits/instance
Complexity improvement     (Sf)        238.4246 bits      1.006  bits/instance
Mean absolute error                      0     
Root mean squared error                  0     
Relative absolute error                  0      %
Root relative squared error              0      %
Total Number of Instances              237     


=== Detailed Accuracy By Class ===

                 TP Rate  FP Rate  Precision  Recall   F-Measure  MCC      ROC Area  PRC Area  Class
                 1.000    0.000    1.000      1.000    1.000      1.000    1.000     1.000     TRUE
                 1.000    0.000    1.000      1.000    1.000      1.000    1.000     1.000     FALSE
                 ?        0.000    ?          ?        ?          ?        ?         ?         UNKNOWN
Weighted Avg.    1.000    0.000    1.000      1.000    1.000      1.000    1.000     1.000     


=== Confusion Matrix ===

   a   b   c   <-- classified as
 119   0   0 |   a = TRUE
   0 118   0 |   b = FALSE
   0   0   0 |   c = UNKNOWN

Time taken to perform cross-validation: 0.01 seconds


=== Stratified cross-validation ===

Correctly Classified Instances         236               99.5781 %
Incorrectly Classified Instances         1                0.4219 %
Kappa statistic                          0.9916
K&B Relative Info Score                 99.1617 %
K&B Information Score                  236.6018 bits      0.9983 bits/instance
Class complexity | order 0             238.6019 bits      1.0068 bits/instance
Class complexity | scheme             1074      bits      4.5316 bits/instance
Complexity improvement     (Sf)       -835.3981 bits     -3.5249 bits/instance
Mean absolute error                      0.0028
Root mean squared error                  0.053 
Relative absolute error                  0.84   %
Root relative squared error             12.9903 %
Total Number of Instances              237     


=== Detailed Accuracy By Class ===

                 TP Rate  FP Rate  Precision  Recall   F-Measure  MCC      ROC Area  PRC Area  Class
                 1.000    0.008    0.992      1.000    0.996      0.992    0.996     0.992     TRUE
                 0.992    0.000    1.000      0.992    0.996      0.992    0.996     0.996     FALSE
                 ?        0.000    ?          ?        ?          ?        ?         ?         UNKNOWN
Weighted Avg.    0.996    0.004    0.996      0.996    0.996      0.992    0.996     0.994     


=== Confusion Matrix ===

   a   b   c   <-- classified as
 119   0   0 |   a = TRUE
   1 117   0 |   b = FALSE
   0   0   0 |   c = UNKNOWN

