WARNING: core mtj jar files are not available as resources to this classloader (jdk.internal.loader.ClassLoaders$AppClassLoader@5c29bfd)

=== Classifier model (full training set) ===

J48 pruned tree
------------------

NUM3 <= 1.997472
|   NUM2 <= -3.505232: TRUE (74.0)
|   NUM2 > -3.505232: FALSE (188.0)
NUM3 > 1.997472: TRUE (164.0)

Number of Leaves  : 	3

Size of the tree : 	5


Time taken to build model: 0.02 seconds

Time taken to test model on training data: 0 seconds

=== Error on training data ===

Correctly Classified Instances         426              100      %
Incorrectly Classified Instances         0                0      %
Kappa statistic                          1     
K&B Relative Info Score                100      %
K&B Information Score                  423.1913 bits      0.9934 bits/instance
Class complexity | order 0             423.1913 bits      0.9934 bits/instance
Class complexity | scheme                0      bits      0      bits/instance
Complexity improvement     (Sf)        423.1913 bits      0.9934 bits/instance
Mean absolute error                      0     
Root mean squared error                  0     
Relative absolute error                  0      %
Root relative squared error              0      %
Total Number of Instances              426     


=== Detailed Accuracy By Class ===

                 TP Rate  FP Rate  Precision  Recall   F-Measure  MCC      ROC Area  PRC Area  Class
                 1.000    0.000    1.000      1.000    1.000      1.000    1.000     1.000     TRUE
                 1.000    0.000    1.000      1.000    1.000      1.000    1.000     1.000     FALSE
                 ?        0.000    ?          ?        ?          ?        ?         ?         UNKNOWN
Weighted Avg.    1.000    0.000    1.000      1.000    1.000      1.000    1.000     1.000     


=== Confusion Matrix ===

   a   b   c   <-- classified as
 238   0   0 |   a = TRUE
   0 188   0 |   b = FALSE
   0   0   0 |   c = UNKNOWN

Time taken to perform cross-validation: 0.02 seconds


=== Stratified cross-validation ===

Correctly Classified Instances         425               99.7653 %
Incorrectly Classified Instances         1                0.2347 %
Kappa statistic                          0.9952
K&B Relative Info Score                 99.5227 %
K&B Information Score                  421.3452 bits      0.9891 bits/instance
Class complexity | order 0             423.3658 bits      0.9938 bits/instance
Class complexity | scheme             1074      bits      2.5211 bits/instance
Complexity improvement     (Sf)       -650.6342 bits     -1.5273 bits/instance
Mean absolute error                      0.0016
Root mean squared error                  0.0396
Relative absolute error                  0.4747 %
Root relative squared error              9.7571 %
Total Number of Instances              426     


=== Detailed Accuracy By Class ===

                 TP Rate  FP Rate  Precision  Recall   F-Measure  MCC      ROC Area  PRC Area  Class
                 1.000    0.005    0.996      1.000    0.998      0.995    0.997     0.996     TRUE
                 0.995    0.000    1.000      0.995    0.997      0.995    0.997     0.997     FALSE
                 ?        0.000    ?          ?        ?          ?        ?         ?         UNKNOWN
Weighted Avg.    0.998    0.003    0.998      0.998    0.998      0.995    0.997     0.996     


=== Confusion Matrix ===

   a   b   c   <-- classified as
 238   0   0 |   a = TRUE
   1 187   0 |   b = FALSE
   0   0   0 |   c = UNKNOWN

