WARNING: core mtj jar files are not available as resources to this classloader (jdk.internal.loader.ClassLoaders$AppClassLoader@5c29bfd)

=== Classifier model (full training set) ===

J48 pruned tree
------------------

QUANTIFIERS1 = ForAll: FALSE (560.0)
QUANTIFIERS1 = Exists: TRUE (355.0/1.0)

Number of Leaves  : 	2

Size of the tree : 	3


Time taken to build model: 0.02 seconds

Time taken to test model on training data: 0.01 seconds

=== Error on training data ===

Correctly Classified Instances         914               99.8907 %
Incorrectly Classified Instances         1                0.1093 %
Kappa statistic                          0.9977
K&B Relative Info Score                 99.6021 %
K&B Information Score                  878.8532 bits      0.9605 bits/instance
Class complexity | order 0             882.3644 bits      0.9643 bits/instance
Class complexity | scheme                9.9123 bits      0.0108 bits/instance
Complexity improvement     (Sf)        872.452  bits      0.9535 bits/instance
Mean absolute error                      0.0015
Root mean squared error                  0.027 
Relative absolute error                  0.4588 %
Root relative squared error              6.7782 %
Total Number of Instances              915     


=== Detailed Accuracy By Class ===

                 TP Rate  FP Rate  Precision  Recall   F-Measure  MCC      ROC Area  PRC Area  Class
                 1.000    0.002    0.997      1.000    0.999      0.998    0.999     0.997     TRUE
                 0.998    0.000    1.000      0.998    0.999      0.998    0.999     0.999     FALSE
                 ?        0.000    ?          ?        ?          ?        ?         ?         UNKNOWN
Weighted Avg.    0.999    0.001    0.999      0.999    0.999      0.998    0.999     0.998     


=== Confusion Matrix ===

   a   b   c   <-- classified as
 354   0   0 |   a = TRUE
   1 560   0 |   b = FALSE
   0   0   0 |   c = UNKNOWN

Time taken to perform cross-validation: 0.03 seconds


=== Stratified cross-validation ===

Correctly Classified Instances         914               99.8907 %
Incorrectly Classified Instances         1                0.1093 %
Kappa statistic                          0.9977
K&B Relative Info Score                 99.6015 %
K&B Information Score                  879.0168 bits      0.9607 bits/instance
Class complexity | order 0             882.5333 bits      0.9645 bits/instance
Class complexity | scheme             1075.4425 bits      1.1753 bits/instance
Complexity improvement     (Sf)       -192.9091 bits     -0.2108 bits/instance
Mean absolute error                      0.0015
Root mean squared error                  0.027 
Relative absolute error                  0.4597 %
Root relative squared error              6.7983 %
Total Number of Instances              915     


=== Detailed Accuracy By Class ===

                 TP Rate  FP Rate  Precision  Recall   F-Measure  MCC      ROC Area  PRC Area  Class
                 1.000    0.002    0.997      1.000    0.999      0.998    0.998     0.994     TRUE
                 0.998    0.000    1.000      0.998    0.999      0.998    0.998     0.999     FALSE
                 ?        0.000    ?          ?        ?          ?        ?         ?         UNKNOWN
Weighted Avg.    0.999    0.001    0.999      0.999    0.999      0.998    0.998     0.997     


=== Confusion Matrix ===

   a   b   c   <-- classified as
 354   0   0 |   a = TRUE
   1 560   0 |   b = FALSE
   0   0   0 |   c = UNKNOWN

