WARNING: core mtj jar files are not available as resources to this classloader (jdk.internal.loader.ClassLoaders$AppClassLoader@5c29bfd)

=== Classifier model (full training set) ===

J48 pruned tree
------------------

QUANTIFIERS1 = ForAll: FALSE (1040.0)
QUANTIFIERS1 = Exists: TRUE (673.0/2.0)

Number of Leaves  : 	2

Size of the tree : 	3


Time taken to build model: 0.02 seconds

Time taken to test model on training data: 0.01 seconds

=== Error on training data ===

Correctly Classified Instances        1711               99.8832 %
Incorrectly Classified Instances         2                0.1168 %
Kappa statistic                          0.9976
K&B Relative Info Score                 99.5767 %
K&B Information Score                 1649.0081 bits      0.9626 bits/instance
Class complexity | order 0            1656.0179 bits      0.9667 bits/instance
Class complexity | scheme               19.67   bits      0.0115 bits/instance
Complexity improvement     (Sf)       1636.3479 bits      0.9553 bits/instance
Mean absolute error                      0.0016
Root mean squared error                  0.0279
Relative absolute error                  0.4882 %
Root relative squared error              6.9896 %
Total Number of Instances             1713     


=== Detailed Accuracy By Class ===

                 TP Rate  FP Rate  Precision  Recall   F-Measure  MCC      ROC Area  PRC Area  Class
                 1.000    0.002    0.997      1.000    0.999      0.998    0.999     0.997     TRUE
                 0.998    0.000    1.000      0.998    0.999      0.998    0.999     0.999     FALSE
                 ?        0.000    ?          ?        ?          ?        ?         ?         UNKNOWN
Weighted Avg.    0.999    0.001    0.999      0.999    0.999      0.998    0.999     0.998     


=== Confusion Matrix ===

    a    b    c   <-- classified as
  671    0    0 |    a = TRUE
    2 1040    0 |    b = FALSE
    0    0    0 |    c = UNKNOWN

Time taken to perform cross-validation: 0.04 seconds


=== Stratified cross-validation ===

Correctly Classified Instances        1711               99.8832 %
Incorrectly Classified Instances         2                0.1168 %
Kappa statistic                          0.9976
K&B Relative Info Score                 99.5765 %
K&B Information Score                 1649.167  bits      0.9627 bits/instance
Class complexity | order 0            1656.1806 bits      0.9668 bits/instance
Class complexity | scheme               21.363  bits      0.0125 bits/instance
Complexity improvement     (Sf)       1634.8176 bits      0.9544 bits/instance
Mean absolute error                      0.0016
Root mean squared error                  0.0279
Relative absolute error                  0.4885 %
Root relative squared error              6.9993 %
Total Number of Instances             1713     


=== Detailed Accuracy By Class ===

                 TP Rate  FP Rate  Precision  Recall   F-Measure  MCC      ROC Area  PRC Area  Class
                 1.000    0.002    0.997      1.000    0.999      0.998    0.998     0.994     TRUE
                 0.998    0.000    1.000      0.998    0.999      0.998    0.998     0.999     FALSE
                 ?        0.000    ?          ?        ?          ?        ?         ?         UNKNOWN
Weighted Avg.    0.999    0.001    0.999      0.999    0.999      0.998    0.998     0.997     


=== Confusion Matrix ===

    a    b    c   <-- classified as
  671    0    0 |    a = TRUE
    2 1040    0 |    b = FALSE
    0    0    0 |    c = UNKNOWN

