WARNING: core mtj jar files are not available as resources to this classloader (jdk.internal.loader.ClassLoaders$AppClassLoader@5c29bfd)

=== Classifier model (full training set) ===

J48 pruned tree
------------------

QUANTIFIERS1 = ForAll: FALSE (283.0)
QUANTIFIERS1 = Exists
|   LOGICALS4 = And: FALSE (2.0)
|   LOGICALS4 = Or: TRUE (1.0)
|   LOGICALS4 = Implies: TRUE (143.0)

Number of Leaves  : 	4

Size of the tree : 	6


Time taken to build model: 0.02 seconds

Time taken to test model on training data: 0.01 seconds

=== Error on training data ===

Correctly Classified Instances         429              100      %
Incorrectly Classified Instances         0                0      %
Kappa statistic                          1     
K&B Relative Info Score                100      %
K&B Information Score                  396.3765 bits      0.924  bits/instance
Class complexity | order 0             396.3765 bits      0.924  bits/instance
Class complexity | scheme                0      bits      0      bits/instance
Complexity improvement     (Sf)        396.3765 bits      0.924  bits/instance
Mean absolute error                      0     
Root mean squared error                  0     
Relative absolute error                  0      %
Root relative squared error              0      %
Total Number of Instances              429     


=== Detailed Accuracy By Class ===

                 TP Rate  FP Rate  Precision  Recall   F-Measure  MCC      ROC Area  PRC Area  Class
                 1.000    0.000    1.000      1.000    1.000      1.000    1.000     1.000     TRUE
                 1.000    0.000    1.000      1.000    1.000      1.000    1.000     1.000     FALSE
                 ?        0.000    ?          ?        ?          ?        ?         ?         UNKNOWN
Weighted Avg.    1.000    0.000    1.000      1.000    1.000      1.000    1.000     1.000     


=== Confusion Matrix ===

   a   b   c   <-- classified as
 144   0   0 |   a = TRUE
   0 285   0 |   b = FALSE
   0   0   0 |   c = UNKNOWN

Time taken to perform cross-validation: 0.02 seconds


=== Stratified cross-validation ===

Correctly Classified Instances         427               99.5338 %
Incorrectly Classified Instances         2                0.4662 %
Kappa statistic                          0.9896
K&B Relative Info Score                 98.8296 %
K&B Information Score                  391.9327 bits      0.9136 bits/instance
Class complexity | order 0             396.5743 bits      0.9244 bits/instance
Class complexity | scheme               14.3997 bits      0.0336 bits/instance
Complexity improvement     (Sf)        382.1746 bits      0.8908 bits/instance
Mean absolute error                      0.0035
Root mean squared error                  0.0553
Relative absolute error                  1.1569 %
Root relative squared error             14.3542 %
Total Number of Instances              429     


=== Detailed Accuracy By Class ===

                 TP Rate  FP Rate  Precision  Recall   F-Measure  MCC      ROC Area  PRC Area  Class
                 1.000    0.007    0.986      1.000    0.993      0.990    0.999     0.998     TRUE
                 0.993    0.000    1.000      0.993    0.996      0.990    0.999     0.999     FALSE
                 ?        0.000    ?          ?        ?          ?        ?         ?         UNKNOWN
Weighted Avg.    0.995    0.002    0.995      0.995    0.995      0.990    0.999     0.999     


=== Confusion Matrix ===

   a   b   c   <-- classified as
 144   0   0 |   a = TRUE
   2 283   0 |   b = FALSE
   0   0   0 |   c = UNKNOWN

