WARNING: core mtj jar files are not available as resources to this classloader (jdk.internal.loader.ClassLoaders$AppClassLoader@5c29bfd)

=== Classifier model (full training set) ===

J48 pruned tree
------------------

NUM3 <= 2.695038: TRUE (65.0)
NUM3 > 2.695038
|   NUM1 <= 5157427.562259: TRUE (46.0)
|   NUM1 > 5157427.562259
|   |   NUM0 <= 5201995: FALSE (201.0)
|   |   NUM0 > 5201995: TRUE (45.0)

Number of Leaves  : 	4

Size of the tree : 	7


Time taken to build model: 0.02 seconds

Time taken to test model on training data: 0.01 seconds

=== Error on training data ===

Correctly Classified Instances         357              100      %
Incorrectly Classified Instances         0                0      %
Kappa statistic                          1     
K&B Relative Info Score                100      %
K&B Information Score                  354.3302 bits      0.9925 bits/instance
Class complexity | order 0             354.3302 bits      0.9925 bits/instance
Class complexity | scheme                0      bits      0      bits/instance
Complexity improvement     (Sf)        354.3302 bits      0.9925 bits/instance
Mean absolute error                      0     
Root mean squared error                  0     
Relative absolute error                  0      %
Root relative squared error              0      %
Total Number of Instances              357     


=== Detailed Accuracy By Class ===

                 TP Rate  FP Rate  Precision  Recall   F-Measure  MCC      ROC Area  PRC Area  Class
                 1.000    0.000    1.000      1.000    1.000      1.000    1.000     1.000     TRUE
                 1.000    0.000    1.000      1.000    1.000      1.000    1.000     1.000     FALSE
                 ?        0.000    ?          ?        ?          ?        ?         ?         UNKNOWN
Weighted Avg.    1.000    0.000    1.000      1.000    1.000      1.000    1.000     1.000     


=== Confusion Matrix ===

   a   b   c   <-- classified as
 156   0   0 |   a = TRUE
   0 201   0 |   b = FALSE
   0   0   0 |   c = UNKNOWN

Time taken to perform cross-validation: 0.03 seconds


=== Stratified cross-validation ===

Correctly Classified Instances         356               99.7199 %
Incorrectly Classified Instances         1                0.2801 %
Kappa statistic                          0.9943
K&B Relative Info Score                 99.4289 %
K&B Information Score                  352.4873 bits      0.9874 bits/instance
Class complexity | order 0             354.5117 bits      0.993  bits/instance
Class complexity | scheme             1074      bits      3.0084 bits/instance
Complexity improvement     (Sf)       -719.4883 bits     -2.0154 bits/instance
Mean absolute error                      0.0019
Root mean squared error                  0.0432
Relative absolute error                  0.5674 %
Root relative squared error             10.6696 %
Total Number of Instances              357     


=== Detailed Accuracy By Class ===

                 TP Rate  FP Rate  Precision  Recall   F-Measure  MCC      ROC Area  PRC Area  Class
                 0.994    0.000    1.000      0.994    0.997      0.994    0.997     0.996     TRUE
                 1.000    0.006    0.995      1.000    0.998      0.994    0.997     0.995     FALSE
                 ?        0.000    ?          ?        ?          ?        ?         ?         UNKNOWN
Weighted Avg.    0.997    0.004    0.997      0.997    0.997      0.994    0.997     0.996     


=== Confusion Matrix ===

   a   b   c   <-- classified as
 155   1   0 |   a = TRUE
   0 201   0 |   b = FALSE
   0   0   0 |   c = UNKNOWN

