WARNING: core mtj jar files are not available as resources to this classloader (jdk.internal.loader.ClassLoaders$AppClassLoader@5c29bfd)

=== Classifier model (full training set) ===

J48 pruned tree
------------------

NUM2 <= -3.506726: TRUE (324.0)
NUM2 > -3.506726: FALSE (378.0)

Number of Leaves  : 	2

Size of the tree : 	3


Time taken to build model: 0.02 seconds

Time taken to test model on training data: 0.01 seconds

=== Error on training data ===

Correctly Classified Instances         702              100      %
Incorrectly Classified Instances         0                0      %
Kappa statistic                          1     
K&B Relative Info Score                100      %
K&B Information Score                  700.4383 bits      0.9978 bits/instance
Class complexity | order 0             700.4383 bits      0.9978 bits/instance
Class complexity | scheme                0      bits      0      bits/instance
Complexity improvement     (Sf)        700.4383 bits      0.9978 bits/instance
Mean absolute error                      0     
Root mean squared error                  0     
Relative absolute error                  0      %
Root relative squared error              0      %
Total Number of Instances              702     


=== Detailed Accuracy By Class ===

                 TP Rate  FP Rate  Precision  Recall   F-Measure  MCC      ROC Area  PRC Area  Class
                 1.000    0.000    1.000      1.000    1.000      1.000    1.000     1.000     TRUE
                 1.000    0.000    1.000      1.000    1.000      1.000    1.000     1.000     FALSE
                 ?        0.000    ?          ?        ?          ?        ?         ?         UNKNOWN
Weighted Avg.    1.000    0.000    1.000      1.000    1.000      1.000    1.000     1.000     


=== Confusion Matrix ===

   a   b   c   <-- classified as
 324   0   0 |   a = TRUE
   0 378   0 |   b = FALSE
   0   0   0 |   c = UNKNOWN

Time taken to perform cross-validation: 0.02 seconds


=== Stratified cross-validation ===

Correctly Classified Instances         701               99.8575 %
Incorrectly Classified Instances         1                0.1425 %
Kappa statistic                          0.9971
K&B Relative Info Score                 99.7133 %
K&B Information Score                  698.6045 bits      0.9952 bits/instance
Class complexity | order 0             700.6132 bits      0.998  bits/instance
Class complexity | scheme             1074      bits      1.5299 bits/instance
Complexity improvement     (Sf)       -373.3868 bits     -0.5319 bits/instance
Mean absolute error                      0.0009
Root mean squared error                  0.0308
Relative absolute error                  0.2861 %
Root relative squared error              7.5708 %
Total Number of Instances              702     


=== Detailed Accuracy By Class ===

                 TP Rate  FP Rate  Precision  Recall   F-Measure  MCC      ROC Area  PRC Area  Class
                 0.997    0.000    1.000      0.997    0.998      0.997    0.998     0.998     TRUE
                 1.000    0.003    0.997      1.000    0.999      0.997    0.998     0.997     FALSE
                 ?        0.000    ?          ?        ?          ?        ?         ?         UNKNOWN
Weighted Avg.    0.999    0.002    0.999      0.999    0.999      0.997    0.998     0.998     


=== Confusion Matrix ===

   a   b   c   <-- classified as
 323   1   0 |   a = TRUE
   0 378   0 |   b = FALSE
   0   0   0 |   c = UNKNOWN

