WARNING: core mtj jar files are not available as resources to this classloader (jdk.internal.loader.ClassLoaders$AppClassLoader@5c29bfd)

=== Classifier model (full training set) ===

J48 pruned tree
------------------

NUM3 <= 1.973469: FALSE (178.0)
NUM3 > 1.973469: TRUE (203.0)

Number of Leaves  : 	2

Size of the tree : 	3


Time taken to build model: 0.01 seconds

Time taken to test model on training data: 0 seconds

=== Error on training data ===

Correctly Classified Instances         381              100      %
Incorrectly Classified Instances         0                0      %
Kappa statistic                          1     
K&B Relative Info Score                100      %
K&B Information Score                  381.2492 bits      1.0007 bits/instance
Class complexity | order 0             381.2492 bits      1.0007 bits/instance
Class complexity | scheme                0      bits      0      bits/instance
Complexity improvement     (Sf)        381.2492 bits      1.0007 bits/instance
Mean absolute error                      0     
Root mean squared error                  0     
Relative absolute error                  0      %
Root relative squared error              0      %
Total Number of Instances              381     


=== Detailed Accuracy By Class ===

                 TP Rate  FP Rate  Precision  Recall   F-Measure  MCC      ROC Area  PRC Area  Class
                 1.000    0.000    1.000      1.000    1.000      1.000    1.000     1.000     TRUE
                 1.000    0.000    1.000      1.000    1.000      1.000    1.000     1.000     FALSE
                 ?        0.000    ?          ?        ?          ?        ?         ?         UNKNOWN
Weighted Avg.    1.000    0.000    1.000      1.000    1.000      1.000    1.000     1.000     


=== Confusion Matrix ===

   a   b   c   <-- classified as
 203   0   0 |   a = TRUE
   0 178   0 |   b = FALSE
   0   0   0 |   c = UNKNOWN

Time taken to perform cross-validation: 0.01 seconds


=== Stratified cross-validation ===

Correctly Classified Instances         380               99.7375 %
Incorrectly Classified Instances         1                0.2625 %
Kappa statistic                          0.9947
K&B Relative Info Score                 99.4738 %
K&B Information Score                  379.4289 bits      0.9959 bits/instance
Class complexity | order 0             381.4358 bits      1.0011 bits/instance
Class complexity | scheme             1074      bits      2.8189 bits/instance
Complexity improvement     (Sf)       -692.5642 bits     -1.8178 bits/instance
Mean absolute error                      0.0017
Root mean squared error                  0.0418
Relative absolute error                  0.5256 %
Root relative squared error             10.2678 %
Total Number of Instances              381     


=== Detailed Accuracy By Class ===

                 TP Rate  FP Rate  Precision  Recall   F-Measure  MCC      ROC Area  PRC Area  Class
                 1.000    0.006    0.995      1.000    0.998      0.995    0.997     0.995     TRUE
                 0.994    0.000    1.000      0.994    0.997      0.995    0.997     0.997     FALSE
                 ?        0.000    ?          ?        ?          ?        ?         ?         UNKNOWN
Weighted Avg.    0.997    0.003    0.997      0.997    0.997      0.995    0.997     0.996     


=== Confusion Matrix ===

   a   b   c   <-- classified as
 203   0   0 |   a = TRUE
   1 177   0 |   b = FALSE
   0   0   0 |   c = UNKNOWN

