WARNING: core mtj jar files are not available as resources to this classloader (jdk.internal.loader.ClassLoaders$AppClassLoader@5c29bfd)

=== Classifier model (full training set) ===

J48 pruned tree
------------------

NUM3 <= 1.963838: FALSE (115.0)
NUM3 > 1.963838: TRUE (140.0)

Number of Leaves  : 	2

Size of the tree : 	3


Time taken to build model: 0.01 seconds

Time taken to test model on training data: 0 seconds

=== Error on training data ===

Correctly Classified Instances         255              100      %
Incorrectly Classified Instances         0                0      %
Kappa statistic                          1     
K&B Relative Info Score                100      %
K&B Information Score                  254.6579 bits      0.9987 bits/instance
Class complexity | order 0             254.6579 bits      0.9987 bits/instance
Class complexity | scheme                0      bits      0      bits/instance
Complexity improvement     (Sf)        254.6579 bits      0.9987 bits/instance
Mean absolute error                      0     
Root mean squared error                  0     
Relative absolute error                  0      %
Root relative squared error              0      %
Total Number of Instances              255     


=== Detailed Accuracy By Class ===

                 TP Rate  FP Rate  Precision  Recall   F-Measure  MCC      ROC Area  PRC Area  Class
                 1.000    0.000    1.000      1.000    1.000      1.000    1.000     1.000     TRUE
                 1.000    0.000    1.000      1.000    1.000      1.000    1.000     1.000     FALSE
                 ?        0.000    ?          ?        ?          ?        ?         ?         UNKNOWN
Weighted Avg.    1.000    0.000    1.000      1.000    1.000      1.000    1.000     1.000     


=== Confusion Matrix ===

   a   b   c   <-- classified as
 140   0   0 |   a = TRUE
   0 115   0 |   b = FALSE
   0   0   0 |   c = UNKNOWN

Time taken to perform cross-validation: 0.01 seconds


=== Stratified cross-validation ===

Correctly Classified Instances         254               99.6078 %
Incorrectly Classified Instances         1                0.3922 %
Kappa statistic                          0.9921
K&B Relative Info Score                 99.2096 %
K&B Information Score                  252.8209 bits      0.9915 bits/instance
Class complexity | order 0             254.8351 bits      0.9994 bits/instance
Class complexity | scheme             1074      bits      4.2118 bits/instance
Complexity improvement     (Sf)       -819.1649 bits     -3.2124 bits/instance
Mean absolute error                      0.0026
Root mean squared error                  0.0511
Relative absolute error                  0.7884 %
Root relative squared error             12.5841 %
Total Number of Instances              255     


=== Detailed Accuracy By Class ===

                 TP Rate  FP Rate  Precision  Recall   F-Measure  MCC      ROC Area  PRC Area  Class
                 1.000    0.009    0.993      1.000    0.996      0.992    0.996     0.993     TRUE
                 0.991    0.000    1.000      0.991    0.996      0.992    0.996     0.995     FALSE
                 ?        0.000    ?          ?        ?          ?        ?         ?         UNKNOWN
Weighted Avg.    0.996    0.005    0.996      0.996    0.996      0.992    0.996     0.994     


=== Confusion Matrix ===

   a   b   c   <-- classified as
 140   0   0 |   a = TRUE
   1 114   0 |   b = FALSE
   0   0   0 |   c = UNKNOWN

