WARNING: core mtj jar files are not available as resources to this classloader (jdk.internal.loader.ClassLoaders$AppClassLoader@5c29bfd)

=== Classifier model (full training set) ===

J48 pruned tree
------------------

NUM3 <= 1.973469
|   NUM2 <= -3.505232: TRUE (71.0)
|   NUM2 > -3.505232: FALSE (303.0)
NUM3 > 1.973469: TRUE (259.0)

Number of Leaves  : 	3

Size of the tree : 	5


Time taken to build model: 0.02 seconds

Time taken to test model on training data: 0.01 seconds

=== Error on training data ===

Correctly Classified Instances         633              100      %
Incorrectly Classified Instances         0                0      %
Kappa statistic                          1     
K&B Relative Info Score                100      %
K&B Information Score                  633.606  bits      1.001  bits/instance
Class complexity | order 0             633.606  bits      1.001  bits/instance
Class complexity | scheme                0      bits      0      bits/instance
Complexity improvement     (Sf)        633.606  bits      1.001  bits/instance
Mean absolute error                      0     
Root mean squared error                  0     
Relative absolute error                  0      %
Root relative squared error              0      %
Total Number of Instances              633     


=== Detailed Accuracy By Class ===

                 TP Rate  FP Rate  Precision  Recall   F-Measure  MCC      ROC Area  PRC Area  Class
                 1.000    0.000    1.000      1.000    1.000      1.000    1.000     1.000     TRUE
                 1.000    0.000    1.000      1.000    1.000      1.000    1.000     1.000     FALSE
                 ?        0.000    ?          ?        ?          ?        ?         ?         UNKNOWN
Weighted Avg.    1.000    0.000    1.000      1.000    1.000      1.000    1.000     1.000     


=== Confusion Matrix ===

   a   b   c   <-- classified as
 330   0   0 |   a = TRUE
   0 303   0 |   b = FALSE
   0   0   0 |   c = UNKNOWN

Time taken to perform cross-validation: 0.02 seconds


=== Stratified cross-validation ===

Correctly Classified Instances         632               99.842  %
Incorrectly Classified Instances         1                0.158  %
Kappa statistic                          0.9968
K&B Relative Info Score                 99.6841 %
K&B Information Score                  631.7688 bits      0.9981 bits/instance
Class complexity | order 0             633.7711 bits      1.0012 bits/instance
Class complexity | scheme             1074      bits      1.6967 bits/instance
Complexity improvement     (Sf)       -440.2289 bits     -0.6955 bits/instance
Mean absolute error                      0.0011
Root mean squared error                  0.0325
Relative absolute error                  0.316  %
Root relative squared error              7.9564 %
Total Number of Instances              633     


=== Detailed Accuracy By Class ===

                 TP Rate  FP Rate  Precision  Recall   F-Measure  MCC      ROC Area  PRC Area  Class
                 0.997    0.000    1.000      0.997    0.998      0.997    0.998     0.999     TRUE
                 1.000    0.003    0.997      1.000    0.998      0.997    0.998     0.997     FALSE
                 ?        0.000    ?          ?        ?          ?        ?         ?         UNKNOWN
Weighted Avg.    0.998    0.001    0.998      0.998    0.998      0.997    0.998     0.998     


=== Confusion Matrix ===

   a   b   c   <-- classified as
 329   1   0 |   a = TRUE
   0 303   0 |   b = FALSE
   0   0   0 |   c = UNKNOWN

