WARNING: core mtj jar files are not available as resources to this classloader (jdk.internal.loader.ClassLoaders$AppClassLoader@7aec35a)

=== Classifier model (full training set) ===

J48 pruned tree
------------------

NUM1 <= 5195059.284809: TRUE (257.0)
NUM1 > 5195059.284809: FALSE (283.0)

Number of Leaves  : 	2

Size of the tree : 	3


Time taken to build model: 0.02 seconds

Time taken to test model on training data: 0.01 seconds

=== Error on training data ===

Correctly Classified Instances         540              100      %
Incorrectly Classified Instances         0                0      %
Kappa statistic                          1     
K&B Relative Info Score                100      %
K&B Information Score                  540.5327 bits      1.001  bits/instance
Class complexity | order 0             540.5327 bits      1.001  bits/instance
Class complexity | scheme                0      bits      0      bits/instance
Complexity improvement     (Sf)        540.5327 bits      1.001  bits/instance
Mean absolute error                      0     
Root mean squared error                  0     
Relative absolute error                  0      %
Root relative squared error              0      %
Total Number of Instances              540     


=== Detailed Accuracy By Class ===

                 TP Rate  FP Rate  Precision  Recall   F-Measure  MCC      ROC Area  PRC Area  Class
                 1.000    0.000    1.000      1.000    1.000      1.000    1.000     1.000     TRUE
                 1.000    0.000    1.000      1.000    1.000      1.000    1.000     1.000     FALSE
                 ?        0.000    ?          ?        ?          ?        ?         ?         UNKNOWN
Weighted Avg.    1.000    0.000    1.000      1.000    1.000      1.000    1.000     1.000     


=== Confusion Matrix ===

   a   b   c   <-- classified as
 257   0   0 |   a = TRUE
   0 283   0 |   b = FALSE
   0   0   0 |   c = UNKNOWN

Time taken to perform cross-validation: 0.02 seconds


=== Stratified cross-validation ===

Correctly Classified Instances         539               99.8148 %
Incorrectly Classified Instances         1                0.1852 %
Kappa statistic                          0.9963
K&B Relative Info Score                 99.6294 %
K&B Information Score                  538.7139 bits      0.9976 bits/instance
Class complexity | order 0             540.7177 bits      1.0013 bits/instance
Class complexity | scheme             1074      bits      1.9889 bits/instance
Complexity improvement     (Sf)       -533.2823 bits     -0.9876 bits/instance
Mean absolute error                      0.0012
Root mean squared error                  0.0351
Relative absolute error                  0.3705 %
Root relative squared error              8.6163 %
Total Number of Instances              540     


=== Detailed Accuracy By Class ===

                 TP Rate  FP Rate  Precision  Recall   F-Measure  MCC      ROC Area  PRC Area  Class
                 0.996    0.000    1.000      0.996    0.998      0.996    0.998     0.998     TRUE
                 1.000    0.004    0.996      1.000    0.998      0.996    0.998     0.996     FALSE
                 ?        0.000    ?          ?        ?          ?        ?         ?         UNKNOWN
Weighted Avg.    0.998    0.002    0.998      0.998    0.998      0.996    0.998     0.997     


=== Confusion Matrix ===

   a   b   c   <-- classified as
 256   1   0 |   a = TRUE
   0 283   0 |   b = FALSE
   0   0   0 |   c = UNKNOWN

