WARNING: core mtj jar files are not available as resources to this classloader (jdk.internal.loader.ClassLoaders$AppClassLoader@5c29bfd)

=== Classifier model (full training set) ===

J48 pruned tree
------------------

NUM1 <= 5183212.902658: TRUE (128.0)
NUM1 > 5183212.902658: FALSE (142.0)

Number of Leaves  : 	2

Size of the tree : 	3


Time taken to build model: 0.02 seconds

Time taken to test model on training data: 0 seconds

=== Error on training data ===

Correctly Classified Instances         270              100      %
Incorrectly Classified Instances         0                0      %
Kappa statistic                          1     
K&B Relative Info Score                100      %
K&B Information Score                  270.9056 bits      1.0034 bits/instance
Class complexity | order 0             270.9056 bits      1.0034 bits/instance
Class complexity | scheme                0      bits      0      bits/instance
Complexity improvement     (Sf)        270.9056 bits      1.0034 bits/instance
Mean absolute error                      0     
Root mean squared error                  0     
Relative absolute error                  0      %
Root relative squared error              0      %
Total Number of Instances              270     


=== Detailed Accuracy By Class ===

                 TP Rate  FP Rate  Precision  Recall   F-Measure  MCC      ROC Area  PRC Area  Class
                 1.000    0.000    1.000      1.000    1.000      1.000    1.000     1.000     TRUE
                 1.000    0.000    1.000      1.000    1.000      1.000    1.000     1.000     FALSE
                 ?        0.000    ?          ?        ?          ?        ?         ?         UNKNOWN
Weighted Avg.    1.000    0.000    1.000      1.000    1.000      1.000    1.000     1.000     


=== Confusion Matrix ===

   a   b   c   <-- classified as
 128   0   0 |   a = TRUE
   0 142   0 |   b = FALSE
   0   0   0 |   c = UNKNOWN

Time taken to perform cross-validation: 0.01 seconds


=== Stratified cross-validation ===

Correctly Classified Instances         269               99.6296 %
Incorrectly Classified Instances         1                0.3704 %
Kappa statistic                          0.9926
K&B Relative Info Score                 99.2605 %
K&B Information Score                  269.098  bits      0.9967 bits/instance
Class complexity | order 0             271.1027 bits      1.0041 bits/instance
Class complexity | scheme             1074      bits      3.9778 bits/instance
Complexity improvement     (Sf)       -802.8973 bits     -2.9737 bits/instance
Mean absolute error                      0.0025
Root mean squared error                  0.0497
Relative absolute error                  0.7396 %
Root relative squared error             12.1865 %
Total Number of Instances              270     


=== Detailed Accuracy By Class ===

                 TP Rate  FP Rate  Precision  Recall   F-Measure  MCC      ROC Area  PRC Area  Class
                 0.992    0.000    1.000      0.992    0.996      0.993    0.996     0.996     TRUE
                 1.000    0.008    0.993      1.000    0.996      0.993    0.996     0.993     FALSE
                 ?        0.000    ?          ?        ?          ?        ?         ?         UNKNOWN
Weighted Avg.    0.996    0.004    0.996      0.996    0.996      0.993    0.996     0.994     


=== Confusion Matrix ===

   a   b   c   <-- classified as
 127   1   0 |   a = TRUE
   0 142   0 |   b = FALSE
   0   0   0 |   c = UNKNOWN

