WARNING: core mtj jar files are not available as resources to this classloader (jdk.internal.loader.ClassLoaders$AppClassLoader@5c29bfd)

=== Classifier model (full training set) ===

J48 pruned tree
------------------

NUM1 <= 4692931.143911: TRUE (83.0)
NUM1 > 4692931.143911
|   LOGICALS3 = And
|   |   NUM3 <= 2.778924: TRUE (16.0)
|   |   NUM3 > 2.778924
|   |   |   NUM1 <= 5159076.048209: TRUE (13.0)
|   |   |   NUM1 > 5159076.048209: FALSE (49.0)
|   LOGICALS3 = Or: FALSE (76.0)
|   LOGICALS3 = Implies: FALSE (0.0)

Number of Leaves  : 	6

Size of the tree : 	10


Time taken to build model: 0.02 seconds

Time taken to test model on training data: 0 seconds

=== Error on training data ===

Correctly Classified Instances         237              100      %
Incorrectly Classified Instances         0                0      %
Kappa statistic                          1     
K&B Relative Info Score                100      %
K&B Information Score                  237.913  bits      1.0039 bits/instance
Class complexity | order 0             237.913  bits      1.0039 bits/instance
Class complexity | scheme                0      bits      0      bits/instance
Complexity improvement     (Sf)        237.913  bits      1.0039 bits/instance
Mean absolute error                      0     
Root mean squared error                  0     
Relative absolute error                  0      %
Root relative squared error              0      %
Total Number of Instances              237     


=== Detailed Accuracy By Class ===

                 TP Rate  FP Rate  Precision  Recall   F-Measure  MCC      ROC Area  PRC Area  Class
                 1.000    0.000    1.000      1.000    1.000      1.000    1.000     1.000     TRUE
                 1.000    0.000    1.000      1.000    1.000      1.000    1.000     1.000     FALSE
                 ?        0.000    ?          ?        ?          ?        ?         ?         UNKNOWN
Weighted Avg.    1.000    0.000    1.000      1.000    1.000      1.000    1.000     1.000     


=== Confusion Matrix ===

   a   b   c   <-- classified as
 112   0   0 |   a = TRUE
   0 125   0 |   b = FALSE
   0   0   0 |   c = UNKNOWN

Time taken to perform cross-validation: 0.02 seconds


=== Stratified cross-validation ===

Correctly Classified Instances         236               99.5781 %
Incorrectly Classified Instances         1                0.4219 %
Kappa statistic                          0.9915
K&B Relative Info Score                 99.1579 %
K&B Information Score                  236.1074 bits      0.9962 bits/instance
Class complexity | order 0             238.1126 bits      1.0047 bits/instance
Class complexity | scheme             1074      bits      4.5316 bits/instance
Complexity improvement     (Sf)       -835.8874 bits     -3.527  bits/instance
Mean absolute error                      0.0028
Root mean squared error                  0.053 
Relative absolute error                  0.8424 %
Root relative squared error             13.0089 %
Total Number of Instances              237     


=== Detailed Accuracy By Class ===

                 TP Rate  FP Rate  Precision  Recall   F-Measure  MCC      ROC Area  PRC Area  Class
                 0.991    0.000    1.000      0.991    0.996      0.992    0.996     0.995     TRUE
                 1.000    0.009    0.992      1.000    0.996      0.992    0.996     0.992     FALSE
                 ?        0.000    ?          ?        ?          ?        ?         ?         UNKNOWN
Weighted Avg.    0.996    0.005    0.996      0.996    0.996      0.992    0.996     0.994     


=== Confusion Matrix ===

   a   b   c   <-- classified as
 111   1   0 |   a = TRUE
   0 125   0 |   b = FALSE
   0   0   0 |   c = UNKNOWN

