WARNING: core mtj jar files are not available as resources to this classloader (jdk.internal.loader.ClassLoaders$AppClassLoader@5c29bfd)

=== Classifier model (full training set) ===

J48 pruned tree
------------------

NUM1 <= 4692931.143911: TRUE (135.0)
NUM1 > 4692931.143911
|   LOGICALS3 = And
|   |   NUM3 <= 2.778924: TRUE (21.0)
|   |   NUM3 > 2.778924
|   |   |   NUM1 <= 5168680.412926: TRUE (15.0)
|   |   |   NUM1 > 5168680.412926: FALSE (54.0)
|   LOGICALS3 = Or: FALSE (129.0)
|   LOGICALS3 = Implies: FALSE (0.0)

Number of Leaves  : 	6

Size of the tree : 	10


Time taken to build model: 0.02 seconds

Time taken to test model on training data: 0.01 seconds

=== Error on training data ===

Correctly Classified Instances         354              100      %
Incorrectly Classified Instances         0                0      %
Kappa statistic                          1     
K&B Relative Info Score                100      %
K&B Information Score                  355.1391 bits      1.0032 bits/instance
Class complexity | order 0             355.1391 bits      1.0032 bits/instance
Class complexity | scheme                0      bits      0      bits/instance
Complexity improvement     (Sf)        355.1391 bits      1.0032 bits/instance
Mean absolute error                      0     
Root mean squared error                  0     
Relative absolute error                  0      %
Root relative squared error              0      %
Total Number of Instances              354     


=== Detailed Accuracy By Class ===

                 TP Rate  FP Rate  Precision  Recall   F-Measure  MCC      ROC Area  PRC Area  Class
                 1.000    0.000    1.000      1.000    1.000      1.000    1.000     1.000     TRUE
                 1.000    0.000    1.000      1.000    1.000      1.000    1.000     1.000     FALSE
                 ?        0.000    ?          ?        ?          ?        ?         ?         UNKNOWN
Weighted Avg.    1.000    0.000    1.000      1.000    1.000      1.000    1.000     1.000     


=== Confusion Matrix ===

   a   b   c   <-- classified as
 171   0   0 |   a = TRUE
   0 183   0 |   b = FALSE
   0   0   0 |   c = UNKNOWN

Time taken to perform cross-validation: 0.04 seconds


=== Stratified cross-validation ===

Correctly Classified Instances         352               99.435  %
Incorrectly Classified Instances         2                0.565  %
Kappa statistic                          0.9887
K&B Relative Info Score                 98.8731 %
K&B Information Score                  351.3099 bits      0.9924 bits/instance
Class complexity | order 0             355.3139 bits      1.0037 bits/instance
Class complexity | scheme             2148      bits      6.0678 bits/instance
Complexity improvement     (Sf)      -1792.6861 bits     -5.0641 bits/instance
Mean absolute error                      0.0038
Root mean squared error                  0.0614
Relative absolute error                  1.1277 %
Root relative squared error             15.0409 %
Total Number of Instances              354     


=== Detailed Accuracy By Class ===

                 TP Rate  FP Rate  Precision  Recall   F-Measure  MCC      ROC Area  PRC Area  Class
                 0.988    0.000    1.000      0.988    0.994      0.989    0.994     0.994     TRUE
                 1.000    0.012    0.989      1.000    0.995      0.989    0.994     0.989     FALSE
                 ?        0.000    ?          ?        ?          ?        ?         ?         UNKNOWN
Weighted Avg.    0.994    0.006    0.994      0.994    0.994      0.989    0.994     0.991     


=== Confusion Matrix ===

   a   b   c   <-- classified as
 169   2   0 |   a = TRUE
   0 183   0 |   b = FALSE
   0   0   0 |   c = UNKNOWN

