WARNING: core mtj jar files are not available as resources to this classloader (jdk.internal.loader.ClassLoaders$AppClassLoader@5c29bfd)

=== Classifier model (full training set) ===

J48 pruned tree
------------------

NUM3 <= 1.988533
|   NUM2 <= -3.518602: TRUE (80.0)
|   NUM2 > -3.518602: FALSE (177.0)
NUM3 > 1.988533: TRUE (160.0)

Number of Leaves  : 	3

Size of the tree : 	5


Time taken to build model: 0.02 seconds

Time taken to test model on training data: 0 seconds

=== Error on training data ===

Correctly Classified Instances         417              100      %
Incorrectly Classified Instances         0                0      %
Kappa statistic                          1     
K&B Relative Info Score                100      %
K&B Information Score                  411.5421 bits      0.9869 bits/instance
Class complexity | order 0             411.5421 bits      0.9869 bits/instance
Class complexity | scheme                0      bits      0      bits/instance
Complexity improvement     (Sf)        411.5421 bits      0.9869 bits/instance
Mean absolute error                      0     
Root mean squared error                  0     
Relative absolute error                  0      %
Root relative squared error              0      %
Total Number of Instances              417     


=== Detailed Accuracy By Class ===

                 TP Rate  FP Rate  Precision  Recall   F-Measure  MCC      ROC Area  PRC Area  Class
                 1.000    0.000    1.000      1.000    1.000      1.000    1.000     1.000     TRUE
                 1.000    0.000    1.000      1.000    1.000      1.000    1.000     1.000     FALSE
                 ?        0.000    ?          ?        ?          ?        ?         ?         UNKNOWN
Weighted Avg.    1.000    0.000    1.000      1.000    1.000      1.000    1.000     1.000     


=== Confusion Matrix ===

   a   b   c   <-- classified as
 240   0   0 |   a = TRUE
   0 177   0 |   b = FALSE
   0   0   0 |   c = UNKNOWN

Time taken to perform cross-validation: 0.02 seconds


=== Stratified cross-validation ===

Correctly Classified Instances         416               99.7602 %
Incorrectly Classified Instances         1                0.2398 %
Kappa statistic                          0.9951
K&B Relative Info Score                 99.5062 %
K&B Information Score                  409.6789 bits      0.9824 bits/instance
Class complexity | order 0             411.7119 bits      0.9873 bits/instance
Class complexity | scheme             1074      bits      2.5755 bits/instance
Complexity improvement     (Sf)       -662.2881 bits     -1.5882 bits/instance
Mean absolute error                      0.0016
Root mean squared error                  0.04  
Relative absolute error                  0.4894 %
Root relative squared error              9.9075 %
Total Number of Instances              417     


=== Detailed Accuracy By Class ===

                 TP Rate  FP Rate  Precision  Recall   F-Measure  MCC      ROC Area  PRC Area  Class
                 1.000    0.006    0.996      1.000    0.998      0.995    0.997     0.996     TRUE
                 0.994    0.000    1.000      0.994    0.997      0.995    0.997     0.997     FALSE
                 ?        0.000    ?          ?        ?          ?        ?         ?         UNKNOWN
Weighted Avg.    0.998    0.003    0.998      0.998    0.998      0.995    0.997     0.996     


=== Confusion Matrix ===

   a   b   c   <-- classified as
 240   0   0 |   a = TRUE
   1 176   0 |   b = FALSE
   0   0   0 |   c = UNKNOWN

