WARNING: core mtj jar files are not available as resources to this classloader (jdk.internal.loader.ClassLoaders$AppClassLoader@5c29bfd)

=== Classifier model (full training set) ===

J48 pruned tree
------------------

NUM2 <= -3.495191: TRUE (117.0)
NUM2 > -3.495191
|   NUM3 <= 1.969086: FALSE (132.0)
|   NUM3 > 1.969086: TRUE (63.0)

Number of Leaves  : 	3

Size of the tree : 	5


Time taken to build model: 0.01 seconds

Time taken to test model on training data: 0 seconds

=== Error on training data ===

Correctly Classified Instances         312              100      %
Incorrectly Classified Instances         0                0      %
Kappa statistic                          1     
K&B Relative Info Score                100      %
K&B Information Score                  308.0834 bits      0.9874 bits/instance
Class complexity | order 0             308.0834 bits      0.9874 bits/instance
Class complexity | scheme                0      bits      0      bits/instance
Complexity improvement     (Sf)        308.0834 bits      0.9874 bits/instance
Mean absolute error                      0     
Root mean squared error                  0     
Relative absolute error                  0      %
Root relative squared error              0      %
Total Number of Instances              312     


=== Detailed Accuracy By Class ===

                 TP Rate  FP Rate  Precision  Recall   F-Measure  MCC      ROC Area  PRC Area  Class
                 1.000    0.000    1.000      1.000    1.000      1.000    1.000     1.000     TRUE
                 1.000    0.000    1.000      1.000    1.000      1.000    1.000     1.000     FALSE
                 ?        0.000    ?          ?        ?          ?        ?         ?         UNKNOWN
Weighted Avg.    1.000    0.000    1.000      1.000    1.000      1.000    1.000     1.000     


=== Confusion Matrix ===

   a   b   c   <-- classified as
 180   0   0 |   a = TRUE
   0 132   0 |   b = FALSE
   0   0   0 |   c = UNKNOWN

Time taken to perform cross-validation: 0.02 seconds


=== Stratified cross-validation ===

Correctly Classified Instances         310               99.359  %
Incorrectly Classified Instances         2                0.641  %
Kappa statistic                          0.9869
K&B Relative Info Score                 98.6806 %
K&B Information Score                  304.1859 bits      0.975  bits/instance
Class complexity | order 0             308.2528 bits      0.988  bits/instance
Class complexity | scheme             2148      bits      6.8846 bits/instance
Complexity improvement     (Sf)      -1839.7472 bits     -5.8966 bits/instance
Mean absolute error                      0.0043
Root mean squared error                  0.0654
Relative absolute error                  1.308  %
Root relative squared error             16.205  %
Total Number of Instances              312     


=== Detailed Accuracy By Class ===

                 TP Rate  FP Rate  Precision  Recall   F-Measure  MCC      ROC Area  PRC Area  Class
                 0.994    0.008    0.994      0.994    0.994      0.987    0.993     0.992     TRUE
                 0.992    0.006    0.992      0.992    0.992      0.987    0.993     0.988     FALSE
                 ?        0.000    ?          ?        ?          ?        ?         ?         UNKNOWN
Weighted Avg.    0.994    0.007    0.994      0.994    0.994      0.987    0.993     0.990     


=== Confusion Matrix ===

   a   b   c   <-- classified as
 179   1   0 |   a = TRUE
   1 131   0 |   b = FALSE
   0   0   0 |   c = UNKNOWN

