WARNING: core mtj jar files are not available as resources to this classloader (jdk.internal.loader.ClassLoaders$AppClassLoader@5c29bfd)

=== Classifier model (full training set) ===

J48 pruned tree
------------------

NUM1 <= 5184109.671651: TRUE (195.0)
NUM1 > 5184109.671651
|   NUM3 <= 2.799191: TRUE (51.0)
|   NUM3 > 2.799191: FALSE (306.0)

Number of Leaves  : 	3

Size of the tree : 	5


Time taken to build model: 0.02 seconds

Time taken to test model on training data: 0.01 seconds

=== Error on training data ===

Correctly Classified Instances         552              100      %
Incorrectly Classified Instances         0                0      %
Kappa statistic                          1     
K&B Relative Info Score                100      %
K&B Information Score                  548.7225 bits      0.9941 bits/instance
Class complexity | order 0             548.7225 bits      0.9941 bits/instance
Class complexity | scheme                0      bits      0      bits/instance
Complexity improvement     (Sf)        548.7225 bits      0.9941 bits/instance
Mean absolute error                      0     
Root mean squared error                  0     
Relative absolute error                  0      %
Root relative squared error              0      %
Total Number of Instances              552     


=== Detailed Accuracy By Class ===

                 TP Rate  FP Rate  Precision  Recall   F-Measure  MCC      ROC Area  PRC Area  Class
                 1.000    0.000    1.000      1.000    1.000      1.000    1.000     1.000     TRUE
                 1.000    0.000    1.000      1.000    1.000      1.000    1.000     1.000     FALSE
                 ?        0.000    ?          ?        ?          ?        ?         ?         UNKNOWN
Weighted Avg.    1.000    0.000    1.000      1.000    1.000      1.000    1.000     1.000     


=== Confusion Matrix ===

   a   b   c   <-- classified as
 246   0   0 |   a = TRUE
   0 306   0 |   b = FALSE
   0   0   0 |   c = UNKNOWN

Time taken to perform cross-validation: 0.03 seconds


=== Stratified cross-validation ===

Correctly Classified Instances         551               99.8188 %
Incorrectly Classified Instances         1                0.1812 %
Kappa statistic                          0.9963
K&B Relative Info Score                 99.6326 %
K&B Information Score                  546.8891 bits      0.9907 bits/instance
Class complexity | order 0             548.9061 bits      0.9944 bits/instance
Class complexity | scheme             1074      bits      1.9457 bits/instance
Complexity improvement     (Sf)       -525.0939 bits     -0.9513 bits/instance
Mean absolute error                      0.0012
Root mean squared error                  0.0348
Relative absolute error                  0.3659 %
Root relative squared error              8.563  %
Total Number of Instances              552     


=== Detailed Accuracy By Class ===

                 TP Rate  FP Rate  Precision  Recall   F-Measure  MCC      ROC Area  PRC Area  Class
                 0.996    0.000    1.000      0.996    0.998      0.996    0.998     0.998     TRUE
                 1.000    0.004    0.997      1.000    0.998      0.996    0.998     0.997     FALSE
                 ?        0.000    ?          ?        ?          ?        ?         ?         UNKNOWN
Weighted Avg.    0.998    0.002    0.998      0.998    0.998      0.996    0.998     0.997     


=== Confusion Matrix ===

   a   b   c   <-- classified as
 245   1   0 |   a = TRUE
   0 306   0 |   b = FALSE
   0   0   0 |   c = UNKNOWN

