WARNING: core mtj jar files are not available as resources to this classloader (jdk.internal.loader.ClassLoaders$AppClassLoader@5c29bfd)

=== Classifier model (full training set) ===

J48 pruned tree
------------------

NUM1 <= 4722140.661999
|   NUM1 <= 4696787.472288: TRUE (965.0)
|   NUM1 > 4696787.472288
|   |   LOGICALS3 = And: TRUE (25.0)
|   |   LOGICALS3 = Or: FALSE (4.0)
|   |   LOGICALS3 = Implies: TRUE (0.0)
NUM1 > 4722140.661999
|   NUM3 <= 2.799191
|   |   LOGICALS3 = And: TRUE (231.0)
|   |   LOGICALS3 = Or: FALSE (115.0)
|   |   LOGICALS3 = Implies: TRUE (0.0)
|   NUM3 > 2.799191
|   |   NUM1 <= 5193919.86957
|   |   |   LOGICALS3 = And: TRUE (148.0)
|   |   |   LOGICALS3 = Or: FALSE (91.0/1.0)
|   |   |   LOGICALS3 = Implies: TRUE (0.0)
|   |   NUM1 > 5193919.86957: FALSE (1172.0)

Number of Leaves  : 	11

Size of the tree : 	18


Time taken to build model: 0.04 seconds

Time taken to test model on training data: 0.01 seconds

=== Error on training data ===

Correctly Classified Instances        2750               99.9636 %
Incorrectly Classified Instances         1                0.0364 %
Kappa statistic                          0.9993
K&B Relative Info Score                 99.8758 %
K&B Information Score                 2748.9908 bits      0.9993 bits/instance
Class complexity | order 0            2752.4097 bits      1.0005 bits/instance
Class complexity | scheme                7.9425 bits      0.0029 bits/instance
Complexity improvement     (Sf)       2744.4671 bits      0.9976 bits/instance
Mean absolute error                      0.0005
Root mean squared error                  0.0155
Relative absolute error                  0.1438 %
Root relative squared error              3.7922 %
Total Number of Instances             2751     


=== Detailed Accuracy By Class ===

                 TP Rate  FP Rate  Precision  Recall   F-Measure  MCC      ROC Area  PRC Area  Class
                 0.999    0.000    1.000      0.999    1.000      0.999    1.000     1.000     TRUE
                 1.000    0.001    0.999      1.000    1.000      0.999    1.000     1.000     FALSE
                 ?        0.000    ?          ?        ?          ?        ?         ?         UNKNOWN
Weighted Avg.    1.000    0.000    1.000      1.000    1.000      0.999    1.000     1.000     


=== Confusion Matrix ===

    a    b    c   <-- classified as
 1369    1    0 |    a = TRUE
    0 1381    0 |    b = FALSE
    0    0    0 |    c = UNKNOWN

Time taken to perform cross-validation: 0.09 seconds


=== Stratified cross-validation ===

Correctly Classified Instances        2747               99.8546 %
Incorrectly Classified Instances         4                0.1454 %
Kappa statistic                          0.9971
K&B Relative Info Score                 99.6365 %
K&B Information Score                 2742.5633 bits      0.9969 bits/instance
Class complexity | order 0            2752.5702 bits      1.0006 bits/instance
Class complexity | scheme             1102.416  bits      0.4007 bits/instance
Complexity improvement     (Sf)       1650.1542 bits      0.5998 bits/instance
Mean absolute error                      0.0013
Root mean squared error                  0.0311
Relative absolute error                  0.3913 %
Root relative squared error              7.6251 %
Total Number of Instances             2751     


=== Detailed Accuracy By Class ===

                 TP Rate  FP Rate  Precision  Recall   F-Measure  MCC      ROC Area  PRC Area  Class
                 0.999    0.002    0.998      0.999    0.999      0.997    0.999     0.999     TRUE
                 0.998    0.001    0.999      0.998    0.999      0.997    0.999     0.999     FALSE
                 ?        0.000    ?          ?        ?          ?        ?         ?         UNKNOWN
Weighted Avg.    0.999    0.001    0.999      0.999    0.999      0.997    0.999     0.999     


=== Confusion Matrix ===

    a    b    c   <-- classified as
 1369    1    0 |    a = TRUE
    3 1378    0 |    b = FALSE
    0    0    0 |    c = UNKNOWN

