WARNING: core mtj jar files are not available as resources to this classloader (jdk.internal.loader.ClassLoaders$AppClassLoader@5c29bfd)

=== Classifier model (full training set) ===

J48 pruned tree
------------------

NUM1 <= 16: TRUE (20.0)
NUM1 > 16: FALSE (40.0)

Number of Leaves  : 	2

Size of the tree : 	3


Time taken to build model: 0.01 seconds

Time taken to test model on training data: 0 seconds

=== Error on training data ===

Correctly Classified Instances          60              100      %
Incorrectly Classified Instances         0                0      %
Kappa statistic                          1     
K&B Relative Info Score                100      %
K&B Information Score                   56.4884 bits      0.9415 bits/instance
Class complexity | order 0              56.4884 bits      0.9415 bits/instance
Class complexity | scheme                0      bits      0      bits/instance
Complexity improvement     (Sf)         56.4884 bits      0.9415 bits/instance
Mean absolute error                      0     
Root mean squared error                  0     
Relative absolute error                  0      %
Root relative squared error              0      %
Total Number of Instances               60     


=== Detailed Accuracy By Class ===

                 TP Rate  FP Rate  Precision  Recall   F-Measure  MCC      ROC Area  PRC Area  Class
                 1.000    0.000    1.000      1.000    1.000      1.000    1.000     1.000     TRUE
                 1.000    0.000    1.000      1.000    1.000      1.000    1.000     1.000     FALSE
                 ?        0.000    ?          ?        ?          ?        ?         ?         UNKNOWN
Weighted Avg.    1.000    0.000    1.000      1.000    1.000      1.000    1.000     1.000     


=== Confusion Matrix ===

  a  b  c   <-- classified as
 20  0  0 |  a = TRUE
  0 40  0 |  b = FALSE
  0  0  0 |  c = UNKNOWN

Time taken to perform cross-validation: 0.01 seconds


=== Stratified cross-validation ===

Correctly Classified Instances          59               98.3333 %
Incorrectly Classified Instances         1                1.6667 %
Kappa statistic                          0.962 
K&B Relative Info Score                 96.1687 %
K&B Information Score                   54.4668 bits      0.9078 bits/instance
Class complexity | order 0              56.6367 bits      0.9439 bits/instance
Class complexity | scheme             1074      bits     17.9    bits/instance
Complexity improvement     (Sf)      -1017.3633 bits    -16.9561 bits/instance
Mean absolute error                      0.0111
Root mean squared error                  0.1054
Relative absolute error                  3.6538 %
Root relative squared error             27.3672 %
Total Number of Instances               60     


=== Detailed Accuracy By Class ===

                 TP Rate  FP Rate  Precision  Recall   F-Measure  MCC      ROC Area  PRC Area  Class
                 0.950    0.000    1.000      0.950    0.974      0.963    0.975     0.967     TRUE
                 1.000    0.050    0.976      1.000    0.988      0.963    0.975     0.976     FALSE
                 ?        0.000    ?          ?        ?          ?        ?         ?         UNKNOWN
Weighted Avg.    0.983    0.033    0.984      0.983    0.983      0.963    0.975     0.973     


=== Confusion Matrix ===

  a  b  c   <-- classified as
 19  1  0 |  a = TRUE
  0 40  0 |  b = FALSE
  0  0  0 |  c = UNKNOWN

