WARNING: core mtj jar files are not available as resources to this classloader (jdk.internal.loader.ClassLoaders$AppClassLoader@5c29bfd)

=== Classifier model (full training set) ===

J48 pruned tree
------------------

NUM2 <= -3.512467: TRUE (194.0)
NUM2 > -3.512467: FALSE (226.0)

Number of Leaves  : 	2

Size of the tree : 	3


Time taken to build model: 0.01 seconds

Time taken to test model on training data: 0 seconds

=== Error on training data ===

Correctly Classified Instances         420              100      %
Incorrectly Classified Instances         0                0      %
Kappa statistic                          1     
K&B Relative Info Score                100      %
K&B Information Score                  419.6738 bits      0.9992 bits/instance
Class complexity | order 0             419.6738 bits      0.9992 bits/instance
Class complexity | scheme                0      bits      0      bits/instance
Complexity improvement     (Sf)        419.6738 bits      0.9992 bits/instance
Mean absolute error                      0     
Root mean squared error                  0     
Relative absolute error                  0      %
Root relative squared error              0      %
Total Number of Instances              420     


=== Detailed Accuracy By Class ===

                 TP Rate  FP Rate  Precision  Recall   F-Measure  MCC      ROC Area  PRC Area  Class
                 1.000    0.000    1.000      1.000    1.000      1.000    1.000     1.000     TRUE
                 1.000    0.000    1.000      1.000    1.000      1.000    1.000     1.000     FALSE
                 ?        0.000    ?          ?        ?          ?        ?         ?         UNKNOWN
Weighted Avg.    1.000    0.000    1.000      1.000    1.000      1.000    1.000     1.000     


=== Confusion Matrix ===

   a   b   c   <-- classified as
 194   0   0 |   a = TRUE
   0 226   0 |   b = FALSE
   0   0   0 |   c = UNKNOWN

Time taken to perform cross-validation: 0.01 seconds


=== Stratified cross-validation ===

Correctly Classified Instances         419               99.7619 %
Incorrectly Classified Instances         1                0.2381 %
Kappa statistic                          0.9952
K&B Relative Info Score                 99.5217 %
K&B Information Score                  417.8624 bits      0.9949 bits/instance
Class complexity | order 0             419.8708 bits      0.9997 bits/instance
Class complexity | scheme             1074      bits      2.5571 bits/instance
Complexity improvement     (Sf)       -654.1292 bits     -1.5575 bits/instance
Mean absolute error                      0.0016
Root mean squared error                  0.0398
Relative absolute error                  0.4777 %
Root relative squared error              9.7867 %
Total Number of Instances              420     


=== Detailed Accuracy By Class ===

                 TP Rate  FP Rate  Precision  Recall   F-Measure  MCC      ROC Area  PRC Area  Class
                 0.995    0.000    1.000      0.995    0.997      0.995    0.997     0.997     TRUE
                 1.000    0.005    0.996      1.000    0.998      0.995    0.997     0.996     FALSE
                 ?        0.000    ?          ?        ?          ?        ?         ?         UNKNOWN
Weighted Avg.    0.998    0.003    0.998      0.998    0.998      0.995    0.997     0.996     


=== Confusion Matrix ===

   a   b   c   <-- classified as
 193   1   0 |   a = TRUE
   0 226   0 |   b = FALSE
   0   0   0 |   c = UNKNOWN

