WARNING: core mtj jar files are not available as resources to this classloader (jdk.internal.loader.ClassLoaders$AppClassLoader@5c29bfd)

=== Classifier model (full training set) ===

J48 pruned tree
------------------

NUM2 <= -3.512467: TRUE (127.0)
NUM2 > -3.512467: FALSE (155.0)

Number of Leaves  : 	2

Size of the tree : 	3


Time taken to build model: 0.01 seconds

Time taken to test model on training data: 0 seconds

=== Error on training data ===

Correctly Classified Instances         282              100      %
Incorrectly Classified Instances         0                0      %
Kappa statistic                          1     
K&B Relative Info Score                100      %
K&B Information Score                  281.4214 bits      0.9979 bits/instance
Class complexity | order 0             281.4214 bits      0.9979 bits/instance
Class complexity | scheme                0      bits      0      bits/instance
Complexity improvement     (Sf)        281.4214 bits      0.9979 bits/instance
Mean absolute error                      0     
Root mean squared error                  0     
Relative absolute error                  0      %
Root relative squared error              0      %
Total Number of Instances              282     


=== Detailed Accuracy By Class ===

                 TP Rate  FP Rate  Precision  Recall   F-Measure  MCC      ROC Area  PRC Area  Class
                 1.000    0.000    1.000      1.000    1.000      1.000    1.000     1.000     TRUE
                 1.000    0.000    1.000      1.000    1.000      1.000    1.000     1.000     FALSE
                 ?        0.000    ?          ?        ?          ?        ?         ?         UNKNOWN
Weighted Avg.    1.000    0.000    1.000      1.000    1.000      1.000    1.000     1.000     


=== Confusion Matrix ===

   a   b   c   <-- classified as
 127   0   0 |   a = TRUE
   0 155   0 |   b = FALSE
   0   0   0 |   c = UNKNOWN

Time taken to perform cross-validation: 0.01 seconds


=== Stratified cross-validation ===

Correctly Classified Instances         281               99.6454 %
Incorrectly Classified Instances         1                0.3546 %
Kappa statistic                          0.9928
K&B Relative Info Score                 99.2845 %
K&B Information Score                  279.609  bits      0.9915 bits/instance
Class complexity | order 0             281.624  bits      0.9987 bits/instance
Class complexity | scheme             1074      bits      3.8085 bits/instance
Complexity improvement     (Sf)       -792.376  bits     -2.8098 bits/instance
Mean absolute error                      0.0024
Root mean squared error                  0.0486
Relative absolute error                  0.7133 %
Root relative squared error             11.9674 %
Total Number of Instances              282     


=== Detailed Accuracy By Class ===

                 TP Rate  FP Rate  Precision  Recall   F-Measure  MCC      ROC Area  PRC Area  Class
                 0.992    0.000    1.000      0.992    0.996      0.993    0.996     0.996     TRUE
                 1.000    0.008    0.994      1.000    0.997      0.993    0.996     0.994     FALSE
                 ?        0.000    ?          ?        ?          ?        ?         ?         UNKNOWN
Weighted Avg.    0.996    0.004    0.996      0.996    0.996      0.993    0.996     0.995     


=== Confusion Matrix ===

   a   b   c   <-- classified as
 126   1   0 |   a = TRUE
   0 155   0 |   b = FALSE
   0   0   0 |   c = UNKNOWN

