WARNING: core mtj jar files are not available as resources to this classloader (jdk.internal.loader.ClassLoaders$AppClassLoader@5c29bfd)

=== Classifier model (full training set) ===

J48 pruned tree
------------------

NUM2 <= -3.512467: TRUE (263.0)
NUM2 > -3.512467: FALSE (298.0)

Number of Leaves  : 	2

Size of the tree : 	3


Time taken to build model: 0.02 seconds

Time taken to test model on training data: 0.01 seconds

=== Error on training data ===

Correctly Classified Instances         561              100      %
Incorrectly Classified Instances         0                0      %
Kappa statistic                          1     
K&B Relative Info Score                100      %
K&B Information Score                  560.8602 bits      0.9998 bits/instance
Class complexity | order 0             560.8602 bits      0.9998 bits/instance
Class complexity | scheme                0      bits      0      bits/instance
Complexity improvement     (Sf)        560.8602 bits      0.9998 bits/instance
Mean absolute error                      0     
Root mean squared error                  0     
Relative absolute error                  0      %
Root relative squared error              0      %
Total Number of Instances              561     


=== Detailed Accuracy By Class ===

                 TP Rate  FP Rate  Precision  Recall   F-Measure  MCC      ROC Area  PRC Area  Class
                 1.000    0.000    1.000      1.000    1.000      1.000    1.000     1.000     TRUE
                 1.000    0.000    1.000      1.000    1.000      1.000    1.000     1.000     FALSE
                 ?        0.000    ?          ?        ?          ?        ?         ?         UNKNOWN
Weighted Avg.    1.000    0.000    1.000      1.000    1.000      1.000    1.000     1.000     


=== Confusion Matrix ===

   a   b   c   <-- classified as
 263   0   0 |   a = TRUE
   0 298   0 |   b = FALSE
   0   0   0 |   c = UNKNOWN

Time taken to perform cross-validation: 0.02 seconds


=== Stratified cross-validation ===

Correctly Classified Instances         559               99.6435 %
Incorrectly Classified Instances         2                0.3565 %
Kappa statistic                          0.9928
K&B Relative Info Score                 99.285  %
K&B Information Score                  557.0273 bits      0.9929 bits/instance
Class complexity | order 0             561.0388 bits      1.0001 bits/instance
Class complexity | scheme             2148      bits      3.8289 bits/instance
Complexity improvement     (Sf)      -1586.9612 bits     -2.8288 bits/instance
Mean absolute error                      0.0024
Root mean squared error                  0.0488
Relative absolute error                  0.7144 %
Root relative squared error             11.9646 %
Total Number of Instances              561     


=== Detailed Accuracy By Class ===

                 TP Rate  FP Rate  Precision  Recall   F-Measure  MCC      ROC Area  PRC Area  Class
                 0.992    0.000    1.000      0.992    0.996      0.993    0.996     0.996     TRUE
                 1.000    0.008    0.993      1.000    0.997      0.993    0.996     0.993     FALSE
                 ?        0.000    ?          ?        ?          ?        ?         ?         UNKNOWN
Weighted Avg.    0.996    0.004    0.996      0.996    0.996      0.993    0.996     0.995     


=== Confusion Matrix ===

   a   b   c   <-- classified as
 261   2   0 |   a = TRUE
   0 298   0 |   b = FALSE
   0   0   0 |   c = UNKNOWN

