WARNING: core mtj jar files are not available as resources to this classloader (jdk.internal.loader.ClassLoaders$AppClassLoader@5c29bfd)

=== Classifier model (full training set) ===

J48 pruned tree
------------------

NUM3 <= 1.998638: FALSE (92.0)
NUM3 > 1.998638: TRUE (142.0)

Number of Leaves  : 	2

Size of the tree : 	3


Time taken to build model: 0.01 seconds

Time taken to test model on training data: 0 seconds

=== Error on training data ===

Correctly Classified Instances         234              100      %
Incorrectly Classified Instances         0                0      %
Kappa statistic                          1     
K&B Relative Info Score                100      %
K&B Information Score                  227.6616 bits      0.9729 bits/instance
Class complexity | order 0             227.6616 bits      0.9729 bits/instance
Class complexity | scheme                0      bits      0      bits/instance
Complexity improvement     (Sf)        227.6616 bits      0.9729 bits/instance
Mean absolute error                      0     
Root mean squared error                  0     
Relative absolute error                  0      %
Root relative squared error              0      %
Total Number of Instances              234     


=== Detailed Accuracy By Class ===

                 TP Rate  FP Rate  Precision  Recall   F-Measure  MCC      ROC Area  PRC Area  Class
                 1.000    0.000    1.000      1.000    1.000      1.000    1.000     1.000     TRUE
                 1.000    0.000    1.000      1.000    1.000      1.000    1.000     1.000     FALSE
                 ?        0.000    ?          ?        ?          ?        ?         ?         UNKNOWN
Weighted Avg.    1.000    0.000    1.000      1.000    1.000      1.000    1.000     1.000     


=== Confusion Matrix ===

   a   b   c   <-- classified as
 142   0   0 |   a = TRUE
   0  92   0 |   b = FALSE
   0   0   0 |   c = UNKNOWN

Time taken to perform cross-validation: 0.01 seconds


=== Stratified cross-validation ===

Correctly Classified Instances         233               99.5726 %
Incorrectly Classified Instances         1                0.4274 %
Kappa statistic                          0.991 
K&B Relative Info Score                 99.0923 %
K&B Information Score                  225.7812 bits      0.9649 bits/instance
Class complexity | order 0             227.8495 bits      0.9737 bits/instance
Class complexity | scheme             1074      bits      4.5897 bits/instance
Complexity improvement     (Sf)       -846.1505 bits     -3.616  bits/instance
Mean absolute error                      0.0028
Root mean squared error                  0.0534
Relative absolute error                  0.8905 %
Root relative squared error             13.3818 %
Total Number of Instances              234     


=== Detailed Accuracy By Class ===

                 TP Rate  FP Rate  Precision  Recall   F-Measure  MCC      ROC Area  PRC Area  Class
                 1.000    0.011    0.993      1.000    0.996      0.991    0.995     0.993     TRUE
                 0.989    0.000    1.000      0.989    0.995      0.991    0.995     0.993     FALSE
                 ?        0.000    ?          ?        ?          ?        ?         ?         UNKNOWN
Weighted Avg.    0.996    0.007    0.996      0.996    0.996      0.991    0.995     0.993     


=== Confusion Matrix ===

   a   b   c   <-- classified as
 142   0   0 |   a = TRUE
   1  91   0 |   b = FALSE
   0   0   0 |   c = UNKNOWN

