WARNING: core mtj jar files are not available as resources to this classloader (jdk.internal.loader.ClassLoaders$AppClassLoader@5c29bfd)

=== Classifier model (full training set) ===

J48 pruned tree
------------------

NUM3 <= 1.998638: FALSE (75.0)
NUM3 > 1.998638: TRUE (114.0)

Number of Leaves  : 	2

Size of the tree : 	3


Time taken to build model: 0.01 seconds

Time taken to test model on training data: 0 seconds

=== Error on training data ===

Correctly Classified Instances         189              100      %
Incorrectly Classified Instances         0                0      %
Kappa statistic                          1     
K&B Relative Info Score                100      %
K&B Information Score                  184.5775 bits      0.9766 bits/instance
Class complexity | order 0             184.5775 bits      0.9766 bits/instance
Class complexity | scheme                0      bits      0      bits/instance
Complexity improvement     (Sf)        184.5775 bits      0.9766 bits/instance
Mean absolute error                      0     
Root mean squared error                  0     
Relative absolute error                  0      %
Root relative squared error              0      %
Total Number of Instances              189     


=== Detailed Accuracy By Class ===

                 TP Rate  FP Rate  Precision  Recall   F-Measure  MCC      ROC Area  PRC Area  Class
                 1.000    0.000    1.000      1.000    1.000      1.000    1.000     1.000     TRUE
                 1.000    0.000    1.000      1.000    1.000      1.000    1.000     1.000     FALSE
                 ?        0.000    ?          ?        ?          ?        ?         ?         UNKNOWN
Weighted Avg.    1.000    0.000    1.000      1.000    1.000      1.000    1.000     1.000     


=== Confusion Matrix ===

   a   b   c   <-- classified as
 114   0   0 |   a = TRUE
   0  75   0 |   b = FALSE
   0   0   0 |   c = UNKNOWN

Time taken to perform cross-validation: 0.01 seconds


=== Stratified cross-validation ===

Correctly Classified Instances         188               99.4709 %
Incorrectly Classified Instances         1                0.5291 %
Kappa statistic                          0.9889
K&B Relative Info Score                 98.8852 %
K&B Information Score                  182.7562 bits      0.967  bits/instance
Class complexity | order 0             184.8165 bits      0.9779 bits/instance
Class complexity | scheme             1074      bits      5.6825 bits/instance
Complexity improvement     (Sf)       -889.1835 bits     -4.7047 bits/instance
Mean absolute error                      0.0035
Root mean squared error                  0.0594
Relative absolute error                  1.0975 %
Root relative squared error             14.8625 %
Total Number of Instances              189     


=== Detailed Accuracy By Class ===

                 TP Rate  FP Rate  Precision  Recall   F-Measure  MCC      ROC Area  PRC Area  Class
                 1.000    0.013    0.991      1.000    0.996      0.989    0.993     0.991     TRUE
                 0.987    0.000    1.000      0.987    0.993      0.989    0.993     0.992     FALSE
                 ?        0.000    ?          ?        ?          ?        ?         ?         UNKNOWN
Weighted Avg.    0.995    0.008    0.995      0.995    0.995      0.989    0.993     0.992     


=== Confusion Matrix ===

   a   b   c   <-- classified as
 114   0   0 |   a = TRUE
   1  74   0 |   b = FALSE
   0   0   0 |   c = UNKNOWN

