WARNING: core mtj jar files are not available as resources to this classloader (jdk.internal.loader.ClassLoaders$AppClassLoader@5c29bfd)

=== Classifier model (full training set) ===

J48 pruned tree
------------------

NUM1 <= 5190496.400583
|   NUM1 <= 4709998.001629: TRUE (130.0)
|   NUM1 > 4709998.001629
|   |   LOGICALS3 = And: TRUE (23.0)
|   |   LOGICALS3 = Or: FALSE (12.0)
|   |   LOGICALS3 = Implies: TRUE (0.0)
NUM1 > 5190496.400583
|   NUM3 <= 2.799566
|   |   LOGICALS3 = And: TRUE (29.0)
|   |   LOGICALS3 = Or: FALSE (15.0)
|   |   LOGICALS3 = Implies: TRUE (0.0)
|   NUM3 > 2.799566: FALSE (181.0)

Number of Leaves  : 	8

Size of the tree : 	13


Time taken to build model: 0.02 seconds

Time taken to test model on training data: 0.01 seconds

=== Error on training data ===

Correctly Classified Instances         390              100      %
Incorrectly Classified Instances         0                0      %
Kappa statistic                          1     
K&B Relative Info Score                100      %
K&B Information Score                  390.1823 bits      1.0005 bits/instance
Class complexity | order 0             390.1823 bits      1.0005 bits/instance
Class complexity | scheme                0      bits      0      bits/instance
Complexity improvement     (Sf)        390.1823 bits      1.0005 bits/instance
Mean absolute error                      0     
Root mean squared error                  0     
Relative absolute error                  0      %
Root relative squared error              0      %
Total Number of Instances              390     


=== Detailed Accuracy By Class ===

                 TP Rate  FP Rate  Precision  Recall   F-Measure  MCC      ROC Area  PRC Area  Class
                 1.000    0.000    1.000      1.000    1.000      1.000    1.000     1.000     TRUE
                 1.000    0.000    1.000      1.000    1.000      1.000    1.000     1.000     FALSE
                 ?        0.000    ?          ?        ?          ?        ?         ?         UNKNOWN
Weighted Avg.    1.000    0.000    1.000      1.000    1.000      1.000    1.000     1.000     


=== Confusion Matrix ===

   a   b   c   <-- classified as
 182   0   0 |   a = TRUE
   0 208   0 |   b = FALSE
   0   0   0 |   c = UNKNOWN

Time taken to perform cross-validation: 0.03 seconds


=== Stratified cross-validation ===

Correctly Classified Instances         388               99.4872 %
Incorrectly Classified Instances         2                0.5128 %
Kappa statistic                          0.9897
K&B Relative Info Score                 98.8888 %
K&B Information Score                  386.0304 bits      0.9898 bits/instance
Class complexity | order 0             390.3682 bits      1.0009 bits/instance
Class complexity | scheme             1081.6996 bits      2.7736 bits/instance
Complexity improvement     (Sf)       -691.3314 bits     -1.7726 bits/instance
Mean absolute error                      0.0038
Root mean squared error                  0.0583
Relative absolute error                  1.1424 %
Root relative squared error             14.3149 %
Total Number of Instances              390     


=== Detailed Accuracy By Class ===

                 TP Rate  FP Rate  Precision  Recall   F-Measure  MCC      ROC Area  PRC Area  Class
                 0.989    0.000    1.000      0.989    0.994      0.990    0.996     0.996     TRUE
                 1.000    0.011    0.990      1.000    0.995      0.990    0.996     0.993     FALSE
                 ?        0.000    ?          ?        ?          ?        ?         ?         UNKNOWN
Weighted Avg.    0.995    0.006    0.995      0.995    0.995      0.990    0.996     0.995     


=== Confusion Matrix ===

   a   b   c   <-- classified as
 180   2   0 |   a = TRUE
   0 208   0 |   b = FALSE
   0   0   0 |   c = UNKNOWN

