
=== Classifier model (full training set) ===

J48 pruned tree
------------------

NUM2 <= 4754.193158
|   NUM1 <= 7300182
|   |   NUM1 <= 7171464: TRUE (187.0)
|   |   NUM1 > 7171464
|   |   |   NUM2 <= 4722.220239: FALSE (8.0)
|   |   |   NUM2 > 4722.220239: TRUE (8.0/1.0)
|   NUM1 > 7300182: FALSE (1011.0)
NUM2 > 4754.193158: TRUE (826.0)

Number of Leaves  : 	5

Size of the tree : 	9


Time taken to build model: 0.53 seconds

Time taken to test model on training data: 0.06 seconds

=== Error on training data ===

Correctly Classified Instances        2039               99.951  %
Incorrectly Classified Instances         1                0.049  %
Kappa statistic                          0.999 
K&B Relative Info Score                 99.8453 %
K&B Information Score                 2036.8441 bits      0.9985 bits/instance
Class complexity | order 0            2040      bits      1      bits/instance
Class complexity | scheme                4.3485 bits      0.0021 bits/instance
Complexity improvement     (Sf)       2035.6515 bits      0.9979 bits/instance
Mean absolute error                      0.0009
Root mean squared error                  0.0207
Relative absolute error                  0.1716 %
Root relative squared error              4.1421 %
Total Number of Instances             2040     


=== Detailed Accuracy By Class ===

                 TP Rate  FP Rate  Precision  Recall   F-Measure  MCC      ROC Area  PRC Area  Class
                 1.000    0.001    0.999      1.000    1.000      0.999    1.000     1.000     TRUE
                 0.999    0.000    1.000      0.999    1.000      0.999    1.000     1.000     FALSE
Weighted Avg.    1.000    0.000    1.000      1.000    1.000      0.999    1.000     1.000     


=== Confusion Matrix ===

    a    b   <-- classified as
 1020    0 |    a = TRUE
    1 1019 |    b = FALSE

Time taken to perform cross-validation: 0.35 seconds


=== Stratified cross-validation ===

Correctly Classified Instances        2034               99.7059 %
Incorrectly Classified Instances         6                0.2941 %
Kappa statistic                          0.9941
K&B Relative Info Score                 99.3234 %
K&B Information Score                 2026.1972 bits      0.9932 bits/instance
Class complexity | order 0            2040      bits      1      bits/instance
Class complexity | scheme             5378.2039 bits      2.6364 bits/instance
Complexity improvement     (Sf)      -3338.2039 bits     -1.6364 bits/instance
Mean absolute error                      0.0035
Root mean squared error                  0.0547
Relative absolute error                  0.7039 %
Root relative squared error             10.9385 %
Total Number of Instances             2040     


=== Detailed Accuracy By Class ===

                 TP Rate  FP Rate  Precision  Recall   F-Measure  MCC      ROC Area  PRC Area  Class
                 0.999    0.005    0.995      0.999    0.997      0.994    0.997     0.995     TRUE
                 0.995    0.001    0.999      0.995    0.997      0.994    0.997     0.997     FALSE
Weighted Avg.    0.997    0.003    0.997      0.997    0.997      0.994    0.997     0.996     


=== Confusion Matrix ===

    a    b   <-- classified as
 1019    1 |    a = TRUE
    5 1015 |    b = FALSE

Picked up JAVA_TOOL_OPTIONS: -Xmx2g
java.lang.reflect.InaccessibleObjectException: Unable to make protected final java.lang.Class java.lang.ClassLoader.defineClass(java.lang.String,byte[],int,int,java.security.ProtectionDomain) throws java.lang.ClassFormatError accessible: module java.base does not "opens java.lang" to unnamed module @4b6995df
	at java.base/java.lang.reflect.AccessibleObject.checkCanSetAccessible(AccessibleObject.java:354)
	at java.base/java.lang.reflect.AccessibleObject.checkCanSetAccessible(AccessibleObject.java:297)
	at java.base/java.lang.reflect.Method.checkCanSetAccessible(Method.java:199)
	at java.base/java.lang.reflect.Method.setAccessible(Method.java:193)
	at weka.core.WekaPackageClassLoaderManager.injectClasses(WekaPackageClassLoaderManager.java:792)
	at weka.core.WekaPackageClassLoaderManager.injectAllClassesInFromStream(WekaPackageClassLoaderManager.java:690)
	at weka.core.WekaPackageClassLoaderManager.injectMTJCoreClasses(WekaPackageClassLoaderManager.java:118)
	at weka.core.WekaPackageManager.<clinit>(WekaPackageManager.java:255)
	at weka.core.ResourceUtils.readProperties(ResourceUtils.java:241)
	at weka.core.ResourceUtils.readProperties(ResourceUtils.java:184)
	at weka.core.Utils.readProperties(Utils.java:183)
	at weka.core.Capabilities.<clinit>(Capabilities.java:104)
	at weka.classifiers.trees.J48.getCapabilities(J48.java:250)
	at weka.classifiers.trees.J48.buildClassifier(J48.java:300)
	at weka.classifiers.evaluation.Evaluation.evaluateModel(Evaluation.java:1632)
	at weka.classifiers.Evaluation.evaluateModel(Evaluation.java:668)
	at weka.classifiers.AbstractClassifier.runClassifier(AbstractClassifier.java:141)
	at weka.classifiers.trees.J48.main(J48.java:1221)
