
=== Classifier model (full training set) ===

J48 pruned tree
------------------

NUM2 <= 4753.999554
|   NUM1 <= 7217135: TRUE (56.0/1.0)
|   NUM1 > 7217135: FALSE (254.0)
NUM2 > 4753.999554: TRUE (200.0)

Number of Leaves  : 	3

Size of the tree : 	5


Time taken to build model: 0.27 seconds

Time taken to test model on training data: 0.05 seconds

=== Error on training data ===

Correctly Classified Instances         509               99.8039 %
Incorrectly Classified Instances         1                0.1961 %
Kappa statistic                          0.9961
K&B Relative Info Score                 99.3326 %
K&B Information Score                  506.5963 bits      0.9933 bits/instance
Class complexity | order 0             510      bits      1      bits/instance
Class complexity | scheme                7.2371 bits      0.0142 bits/instance
Complexity improvement     (Sf)        502.7629 bits      0.9858 bits/instance
Mean absolute error                      0.0039
Root mean squared error                  0.0439
Relative absolute error                  0.7703 %
Root relative squared error              8.7767 %
Total Number of Instances              510     


=== Detailed Accuracy By Class ===

                 TP Rate  FP Rate  Precision  Recall   F-Measure  MCC      ROC Area  PRC Area  Class
                 1.000    0.004    0.996      1.000    0.998      0.996    1.000     0.999     TRUE
                 0.996    0.000    1.000      0.996    0.998      0.996    1.000     0.999     FALSE
Weighted Avg.    0.998    0.002    0.998      0.998    0.998      0.996    1.000     0.999     


=== Confusion Matrix ===

   a   b   <-- classified as
 255   0 |   a = TRUE
   1 254 |   b = FALSE

Time taken to perform cross-validation: 0.16 seconds


=== Stratified cross-validation ===

Correctly Classified Instances         506               99.2157 %
Incorrectly Classified Instances         4                0.7843 %
Kappa statistic                          0.9843
K&B Relative Info Score                 98.1796 %
K&B Information Score                  500.7483 bits      0.9819 bits/instance
Class complexity | order 0             510.033  bits      1.0001 bits/instance
Class complexity | scheme             4297.2847 bits      8.426  bits/instance
Complexity improvement     (Sf)      -3787.2517 bits     -7.426  bits/instance
Mean absolute error                      0.0096
Root mean squared error                  0.0888
Relative absolute error                  1.9142 %
Root relative squared error             17.7506 %
Total Number of Instances              510     


=== Detailed Accuracy By Class ===

                 TP Rate  FP Rate  Precision  Recall   F-Measure  MCC      ROC Area  PRC Area  Class
                 0.996    0.012    0.988      0.996    0.992      0.984    0.991     0.984     TRUE
                 0.988    0.004    0.996      0.988    0.992      0.984    0.991     0.990     FALSE
Weighted Avg.    0.992    0.008    0.992      0.992    0.992      0.984    0.991     0.987     


=== Confusion Matrix ===

   a   b   <-- classified as
 254   1 |   a = TRUE
   3 252 |   b = FALSE

Picked up JAVA_TOOL_OPTIONS: -Xmx2g
java.lang.reflect.InaccessibleObjectException: Unable to make protected final java.lang.Class java.lang.ClassLoader.defineClass(java.lang.String,byte[],int,int,java.security.ProtectionDomain) throws java.lang.ClassFormatError accessible: module java.base does not "opens java.lang" to unnamed module @4b6995df
	at java.base/java.lang.reflect.AccessibleObject.checkCanSetAccessible(AccessibleObject.java:354)
	at java.base/java.lang.reflect.AccessibleObject.checkCanSetAccessible(AccessibleObject.java:297)
	at java.base/java.lang.reflect.Method.checkCanSetAccessible(Method.java:199)
	at java.base/java.lang.reflect.Method.setAccessible(Method.java:193)
	at weka.core.WekaPackageClassLoaderManager.injectClasses(WekaPackageClassLoaderManager.java:792)
	at weka.core.WekaPackageClassLoaderManager.injectAllClassesInFromStream(WekaPackageClassLoaderManager.java:690)
	at weka.core.WekaPackageClassLoaderManager.injectMTJCoreClasses(WekaPackageClassLoaderManager.java:118)
	at weka.core.WekaPackageManager.<clinit>(WekaPackageManager.java:255)
	at weka.core.ResourceUtils.readProperties(ResourceUtils.java:241)
	at weka.core.ResourceUtils.readProperties(ResourceUtils.java:184)
	at weka.core.Utils.readProperties(Utils.java:183)
	at weka.core.Capabilities.<clinit>(Capabilities.java:104)
	at weka.classifiers.trees.J48.getCapabilities(J48.java:250)
	at weka.classifiers.trees.J48.buildClassifier(J48.java:300)
	at weka.classifiers.evaluation.Evaluation.evaluateModel(Evaluation.java:1632)
	at weka.classifiers.Evaluation.evaluateModel(Evaluation.java:668)
	at weka.classifiers.AbstractClassifier.runClassifier(AbstractClassifier.java:141)
	at weka.classifiers.trees.J48.main(J48.java:1221)
