WARNING: core mtj jar files are not available as resources to this classloader (jdk.internal.loader.ClassLoaders$AppClassLoader@5c29bfd)

=== Classifier model (full training set) ===

J48 pruned tree
------------------

NUM1 <= 5197750.562648
|   NUM1 <= 4703115.211261: TRUE (971.0)
|   NUM1 > 4703115.211261
|   |   LOGICALS3 = And: TRUE (183.0)
|   |   LOGICALS3 = Or
|   |   |   NUM0 <= 4760867: FALSE (127.0)
|   |   |   NUM0 > 4760867
|   |   |   |   NUM0 <= 4827227: FALSE (2.0)
|   |   |   |   NUM0 > 4827227: TRUE (3.0)
|   |   LOGICALS3 = Implies: TRUE (0.0)
NUM1 > 5197750.562648: FALSE (1132.0)

Number of Leaves  : 	7

Size of the tree : 	12


Time taken to build model: 0.03 seconds

Time taken to test model on training data: 0.01 seconds

=== Error on training data ===

Correctly Classified Instances        2418              100      %
Incorrectly Classified Instances         0                0      %
Kappa statistic                          1     
K&B Relative Info Score                100      %
K&B Information Score                 2416.2135 bits      0.9993 bits/instance
Class complexity | order 0            2416.2135 bits      0.9993 bits/instance
Class complexity | scheme                0      bits      0      bits/instance
Complexity improvement     (Sf)       2416.2135 bits      0.9993 bits/instance
Mean absolute error                      0     
Root mean squared error                  0     
Relative absolute error                  0      %
Root relative squared error              0      %
Total Number of Instances             2418     


=== Detailed Accuracy By Class ===

                 TP Rate  FP Rate  Precision  Recall   F-Measure  MCC      ROC Area  PRC Area  Class
                 1.000    0.000    1.000      1.000    1.000      1.000    1.000     1.000     TRUE
                 1.000    0.000    1.000      1.000    1.000      1.000    1.000     1.000     FALSE
                 ?        0.000    ?          ?        ?          ?        ?         ?         UNKNOWN
Weighted Avg.    1.000    0.000    1.000      1.000    1.000      1.000    1.000     1.000     


=== Confusion Matrix ===

    a    b    c   <-- classified as
 1157    0    0 |    a = TRUE
    0 1261    0 |    b = FALSE
    0    0    0 |    c = UNKNOWN

Time taken to perform cross-validation: 0.07 seconds


=== Stratified cross-validation ===

Correctly Classified Instances        2417               99.9586 %
Incorrectly Classified Instances         1                0.0414 %
Kappa statistic                          0.9992
K&B Relative Info Score                 99.9343 %
K&B Information Score                 2414.7891 bits      0.9987 bits/instance
Class complexity | order 0            2416.3766 bits      0.9993 bits/instance
Class complexity | scheme                2      bits      0.0008 bits/instance
Complexity improvement     (Sf)       2414.3766 bits      0.9985 bits/instance
Mean absolute error                      0.0002
Root mean squared error                  0.0125
Relative absolute error                  0.0621 %
Root relative squared error              3.0533 %
Total Number of Instances             2418     


=== Detailed Accuracy By Class ===

                 TP Rate  FP Rate  Precision  Recall   F-Measure  MCC      ROC Area  PRC Area  Class
                 1.000    0.001    0.999      1.000    1.000      0.999    1.000     1.000     TRUE
                 0.999    0.000    1.000      0.999    1.000      0.999    1.000     1.000     FALSE
                 ?        0.000    ?          ?        ?          ?        ?         ?         UNKNOWN
Weighted Avg.    1.000    0.000    1.000      1.000    1.000      0.999    1.000     1.000     


=== Confusion Matrix ===

    a    b    c   <-- classified as
 1157    0    0 |    a = TRUE
    1 1260    0 |    b = FALSE
    0    0    0 |    c = UNKNOWN

