WARNING: core mtj jar files are not available as resources to this classloader (jdk.internal.loader.ClassLoaders$AppClassLoader@5c29bfd)

=== Classifier model (full training set) ===

J48 pruned tree
------------------

NUM1 <= 5197750.562648: TRUE (109.0)
NUM1 > 5197750.562648: FALSE (134.0)

Number of Leaves  : 	2

Size of the tree : 	3


Time taken to build model: 0.01 seconds

Time taken to test model on training data: 0 seconds

=== Error on training data ===

Correctly Classified Instances         243              100      %
Incorrectly Classified Instances         0                0      %
Kappa statistic                          1     
K&B Relative Info Score                100      %
K&B Information Score                  242.5695 bits      0.9982 bits/instance
Class complexity | order 0             242.5695 bits      0.9982 bits/instance
Class complexity | scheme                0      bits      0      bits/instance
Complexity improvement     (Sf)        242.5695 bits      0.9982 bits/instance
Mean absolute error                      0     
Root mean squared error                  0     
Relative absolute error                  0      %
Root relative squared error              0      %
Total Number of Instances              243     


=== Detailed Accuracy By Class ===

                 TP Rate  FP Rate  Precision  Recall   F-Measure  MCC      ROC Area  PRC Area  Class
                 1.000    0.000    1.000      1.000    1.000      1.000    1.000     1.000     TRUE
                 1.000    0.000    1.000      1.000    1.000      1.000    1.000     1.000     FALSE
                 ?        0.000    ?          ?        ?          ?        ?         ?         UNKNOWN
Weighted Avg.    1.000    0.000    1.000      1.000    1.000      1.000    1.000     1.000     


=== Confusion Matrix ===

   a   b   c   <-- classified as
 109   0   0 |   a = TRUE
   0 134   0 |   b = FALSE
   0   0   0 |   c = UNKNOWN

Time taken to perform cross-validation: 0.01 seconds


=== Stratified cross-validation ===

Correctly Classified Instances         242               99.5885 %
Incorrectly Classified Instances         1                0.4115 %
Kappa statistic                          0.9917
K&B Relative Info Score                 99.1691 %
K&B Information Score                  240.7389 bits      0.9907 bits/instance
Class complexity | order 0             242.7558 bits      0.999  bits/instance
Class complexity | scheme             1074      bits      4.4198 bits/instance
Complexity improvement     (Sf)       -831.2442 bits     -3.4208 bits/instance
Mean absolute error                      0.0027
Root mean squared error                  0.0524
Relative absolute error                  0.8279 %
Root relative squared error             12.897  %
Total Number of Instances              243     


=== Detailed Accuracy By Class ===

                 TP Rate  FP Rate  Precision  Recall   F-Measure  MCC      ROC Area  PRC Area  Class
                 0.991    0.000    1.000      0.991    0.995      0.992    0.995     0.995     TRUE
                 1.000    0.009    0.993      1.000    0.996      0.992    0.995     0.993     FALSE
                 ?        0.000    ?          ?        ?          ?        ?         ?         UNKNOWN
Weighted Avg.    0.996    0.005    0.996      0.996    0.996      0.992    0.995     0.994     


=== Confusion Matrix ===

   a   b   c   <-- classified as
 108   1   0 |   a = TRUE
   0 134   0 |   b = FALSE
   0   0   0 |   c = UNKNOWN

