WARNING: core mtj jar files are not available as resources to this classloader (jdk.internal.loader.ClassLoaders$AppClassLoader@5c29bfd)

=== Classifier model (full training set) ===

J48 pruned tree
------------------

NUM1 <= 5197750.562648: TRUE (166.0)
NUM1 > 5197750.562648: FALSE (197.0)

Number of Leaves  : 	2

Size of the tree : 	3


Time taken to build model: 0.02 seconds

Time taken to test model on training data: 0.01 seconds

=== Error on training data ===

Correctly Classified Instances         363              100      %
Incorrectly Classified Instances         0                0      %
Kappa statistic                          1     
K&B Relative Info Score                100      %
K&B Information Score                  362.5209 bits      0.9987 bits/instance
Class complexity | order 0             362.5209 bits      0.9987 bits/instance
Class complexity | scheme                0      bits      0      bits/instance
Complexity improvement     (Sf)        362.5209 bits      0.9987 bits/instance
Mean absolute error                      0     
Root mean squared error                  0     
Relative absolute error                  0      %
Root relative squared error              0      %
Total Number of Instances              363     


=== Detailed Accuracy By Class ===

                 TP Rate  FP Rate  Precision  Recall   F-Measure  MCC      ROC Area  PRC Area  Class
                 1.000    0.000    1.000      1.000    1.000      1.000    1.000     1.000     TRUE
                 1.000    0.000    1.000      1.000    1.000      1.000    1.000     1.000     FALSE
                 ?        0.000    ?          ?        ?          ?        ?         ?         UNKNOWN
Weighted Avg.    1.000    0.000    1.000      1.000    1.000      1.000    1.000     1.000     


=== Confusion Matrix ===

   a   b   c   <-- classified as
 166   0   0 |   a = TRUE
   0 197   0 |   b = FALSE
   0   0   0 |   c = UNKNOWN

Time taken to perform cross-validation: 0.02 seconds


=== Stratified cross-validation ===

Correctly Classified Instances         362               99.7245 %
Incorrectly Classified Instances         1                0.2755 %
Kappa statistic                          0.9944
K&B Relative Info Score                 99.4453 %
K&B Information Score                  360.6994 bits      0.9937 bits/instance
Class complexity | order 0             362.7114 bits      0.9992 bits/instance
Class complexity | scheme             1074      bits      2.9587 bits/instance
Complexity improvement     (Sf)       -711.2886 bits     -1.9595 bits/instance
Mean absolute error                      0.0018
Root mean squared error                  0.0429
Relative absolute error                  0.5533 %
Root relative squared error             10.535  %
Total Number of Instances              363     


=== Detailed Accuracy By Class ===

                 TP Rate  FP Rate  Precision  Recall   F-Measure  MCC      ROC Area  PRC Area  Class
                 0.994    0.000    1.000      0.994    0.997      0.994    0.997     0.997     TRUE
                 1.000    0.006    0.995      1.000    0.997      0.994    0.997     0.995     FALSE
                 ?        0.000    ?          ?        ?          ?        ?         ?         UNKNOWN
Weighted Avg.    0.997    0.003    0.997      0.997    0.997      0.994    0.997     0.996     


=== Confusion Matrix ===

   a   b   c   <-- classified as
 165   1   0 |   a = TRUE
   0 197   0 |   b = FALSE
   0   0   0 |   c = UNKNOWN

