WARNING: core mtj jar files are not available as resources to this classloader (jdk.internal.loader.ClassLoaders$AppClassLoader@5c29bfd)

=== Classifier model (full training set) ===

J48 pruned tree
------------------

QUANTIFIERS1 = ForAll: FALSE (279.0)
QUANTIFIERS1 = Exists: TRUE (141.0/1.0)

Number of Leaves  : 	2

Size of the tree : 	3


Time taken to build model: 0.02 seconds

Time taken to test model on training data: 0.01 seconds

=== Error on training data ===

Correctly Classified Instances         419               99.7619 %
Incorrectly Classified Instances         1                0.2381 %
Kappa statistic                          0.9947
K&B Relative Info Score                 99.0721 %
K&B Information Score                  383.5271 bits      0.9132 bits/instance
Class complexity | order 0             387.1193 bits      0.9217 bits/instance
Class complexity | scheme                8.5771 bits      0.0204 bits/instance
Complexity improvement     (Sf)        378.5421 bits      0.9013 bits/instance
Mean absolute error                      0.0032
Root mean squared error                  0.0397
Relative absolute error                  1.0601 %
Root relative squared error             10.3141 %
Total Number of Instances              420     


=== Detailed Accuracy By Class ===

                 TP Rate  FP Rate  Precision  Recall   F-Measure  MCC      ROC Area  PRC Area  Class
                 1.000    0.004    0.993      1.000    0.996      0.995    0.998     0.993     TRUE
                 0.996    0.000    1.000      0.996    0.998      0.995    0.998     0.999     FALSE
                 ?        0.000    ?          ?        ?          ?        ?         ?         UNKNOWN
Weighted Avg.    0.998    0.001    0.998      0.998    0.998      0.995    0.998     0.997     


=== Confusion Matrix ===

   a   b   c   <-- classified as
 140   0   0 |   a = TRUE
   1 279   0 |   b = FALSE
   0   0   0 |   c = UNKNOWN

Time taken to perform cross-validation: 0.02 seconds


=== Stratified cross-validation ===

Correctly Classified Instances         419               99.7619 %
Incorrectly Classified Instances         1                0.2381 %
Kappa statistic                          0.9947
K&B Relative Info Score                 99.0701 %
K&B Information Score                  383.6765 bits      0.9135 bits/instance
Class complexity | order 0             387.2778 bits      0.9221 bits/instance
Class complexity | scheme             1075.437  bits      2.5606 bits/instance
Complexity improvement     (Sf)       -688.1592 bits     -1.6385 bits/instance
Mean absolute error                      0.0032
Root mean squared error                  0.04  
Relative absolute error                  1.063  %
Root relative squared error             10.3912 %
Total Number of Instances              420     


=== Detailed Accuracy By Class ===

                 TP Rate  FP Rate  Precision  Recall   F-Measure  MCC      ROC Area  PRC Area  Class
                 1.000    0.004    0.993      1.000    0.996      0.995    0.997     0.987     TRUE
                 0.996    0.000    1.000      0.996    0.998      0.995    0.997     0.999     FALSE
                 ?        0.000    ?          ?        ?          ?        ?         ?         UNKNOWN
Weighted Avg.    0.998    0.001    0.998      0.998    0.998      0.995    0.997     0.995     


=== Confusion Matrix ===

   a   b   c   <-- classified as
 140   0   0 |   a = TRUE
   1 279   0 |   b = FALSE
   0   0   0 |   c = UNKNOWN

