WARNING: core mtj jar files are not available as resources to this classloader (jdk.internal.loader.ClassLoaders$AppClassLoader@5c29bfd)

=== Classifier model (full training set) ===

J48 pruned tree
------------------

NUM1 <= 5179451.188368: TRUE (179.0)
NUM1 > 5179451.188368: FALSE (196.0)

Number of Leaves  : 	2

Size of the tree : 	3


Time taken to build model: 0.02 seconds

Time taken to test model on training data: 0.01 seconds

=== Error on training data ===

Correctly Classified Instances         375              100      %
Incorrectly Classified Instances         0                0      %
Kappa statistic                          1     
K&B Relative Info Score                100      %
K&B Information Score                  375.877  bits      1.0023 bits/instance
Class complexity | order 0             375.877  bits      1.0023 bits/instance
Class complexity | scheme                0      bits      0      bits/instance
Complexity improvement     (Sf)        375.877  bits      1.0023 bits/instance
Mean absolute error                      0     
Root mean squared error                  0     
Relative absolute error                  0      %
Root relative squared error              0      %
Total Number of Instances              375     


=== Detailed Accuracy By Class ===

                 TP Rate  FP Rate  Precision  Recall   F-Measure  MCC      ROC Area  PRC Area  Class
                 1.000    0.000    1.000      1.000    1.000      1.000    1.000     1.000     TRUE
                 1.000    0.000    1.000      1.000    1.000      1.000    1.000     1.000     FALSE
                 ?        0.000    ?          ?        ?          ?        ?         ?         UNKNOWN
Weighted Avg.    1.000    0.000    1.000      1.000    1.000      1.000    1.000     1.000     


=== Confusion Matrix ===

   a   b   c   <-- classified as
 179   0   0 |   a = TRUE
   0 196   0 |   b = FALSE
   0   0   0 |   c = UNKNOWN

Time taken to perform cross-validation: 0.02 seconds


=== Stratified cross-validation ===

Correctly Classified Instances         373               99.4667 %
Incorrectly Classified Instances         2                0.5333 %
Kappa statistic                          0.9893
K&B Relative Info Score                 98.9346 %
K&B Information Score                  372.0466 bits      0.9921 bits/instance
Class complexity | order 0             376.053  bits      1.0028 bits/instance
Class complexity | scheme             2148      bits      5.728  bits/instance
Complexity improvement     (Sf)      -1771.947  bits     -4.7252 bits/instance
Mean absolute error                      0.0036
Root mean squared error                  0.0596
Relative absolute error                  1.0657 %
Root relative squared error             14.6203 %
Total Number of Instances              375     


=== Detailed Accuracy By Class ===

                 TP Rate  FP Rate  Precision  Recall   F-Measure  MCC      ROC Area  PRC Area  Class
                 0.989    0.000    1.000      0.989    0.994      0.989    0.994     0.994     TRUE
                 1.000    0.011    0.990      1.000    0.995      0.989    0.994     0.990     FALSE
                 ?        0.000    ?          ?        ?          ?        ?         ?         UNKNOWN
Weighted Avg.    0.995    0.006    0.995      0.995    0.995      0.989    0.994     0.992     


=== Confusion Matrix ===

   a   b   c   <-- classified as
 177   2   0 |   a = TRUE
   0 196   0 |   b = FALSE
   0   0   0 |   c = UNKNOWN

