WARNING: core mtj jar files are not available as resources to this classloader (jdk.internal.loader.ClassLoaders$AppClassLoader@5c29bfd)

=== Classifier model (full training set) ===

J48 pruned tree
------------------

NUM1 <= 16
|   NUM2 <= 6.732371: TRUE (39.0)
|   NUM2 > 6.732371: FALSE (8.0)
NUM1 > 16: FALSE (70.0)

Number of Leaves  : 	3

Size of the tree : 	5


Time taken to build model: 0.01 seconds

Time taken to test model on training data: 0 seconds

=== Error on training data ===

Correctly Classified Instances         117              100      %
Incorrectly Classified Instances         0                0      %
Kappa statistic                          1     
K&B Relative Info Score                100      %
K&B Information Score                  108.8561 bits      0.9304 bits/instance
Class complexity | order 0             108.8561 bits      0.9304 bits/instance
Class complexity | scheme                0      bits      0      bits/instance
Complexity improvement     (Sf)        108.8561 bits      0.9304 bits/instance
Mean absolute error                      0     
Root mean squared error                  0     
Relative absolute error                  0      %
Root relative squared error              0      %
Total Number of Instances              117     


=== Detailed Accuracy By Class ===

                 TP Rate  FP Rate  Precision  Recall   F-Measure  MCC      ROC Area  PRC Area  Class
                 1.000    0.000    1.000      1.000    1.000      1.000    1.000     1.000     TRUE
                 1.000    0.000    1.000      1.000    1.000      1.000    1.000     1.000     FALSE
                 ?        0.000    ?          ?        ?          ?        ?         ?         UNKNOWN
Weighted Avg.    1.000    0.000    1.000      1.000    1.000      1.000    1.000     1.000     


=== Confusion Matrix ===

  a  b  c   <-- classified as
 39  0  0 |  a = TRUE
  0 78  0 |  b = FALSE
  0  0  0 |  c = UNKNOWN

Time taken to perform cross-validation: 0.01 seconds


=== Stratified cross-validation ===

Correctly Classified Instances         115               98.2906 %
Incorrectly Classified Instances         2                1.7094 %
Kappa statistic                          0.961 
K&B Relative Info Score                 96.0143 %
K&B Information Score                  104.7057 bits      0.8949 bits/instance
Class complexity | order 0             109.0522 bits      0.9321 bits/instance
Class complexity | scheme             2148      bits     18.359  bits/instance
Complexity improvement     (Sf)      -2038.9478 bits    -17.4269 bits/instance
Mean absolute error                      0.0114
Root mean squared error                  0.1068
Relative absolute error                  3.7927 %
Root relative squared error             27.7228 %
Total Number of Instances              117     


=== Detailed Accuracy By Class ===

                 TP Rate  FP Rate  Precision  Recall   F-Measure  MCC      ROC Area  PRC Area  Class
                 0.949    0.000    1.000      0.949    0.974      0.962    0.974     0.966     TRUE
                 1.000    0.051    0.975      1.000    0.987      0.962    0.974     0.975     FALSE
                 ?        0.000    ?          ?        ?          ?        ?         ?         UNKNOWN
Weighted Avg.    0.983    0.034    0.983      0.983    0.983      0.962    0.974     0.972     


=== Confusion Matrix ===

  a  b  c   <-- classified as
 37  2  0 |  a = TRUE
  0 78  0 |  b = FALSE
  0  0  0 |  c = UNKNOWN

