WARNING: core mtj jar files are not available as resources to this classloader (jdk.internal.loader.ClassLoaders$AppClassLoader@5c29bfd)

=== Classifier model (full training set) ===

J48 pruned tree
------------------
: FALSE (6.0/2.0)

Number of Leaves  : 	1

Size of the tree : 	1


Time taken to build model: 0.01 seconds

Time taken to test model on training data: 0 seconds

=== Error on training data ===

Correctly Classified Instances           4               66.6667 %
Incorrectly Classified Instances         2               33.3333 %
Kappa statistic                          0     
K&B Relative Info Score                 16.034  %
K&B Information Score                    1.0521 bits      0.1754 bits/instance
Class complexity | order 0               6.5619 bits      1.0937 bits/instance
Class complexity | scheme                5.5098 bits      0.9183 bits/instance
Complexity improvement     (Sf)          1.0521 bits      0.1754 bits/instance
Mean absolute error                      0.2963
Root mean squared error                  0.3849
Relative absolute error                 85.7143 %
Root relative squared error             97.3329 %
Total Number of Instances                6     


=== Detailed Accuracy By Class ===

                 TP Rate  FP Rate  Precision  Recall   F-Measure  MCC      ROC Area  PRC Area  Class
                 0.000    0.000    ?          0.000    ?          ?        0.500     0.333     TRUE
                 1.000    1.000    0.667      1.000    0.800      ?        0.500     0.667     FALSE
                 ?        0.000    ?          ?        ?          ?        ?         ?         UNKNOWN
Weighted Avg.    0.667    0.667    ?          0.667    ?          ?        0.500     0.556     


=== Confusion Matrix ===

 a b c   <-- classified as
 0 2 0 | a = TRUE
 0 4 0 | b = FALSE
 0 0 0 | c = UNKNOWN

Time taken to perform cross-validation: 0 seconds


=== Stratified cross-validation ===

Correctly Classified Instances           4               66.6667 %
Incorrectly Classified Instances         2               33.3333 %
Kappa statistic                          0     
K&B Relative Info Score                 10.824  %
K&B Information Score                    0.8659 bits      0.1443 bits/instance
Class complexity | order 0               8      bits      1.3333 bits/instance
Class complexity | scheme                7.5917 bits      1.2653 bits/instance
Complexity improvement     (Sf)          0.4083 bits      0.068  bits/instance
Mean absolute error                      0.3556
Root mean squared error                  0.4619
Relative absolute error                 91.4286 %
Root relative squared error            103.8217 %
Total Number of Instances                6     


=== Detailed Accuracy By Class ===

                 TP Rate  FP Rate  Precision  Recall   F-Measure  MCC      ROC Area  PRC Area  Class
                 0.000    0.000    ?          0.000    ?          ?        0.000     0.333     TRUE
                 1.000    1.000    0.667      1.000    0.800      ?        0.000     0.667     FALSE
                 ?        0.000    ?          ?        ?          ?        ?         ?         UNKNOWN
Weighted Avg.    0.667    0.667    ?          0.667    ?          ?        0.000     0.556     


=== Confusion Matrix ===

 a b c   <-- classified as
 0 2 0 | a = TRUE
 0 4 0 | b = FALSE
 0 0 0 | c = UNKNOWN

