WARNING: core mtj jar files are not available as resources to this classloader (jdk.internal.loader.ClassLoaders$AppClassLoader@5c29bfd)

=== Classifier model (full training set) ===

J48 pruned tree
------------------

NUM3 <= 2.798434: TRUE (109.0)
NUM3 > 2.798434
|   NUM1 <= 5086320.442926: TRUE (56.0)
|   NUM1 > 5086320.442926
|   |   NUM0 <= 5396710: FALSE (276.0)
|   |   NUM0 > 5396710: TRUE (51.0)

Number of Leaves  : 	4

Size of the tree : 	7


Time taken to build model: 0.02 seconds

Time taken to test model on training data: 0.01 seconds

=== Error on training data ===

Correctly Classified Instances         492              100      %
Incorrectly Classified Instances         0                0      %
Kappa statistic                          1     
K&B Relative Info Score                100      %
K&B Information Score                  488.1442 bits      0.9922 bits/instance
Class complexity | order 0             488.1442 bits      0.9922 bits/instance
Class complexity | scheme                0      bits      0      bits/instance
Complexity improvement     (Sf)        488.1442 bits      0.9922 bits/instance
Mean absolute error                      0     
Root mean squared error                  0     
Relative absolute error                  0      %
Root relative squared error              0      %
Total Number of Instances              492     


=== Detailed Accuracy By Class ===

                 TP Rate  FP Rate  Precision  Recall   F-Measure  MCC      ROC Area  PRC Area  Class
                 1.000    0.000    1.000      1.000    1.000      1.000    1.000     1.000     TRUE
                 1.000    0.000    1.000      1.000    1.000      1.000    1.000     1.000     FALSE
                 ?        0.000    ?          ?        ?          ?        ?         ?         UNKNOWN
Weighted Avg.    1.000    0.000    1.000      1.000    1.000      1.000    1.000     1.000     


=== Confusion Matrix ===

   a   b   c   <-- classified as
 216   0   0 |   a = TRUE
   0 276   0 |   b = FALSE
   0   0   0 |   c = UNKNOWN

Time taken to perform cross-validation: 0.03 seconds


=== Stratified cross-validation ===

Correctly Classified Instances         488               99.187  %
Incorrectly Classified Instances         4                0.813  %
Kappa statistic                          0.9835
K&B Relative Info Score                 98.3444 %
K&B Information Score                  480.2459 bits      0.9761 bits/instance
Class complexity | order 0             488.3307 bits      0.9925 bits/instance
Class complexity | scheme             4296      bits      8.7317 bits/instance
Complexity improvement     (Sf)      -3807.6693 bits     -7.7392 bits/instance
Mean absolute error                      0.0054
Root mean squared error                  0.0736
Relative absolute error                  1.6466 %
Root relative squared error             18.1681 %
Total Number of Instances              492     


=== Detailed Accuracy By Class ===

                 TP Rate  FP Rate  Precision  Recall   F-Measure  MCC      ROC Area  PRC Area  Class
                 0.991    0.007    0.991      0.991    0.991      0.983    0.992     0.986     TRUE
                 0.993    0.009    0.993      0.993    0.993      0.983    0.992     0.990     FALSE
                 ?        0.000    ?          ?        ?          ?        ?         ?         UNKNOWN
Weighted Avg.    0.992    0.008    0.992      0.992    0.992      0.983    0.992     0.988     


=== Confusion Matrix ===

   a   b   c   <-- classified as
 214   2   0 |   a = TRUE
   2 274   0 |   b = FALSE
   0   0   0 |   c = UNKNOWN

