WARNING: core mtj jar files are not available as resources to this classloader (jdk.internal.loader.ClassLoaders$AppClassLoader@5c29bfd)

=== Classifier model (full training set) ===

J48 pruned tree
------------------

NUM3 <= 2.721062: TRUE (55.0)
NUM3 > 2.721062
|   NUM0 <= 5396710
|   |   NUM1 <= 5086320.442926: TRUE (26.0)
|   |   NUM1 > 5086320.442926: FALSE (138.0)
|   NUM0 > 5396710: TRUE (27.0)

Number of Leaves  : 	4

Size of the tree : 	7


Time taken to build model: 0.02 seconds

Time taken to test model on training data: 0 seconds

=== Error on training data ===

Correctly Classified Instances         246              100      %
Incorrectly Classified Instances         0                0      %
Kappa statistic                          1     
K&B Relative Info Score                100      %
K&B Information Score                  244.7827 bits      0.9951 bits/instance
Class complexity | order 0             244.7827 bits      0.9951 bits/instance
Class complexity | scheme                0      bits      0      bits/instance
Complexity improvement     (Sf)        244.7827 bits      0.9951 bits/instance
Mean absolute error                      0     
Root mean squared error                  0     
Relative absolute error                  0      %
Root relative squared error              0      %
Total Number of Instances              246     


=== Detailed Accuracy By Class ===

                 TP Rate  FP Rate  Precision  Recall   F-Measure  MCC      ROC Area  PRC Area  Class
                 1.000    0.000    1.000      1.000    1.000      1.000    1.000     1.000     TRUE
                 1.000    0.000    1.000      1.000    1.000      1.000    1.000     1.000     FALSE
                 ?        0.000    ?          ?        ?          ?        ?         ?         UNKNOWN
Weighted Avg.    1.000    0.000    1.000      1.000    1.000      1.000    1.000     1.000     


=== Confusion Matrix ===

   a   b   c   <-- classified as
 108   0   0 |   a = TRUE
   0 138   0 |   b = FALSE
   0   0   0 |   c = UNKNOWN

Time taken to perform cross-validation: 0.02 seconds


=== Stratified cross-validation ===

Correctly Classified Instances         242               98.374  %
Incorrectly Classified Instances         4                1.626  %
Kappa statistic                          0.9669
K&B Relative Info Score                 96.6993 %
K&B Information Score                  236.8819 bits      0.9629 bits/instance
Class complexity | order 0             244.9675 bits      0.9958 bits/instance
Class complexity | scheme             4296      bits     17.4634 bits/instance
Complexity improvement     (Sf)      -4051.0325 bits    -16.4676 bits/instance
Mean absolute error                      0.0108
Root mean squared error                  0.1041
Relative absolute error                  3.2854 %
Root relative squared error             25.692  %
Total Number of Instances              246     


=== Detailed Accuracy By Class ===

                 TP Rate  FP Rate  Precision  Recall   F-Measure  MCC      ROC Area  PRC Area  Class
                 0.972    0.007    0.991      0.972    0.981      0.967    0.982     0.975     TRUE
                 0.993    0.028    0.979      0.993    0.986      0.967    0.982     0.976     FALSE
                 ?        0.000    ?          ?        ?          ?        ?         ?         UNKNOWN
Weighted Avg.    0.984    0.019    0.984      0.984    0.984      0.967    0.982     0.975     


=== Confusion Matrix ===

   a   b   c   <-- classified as
 105   3   0 |   a = TRUE
   1 137   0 |   b = FALSE
   0   0   0 |   c = UNKNOWN

