WARNING: core mtj jar files are not available as resources to this classloader (jdk.internal.loader.ClassLoaders$AppClassLoader@5c29bfd)

=== Classifier model (full training set) ===

J48 pruned tree
------------------

QUANTIFIERS1 = ForAll: FALSE (595.0)
QUANTIFIERS1 = Exists: TRUE (380.0/1.0)

Number of Leaves  : 	2

Size of the tree : 	3


Time taken to build model: 0.02 seconds

Time taken to test model on training data: 0.01 seconds

=== Error on training data ===

Correctly Classified Instances         974               99.8974 %
Incorrectly Classified Instances         1                0.1026 %
Kappa statistic                          0.9978
K&B Relative Info Score                 99.6272 %
K&B Information Score                  937.798  bits      0.9618 bits/instance
Class complexity | order 0             941.3072 bits      0.9654 bits/instance
Class complexity | scheme               10.0107 bits      0.0103 bits/instance
Complexity improvement     (Sf)        931.2965 bits      0.9552 bits/instance
Mean absolute error                      0.0014
Root mean squared error                  0.0261
Relative absolute error                  0.43   %
Root relative squared error              6.5612 %
Total Number of Instances              975     


=== Detailed Accuracy By Class ===

                 TP Rate  FP Rate  Precision  Recall   F-Measure  MCC      ROC Area  PRC Area  Class
                 1.000    0.002    0.997      1.000    0.999      0.998    0.999     0.997     TRUE
                 0.998    0.000    1.000      0.998    0.999      0.998    0.999     0.999     FALSE
                 ?        0.000    ?          ?        ?          ?        ?         ?         UNKNOWN
Weighted Avg.    0.999    0.001    0.999      0.999    0.999      0.998    0.999     0.999     


=== Confusion Matrix ===

   a   b   c   <-- classified as
 379   0   0 |   a = TRUE
   1 595   0 |   b = FALSE
   0   0   0 |   c = UNKNOWN

Time taken to perform cross-validation: 0.03 seconds


=== Stratified cross-validation ===

Correctly Classified Instances         974               99.8974 %
Incorrectly Classified Instances         1                0.1026 %
Kappa statistic                          0.9978
K&B Relative Info Score                 99.6269 %
K&B Information Score                  937.9605 bits      0.962  bits/instance
Class complexity | order 0             941.4731 bits      0.9656 bits/instance
Class complexity | scheme             1075.4401 bits      1.103  bits/instance
Complexity improvement     (Sf)       -133.967  bits     -0.1374 bits/instance
Mean absolute error                      0.0014
Root mean squared error                  0.0262
Relative absolute error                  0.4303 %
Root relative squared error              6.5794 %
Total Number of Instances              975     


=== Detailed Accuracy By Class ===

                 TP Rate  FP Rate  Precision  Recall   F-Measure  MCC      ROC Area  PRC Area  Class
                 1.000    0.002    0.997      1.000    0.999      0.998    0.998     0.994     TRUE
                 0.998    0.000    1.000      0.998    0.999      0.998    0.998     0.999     FALSE
                 ?        0.000    ?          ?        ?          ?        ?         ?         UNKNOWN
Weighted Avg.    0.999    0.001    0.999      0.999    0.999      0.998    0.998     0.997     


=== Confusion Matrix ===

   a   b   c   <-- classified as
 379   0   0 |   a = TRUE
   1 595   0 |   b = FALSE
   0   0   0 |   c = UNKNOWN

