WARNING: core mtj jar files are not available as resources to this classloader (jdk.internal.loader.ClassLoaders$AppClassLoader@5c29bfd)

=== Classifier model (full training set) ===

J48 pruned tree
------------------

NUM3 <= 1.973469
|   NUM2 <= -3.505232: TRUE (29.0)
|   NUM2 > -3.505232: FALSE (238.0)
NUM3 > 1.973469: TRUE (240.0)

Number of Leaves  : 	3

Size of the tree : 	5


Time taken to build model: 0.02 seconds

Time taken to test model on training data: 0 seconds

=== Error on training data ===

Correctly Classified Instances         507              100      %
Incorrectly Classified Instances         0                0      %
Kappa statistic                          1     
K&B Relative Info Score                100      %
K&B Information Score                  507.0675 bits      1.0001 bits/instance
Class complexity | order 0             507.0675 bits      1.0001 bits/instance
Class complexity | scheme                0      bits      0      bits/instance
Complexity improvement     (Sf)        507.0675 bits      1.0001 bits/instance
Mean absolute error                      0     
Root mean squared error                  0     
Relative absolute error                  0      %
Root relative squared error              0      %
Total Number of Instances              507     


=== Detailed Accuracy By Class ===

                 TP Rate  FP Rate  Precision  Recall   F-Measure  MCC      ROC Area  PRC Area  Class
                 1.000    0.000    1.000      1.000    1.000      1.000    1.000     1.000     TRUE
                 1.000    0.000    1.000      1.000    1.000      1.000    1.000     1.000     FALSE
                 ?        0.000    ?          ?        ?          ?        ?         ?         UNKNOWN
Weighted Avg.    1.000    0.000    1.000      1.000    1.000      1.000    1.000     1.000     


=== Confusion Matrix ===

   a   b   c   <-- classified as
 269   0   0 |   a = TRUE
   0 238   0 |   b = FALSE
   0   0   0 |   c = UNKNOWN

Time taken to perform cross-validation: 0.02 seconds


=== Stratified cross-validation ===

Correctly Classified Instances         505               99.6055 %
Incorrectly Classified Instances         2                0.3945 %
Kappa statistic                          0.9921
K&B Relative Info Score                 99.2093 %
K&B Information Score                  503.2253 bits      0.9926 bits/instance
Class complexity | order 0             507.2361 bits      1.0005 bits/instance
Class complexity | scheme             2148      bits      4.2367 bits/instance
Complexity improvement     (Sf)      -1640.7639 bits     -3.2362 bits/instance
Mean absolute error                      0.0026
Root mean squared error                  0.0513
Relative absolute error                  0.7902 %
Root relative squared error             12.5848 %
Total Number of Instances              507     


=== Detailed Accuracy By Class ===

                 TP Rate  FP Rate  Precision  Recall   F-Measure  MCC      ROC Area  PRC Area  Class
                 0.996    0.004    0.996      0.996    0.996      0.992    0.996     0.995     TRUE
                 0.996    0.004    0.996      0.996    0.996      0.992    0.996     0.994     FALSE
                 ?        0.000    ?          ?        ?          ?        ?         ?         UNKNOWN
Weighted Avg.    0.996    0.004    0.996      0.996    0.996      0.992    0.996     0.994     


=== Confusion Matrix ===

   a   b   c   <-- classified as
 268   1   0 |   a = TRUE
   1 237   0 |   b = FALSE
   0   0   0 |   c = UNKNOWN

