WARNING: core mtj jar files are not available as resources to this classloader (jdk.internal.loader.ClassLoaders$AppClassLoader@5c29bfd)

=== Classifier model (full training set) ===

J48 pruned tree
------------------

NUM1 <= 5196991.05201
|   NUM1 <= 4748322.102672: TRUE (1058.0)
|   NUM1 > 4748322.102672
|   |   LOGICALS3 = And: TRUE (179.0)
|   |   LOGICALS3 = Or: FALSE (142.0/1.0)
|   |   LOGICALS3 = Implies: TRUE (0.0)
NUM1 > 5196991.05201: FALSE (1102.0)

Number of Leaves  : 	5

Size of the tree : 	8


Time taken to build model: 0.03 seconds

Time taken to test model on training data: 0.01 seconds

=== Error on training data ===

Correctly Classified Instances        2480               99.9597 %
Incorrectly Classified Instances         1                0.0403 %
Kappa statistic                          0.9992
K&B Relative Info Score                 99.8619 %
K&B Information Score                 2479.0066 bits      0.9992 bits/instance
Class complexity | order 0            2482.434  bits      1.0006 bits/instance
Class complexity | scheme                8.5874 bits      0.0035 bits/instance
Complexity improvement     (Sf)       2473.8466 bits      0.9971 bits/instance
Mean absolute error                      0.0005
Root mean squared error                  0.0163
Relative absolute error                  0.16   %
Root relative squared error              4.0011 %
Total Number of Instances             2481     


=== Detailed Accuracy By Class ===

                 TP Rate  FP Rate  Precision  Recall   F-Measure  MCC      ROC Area  PRC Area  Class
                 0.999    0.000    1.000      0.999    1.000      0.999    1.000     1.000     TRUE
                 1.000    0.001    0.999      1.000    1.000      0.999    1.000     1.000     FALSE
                 ?        0.000    ?          ?        ?          ?        ?         ?         UNKNOWN
Weighted Avg.    1.000    0.000    1.000      1.000    1.000      0.999    1.000     1.000     


=== Confusion Matrix ===

    a    b    c   <-- classified as
 1237    1    0 |    a = TRUE
    0 1243    0 |    b = FALSE
    0    0    0 |    c = UNKNOWN

Time taken to perform cross-validation: 0.07 seconds


=== Stratified cross-validation ===

Correctly Classified Instances        2479               99.9194 %
Incorrectly Classified Instances         2                0.0806 %
Kappa statistic                          0.9984
K&B Relative Info Score                 99.7817 %
K&B Information Score                 2477.1792 bits      0.9985 bits/instance
Class complexity | order 0            2482.5984 bits      1.0006 bits/instance
Class complexity | scheme             2149.4192 bits      0.8664 bits/instance
Complexity improvement     (Sf)        333.1792 bits      0.1343 bits/instance
Mean absolute error                      0.0008
Root mean squared error                  0.0232
Relative absolute error                  0.2401 %
Root relative squared error              5.6894 %
Total Number of Instances             2481     


=== Detailed Accuracy By Class ===

                 TP Rate  FP Rate  Precision  Recall   F-Measure  MCC      ROC Area  PRC Area  Class
                 0.998    0.000    1.000      0.998    0.999      0.998    0.999     0.999     TRUE
                 1.000    0.002    0.998      1.000    0.999      0.998    0.999     0.998     FALSE
                 ?        0.000    ?          ?        ?          ?        ?         ?         UNKNOWN
Weighted Avg.    0.999    0.001    0.999      0.999    0.999      0.998    0.999     0.999     


=== Confusion Matrix ===

    a    b    c   <-- classified as
 1236    2    0 |    a = TRUE
    0 1243    0 |    b = FALSE
    0    0    0 |    c = UNKNOWN

