WARNING: core mtj jar files are not available as resources to this classloader (jdk.internal.loader.ClassLoaders$AppClassLoader@5c29bfd)

=== Classifier model (full training set) ===

J48 pruned tree
------------------

NUM1 <= 14
|   NUM2 <= 6.847222: TRUE (38.0)
|   NUM2 > 6.847222: FALSE (4.0)
NUM1 > 14
|   NUM1 <= 15
|   |   NUM2 <= 6.536481: TRUE (2.0)
|   |   NUM2 > 6.536481: FALSE (6.0)
|   NUM1 > 15: FALSE (52.0)

Number of Leaves  : 	5

Size of the tree : 	9


Time taken to build model: 0.01 seconds

Time taken to test model on training data: 0 seconds

=== Error on training data ===

Correctly Classified Instances         102              100      %
Incorrectly Classified Instances         0                0      %
Kappa statistic                          1     
K&B Relative Info Score                100      %
K&B Information Score                   99.9596 bits      0.98   bits/instance
Class complexity | order 0              99.9596 bits      0.98   bits/instance
Class complexity | scheme                0      bits      0      bits/instance
Complexity improvement     (Sf)         99.9596 bits      0.98   bits/instance
Mean absolute error                      0     
Root mean squared error                  0     
Relative absolute error                  0      %
Root relative squared error              0      %
Total Number of Instances              102     


=== Detailed Accuracy By Class ===

                 TP Rate  FP Rate  Precision  Recall   F-Measure  MCC      ROC Area  PRC Area  Class
                 1.000    0.000    1.000      1.000    1.000      1.000    1.000     1.000     TRUE
                 1.000    0.000    1.000      1.000    1.000      1.000    1.000     1.000     FALSE
                 ?        0.000    ?          ?        ?          ?        ?         ?         UNKNOWN
Weighted Avg.    1.000    0.000    1.000      1.000    1.000      1.000    1.000     1.000     


=== Confusion Matrix ===

  a  b  c   <-- classified as
 40  0  0 |  a = TRUE
  0 62  0 |  b = FALSE
  0  0  0 |  c = UNKNOWN

Time taken to perform cross-validation: 0.01 seconds


=== Stratified cross-validation ===

Correctly Classified Instances          97               95.098  %
Incorrectly Classified Instances         5                4.902  %
Kappa statistic                          0.8967
K&B Relative Info Score                 89.4622 %
K&B Information Score                   89.5781 bits      0.8782 bits/instance
Class complexity | order 0             100.1296 bits      0.9817 bits/instance
Class complexity | scheme             3233.7801 bits     31.7037 bits/instance
Complexity improvement     (Sf)      -3133.6505 bits    -30.7221 bits/instance
Mean absolute error                      0.0337
Root mean squared error                  0.1795
Relative absolute error                 10.4551 %
Root relative squared error             45.0156 %
Total Number of Instances              102     


=== Detailed Accuracy By Class ===

                 TP Rate  FP Rate  Precision  Recall   F-Measure  MCC      ROC Area  PRC Area  Class
                 0.925    0.032    0.949      0.925    0.937      0.897    0.964     0.927     TRUE
                 0.968    0.075    0.952      0.968    0.960      0.897    0.964     0.965     FALSE
                 ?        0.000    ?          ?        ?          ?        ?         ?         UNKNOWN
Weighted Avg.    0.951    0.058    0.951      0.951    0.951      0.897    0.964     0.950     


=== Confusion Matrix ===

  a  b  c   <-- classified as
 37  3  0 |  a = TRUE
  2 60  0 |  b = FALSE
  0  0  0 |  c = UNKNOWN

