WARNING: core mtj jar files are not available as resources to this classloader (jdk.internal.loader.ClassLoaders$AppClassLoader@5c29bfd)

=== Classifier model (full training set) ===

J48 pruned tree
------------------

NUM2 <= 6.61576
|   NUM1 <= 29: TRUE (40.0)
|   NUM1 > 29: FALSE (6.0)
NUM2 > 6.61576: FALSE (77.0/1.0)

Number of Leaves  : 	3

Size of the tree : 	5


Time taken to build model: 0.01 seconds

Time taken to test model on training data: 0 seconds

=== Error on training data ===

Correctly Classified Instances         122               99.187  %
Incorrectly Classified Instances         1                0.813  %
Kappa statistic                          0.9816
K&B Relative Info Score                 96.8659 %
K&B Information Score                  110.7828 bits      0.9007 bits/instance
Class complexity | order 0             114.3672 bits      0.9298 bits/instance
Class complexity | scheme                7.7001 bits      0.0626 bits/instance
Complexity improvement     (Sf)        106.6671 bits      0.8672 bits/instance
Mean absolute error                      0.0107
Root mean squared error                  0.0731
Relative absolute error                  3.5685 %
Root relative squared error             19      %
Total Number of Instances              123     


=== Detailed Accuracy By Class ===

                 TP Rate  FP Rate  Precision  Recall   F-Measure  MCC      ROC Area  PRC Area  Class
                 0.976    0.000    1.000      0.976    0.988      0.982    0.989     0.984     TRUE
                 1.000    0.024    0.988      1.000    0.994      0.982    0.989     0.989     FALSE
                 ?        0.000    ?          ?        ?          ?        ?         ?         UNKNOWN
Weighted Avg.    0.992    0.016    0.992      0.992    0.992      0.982    0.989     0.987     


=== Confusion Matrix ===

  a  b  c   <-- classified as
 40  1  0 |  a = TRUE
  0 82  0 |  b = FALSE
  0  0  0 |  c = UNKNOWN

Time taken to perform cross-validation: 0.01 seconds


=== Stratified cross-validation ===

Correctly Classified Instances         121               98.374  %
Incorrectly Classified Instances         2                1.626  %
Kappa statistic                          0.963 
K&B Relative Info Score                 95.0115 %
K&B Information Score                  108.8475 bits      0.8849 bits/instance
Class complexity | order 0             114.5625 bits      0.9314 bits/instance
Class complexity | scheme             1081.511  bits      8.7928 bits/instance
Complexity improvement     (Sf)       -966.9485 bits     -7.8614 bits/instance
Mean absolute error                      0.016 
Root mean squared error                  0.1037
Relative absolute error                  5.3261 %
Root relative squared error             26.9385 %
Total Number of Instances              123     


=== Detailed Accuracy By Class ===

                 TP Rate  FP Rate  Precision  Recall   F-Measure  MCC      ROC Area  PRC Area  Class
                 0.951    0.000    1.000      0.951    0.975      0.964    0.970     0.971     TRUE
                 1.000    0.049    0.976      1.000    0.988      0.964    0.970     0.966     FALSE
                 ?        0.000    ?          ?        ?          ?        ?         ?         UNKNOWN
Weighted Avg.    0.984    0.033    0.984      0.984    0.984      0.964    0.970     0.968     


=== Confusion Matrix ===

  a  b  c   <-- classified as
 39  2  0 |  a = TRUE
  0 82  0 |  b = FALSE
  0  0  0 |  c = UNKNOWN

