WARNING: core mtj jar files are not available as resources to this classloader (jdk.internal.loader.ClassLoaders$AppClassLoader@5c29bfd)

=== Classifier model (full training set) ===

J48 pruned tree
------------------

NUM2 <= 6.61576
|   NUM1 <= 29: TRUE (17.0)
|   NUM1 > 29: FALSE (2.0)
NUM2 > 6.61576: FALSE (32.0)

Number of Leaves  : 	3

Size of the tree : 	5


Time taken to build model: 0.01 seconds

Time taken to test model on training data: 0 seconds

=== Error on training data ===

Correctly Classified Instances          51              100      %
Incorrectly Classified Instances         0                0      %
Kappa statistic                          1     
K&B Relative Info Score                100      %
K&B Information Score                   48.2149 bits      0.9454 bits/instance
Class complexity | order 0              48.2149 bits      0.9454 bits/instance
Class complexity | scheme                0      bits      0      bits/instance
Complexity improvement     (Sf)         48.2149 bits      0.9454 bits/instance
Mean absolute error                      0     
Root mean squared error                  0     
Relative absolute error                  0      %
Root relative squared error              0      %
Total Number of Instances               51     


=== Detailed Accuracy By Class ===

                 TP Rate  FP Rate  Precision  Recall   F-Measure  MCC      ROC Area  PRC Area  Class
                 1.000    0.000    1.000      1.000    1.000      1.000    1.000     1.000     TRUE
                 1.000    0.000    1.000      1.000    1.000      1.000    1.000     1.000     FALSE
                 ?        0.000    ?          ?        ?          ?        ?         ?         UNKNOWN
Weighted Avg.    1.000    0.000    1.000      1.000    1.000      1.000    1.000     1.000     


=== Confusion Matrix ===

  a  b  c   <-- classified as
 17  0  0 |  a = TRUE
  0 34  0 |  b = FALSE
  0  0  0 |  c = UNKNOWN

Time taken to perform cross-validation: 0.01 seconds


=== Stratified cross-validation ===

Correctly Classified Instances          47               92.1569 %
Incorrectly Classified Instances         4                7.8431 %
Kappa statistic                          0.8235
K&B Relative Info Score                 82.0929 %
K&B Information Score                   39.9318 bits      0.783  bits/instance
Class complexity | order 0              48.6422 bits      0.9538 bits/instance
Class complexity | scheme             2156.3611 bits     42.2816 bits/instance
Complexity improvement     (Sf)      -2107.719  bits    -41.3278 bits/instance
Mean absolute error                      0.0531
Root mean squared error                  0.2222
Relative absolute error                 17.3286 %
Root relative squared error             57.4505 %
Total Number of Instances               51     


=== Detailed Accuracy By Class ===

                 TP Rate  FP Rate  Precision  Recall   F-Measure  MCC      ROC Area  PRC Area  Class
                 0.882    0.059    0.882      0.882    0.882      0.824    0.932     0.904     TRUE
                 0.941    0.118    0.941      0.941    0.941      0.824    0.932     0.938     FALSE
                 ?        0.000    ?          ?        ?          ?        ?         ?         UNKNOWN
Weighted Avg.    0.922    0.098    0.922      0.922    0.922      0.824    0.932     0.926     


=== Confusion Matrix ===

  a  b  c   <-- classified as
 15  2  0 |  a = TRUE
  2 32  0 |  b = FALSE
  0  0  0 |  c = UNKNOWN

