
=== Classifier model (full training set) ===

J48 pruned tree
------------------

NUM6 <= 1799194: TRUE (845.0)
NUM6 > 1799194
|   NUM2 <= 18853094: TRUE (175.0)
|   NUM2 > 18853094: FALSE (1020.0)

Number of Leaves  : 	3

Size of the tree : 	5


Time taken to build model: 0.73 seconds

Time taken to test model on training data: 0.1 seconds

=== Error on training data ===

Correctly Classified Instances        2040              100      %
Incorrectly Classified Instances         0                0      %
Kappa statistic                          1     
K&B Relative Info Score                100      %
K&B Information Score                 2040      bits      1      bits/instance
Class complexity | order 0            2040      bits      1      bits/instance
Class complexity | scheme                0      bits      0      bits/instance
Complexity improvement     (Sf)       2040      bits      1      bits/instance
Mean absolute error                      0     
Root mean squared error                  0     
Relative absolute error                  0      %
Root relative squared error              0      %
Total Number of Instances             2040     


=== Detailed Accuracy By Class ===

                 TP Rate  FP Rate  Precision  Recall   F-Measure  MCC      ROC Area  PRC Area  Class
                 1.000    0.000    1.000      1.000    1.000      1.000    1.000     1.000     TRUE
                 1.000    0.000    1.000      1.000    1.000      1.000    1.000     1.000     FALSE
Weighted Avg.    1.000    0.000    1.000      1.000    1.000      1.000    1.000     1.000     


=== Confusion Matrix ===

    a    b   <-- classified as
 1020    0 |    a = TRUE
    0 1020 |    b = FALSE

Time taken to perform cross-validation: 0.44 seconds


=== Stratified cross-validation ===

Correctly Classified Instances        2039               99.951  %
Incorrectly Classified Instances         1                0.049  %
Kappa statistic                          0.999 
K&B Relative Info Score                 99.902  %
K&B Information Score                 2038      bits      0.999  bits/instance
Class complexity | order 0            2040      bits      1      bits/instance
Class complexity | scheme             1074      bits      0.5265 bits/instance
Complexity improvement     (Sf)        966      bits      0.4735 bits/instance
Mean absolute error                      0.0005
Root mean squared error                  0.0221
Relative absolute error                  0.098  %
Root relative squared error              4.4281 %
Total Number of Instances             2040     


=== Detailed Accuracy By Class ===

                 TP Rate  FP Rate  Precision  Recall   F-Measure  MCC      ROC Area  PRC Area  Class
                 0.999    0.000    1.000      0.999    1.000      0.999    1.000     1.000     TRUE
                 1.000    0.001    0.999      1.000    1.000      0.999    1.000     0.999     FALSE
Weighted Avg.    1.000    0.000    1.000      1.000    1.000      0.999    1.000     0.999     


=== Confusion Matrix ===

    a    b   <-- classified as
 1019    1 |    a = TRUE
    0 1020 |    b = FALSE

Picked up JAVA_TOOL_OPTIONS: -Xmx2g
java.lang.reflect.InaccessibleObjectException: Unable to make protected final java.lang.Class java.lang.ClassLoader.defineClass(java.lang.String,byte[],int,int,java.security.ProtectionDomain) throws java.lang.ClassFormatError accessible: module java.base does not "opens java.lang" to unnamed module @4b6995df
	at java.base/java.lang.reflect.AccessibleObject.checkCanSetAccessible(AccessibleObject.java:354)
	at java.base/java.lang.reflect.AccessibleObject.checkCanSetAccessible(AccessibleObject.java:297)
	at java.base/java.lang.reflect.Method.checkCanSetAccessible(Method.java:199)
	at java.base/java.lang.reflect.Method.setAccessible(Method.java:193)
	at weka.core.WekaPackageClassLoaderManager.injectClasses(WekaPackageClassLoaderManager.java:792)
	at weka.core.WekaPackageClassLoaderManager.injectAllClassesInFromStream(WekaPackageClassLoaderManager.java:690)
	at weka.core.WekaPackageClassLoaderManager.injectMTJCoreClasses(WekaPackageClassLoaderManager.java:118)
	at weka.core.WekaPackageManager.<clinit>(WekaPackageManager.java:255)
	at weka.core.ResourceUtils.readProperties(ResourceUtils.java:241)
	at weka.core.ResourceUtils.readProperties(ResourceUtils.java:184)
	at weka.core.Utils.readProperties(Utils.java:183)
	at weka.core.Capabilities.<clinit>(Capabilities.java:104)
	at weka.classifiers.trees.J48.getCapabilities(J48.java:250)
	at weka.classifiers.trees.J48.buildClassifier(J48.java:300)
	at weka.classifiers.evaluation.Evaluation.evaluateModel(Evaluation.java:1632)
	at weka.classifiers.Evaluation.evaluateModel(Evaluation.java:668)
	at weka.classifiers.AbstractClassifier.runClassifier(AbstractClassifier.java:141)
	at weka.classifiers.trees.J48.main(J48.java:1221)
