WARNING: core mtj jar files are not available as resources to this classloader (jdk.internal.loader.ClassLoaders$AppClassLoader@5c29bfd)

=== Classifier model (full training set) ===

J48 pruned tree
------------------

NUM1 <= 5215446.962908
|   LOGICALS3 = And: TRUE (156.0)
|   LOGICALS3 = Or
|   |   NUM1 <= 4753586.018169: TRUE (45.0)
|   |   NUM1 > 4753586.018169: FALSE (3.0)
|   LOGICALS3 = Implies: TRUE (0.0)
NUM1 > 5215446.962908
|   NUM3 <= 2.791612
|   |   LOGICALS3 = And: TRUE (35.0)
|   |   LOGICALS3 = Or: FALSE (11.0)
|   |   LOGICALS3 = Implies: TRUE (0.0)
|   NUM3 > 2.791612: FALSE (248.0)

Number of Leaves  : 	8

Size of the tree : 	13


Time taken to build model: 0.02 seconds

Time taken to test model on training data: 0.01 seconds

=== Error on training data ===

Correctly Classified Instances         498              100      %
Incorrectly Classified Instances         0                0      %
Kappa statistic                          1     
K&B Relative Info Score                100      %
K&B Information Score                  498.4559 bits      1.0009 bits/instance
Class complexity | order 0             498.4559 bits      1.0009 bits/instance
Class complexity | scheme                0      bits      0      bits/instance
Complexity improvement     (Sf)        498.4559 bits      1.0009 bits/instance
Mean absolute error                      0     
Root mean squared error                  0     
Relative absolute error                  0      %
Root relative squared error              0      %
Total Number of Instances              498     


=== Detailed Accuracy By Class ===

                 TP Rate  FP Rate  Precision  Recall   F-Measure  MCC      ROC Area  PRC Area  Class
                 1.000    0.000    1.000      1.000    1.000      1.000    1.000     1.000     TRUE
                 1.000    0.000    1.000      1.000    1.000      1.000    1.000     1.000     FALSE
                 ?        0.000    ?          ?        ?          ?        ?         ?         UNKNOWN
Weighted Avg.    1.000    0.000    1.000      1.000    1.000      1.000    1.000     1.000     


=== Confusion Matrix ===

   a   b   c   <-- classified as
 236   0   0 |   a = TRUE
   0 262   0 |   b = FALSE
   0   0   0 |   c = UNKNOWN

Time taken to perform cross-validation: 0.03 seconds


=== Stratified cross-validation ===

Correctly Classified Instances         495               99.3976 %
Incorrectly Classified Instances         3                0.6024 %
Kappa statistic                          0.9879
K&B Relative Info Score                 98.7019 %
K&B Information Score                  492.164  bits      0.9883 bits/instance
Class complexity | order 0             498.6365 bits      1.0013 bits/instance
Class complexity | scheme               22.0171 bits      0.0442 bits/instance
Complexity improvement     (Sf)        476.6194 bits      0.9571 bits/instance
Mean absolute error                      0.0044
Root mean squared error                  0.0629
Relative absolute error                  1.3334 %
Root relative squared error             15.438  %
Total Number of Instances              498     


=== Detailed Accuracy By Class ===

                 TP Rate  FP Rate  Precision  Recall   F-Measure  MCC      ROC Area  PRC Area  Class
                 1.000    0.011    0.987      1.000    0.994      0.988    0.999     0.998     TRUE
                 0.989    0.000    1.000      0.989    0.994      0.988    0.999     0.999     FALSE
                 ?        0.000    ?          ?        ?          ?        ?         ?         UNKNOWN
Weighted Avg.    0.994    0.005    0.994      0.994    0.994      0.988    0.999     0.998     


=== Confusion Matrix ===

   a   b   c   <-- classified as
 236   0   0 |   a = TRUE
   3 259   0 |   b = FALSE
   0   0   0 |   c = UNKNOWN

