WARNING: core mtj jar files are not available as resources to this classloader (jdk.internal.loader.ClassLoaders$AppClassLoader@5c29bfd)

=== Classifier model (full training set) ===

J48 pruned tree
------------------

NUM2 <= 6.753373
|   NUM1 <= 16
|   |   NUM3 <= 0.711145: FALSE (2.0)
|   |   NUM3 > 0.711145: TRUE (43.0)
|   NUM1 > 16: FALSE (18.0)
NUM2 > 6.753373: FALSE (57.0)

Number of Leaves  : 	4

Size of the tree : 	7


Time taken to build model: 0.01 seconds

Time taken to test model on training data: 0 seconds

=== Error on training data ===

Correctly Classified Instances         120              100      %
Incorrectly Classified Instances         0                0      %
Kappa statistic                          1     
K&B Relative Info Score                100      %
K&B Information Score                  114.3702 bits      0.9531 bits/instance
Class complexity | order 0             114.3702 bits      0.9531 bits/instance
Class complexity | scheme                0      bits      0      bits/instance
Complexity improvement     (Sf)        114.3702 bits      0.9531 bits/instance
Mean absolute error                      0     
Root mean squared error                  0     
Relative absolute error                  0      %
Root relative squared error              0      %
Total Number of Instances              120     


=== Detailed Accuracy By Class ===

                 TP Rate  FP Rate  Precision  Recall   F-Measure  MCC      ROC Area  PRC Area  Class
                 1.000    0.000    1.000      1.000    1.000      1.000    1.000     1.000     TRUE
                 1.000    0.000    1.000      1.000    1.000      1.000    1.000     1.000     FALSE
                 ?        0.000    ?          ?        ?          ?        ?         ?         UNKNOWN
Weighted Avg.    1.000    0.000    1.000      1.000    1.000      1.000    1.000     1.000     


=== Confusion Matrix ===

  a  b  c   <-- classified as
 43  0  0 |  a = TRUE
  0 77  0 |  b = FALSE
  0  0  0 |  c = UNKNOWN

Time taken to perform cross-validation: 0.01 seconds


=== Stratified cross-validation ===

Correctly Classified Instances         119               99.1667 %
Incorrectly Classified Instances         1                0.8333 %
Kappa statistic                          0.9818
K&B Relative Info Score                 98.1391 %
K&B Information Score                  112.5168 bits      0.9376 bits/instance
Class complexity | order 0             114.6503 bits      0.9554 bits/instance
Class complexity | scheme             1074      bits      8.95   bits/instance
Complexity improvement     (Sf)       -959.3497 bits     -7.9946 bits/instance
Mean absolute error                      0.0056
Root mean squared error                  0.0745
Relative absolute error                  1.7892 %
Root relative squared error             19.0207 %
Total Number of Instances              120     


=== Detailed Accuracy By Class ===

                 TP Rate  FP Rate  Precision  Recall   F-Measure  MCC      ROC Area  PRC Area  Class
                 0.977    0.000    1.000      0.977    0.988      0.982    0.988     0.985     TRUE
                 1.000    0.023    0.987      1.000    0.994      0.982    0.988     0.987     FALSE
                 ?        0.000    ?          ?        ?          ?        ?         ?         UNKNOWN
Weighted Avg.    0.992    0.015    0.992      0.992    0.992      0.982    0.988     0.986     


=== Confusion Matrix ===

  a  b  c   <-- classified as
 42  1  0 |  a = TRUE
  0 77  0 |  b = FALSE
  0  0  0 |  c = UNKNOWN

