WARNING: core mtj jar files are not available as resources to this classloader (jdk.internal.loader.ClassLoaders$AppClassLoader@5c29bfd)

=== Classifier model (full training set) ===

J48 pruned tree
------------------

NUM2 <= 6.753373
|   NUM1 <= 16: TRUE (32.0)
|   NUM1 > 16: FALSE (16.0)
NUM2 > 6.753373: FALSE (42.0)

Number of Leaves  : 	3

Size of the tree : 	5


Time taken to build model: 0.01 seconds

Time taken to test model on training data: 0 seconds

=== Error on training data ===

Correctly Classified Instances          90              100      %
Incorrectly Classified Instances         0                0      %
Kappa statistic                          1     
K&B Relative Info Score                100      %
K&B Information Score                   85.9104 bits      0.9546 bits/instance
Class complexity | order 0              85.9104 bits      0.9546 bits/instance
Class complexity | scheme                0      bits      0      bits/instance
Complexity improvement     (Sf)         85.9104 bits      0.9546 bits/instance
Mean absolute error                      0     
Root mean squared error                  0     
Relative absolute error                  0      %
Root relative squared error              0      %
Total Number of Instances               90     


=== Detailed Accuracy By Class ===

                 TP Rate  FP Rate  Precision  Recall   F-Measure  MCC      ROC Area  PRC Area  Class
                 1.000    0.000    1.000      1.000    1.000      1.000    1.000     1.000     TRUE
                 1.000    0.000    1.000      1.000    1.000      1.000    1.000     1.000     FALSE
                 ?        0.000    ?          ?        ?          ?        ?         ?         UNKNOWN
Weighted Avg.    1.000    0.000    1.000      1.000    1.000      1.000    1.000     1.000     


=== Confusion Matrix ===

  a  b  c   <-- classified as
 32  0  0 |  a = TRUE
  0 58  0 |  b = FALSE
  0  0  0 |  c = UNKNOWN

Time taken to perform cross-validation: 0.01 seconds


=== Stratified cross-validation ===

Correctly Classified Instances          89               98.8889 %
Incorrectly Classified Instances         1                1.1111 %
Kappa statistic                          0.9756
K&B Relative Info Score                 97.4189 %
K&B Information Score                   83.9656 bits      0.933  bits/instance
Class complexity | order 0              86.1903 bits      0.9577 bits/instance
Class complexity | scheme                5.5621 bits      0.0618 bits/instance
Complexity improvement     (Sf)         80.6282 bits      0.8959 bits/instance
Mean absolute error                      0.0079
Root mean squared error                  0.0842
Relative absolute error                  2.55   %
Root relative squared error             21.5059 %
Total Number of Instances               90     


=== Detailed Accuracy By Class ===

                 TP Rate  FP Rate  Precision  Recall   F-Measure  MCC      ROC Area  PRC Area  Class
                 0.969    0.000    1.000      0.969    0.984      0.976    0.999     0.997     TRUE
                 1.000    0.031    0.983      1.000    0.991      0.976    0.999     0.999     FALSE
                 ?        0.000    ?          ?        ?          ?        ?         ?         UNKNOWN
Weighted Avg.    0.989    0.020    0.989      0.989    0.989      0.976    0.999     0.998     


=== Confusion Matrix ===

  a  b  c   <-- classified as
 31  1  0 |  a = TRUE
  0 58  0 |  b = FALSE
  0  0  0 |  c = UNKNOWN

