WARNING: core mtj jar files are not available as resources to this classloader (jdk.internal.loader.ClassLoaders$AppClassLoader@5c29bfd)

=== Classifier model (full training set) ===

J48 pruned tree
------------------

NUM2 <= 6.786366
|   NUM1 <= 15
|   |   NUM2 <= 6.551479: TRUE (184.0)
|   |   NUM2 > 6.551479
|   |   |   NUM1 <= 11: TRUE (28.0)
|   |   |   NUM1 > 11: FALSE (10.0)
|   NUM1 > 15
|   |   NUM1 <= 16
|   |   |   NUM2 <= 6.318985: TRUE (4.0)
|   |   |   NUM2 > 6.318985: FALSE (6.0)
|   |   NUM1 > 16: FALSE (98.0)
NUM2 > 6.786366: FALSE (264.0)

Number of Leaves  : 	7

Size of the tree : 	13


Time taken to build model: 0.02 seconds

Time taken to test model on training data: 0.01 seconds

=== Error on training data ===

Correctly Classified Instances         594              100      %
Incorrectly Classified Instances         0                0      %
Kappa statistic                          1     
K&B Relative Info Score                100      %
K&B Information Score                  563.1593 bits      0.9481 bits/instance
Class complexity | order 0             563.1593 bits      0.9481 bits/instance
Class complexity | scheme                0      bits      0      bits/instance
Complexity improvement     (Sf)        563.1593 bits      0.9481 bits/instance
Mean absolute error                      0     
Root mean squared error                  0     
Relative absolute error                  0      %
Root relative squared error              0      %
Total Number of Instances              594     


=== Detailed Accuracy By Class ===

                 TP Rate  FP Rate  Precision  Recall   F-Measure  MCC      ROC Area  PRC Area  Class
                 1.000    0.000    1.000      1.000    1.000      1.000    1.000     1.000     TRUE
                 1.000    0.000    1.000      1.000    1.000      1.000    1.000     1.000     FALSE
                 ?        0.000    ?          ?        ?          ?        ?         ?         UNKNOWN
Weighted Avg.    1.000    0.000    1.000      1.000    1.000      1.000    1.000     1.000     


=== Confusion Matrix ===

   a   b   c   <-- classified as
 216   0   0 |   a = TRUE
   0 378   0 |   b = FALSE
   0   0   0 |   c = UNKNOWN

Time taken to perform cross-validation: 0.03 seconds


=== Stratified cross-validation ===

Correctly Classified Instances         592               99.6633 %
Incorrectly Classified Instances         2                0.3367 %
Kappa statistic                          0.9927
K&B Relative Info Score                 99.1858 %
K&B Information Score                  558.7504 bits      0.9407 bits/instance
Class complexity | order 0             563.3373 bits      0.9484 bits/instance
Class complexity | scheme             1081.8986 bits      1.8214 bits/instance
Complexity improvement     (Sf)       -518.5614 bits     -0.873  bits/instance
Mean absolute error                      0.0025
Root mean squared error                  0.0473
Relative absolute error                  0.8177 %
Root relative squared error             12.0363 %
Total Number of Instances              594     


=== Detailed Accuracy By Class ===

                 TP Rate  FP Rate  Precision  Recall   F-Measure  MCC      ROC Area  PRC Area  Class
                 0.995    0.003    0.995      0.995    0.995      0.993    0.997     0.997     TRUE
                 0.997    0.005    0.997      0.997    0.997      0.993    0.997     0.997     FALSE
                 ?        0.000    ?          ?        ?          ?        ?         ?         UNKNOWN
Weighted Avg.    0.997    0.004    0.997      0.997    0.997      0.993    0.997     0.997     


=== Confusion Matrix ===

   a   b   c   <-- classified as
 215   1   0 |   a = TRUE
   1 377   0 |   b = FALSE
   0   0   0 |   c = UNKNOWN

