WARNING: core mtj jar files are not available as resources to this classloader (jdk.internal.loader.ClassLoaders$AppClassLoader@5c29bfd)

=== Classifier model (full training set) ===

J48 pruned tree
------------------

NUM3 <= 1.995356
|   NUM2 <= -3.522185: TRUE (45.0)
|   NUM2 > -3.522185: FALSE (269.0)
NUM3 > 1.995356: TRUE (247.0)

Number of Leaves  : 	3

Size of the tree : 	5


Time taken to build model: 0.02 seconds

Time taken to test model on training data: 0.01 seconds

=== Error on training data ===

Correctly Classified Instances         561              100      %
Incorrectly Classified Instances         0                0      %
Kappa statistic                          1     
K&B Relative Info Score                100      %
K&B Information Score                  561.7559 bits      1.0013 bits/instance
Class complexity | order 0             561.7559 bits      1.0013 bits/instance
Class complexity | scheme                0      bits      0      bits/instance
Complexity improvement     (Sf)        561.7559 bits      1.0013 bits/instance
Mean absolute error                      0     
Root mean squared error                  0     
Relative absolute error                  0      %
Root relative squared error              0      %
Total Number of Instances              561     


=== Detailed Accuracy By Class ===

                 TP Rate  FP Rate  Precision  Recall   F-Measure  MCC      ROC Area  PRC Area  Class
                 1.000    0.000    1.000      1.000    1.000      1.000    1.000     1.000     TRUE
                 1.000    0.000    1.000      1.000    1.000      1.000    1.000     1.000     FALSE
                 ?        0.000    ?          ?        ?          ?        ?         ?         UNKNOWN
Weighted Avg.    1.000    0.000    1.000      1.000    1.000      1.000    1.000     1.000     


=== Confusion Matrix ===

   a   b   c   <-- classified as
 292   0   0 |   a = TRUE
   0 269   0 |   b = FALSE
   0   0   0 |   c = UNKNOWN

Time taken to perform cross-validation: 0.02 seconds


=== Stratified cross-validation ===

Correctly Classified Instances         560               99.8217 %
Incorrectly Classified Instances         1                0.1783 %
Kappa statistic                          0.9964
K&B Relative Info Score                 99.6437 %
K&B Information Score                  559.9249 bits      0.9981 bits/instance
Class complexity | order 0             561.9269 bits      1.0017 bits/instance
Class complexity | scheme             1074      bits      1.9144 bits/instance
Complexity improvement     (Sf)       -512.0731 bits     -0.9128 bits/instance
Mean absolute error                      0.0012
Root mean squared error                  0.0345
Relative absolute error                  0.3564 %
Root relative squared error              8.4509 %
Total Number of Instances              561     


=== Detailed Accuracy By Class ===

                 TP Rate  FP Rate  Precision  Recall   F-Measure  MCC      ROC Area  PRC Area  Class
                 0.997    0.000    1.000      0.997    0.998      0.996    0.998     0.998     TRUE
                 1.000    0.003    0.996      1.000    0.998      0.996    0.998     0.996     FALSE
                 ?        0.000    ?          ?        ?          ?        ?         ?         UNKNOWN
Weighted Avg.    0.998    0.002    0.998      0.998    0.998      0.996    0.998     0.997     


=== Confusion Matrix ===

   a   b   c   <-- classified as
 291   1   0 |   a = TRUE
   0 269   0 |   b = FALSE
   0   0   0 |   c = UNKNOWN

