WARNING: core mtj jar files are not available as resources to this classloader (jdk.internal.loader.ClassLoaders$AppClassLoader@5c29bfd)

=== Classifier model (full training set) ===

J48 pruned tree
------------------

NUM3 <= 1.995356: FALSE (108.0)
NUM3 > 1.995356: TRUE (117.0)

Number of Leaves  : 	2

Size of the tree : 	3


Time taken to build model: 0.01 seconds

Time taken to test model on training data: 0 seconds

=== Error on training data ===

Correctly Classified Instances         225              100      %
Incorrectly Classified Instances         0                0      %
Kappa statistic                          1     
K&B Relative Info Score                100      %
K&B Information Score                  226.1671 bits      1.0052 bits/instance
Class complexity | order 0             226.1671 bits      1.0052 bits/instance
Class complexity | scheme                0      bits      0      bits/instance
Complexity improvement     (Sf)        226.1671 bits      1.0052 bits/instance
Mean absolute error                      0     
Root mean squared error                  0     
Relative absolute error                  0      %
Root relative squared error              0      %
Total Number of Instances              225     


=== Detailed Accuracy By Class ===

                 TP Rate  FP Rate  Precision  Recall   F-Measure  MCC      ROC Area  PRC Area  Class
                 1.000    0.000    1.000      1.000    1.000      1.000    1.000     1.000     TRUE
                 1.000    0.000    1.000      1.000    1.000      1.000    1.000     1.000     FALSE
                 ?        0.000    ?          ?        ?          ?        ?         ?         UNKNOWN
Weighted Avg.    1.000    0.000    1.000      1.000    1.000      1.000    1.000     1.000     


=== Confusion Matrix ===

   a   b   c   <-- classified as
 117   0   0 |   a = TRUE
   0 108   0 |   b = FALSE
   0   0   0 |   c = UNKNOWN

Time taken to perform cross-validation: 0.01 seconds


=== Stratified cross-validation ===

Correctly Classified Instances         224               99.5556 %
Incorrectly Classified Instances         1                0.4444 %
Kappa statistic                          0.9911
K&B Relative Info Score                 99.1152 %
K&B Information Score                  224.3572 bits      0.9971 bits/instance
Class complexity | order 0             226.3599 bits      1.006  bits/instance
Class complexity | scheme             1074      bits      4.7733 bits/instance
Complexity improvement     (Sf)       -847.6401 bits     -3.7673 bits/instance
Mean absolute error                      0.003 
Root mean squared error                  0.0544
Relative absolute error                  0.8859 %
Root relative squared error             13.3421 %
Total Number of Instances              225     


=== Detailed Accuracy By Class ===

                 TP Rate  FP Rate  Precision  Recall   F-Measure  MCC      ROC Area  PRC Area  Class
                 1.000    0.009    0.992      1.000    0.996      0.991    0.995     0.992     TRUE
                 0.991    0.000    1.000      0.991    0.995      0.991    0.995     0.995     FALSE
                 ?        0.000    ?          ?        ?          ?        ?         ?         UNKNOWN
Weighted Avg.    0.996    0.005    0.996      0.996    0.996      0.991    0.995     0.993     


=== Confusion Matrix ===

   a   b   c   <-- classified as
 117   0   0 |   a = TRUE
   1 107   0 |   b = FALSE
   0   0   0 |   c = UNKNOWN

