WARNING: core mtj jar files are not available as resources to this classloader (jdk.internal.loader.ClassLoaders$AppClassLoader@5c29bfd)

=== Classifier model (full training set) ===

J48 pruned tree
------------------

NUM3 <= 1.99672
|   NUM2 <= -3.507231: TRUE (418.0)
|   NUM2 > -3.507231: FALSE (1086.0)
NUM3 > 1.99672: TRUE (737.0)

Number of Leaves  : 	3

Size of the tree : 	5


Time taken to build model: 0.03 seconds

Time taken to test model on training data: 0.01 seconds

=== Error on training data ===

Correctly Classified Instances        2241              100      %
Incorrectly Classified Instances         0                0      %
Kappa statistic                          1     
K&B Relative Info Score                100      %
K&B Information Score                 2240.9083 bits      1      bits/instance
Class complexity | order 0            2240.9083 bits      1      bits/instance
Class complexity | scheme                0      bits      0      bits/instance
Complexity improvement     (Sf)       2240.9083 bits      1      bits/instance
Mean absolute error                      0     
Root mean squared error                  0     
Relative absolute error                  0      %
Root relative squared error              0      %
Total Number of Instances             2241     


=== Detailed Accuracy By Class ===

                 TP Rate  FP Rate  Precision  Recall   F-Measure  MCC      ROC Area  PRC Area  Class
                 1.000    0.000    1.000      1.000    1.000      1.000    1.000     1.000     TRUE
                 1.000    0.000    1.000      1.000    1.000      1.000    1.000     1.000     FALSE
                 ?        0.000    ?          ?        ?          ?        ?         ?         UNKNOWN
Weighted Avg.    1.000    0.000    1.000      1.000    1.000      1.000    1.000     1.000     


=== Confusion Matrix ===

    a    b    c   <-- classified as
 1155    0    0 |    a = TRUE
    0 1086    0 |    b = FALSE
    0    0    0 |    c = UNKNOWN

Time taken to perform cross-validation: 0.06 seconds


=== Stratified cross-validation ===

Correctly Classified Instances        2240               99.9554 %
Incorrectly Classified Instances         1                0.0446 %
Kappa statistic                          0.9991
K&B Relative Info Score                 99.9107 %
K&B Information Score                 2239.0736 bits      0.9991 bits/instance
Class complexity | order 0            2241.075  bits      1      bits/instance
Class complexity | scheme             1074      bits      0.4793 bits/instance
Complexity improvement     (Sf)       1167.075  bits      0.5208 bits/instance
Mean absolute error                      0.0003
Root mean squared error                  0.0172
Relative absolute error                  0.0893 %
Root relative squared error              4.2268 %
Total Number of Instances             2241     


=== Detailed Accuracy By Class ===

                 TP Rate  FP Rate  Precision  Recall   F-Measure  MCC      ROC Area  PRC Area  Class
                 1.000    0.001    0.999      1.000    1.000      0.999    1.000     0.999     TRUE
                 0.999    0.000    1.000      0.999    1.000      0.999    1.000     1.000     FALSE
                 ?        0.000    ?          ?        ?          ?        ?         ?         UNKNOWN
Weighted Avg.    1.000    0.000    1.000      1.000    1.000      0.999    1.000     0.999     


=== Confusion Matrix ===

    a    b    c   <-- classified as
 1155    0    0 |    a = TRUE
    1 1085    0 |    b = FALSE
    0    0    0 |    c = UNKNOWN

