WARNING: core mtj jar files are not available as resources to this classloader (jdk.internal.loader.ClassLoaders$AppClassLoader@5c29bfd)

=== Classifier model (full training set) ===

J48 pruned tree
------------------

NUM1 <= 5143286.95226
|   LOGICALS3 = And: TRUE (268.0)
|   LOGICALS3 = Or
|   |   NUM1 <= 4714676.340485: TRUE (68.0)
|   |   NUM1 > 4714676.340485: FALSE (5.0)
|   LOGICALS3 = Implies: TRUE (0.0)
NUM1 > 5143286.95226
|   NUM3 <= 2.798028
|   |   LOGICALS3 = And: TRUE (99.0)
|   |   LOGICALS3 = Or: FALSE (6.0)
|   |   LOGICALS3 = Implies: TRUE (0.0)
|   NUM3 > 2.798028: FALSE (547.0)

Number of Leaves  : 	8

Size of the tree : 	13


Time taken to build model: 0.02 seconds

Time taken to test model on training data: 0.01 seconds

=== Error on training data ===

Correctly Classified Instances         993              100      %
Incorrectly Classified Instances         0                0      %
Kappa statistic                          1     
K&B Relative Info Score                100      %
K&B Information Score                  983.4206 bits      0.9904 bits/instance
Class complexity | order 0             983.4206 bits      0.9904 bits/instance
Class complexity | scheme                0      bits      0      bits/instance
Complexity improvement     (Sf)        983.4206 bits      0.9904 bits/instance
Mean absolute error                      0     
Root mean squared error                  0     
Relative absolute error                  0      %
Root relative squared error              0      %
Total Number of Instances              993     


=== Detailed Accuracy By Class ===

                 TP Rate  FP Rate  Precision  Recall   F-Measure  MCC      ROC Area  PRC Area  Class
                 1.000    0.000    1.000      1.000    1.000      1.000    1.000     1.000     TRUE
                 1.000    0.000    1.000      1.000    1.000      1.000    1.000     1.000     FALSE
                 ?        0.000    ?          ?        ?          ?        ?         ?         UNKNOWN
Weighted Avg.    1.000    0.000    1.000      1.000    1.000      1.000    1.000     1.000     


=== Confusion Matrix ===

   a   b   c   <-- classified as
 435   0   0 |   a = TRUE
   0 558   0 |   b = FALSE
   0   0   0 |   c = UNKNOWN

Time taken to perform cross-validation: 0.04 seconds


=== Stratified cross-validation ===

Correctly Classified Instances         990               99.6979 %
Incorrectly Classified Instances         3                0.3021 %
Kappa statistic                          0.9939
K&B Relative Info Score                 99.3832 %
K&B Information Score                  977.5246 bits      0.9844 bits/instance
Class complexity | order 0             983.5911 bits      0.9905 bits/instance
Class complexity | scheme             3222      bits      3.2447 bits/instance
Complexity improvement     (Sf)      -2238.4089 bits     -2.2542 bits/instance
Mean absolute error                      0.002 
Root mean squared error                  0.0449
Relative absolute error                  0.6129 %
Root relative squared error             11.0782 %
Total Number of Instances              993     


=== Detailed Accuracy By Class ===

                 TP Rate  FP Rate  Precision  Recall   F-Measure  MCC      ROC Area  PRC Area  Class
                 0.995    0.002    0.998      0.995    0.997      0.994    0.997     0.995     TRUE
                 0.998    0.005    0.996      0.998    0.997      0.994    0.997     0.996     FALSE
                 ?        0.000    ?          ?        ?          ?        ?         ?         UNKNOWN
Weighted Avg.    0.997    0.003    0.997      0.997    0.997      0.994    0.997     0.995     


=== Confusion Matrix ===

   a   b   c   <-- classified as
 433   2   0 |   a = TRUE
   1 557   0 |   b = FALSE
   0   0   0 |   c = UNKNOWN

