WARNING: core mtj jar files are not available as resources to this classloader (jdk.internal.loader.ClassLoaders$AppClassLoader@5c29bfd)

=== Classifier model (full training set) ===

J48 pruned tree
------------------

NUM1 <= 5093091.212347: TRUE (30.0)
NUM1 > 5093091.212347
|   NUM3 <= 2.699356: TRUE (13.0)
|   NUM3 > 2.699356: FALSE (59.0)

Number of Leaves  : 	3

Size of the tree : 	5


Time taken to build model: 0.01 seconds

Time taken to test model on training data: 0 seconds

=== Error on training data ===

Correctly Classified Instances         102              100      %
Incorrectly Classified Instances         0                0      %
Kappa statistic                          1     
K&B Relative Info Score                100      %
K&B Information Score                  101.5909 bits      0.996  bits/instance
Class complexity | order 0             101.5909 bits      0.996  bits/instance
Class complexity | scheme                0      bits      0      bits/instance
Complexity improvement     (Sf)        101.5909 bits      0.996  bits/instance
Mean absolute error                      0     
Root mean squared error                  0     
Relative absolute error                  0      %
Root relative squared error              0      %
Total Number of Instances              102     


=== Detailed Accuracy By Class ===

                 TP Rate  FP Rate  Precision  Recall   F-Measure  MCC      ROC Area  PRC Area  Class
                 1.000    0.000    1.000      1.000    1.000      1.000    1.000     1.000     TRUE
                 1.000    0.000    1.000      1.000    1.000      1.000    1.000     1.000     FALSE
                 ?        0.000    ?          ?        ?          ?        ?         ?         UNKNOWN
Weighted Avg.    1.000    0.000    1.000      1.000    1.000      1.000    1.000     1.000     


=== Confusion Matrix ===

  a  b  c   <-- classified as
 43  0  0 |  a = TRUE
  0 59  0 |  b = FALSE
  0  0  0 |  c = UNKNOWN

Time taken to perform cross-validation: 0.01 seconds


=== Stratified cross-validation ===

Correctly Classified Instances          99               97.0588 %
Incorrectly Classified Instances         3                2.9412 %
Kappa statistic                          0.9391
K&B Relative Info Score                 93.9943 %
K&B Information Score                   95.7084 bits      0.9383 bits/instance
Class complexity | order 0             101.8237 bits      0.9983 bits/instance
Class complexity | scheme             3222      bits     31.5882 bits/instance
Complexity improvement     (Sf)      -3120.1763 bits    -30.59   bits/instance
Mean absolute error                      0.0196
Root mean squared error                  0.14  
Relative absolute error                  5.9587 %
Root relative squared error             34.7047 %
Total Number of Instances              102     


=== Detailed Accuracy By Class ===

                 TP Rate  FP Rate  Precision  Recall   F-Measure  MCC      ROC Area  PRC Area  Class
                 0.930    0.000    1.000      0.930    0.964      0.941    0.965     0.960     TRUE
                 1.000    0.070    0.952      1.000    0.975      0.941    0.965     0.952     FALSE
                 ?        0.000    ?          ?        ?          ?        ?         ?         UNKNOWN
Weighted Avg.    0.971    0.040    0.972      0.971    0.970      0.941    0.965     0.955     


=== Confusion Matrix ===

  a  b  c   <-- classified as
 40  3  0 |  a = TRUE
  0 59  0 |  b = FALSE
  0  0  0 |  c = UNKNOWN

