WARNING: core mtj jar files are not available as resources to this classloader (jdk.internal.loader.ClassLoaders$AppClassLoader@5c29bfd)

=== Classifier model (full training set) ===

J48 pruned tree
------------------

NUM1 <= 5093091.212347: TRUE (67.0)
NUM1 > 5093091.212347
|   NUM3 <= 2.798028: TRUE (39.0)
|   NUM3 > 2.798028: FALSE (143.0)

Number of Leaves  : 	3

Size of the tree : 	5


Time taken to build model: 0.02 seconds

Time taken to test model on training data: 0.01 seconds

=== Error on training data ===

Correctly Classified Instances         249              100      %
Incorrectly Classified Instances         0                0      %
Kappa statistic                          1     
K&B Relative Info Score                100      %
K&B Information Score                  246.4479 bits      0.9898 bits/instance
Class complexity | order 0             246.4479 bits      0.9898 bits/instance
Class complexity | scheme                0      bits      0      bits/instance
Complexity improvement     (Sf)        246.4479 bits      0.9898 bits/instance
Mean absolute error                      0     
Root mean squared error                  0     
Relative absolute error                  0      %
Root relative squared error              0      %
Total Number of Instances              249     


=== Detailed Accuracy By Class ===

                 TP Rate  FP Rate  Precision  Recall   F-Measure  MCC      ROC Area  PRC Area  Class
                 1.000    0.000    1.000      1.000    1.000      1.000    1.000     1.000     TRUE
                 1.000    0.000    1.000      1.000    1.000      1.000    1.000     1.000     FALSE
                 ?        0.000    ?          ?        ?          ?        ?         ?         UNKNOWN
Weighted Avg.    1.000    0.000    1.000      1.000    1.000      1.000    1.000     1.000     


=== Confusion Matrix ===

   a   b   c   <-- classified as
 106   0   0 |   a = TRUE
   0 143   0 |   b = FALSE
   0   0   0 |   c = UNKNOWN

Time taken to perform cross-validation: 0.02 seconds


=== Stratified cross-validation ===

Correctly Classified Instances         248               99.5984 %
Incorrectly Classified Instances         1                0.4016 %
Kappa statistic                          0.9918
K&B Relative Info Score                 99.1767 %
K&B Information Score                  244.6306 bits      0.9825 bits/instance
Class complexity | order 0             246.6615 bits      0.9906 bits/instance
Class complexity | scheme             1074      bits      4.3133 bits/instance
Complexity improvement     (Sf)       -827.3385 bits     -3.3226 bits/instance
Mean absolute error                      0.0027
Root mean squared error                  0.0517
Relative absolute error                  0.8173 %
Root relative squared error             12.8144 %
Total Number of Instances              249     


=== Detailed Accuracy By Class ===

                 TP Rate  FP Rate  Precision  Recall   F-Measure  MCC      ROC Area  PRC Area  Class
                 0.991    0.000    1.000      0.991    0.995      0.992    0.995     0.995     TRUE
                 1.000    0.009    0.993      1.000    0.997      0.992    0.995     0.993     FALSE
                 ?        0.000    ?          ?        ?          ?        ?         ?         UNKNOWN
Weighted Avg.    0.996    0.005    0.996      0.996    0.996      0.992    0.995     0.994     


=== Confusion Matrix ===

   a   b   c   <-- classified as
 105   1   0 |   a = TRUE
   0 143   0 |   b = FALSE
   0   0   0 |   c = UNKNOWN

