WARNING: core mtj jar files are not available as resources to this classloader (jdk.internal.loader.ClassLoaders$AppClassLoader@5c29bfd)

=== Classifier model (full training set) ===

J48 pruned tree
------------------

NUM1 <= 5196645.96756: TRUE (129.0)
NUM1 > 5196645.96756
|   NUM3 <= 2.798636: TRUE (46.0)
|   NUM3 > 2.798636: FALSE (236.0)

Number of Leaves  : 	3

Size of the tree : 	5


Time taken to build model: 0.02 seconds

Time taken to test model on training data: 0.01 seconds

=== Error on training data ===

Correctly Classified Instances         411              100      %
Incorrectly Classified Instances         0                0      %
Kappa statistic                          1     
K&B Relative Info Score                100      %
K&B Information Score                  405.8792 bits      0.9875 bits/instance
Class complexity | order 0             405.8792 bits      0.9875 bits/instance
Class complexity | scheme                0      bits      0      bits/instance
Complexity improvement     (Sf)        405.8792 bits      0.9875 bits/instance
Mean absolute error                      0     
Root mean squared error                  0     
Relative absolute error                  0      %
Root relative squared error              0      %
Total Number of Instances              411     


=== Detailed Accuracy By Class ===

                 TP Rate  FP Rate  Precision  Recall   F-Measure  MCC      ROC Area  PRC Area  Class
                 1.000    0.000    1.000      1.000    1.000      1.000    1.000     1.000     TRUE
                 1.000    0.000    1.000      1.000    1.000      1.000    1.000     1.000     FALSE
                 ?        0.000    ?          ?        ?          ?        ?         ?         UNKNOWN
Weighted Avg.    1.000    0.000    1.000      1.000    1.000      1.000    1.000     1.000     


=== Confusion Matrix ===

   a   b   c   <-- classified as
 175   0   0 |   a = TRUE
   0 236   0 |   b = FALSE
   0   0   0 |   c = UNKNOWN

Time taken to perform cross-validation: 0.02 seconds


=== Stratified cross-validation ===

Correctly Classified Instances         410               99.7567 %
Incorrectly Classified Instances         1                0.2433 %
Kappa statistic                          0.995 
K&B Relative Info Score                 99.4991 %
K&B Information Score                  404.0409 bits      0.9831 bits/instance
Class complexity | order 0             406.0749 bits      0.988  bits/instance
Class complexity | scheme             1074      bits      2.6131 bits/instance
Complexity improvement     (Sf)       -667.9251 bits     -1.6251 bits/instance
Mean absolute error                      0.0016
Root mean squared error                  0.0403
Relative absolute error                  0.4961 %
Root relative squared error              9.975  %
Total Number of Instances              411     


=== Detailed Accuracy By Class ===

                 TP Rate  FP Rate  Precision  Recall   F-Measure  MCC      ROC Area  PRC Area  Class
                 0.994    0.000    1.000      0.994    0.997      0.995    0.997     0.997     TRUE
                 1.000    0.006    0.996      1.000    0.998      0.995    0.997     0.996     FALSE
                 ?        0.000    ?          ?        ?          ?        ?         ?         UNKNOWN
Weighted Avg.    0.998    0.003    0.998      0.998    0.998      0.995    0.997     0.996     


=== Confusion Matrix ===

   a   b   c   <-- classified as
 174   1   0 |   a = TRUE
   0 236   0 |   b = FALSE
   0   0   0 |   c = UNKNOWN

