WARNING: core mtj jar files are not available as resources to this classloader (jdk.internal.loader.ClassLoaders$AppClassLoader@5c29bfd)

=== Classifier model (full training set) ===

J48 pruned tree
------------------

NUM1 <= 4697899.552027: TRUE (935.0)
NUM1 > 4697899.552027
|   NUM1 <= 5177273.007648
|   |   LOGICALS3 = And: TRUE (163.0)
|   |   LOGICALS3 = Or: FALSE (108.0)
|   |   LOGICALS3 = Implies: TRUE (0.0)
|   NUM1 > 5177273.007648
|   |   NUM3 <= 2.80974
|   |   |   LOGICALS3 = And
|   |   |   |   NUM3 <= 2.799864: TRUE (218.0)
|   |   |   |   NUM3 > 2.799864: FALSE (7.0)
|   |   |   LOGICALS3 = Or: FALSE (108.0)
|   |   |   LOGICALS3 = Implies: TRUE (0.0)
|   |   NUM3 > 2.80974: FALSE (1113.0)

Number of Leaves  : 	9

Size of the tree : 	15


Time taken to build model: 0.04 seconds

Time taken to test model on training data: 0.01 seconds

=== Error on training data ===

Correctly Classified Instances        2652              100      %
Incorrectly Classified Instances         0                0      %
Kappa statistic                          1     
K&B Relative Info Score                100      %
K&B Information Score                 2653.3325 bits      1.0005 bits/instance
Class complexity | order 0            2653.3325 bits      1.0005 bits/instance
Class complexity | scheme                0      bits      0      bits/instance
Complexity improvement     (Sf)       2653.3325 bits      1.0005 bits/instance
Mean absolute error                      0     
Root mean squared error                  0     
Relative absolute error                  0      %
Root relative squared error              0      %
Total Number of Instances             2652     


=== Detailed Accuracy By Class ===

                 TP Rate  FP Rate  Precision  Recall   F-Measure  MCC      ROC Area  PRC Area  Class
                 1.000    0.000    1.000      1.000    1.000      1.000    1.000     1.000     TRUE
                 1.000    0.000    1.000      1.000    1.000      1.000    1.000     1.000     FALSE
                 ?        0.000    ?          ?        ?          ?        ?         ?         UNKNOWN
Weighted Avg.    1.000    0.000    1.000      1.000    1.000      1.000    1.000     1.000     


=== Confusion Matrix ===

    a    b    c   <-- classified as
 1316    0    0 |    a = TRUE
    0 1336    0 |    b = FALSE
    0    0    0 |    c = UNKNOWN

Time taken to perform cross-validation: 0.09 seconds


=== Stratified cross-validation ===

Correctly Classified Instances        2642               99.6229 %
Incorrectly Classified Instances        10                0.3771 %
Kappa statistic                          0.9925
K&B Relative Info Score                 99.1571 %
K&B Information Score                 2631.1308 bits      0.9921 bits/instance
Class complexity | order 0            2653.4976 bits      1.0006 bits/instance
Class complexity | scheme             5415.9706 bits      2.0422 bits/instance
Complexity improvement     (Sf)      -2762.473  bits     -1.0417 bits/instance
Mean absolute error                      0.0029
Root mean squared error                  0.0501
Relative absolute error                  0.8774 %
Root relative squared error             12.2689 %
Total Number of Instances             2652     


=== Detailed Accuracy By Class ===

                 TP Rate  FP Rate  Precision  Recall   F-Measure  MCC      ROC Area  PRC Area  Class
                 0.996    0.004    0.996      0.996    0.996      0.992    0.997     0.994     TRUE
                 0.996    0.004    0.996      0.996    0.996      0.992    0.997     0.997     FALSE
                 ?        0.000    ?          ?        ?          ?        ?         ?         UNKNOWN
Weighted Avg.    0.996    0.004    0.996      0.996    0.996      0.992    0.997     0.996     


=== Confusion Matrix ===

    a    b    c   <-- classified as
 1311    5    0 |    a = TRUE
    5 1331    0 |    b = FALSE
    0    0    0 |    c = UNKNOWN

