WARNING: core mtj jar files are not available as resources to this classloader (jdk.internal.loader.ClassLoaders$AppClassLoader@5c29bfd)

=== Classifier model (full training set) ===

J48 pruned tree
------------------

NUM2 <= -3.500179: TRUE (326.0)
NUM2 > -3.500179: FALSE (367.0)

Number of Leaves  : 	2

Size of the tree : 	3


Time taken to build model: 0.02 seconds

Time taken to test model on training data: 0 seconds

=== Error on training data ===

Correctly Classified Instances         693              100      %
Incorrectly Classified Instances         0                0      %
Kappa statistic                          1     
K&B Relative Info Score                100      %
K&B Information Score                  692.6867 bits      0.9995 bits/instance
Class complexity | order 0             692.6867 bits      0.9995 bits/instance
Class complexity | scheme                0      bits      0      bits/instance
Complexity improvement     (Sf)        692.6867 bits      0.9995 bits/instance
Mean absolute error                      0     
Root mean squared error                  0     
Relative absolute error                  0      %
Root relative squared error              0      %
Total Number of Instances              693     


=== Detailed Accuracy By Class ===

                 TP Rate  FP Rate  Precision  Recall   F-Measure  MCC      ROC Area  PRC Area  Class
                 1.000    0.000    1.000      1.000    1.000      1.000    1.000     1.000     TRUE
                 1.000    0.000    1.000      1.000    1.000      1.000    1.000     1.000     FALSE
                 ?        0.000    ?          ?        ?          ?        ?         ?         UNKNOWN
Weighted Avg.    1.000    0.000    1.000      1.000    1.000      1.000    1.000     1.000     


=== Confusion Matrix ===

   a   b   c   <-- classified as
 326   0   0 |   a = TRUE
   0 367   0 |   b = FALSE
   0   0   0 |   c = UNKNOWN

Time taken to perform cross-validation: 0.02 seconds


=== Stratified cross-validation ===

Correctly Classified Instances         691               99.7114 %
Incorrectly Classified Instances         2                0.2886 %
Kappa statistic                          0.9942
K&B Relative Info Score                 99.4212 %
K&B Information Score                  688.8527 bits      0.994  bits/instance
Class complexity | order 0             692.8628 bits      0.9998 bits/instance
Class complexity | scheme             2148      bits      3.0996 bits/instance
Complexity improvement     (Sf)      -1455.1372 bits     -2.0998 bits/instance
Mean absolute error                      0.0019
Root mean squared error                  0.0439
Relative absolute error                  0.5783 %
Root relative squared error             10.7629 %
Total Number of Instances              693     


=== Detailed Accuracy By Class ===

                 TP Rate  FP Rate  Precision  Recall   F-Measure  MCC      ROC Area  PRC Area  Class
                 0.994    0.000    1.000      0.994    0.997      0.994    0.997     0.997     TRUE
                 1.000    0.006    0.995      1.000    0.997      0.994    0.997     0.995     FALSE
                 ?        0.000    ?          ?        ?          ?        ?         ?         UNKNOWN
Weighted Avg.    0.997    0.003    0.997      0.997    0.997      0.994    0.997     0.996     


=== Confusion Matrix ===

   a   b   c   <-- classified as
 324   2   0 |   a = TRUE
   0 367   0 |   b = FALSE
   0   0   0 |   c = UNKNOWN

