WARNING: core mtj jar files are not available as resources to this classloader (jdk.internal.loader.ClassLoaders$AppClassLoader@5c29bfd)

=== Classifier model (full training set) ===

J48 pruned tree
------------------

NUM2 <= -3.500179: TRUE (130.0)
NUM2 > -3.500179: FALSE (149.0)

Number of Leaves  : 	2

Size of the tree : 	3


Time taken to build model: 0.01 seconds

Time taken to test model on training data: 0 seconds

=== Error on training data ===

Correctly Classified Instances         279              100      %
Incorrectly Classified Instances         0                0      %
Kappa statistic                          1     
K&B Relative Info Score                100      %
K&B Information Score                  279.4959 bits      1.0018 bits/instance
Class complexity | order 0             279.4959 bits      1.0018 bits/instance
Class complexity | scheme                0      bits      0      bits/instance
Complexity improvement     (Sf)        279.4959 bits      1.0018 bits/instance
Mean absolute error                      0     
Root mean squared error                  0     
Relative absolute error                  0      %
Root relative squared error              0      %
Total Number of Instances              279     


=== Detailed Accuracy By Class ===

                 TP Rate  FP Rate  Precision  Recall   F-Measure  MCC      ROC Area  PRC Area  Class
                 1.000    0.000    1.000      1.000    1.000      1.000    1.000     1.000     TRUE
                 1.000    0.000    1.000      1.000    1.000      1.000    1.000     1.000     FALSE
                 ?        0.000    ?          ?        ?          ?        ?         ?         UNKNOWN
Weighted Avg.    1.000    0.000    1.000      1.000    1.000      1.000    1.000     1.000     


=== Confusion Matrix ===

   a   b   c   <-- classified as
 130   0   0 |   a = TRUE
   0 149   0 |   b = FALSE
   0   0   0 |   c = UNKNOWN

Time taken to perform cross-validation: 0.01 seconds


=== Stratified cross-validation ===

Correctly Classified Instances         278               99.6416 %
Incorrectly Classified Instances         1                0.3584 %
Kappa statistic                          0.9928
K&B Relative Info Score                 99.2822 %
K&B Information Score                  277.6506 bits      0.9952 bits/instance
Class complexity | order 0             279.6579 bits      1.0024 bits/instance
Class complexity | scheme             1074      bits      3.8495 bits/instance
Complexity improvement     (Sf)       -794.3421 bits     -2.8471 bits/instance
Mean absolute error                      0.0024
Root mean squared error                  0.0489
Relative absolute error                  0.7173 %
Root relative squared error             12.0011 %
Total Number of Instances              279     


=== Detailed Accuracy By Class ===

                 TP Rate  FP Rate  Precision  Recall   F-Measure  MCC      ROC Area  PRC Area  Class
                 0.992    0.000    1.000      0.992    0.996      0.993    0.996     0.996     TRUE
                 1.000    0.008    0.993      1.000    0.997      0.993    0.996     0.993     FALSE
                 ?        0.000    ?          ?        ?          ?        ?         ?         UNKNOWN
Weighted Avg.    0.996    0.004    0.996      0.996    0.996      0.993    0.996     0.995     


=== Confusion Matrix ===

   a   b   c   <-- classified as
 129   1   0 |   a = TRUE
   0 149   0 |   b = FALSE
   0   0   0 |   c = UNKNOWN

