WARNING: core mtj jar files are not available as resources to this classloader (jdk.internal.loader.ClassLoaders$AppClassLoader@5c29bfd)

=== Classifier model (full training set) ===

J48 pruned tree
------------------

NUM1 <= 4700728.669803: TRUE (901.0)
NUM1 > 4700728.669803
|   LOGICALS3 = And
|   |   NUM1 <= 5203831.934284: TRUE (243.0)
|   |   NUM1 > 5203831.934284
|   |   |   NUM3 <= 2.803755: TRUE (106.0)
|   |   |   NUM3 > 2.803755: FALSE (328.0)
|   LOGICALS3 = Or: FALSE (672.0)
|   LOGICALS3 = Implies: FALSE (0.0)

Number of Leaves  : 	6

Size of the tree : 	10


Time taken to build model: 0.04 seconds

Time taken to test model on training data: 0.01 seconds

=== Error on training data ===

Correctly Classified Instances        2250              100      %
Incorrectly Classified Instances         0                0      %
Kappa statistic                          1     
K&B Relative Info Score                100      %
K&B Information Score                 2231.3622 bits      0.9917 bits/instance
Class complexity | order 0            2231.3622 bits      0.9917 bits/instance
Class complexity | scheme                0      bits      0      bits/instance
Complexity improvement     (Sf)       2231.3622 bits      0.9917 bits/instance
Mean absolute error                      0     
Root mean squared error                  0     
Relative absolute error                  0      %
Root relative squared error              0      %
Total Number of Instances             2250     


=== Detailed Accuracy By Class ===

                 TP Rate  FP Rate  Precision  Recall   F-Measure  MCC      ROC Area  PRC Area  Class
                 1.000    0.000    1.000      1.000    1.000      1.000    1.000     1.000     TRUE
                 1.000    0.000    1.000      1.000    1.000      1.000    1.000     1.000     FALSE
                 ?        0.000    ?          ?        ?          ?        ?         ?         UNKNOWN
Weighted Avg.    1.000    0.000    1.000      1.000    1.000      1.000    1.000     1.000     


=== Confusion Matrix ===

    a    b    c   <-- classified as
 1250    0    0 |    a = TRUE
    0 1000    0 |    b = FALSE
    0    0    0 |    c = UNKNOWN

Time taken to perform cross-validation: 0.08 seconds


=== Stratified cross-validation ===

Correctly Classified Instances        2248               99.9111 %
Incorrectly Classified Instances         2                0.0889 %
Kappa statistic                          0.9982
K&B Relative Info Score                 99.8119 %
K&B Information Score                 2227.3253 bits      0.9899 bits/instance
Class complexity | order 0            2231.5222 bits      0.9918 bits/instance
Class complexity | scheme             1083.8367 bits      0.4817 bits/instance
Complexity improvement     (Sf)       1147.6854 bits      0.5101 bits/instance
Mean absolute error                      0.0006
Root mean squared error                  0.0243
Relative absolute error                  0.1899 %
Root relative squared error              5.9965 %
Total Number of Instances             2250     


=== Detailed Accuracy By Class ===

                 TP Rate  FP Rate  Precision  Recall   F-Measure  MCC      ROC Area  PRC Area  Class
                 1.000    0.002    0.998      1.000    0.999      0.998    0.999     0.999     TRUE
                 0.998    0.000    1.000      0.998    0.999      0.998    0.999     0.999     FALSE
                 ?        0.000    ?          ?        ?          ?        ?         ?         UNKNOWN
Weighted Avg.    0.999    0.001    0.999      0.999    0.999      0.998    0.999     0.999     


=== Confusion Matrix ===

    a    b    c   <-- classified as
 1250    0    0 |    a = TRUE
    2  998    0 |    b = FALSE
    0    0    0 |    c = UNKNOWN

