WARNING: core mtj jar files are not available as resources to this classloader (jdk.internal.loader.ClassLoaders$AppClassLoader@5c29bfd)

=== Classifier model (full training set) ===

J48 pruned tree
------------------

QUANTIFIERS1 = ForAll: FALSE (533.0)
QUANTIFIERS1 = Exists: TRUE (313.0/1.0)

Number of Leaves  : 	2

Size of the tree : 	3


Time taken to build model: 0.02 seconds

Time taken to test model on training data: 0.01 seconds

=== Error on training data ===

Correctly Classified Instances         845               99.8818 %
Incorrectly Classified Instances         1                0.1182 %
Kappa statistic                          0.9975
K&B Relative Info Score                 99.5606 %
K&B Information Score                  801.3833 bits      0.9473 bits/instance
Class complexity | order 0             804.9203 bits      0.9514 bits/instance
Class complexity | scheme                9.7304 bits      0.0115 bits/instance
Complexity improvement     (Sf)        795.1899 bits      0.9399 bits/instance
Mean absolute error                      0.0016
Root mean squared error                  0.028 
Relative absolute error                  0.5054 %
Root relative squared error              7.1144 %
Total Number of Instances              846     


=== Detailed Accuracy By Class ===

                 TP Rate  FP Rate  Precision  Recall   F-Measure  MCC      ROC Area  PRC Area  Class
                 1.000    0.002    0.997      1.000    0.998      0.997    0.999     0.997     TRUE
                 0.998    0.000    1.000      0.998    0.999      0.997    0.999     0.999     FALSE
                 ?        0.000    ?          ?        ?          ?        ?         ?         UNKNOWN
Weighted Avg.    0.999    0.001    0.999      0.999    0.999      0.997    0.999     0.998     


=== Confusion Matrix ===

   a   b   c   <-- classified as
 312   0   0 |   a = TRUE
   1 533   0 |   b = FALSE
   0   0   0 |   c = UNKNOWN

Time taken to perform cross-validation: 0.03 seconds


=== Stratified cross-validation ===

Correctly Classified Instances         845               99.8818 %
Incorrectly Classified Instances         1                0.1182 %
Kappa statistic                          0.9975
K&B Relative Info Score                 99.5605 %
K&B Information Score                  801.5531 bits      0.9475 bits/instance
Class complexity | order 0             805.0911 bits      0.9516 bits/instance
Class complexity | scheme             1075.4356 bits      1.2712 bits/instance
Complexity improvement     (Sf)       -270.3445 bits     -0.3196 bits/instance
Mean absolute error                      0.0016
Root mean squared error                  0.0281
Relative absolute error                  0.5052 %
Root relative squared error              7.1383 %
Total Number of Instances              846     


=== Detailed Accuracy By Class ===

                 TP Rate  FP Rate  Precision  Recall   F-Measure  MCC      ROC Area  PRC Area  Class
                 1.000    0.002    0.997      1.000    0.998      0.997    0.998     0.994     TRUE
                 0.998    0.000    1.000      0.998    0.999      0.997    0.998     0.999     FALSE
                 ?        0.000    ?          ?        ?          ?        ?         ?         UNKNOWN
Weighted Avg.    0.999    0.001    0.999      0.999    0.999      0.997    0.998     0.997     


=== Confusion Matrix ===

   a   b   c   <-- classified as
 312   0   0 |   a = TRUE
   1 533   0 |   b = FALSE
   0   0   0 |   c = UNKNOWN

