WARNING: core mtj jar files are not available as resources to this classloader (jdk.internal.loader.ClassLoaders$AppClassLoader@5c29bfd)

=== Classifier model (full training set) ===

J48 pruned tree
------------------

NUM3 <= 2.799519: TRUE (302.0)
NUM3 > 2.799519: FALSE (376.0)

Number of Leaves  : 	2

Size of the tree : 	3


Time taken to build model: 0.02 seconds

Time taken to test model on training data: 0.01 seconds

=== Error on training data ===

Correctly Classified Instances         678              100      %
Incorrectly Classified Instances         0                0      %
Kappa statistic                          1     
K&B Relative Info Score                100      %
K&B Information Score                  673.5997 bits      0.9935 bits/instance
Class complexity | order 0             673.5997 bits      0.9935 bits/instance
Class complexity | scheme                0      bits      0      bits/instance
Complexity improvement     (Sf)        673.5997 bits      0.9935 bits/instance
Mean absolute error                      0     
Root mean squared error                  0     
Relative absolute error                  0      %
Root relative squared error              0      %
Total Number of Instances              678     


=== Detailed Accuracy By Class ===

                 TP Rate  FP Rate  Precision  Recall   F-Measure  MCC      ROC Area  PRC Area  Class
                 1.000    0.000    1.000      1.000    1.000      1.000    1.000     1.000     TRUE
                 1.000    0.000    1.000      1.000    1.000      1.000    1.000     1.000     FALSE
                 ?        0.000    ?          ?        ?          ?        ?         ?         UNKNOWN
Weighted Avg.    1.000    0.000    1.000      1.000    1.000      1.000    1.000     1.000     


=== Confusion Matrix ===

   a   b   c   <-- classified as
 302   0   0 |   a = TRUE
   0 376   0 |   b = FALSE
   0   0   0 |   c = UNKNOWN

Time taken to perform cross-validation: 0.02 seconds


=== Stratified cross-validation ===

Correctly Classified Instances         677               99.8525 %
Incorrectly Classified Instances         1                0.1475 %
Kappa statistic                          0.997 
K&B Relative Info Score                 99.7005 %
K&B Information Score                  671.7567 bits      0.9908 bits/instance
Class complexity | order 0             673.7745 bits      0.9938 bits/instance
Class complexity | scheme             1074      bits      1.5841 bits/instance
Complexity improvement     (Sf)       -400.2255 bits     -0.5903 bits/instance
Mean absolute error                      0.001 
Root mean squared error                  0.0314
Relative absolute error                  0.298  %
Root relative squared error              7.727  %
Total Number of Instances              678     


=== Detailed Accuracy By Class ===

                 TP Rate  FP Rate  Precision  Recall   F-Measure  MCC      ROC Area  PRC Area  Class
                 0.997    0.000    1.000      0.997    0.998      0.997    0.998     0.998     TRUE
                 1.000    0.003    0.997      1.000    0.999      0.997    0.998     0.997     FALSE
                 ?        0.000    ?          ?        ?          ?        ?         ?         UNKNOWN
Weighted Avg.    0.999    0.002    0.999      0.999    0.999      0.997    0.998     0.998     


=== Confusion Matrix ===

   a   b   c   <-- classified as
 301   1   0 |   a = TRUE
   0 376   0 |   b = FALSE
   0   0   0 |   c = UNKNOWN

