WARNING: core mtj jar files are not available as resources to this classloader (jdk.internal.loader.ClassLoaders$AppClassLoader@5c29bfd)

=== Classifier model (full training set) ===

J48 pruned tree
------------------

NUM3 <= 1.988299: FALSE (36.0)
NUM3 > 1.988299: TRUE (60.0)

Number of Leaves  : 	2

Size of the tree : 	3


Time taken to build model: 0.01 seconds

Time taken to test model on training data: 0 seconds

=== Error on training data ===

Correctly Classified Instances          96              100      %
Incorrectly Classified Instances         0                0      %
Kappa statistic                          1     
K&B Relative Info Score                100      %
K&B Information Score                   93.0337 bits      0.9691 bits/instance
Class complexity | order 0              93.0337 bits      0.9691 bits/instance
Class complexity | scheme                0      bits      0      bits/instance
Complexity improvement     (Sf)         93.0337 bits      0.9691 bits/instance
Mean absolute error                      0     
Root mean squared error                  0     
Relative absolute error                  0      %
Root relative squared error              0      %
Total Number of Instances               96     


=== Detailed Accuracy By Class ===

                 TP Rate  FP Rate  Precision  Recall   F-Measure  MCC      ROC Area  PRC Area  Class
                 1.000    0.000    1.000      1.000    1.000      1.000    1.000     1.000     TRUE
                 1.000    0.000    1.000      1.000    1.000      1.000    1.000     1.000     FALSE
                 ?        0.000    ?          ?        ?          ?        ?         ?         UNKNOWN
Weighted Avg.    1.000    0.000    1.000      1.000    1.000      1.000    1.000     1.000     


=== Confusion Matrix ===

  a  b  c   <-- classified as
 60  0  0 |  a = TRUE
  0 36  0 |  b = FALSE
  0  0  0 |  c = UNKNOWN

Time taken to perform cross-validation: 0.01 seconds


=== Stratified cross-validation ===

Correctly Classified Instances          95               98.9583 %
Incorrectly Classified Instances         1                1.0417 %
Kappa statistic                          0.9777
K&B Relative Info Score                 97.7484 %
K&B Information Score                   91.1544 bits      0.9495 bits/instance
Class complexity | order 0              93.2541 bits      0.9714 bits/instance
Class complexity | scheme             1074      bits     11.1875 bits/instance
Complexity improvement     (Sf)       -980.7459 bits    -10.2161 bits/instance
Mean absolute error                      0.0069
Root mean squared error                  0.0833
Relative absolute error                  2.1904 %
Root relative squared error             21.0667 %
Total Number of Instances               96     


=== Detailed Accuracy By Class ===

                 TP Rate  FP Rate  Precision  Recall   F-Measure  MCC      ROC Area  PRC Area  Class
                 1.000    0.028    0.984      1.000    0.992      0.978    0.986     0.984     TRUE
                 0.972    0.000    1.000      0.972    0.986      0.978    0.986     0.983     FALSE
                 ?        0.000    ?          ?        ?          ?        ?         ?         UNKNOWN
Weighted Avg.    0.990    0.017    0.990      0.990    0.990      0.978    0.986     0.983     


=== Confusion Matrix ===

  a  b  c   <-- classified as
 60  0  0 |  a = TRUE
  1 35  0 |  b = FALSE
  0  0  0 |  c = UNKNOWN

