WARNING: core mtj jar files are not available as resources to this classloader (jdk.internal.loader.ClassLoaders$AppClassLoader@5c29bfd)

=== Classifier model (full training set) ===

J48 pruned tree
------------------

NUM3 <= 1.998638
|   NUM2 <= -3.542976: TRUE (95.0)
|   NUM2 > -3.542976: FALSE (397.0)
NUM3 > 1.998638: TRUE (441.0)

Number of Leaves  : 	3

Size of the tree : 	5


Time taken to build model: 0.02 seconds

Time taken to test model on training data: 0.01 seconds

=== Error on training data ===

Correctly Classified Instances         933              100      %
Incorrectly Classified Instances         0                0      %
Kappa statistic                          1     
K&B Relative Info Score                100      %
K&B Information Score                  919.4452 bits      0.9855 bits/instance
Class complexity | order 0             919.4452 bits      0.9855 bits/instance
Class complexity | scheme                0      bits      0      bits/instance
Complexity improvement     (Sf)        919.4452 bits      0.9855 bits/instance
Mean absolute error                      0     
Root mean squared error                  0     
Relative absolute error                  0      %
Root relative squared error              0      %
Total Number of Instances              933     


=== Detailed Accuracy By Class ===

                 TP Rate  FP Rate  Precision  Recall   F-Measure  MCC      ROC Area  PRC Area  Class
                 1.000    0.000    1.000      1.000    1.000      1.000    1.000     1.000     TRUE
                 1.000    0.000    1.000      1.000    1.000      1.000    1.000     1.000     FALSE
                 ?        0.000    ?          ?        ?          ?        ?         ?         UNKNOWN
Weighted Avg.    1.000    0.000    1.000      1.000    1.000      1.000    1.000     1.000     


=== Confusion Matrix ===

   a   b   c   <-- classified as
 536   0   0 |   a = TRUE
   0 397   0 |   b = FALSE
   0   0   0 |   c = UNKNOWN

Time taken to perform cross-validation: 0.03 seconds


=== Stratified cross-validation ===

Correctly Classified Instances         932               99.8928 %
Incorrectly Classified Instances         1                0.1072 %
Kappa statistic                          0.9978
K&B Relative Info Score                 99.779  %
K&B Information Score                  917.5852 bits      0.9835 bits/instance
Class complexity | order 0             919.6172 bits      0.9857 bits/instance
Class complexity | scheme             1074      bits      1.1511 bits/instance
Complexity improvement     (Sf)       -154.3828 bits     -0.1655 bits/instance
Mean absolute error                      0.0007
Root mean squared error                  0.0267
Relative absolute error                  0.2189 %
Root relative squared error              6.6215 %
Total Number of Instances              933     


=== Detailed Accuracy By Class ===

                 TP Rate  FP Rate  Precision  Recall   F-Measure  MCC      ROC Area  PRC Area  Class
                 0.998    0.000    1.000      0.998    0.999      0.998    0.999     0.999     TRUE
                 1.000    0.002    0.997      1.000    0.999      0.998    0.999     0.997     FALSE
                 ?        0.000    ?          ?        ?          ?        ?         ?         UNKNOWN
Weighted Avg.    0.999    0.001    0.999      0.999    0.999      0.998    0.999     0.998     


=== Confusion Matrix ===

   a   b   c   <-- classified as
 535   1   0 |   a = TRUE
   0 397   0 |   b = FALSE
   0   0   0 |   c = UNKNOWN

