WARNING: core mtj jar files are not available as resources to this classloader (jdk.internal.loader.ClassLoaders$AppClassLoader@5c29bfd)

=== Classifier model (full training set) ===

J48 pruned tree
------------------

NUM3 <= 1.999004: FALSE (42.0)
NUM3 > 1.999004: TRUE (54.0)

Number of Leaves  : 	2

Size of the tree : 	3


Time taken to build model: 0.01 seconds

Time taken to test model on training data: 0 seconds

=== Error on training data ===

Correctly Classified Instances          96              100      %
Incorrectly Classified Instances         0                0      %
Kappa statistic                          1     
K&B Relative Info Score                100      %
K&B Information Score                   96.3217 bits      1.0034 bits/instance
Class complexity | order 0              96.3217 bits      1.0034 bits/instance
Class complexity | scheme                0      bits      0      bits/instance
Complexity improvement     (Sf)         96.3217 bits      1.0034 bits/instance
Mean absolute error                      0     
Root mean squared error                  0     
Relative absolute error                  0      %
Root relative squared error              0      %
Total Number of Instances               96     


=== Detailed Accuracy By Class ===

                 TP Rate  FP Rate  Precision  Recall   F-Measure  MCC      ROC Area  PRC Area  Class
                 1.000    0.000    1.000      1.000    1.000      1.000    1.000     1.000     TRUE
                 1.000    0.000    1.000      1.000    1.000      1.000    1.000     1.000     FALSE
                 ?        0.000    ?          ?        ?          ?        ?         ?         UNKNOWN
Weighted Avg.    1.000    0.000    1.000      1.000    1.000      1.000    1.000     1.000     


=== Confusion Matrix ===

  a  b  c   <-- classified as
 54  0  0 |  a = TRUE
  0 42  0 |  b = FALSE
  0  0  0 |  c = UNKNOWN

Time taken to perform cross-validation: 0.01 seconds


=== Stratified cross-validation ===

Correctly Classified Instances          95               98.9583 %
Incorrectly Classified Instances         1                1.0417 %
Kappa statistic                          0.9788
K&B Relative Info Score                 97.906  %
K&B Information Score                   94.5476 bits      0.9849 bits/instance
Class complexity | order 0              96.5698 bits      1.0059 bits/instance
Class complexity | scheme             1074      bits     11.1875 bits/instance
Complexity improvement     (Sf)       -977.4302 bits    -10.1816 bits/instance
Mean absolute error                      0.0069
Root mean squared error                  0.0833
Relative absolute error                  2.0902 %
Root relative squared error             20.5556 %
Total Number of Instances               96     


=== Detailed Accuracy By Class ===

                 TP Rate  FP Rate  Precision  Recall   F-Measure  MCC      ROC Area  PRC Area  Class
                 1.000    0.024    0.982      1.000    0.991      0.979    0.988     0.982     TRUE
                 0.976    0.000    1.000      0.976    0.988      0.979    0.988     0.987     FALSE
                 ?        0.000    ?          ?        ?          ?        ?         ?         UNKNOWN
Weighted Avg.    0.990    0.013    0.990      0.990    0.990      0.979    0.988     0.984     


=== Confusion Matrix ===

  a  b  c   <-- classified as
 54  0  0 |  a = TRUE
  1 41  0 |  b = FALSE
  0  0  0 |  c = UNKNOWN

