WARNING: core mtj jar files are not available as resources to this classloader (jdk.internal.loader.ClassLoaders$AppClassLoader@5c29bfd)

=== Classifier model (full training set) ===

J48 pruned tree
------------------

NUM3 <= 1.999004: FALSE (81.0)
NUM3 > 1.999004: TRUE (111.0)

Number of Leaves  : 	2

Size of the tree : 	3


Time taken to build model: 0.01 seconds

Time taken to test model on training data: 0 seconds

=== Error on training data ===

Correctly Classified Instances         192              100      %
Incorrectly Classified Instances         0                0      %
Kappa statistic                          1     
K&B Relative Info Score                100      %
K&B Information Score                  190.0293 bits      0.9897 bits/instance
Class complexity | order 0             190.0293 bits      0.9897 bits/instance
Class complexity | scheme                0      bits      0      bits/instance
Complexity improvement     (Sf)        190.0293 bits      0.9897 bits/instance
Mean absolute error                      0     
Root mean squared error                  0     
Relative absolute error                  0      %
Root relative squared error              0      %
Total Number of Instances              192     


=== Detailed Accuracy By Class ===

                 TP Rate  FP Rate  Precision  Recall   F-Measure  MCC      ROC Area  PRC Area  Class
                 1.000    0.000    1.000      1.000    1.000      1.000    1.000     1.000     TRUE
                 1.000    0.000    1.000      1.000    1.000      1.000    1.000     1.000     FALSE
                 ?        0.000    ?          ?        ?          ?        ?         ?         UNKNOWN
Weighted Avg.    1.000    0.000    1.000      1.000    1.000      1.000    1.000     1.000     


=== Confusion Matrix ===

   a   b   c   <-- classified as
 111   0   0 |   a = TRUE
   0  81   0 |   b = FALSE
   0   0   0 |   c = UNKNOWN

Time taken to perform cross-validation: 0.01 seconds


=== Stratified cross-validation ===

Correctly Classified Instances         191               99.4792 %
Incorrectly Classified Instances         1                0.5208 %
Kappa statistic                          0.9893
K&B Relative Info Score                 98.9274 %
K&B Information Score                  188.1636 bits      0.98   bits/instance
Class complexity | order 0             190.2038 bits      0.9906 bits/instance
Class complexity | scheme             1074      bits      5.5938 bits/instance
Complexity improvement     (Sf)       -883.7962 bits     -4.6031 bits/instance
Mean absolute error                      0.0035
Root mean squared error                  0.0589
Relative absolute error                  1.061  %
Root relative squared error             14.6115 %
Total Number of Instances              192     


=== Detailed Accuracy By Class ===

                 TP Rate  FP Rate  Precision  Recall   F-Measure  MCC      ROC Area  PRC Area  Class
                 1.000    0.012    0.991      1.000    0.996      0.989    0.994     0.991     TRUE
                 0.988    0.000    1.000      0.988    0.994      0.989    0.994     0.993     FALSE
                 ?        0.000    ?          ?        ?          ?        ?         ?         UNKNOWN
Weighted Avg.    0.995    0.007    0.995      0.995    0.995      0.989    0.994     0.992     


=== Confusion Matrix ===

   a   b   c   <-- classified as
 111   0   0 |   a = TRUE
   1  80   0 |   b = FALSE
   0   0   0 |   c = UNKNOWN

