WARNING: core mtj jar files are not available as resources to this classloader (jdk.internal.loader.ClassLoaders$AppClassLoader@5c29bfd)

=== Classifier model (full training set) ===

J48 pruned tree
------------------

NUM3 <= 1.967002
|   NUM2 <= -3.521265: TRUE (56.0)
|   NUM2 > -3.521265: FALSE (138.0)
NUM3 > 1.967002: TRUE (115.0)

Number of Leaves  : 	3

Size of the tree : 	5


Time taken to build model: 0.02 seconds

Time taken to test model on training data: 0 seconds

=== Error on training data ===

Correctly Classified Instances         309              100      %
Incorrectly Classified Instances         0                0      %
Kappa statistic                          1     
K&B Relative Info Score                100      %
K&B Information Score                  307.8841 bits      0.9964 bits/instance
Class complexity | order 0             307.8841 bits      0.9964 bits/instance
Class complexity | scheme                0      bits      0      bits/instance
Complexity improvement     (Sf)        307.8841 bits      0.9964 bits/instance
Mean absolute error                      0     
Root mean squared error                  0     
Relative absolute error                  0      %
Root relative squared error              0      %
Total Number of Instances              309     


=== Detailed Accuracy By Class ===

                 TP Rate  FP Rate  Precision  Recall   F-Measure  MCC      ROC Area  PRC Area  Class
                 1.000    0.000    1.000      1.000    1.000      1.000    1.000     1.000     TRUE
                 1.000    0.000    1.000      1.000    1.000      1.000    1.000     1.000     FALSE
                 ?        0.000    ?          ?        ?          ?        ?         ?         UNKNOWN
Weighted Avg.    1.000    0.000    1.000      1.000    1.000      1.000    1.000     1.000     


=== Confusion Matrix ===

   a   b   c   <-- classified as
 171   0   0 |   a = TRUE
   0 138   0 |   b = FALSE
   0   0   0 |   c = UNKNOWN

Time taken to perform cross-validation: 0.02 seconds


=== Stratified cross-validation ===

Correctly Classified Instances         308               99.6764 %
Incorrectly Classified Instances         1                0.3236 %
Kappa statistic                          0.9935
K&B Relative Info Score                 99.3458 %
K&B Information Score                  306.0497 bits      0.9905 bits/instance
Class complexity | order 0             308.0652 bits      0.997  bits/instance
Class complexity | scheme             1074      bits      3.4757 bits/instance
Complexity improvement     (Sf)       -765.9348 bits     -2.4788 bits/instance
Mean absolute error                      0.0022
Root mean squared error                  0.0464
Relative absolute error                  0.6523 %
Root relative squared error             11.4422 %
Total Number of Instances              309     


=== Detailed Accuracy By Class ===

                 TP Rate  FP Rate  Precision  Recall   F-Measure  MCC      ROC Area  PRC Area  Class
                 0.994    0.000    1.000      0.994    0.997      0.993    0.997     0.997     TRUE
                 1.000    0.006    0.993      1.000    0.996      0.993    0.997     0.993     FALSE
                 ?        0.000    ?          ?        ?          ?        ?         ?         UNKNOWN
Weighted Avg.    0.997    0.003    0.997      0.997    0.997      0.993    0.997     0.995     


=== Confusion Matrix ===

   a   b   c   <-- classified as
 170   1   0 |   a = TRUE
   0 138   0 |   b = FALSE
   0   0   0 |   c = UNKNOWN

