WARNING: core mtj jar files are not available as resources to this classloader (jdk.internal.loader.ClassLoaders$AppClassLoader@5c29bfd)

=== Classifier model (full training set) ===

J48 pruned tree
------------------

NUM3 <= 1.998044: FALSE (42.0)
NUM3 > 1.998044: TRUE (69.0)

Number of Leaves  : 	2

Size of the tree : 	3


Time taken to build model: 0.01 seconds

Time taken to test model on training data: 0 seconds

=== Error on training data ===

Correctly Classified Instances         111              100      %
Incorrectly Classified Instances         0                0      %
Kappa statistic                          1     
K&B Relative Info Score                100      %
K&B Information Score                  107.6271 bits      0.9696 bits/instance
Class complexity | order 0             107.6271 bits      0.9696 bits/instance
Class complexity | scheme                0      bits      0      bits/instance
Complexity improvement     (Sf)        107.6271 bits      0.9696 bits/instance
Mean absolute error                      0     
Root mean squared error                  0     
Relative absolute error                  0      %
Root relative squared error              0      %
Total Number of Instances              111     


=== Detailed Accuracy By Class ===

                 TP Rate  FP Rate  Precision  Recall   F-Measure  MCC      ROC Area  PRC Area  Class
                 1.000    0.000    1.000      1.000    1.000      1.000    1.000     1.000     TRUE
                 1.000    0.000    1.000      1.000    1.000      1.000    1.000     1.000     FALSE
                 ?        0.000    ?          ?        ?          ?        ?         ?         UNKNOWN
Weighted Avg.    1.000    0.000    1.000      1.000    1.000      1.000    1.000     1.000     


=== Confusion Matrix ===

  a  b  c   <-- classified as
 69  0  0 |  a = TRUE
  0 42  0 |  b = FALSE
  0  0  0 |  c = UNKNOWN

Time taken to perform cross-validation: 0.01 seconds


=== Stratified cross-validation ===

Correctly Classified Instances         110               99.0991 %
Incorrectly Classified Instances         1                0.9009 %
Kappa statistic                          0.9808
K&B Relative Info Score                 98.0644 %
K&B Information Score                  105.7643 bits      0.9528 bits/instance
Class complexity | order 0             107.8519 bits      0.9716 bits/instance
Class complexity | scheme             1074      bits      9.6757 bits/instance
Complexity improvement     (Sf)       -966.1481 bits     -8.704  bits/instance
Mean absolute error                      0.006 
Root mean squared error                  0.0775
Relative absolute error                  1.8914 %
Root relative squared error             19.5589 %
Total Number of Instances              111     


=== Detailed Accuracy By Class ===

                 TP Rate  FP Rate  Precision  Recall   F-Measure  MCC      ROC Area  PRC Area  Class
                 1.000    0.024    0.986      1.000    0.993      0.981    0.988     0.986     TRUE
                 0.976    0.000    1.000      0.976    0.988      0.981    0.988     0.985     FALSE
                 ?        0.000    ?          ?        ?          ?        ?         ?         UNKNOWN
Weighted Avg.    0.991    0.015    0.991      0.991    0.991      0.981    0.988     0.986     


=== Confusion Matrix ===

  a  b  c   <-- classified as
 69  0  0 |  a = TRUE
  1 41  0 |  b = FALSE
  0  0  0 |  c = UNKNOWN

