WARNING: core mtj jar files are not available as resources to this classloader (jdk.internal.loader.ClassLoaders$AppClassLoader@5c29bfd)

=== Classifier model (full training set) ===

J48 pruned tree
------------------

NUM1 <= 5195059.284809: TRUE (316.0)
NUM1 > 5195059.284809: FALSE (356.0)

Number of Leaves  : 	2

Size of the tree : 	3


Time taken to build model: 0.02 seconds

Time taken to test model on training data: 0 seconds

=== Error on training data ===

Correctly Classified Instances         672              100      %
Incorrectly Classified Instances         0                0      %
Kappa statistic                          1     
K&B Relative Info Score                100      %
K&B Information Score                  671.7189 bits      0.9996 bits/instance
Class complexity | order 0             671.7189 bits      0.9996 bits/instance
Class complexity | scheme                0      bits      0      bits/instance
Complexity improvement     (Sf)        671.7189 bits      0.9996 bits/instance
Mean absolute error                      0     
Root mean squared error                  0     
Relative absolute error                  0      %
Root relative squared error              0      %
Total Number of Instances              672     


=== Detailed Accuracy By Class ===

                 TP Rate  FP Rate  Precision  Recall   F-Measure  MCC      ROC Area  PRC Area  Class
                 1.000    0.000    1.000      1.000    1.000      1.000    1.000     1.000     TRUE
                 1.000    0.000    1.000      1.000    1.000      1.000    1.000     1.000     FALSE
                 ?        0.000    ?          ?        ?          ?        ?         ?         UNKNOWN
Weighted Avg.    1.000    0.000    1.000      1.000    1.000      1.000    1.000     1.000     


=== Confusion Matrix ===

   a   b   c   <-- classified as
 316   0   0 |   a = TRUE
   0 356   0 |   b = FALSE
   0   0   0 |   c = UNKNOWN

Time taken to perform cross-validation: 0.03 seconds


=== Stratified cross-validation ===

Correctly Classified Instances         672              100      %
Incorrectly Classified Instances         0                0      %
Kappa statistic                          1     
K&B Relative Info Score                100      %
K&B Information Score                  671.8981 bits      0.9998 bits/instance
Class complexity | order 0             671.8981 bits      0.9998 bits/instance
Class complexity | scheme                0      bits      0      bits/instance
Complexity improvement     (Sf)        671.8981 bits      0.9998 bits/instance
Mean absolute error                      0     
Root mean squared error                  0     
Relative absolute error                  0      %
Root relative squared error              0      %
Total Number of Instances              672     


=== Detailed Accuracy By Class ===

                 TP Rate  FP Rate  Precision  Recall   F-Measure  MCC      ROC Area  PRC Area  Class
                 1.000    0.000    1.000      1.000    1.000      1.000    1.000     1.000     TRUE
                 1.000    0.000    1.000      1.000    1.000      1.000    1.000     1.000     FALSE
                 ?        0.000    ?          ?        ?          ?        ?         ?         UNKNOWN
Weighted Avg.    1.000    0.000    1.000      1.000    1.000      1.000    1.000     1.000     


=== Confusion Matrix ===

   a   b   c   <-- classified as
 316   0   0 |   a = TRUE
   0 356   0 |   b = FALSE
   0   0   0 |   c = UNKNOWN

