WARNING: core mtj jar files are not available as resources to this classloader (jdk.internal.loader.ClassLoaders$AppClassLoader@5c29bfd)

=== Classifier model (full training set) ===

J48 pruned tree
------------------

NUM1 <= 5181465.688365
|   LOGICALS3 = And: TRUE (208.0)
|   LOGICALS3 = Or
|   |   NUM1 <= 4774235.006548: TRUE (32.0)
|   |   NUM1 > 4774235.006548: FALSE (5.0)
|   LOGICALS3 = Implies: TRUE (0.0)
NUM1 > 5181465.688365
|   NUM3 <= 2.834025
|   |   LOGICALS3 = And
|   |   |   NUM3 <= 2.79856: TRUE (48.0)
|   |   |   NUM3 > 2.79856
|   |   |   |   NUM1 <= 5457020.097207: TRUE (2.0)
|   |   |   |   NUM1 > 5457020.097207: FALSE (4.0)
|   |   LOGICALS3 = Or: FALSE (19.0)
|   |   LOGICALS3 = Implies: TRUE (0.0)
|   NUM3 > 2.834025: FALSE (279.0)

Number of Leaves  : 	10

Size of the tree : 	17


Time taken to build model: 0.02 seconds

Time taken to test model on training data: 0.01 seconds

=== Error on training data ===

Correctly Classified Instances         597              100      %
Incorrectly Classified Instances         0                0      %
Kappa statistic                          1     
K&B Relative Info Score                100      %
K&B Information Score                  598.0874 bits      1.0018 bits/instance
Class complexity | order 0             598.0874 bits      1.0018 bits/instance
Class complexity | scheme                0      bits      0      bits/instance
Complexity improvement     (Sf)        598.0874 bits      1.0018 bits/instance
Mean absolute error                      0     
Root mean squared error                  0     
Relative absolute error                  0      %
Root relative squared error              0      %
Total Number of Instances              597     


=== Detailed Accuracy By Class ===

                 TP Rate  FP Rate  Precision  Recall   F-Measure  MCC      ROC Area  PRC Area  Class
                 1.000    0.000    1.000      1.000    1.000      1.000    1.000     1.000     TRUE
                 1.000    0.000    1.000      1.000    1.000      1.000    1.000     1.000     FALSE
                 ?        0.000    ?          ?        ?          ?        ?         ?         UNKNOWN
Weighted Avg.    1.000    0.000    1.000      1.000    1.000      1.000    1.000     1.000     


=== Confusion Matrix ===

   a   b   c   <-- classified as
 290   0   0 |   a = TRUE
   0 307   0 |   b = FALSE
   0   0   0 |   c = UNKNOWN

Time taken to perform cross-validation: 0.03 seconds


=== Stratified cross-validation ===

Correctly Classified Instances         595               99.665  %
Incorrectly Classified Instances         2                0.335  %
Kappa statistic                          0.9933
K&B Relative Info Score                 99.3036 %
K&B Information Score                  594.0857 bits      0.9951 bits/instance
Class complexity | order 0             598.2519 bits      1.0021 bits/instance
Class complexity | scheme               10.5844 bits      0.0177 bits/instance
Complexity improvement     (Sf)        587.6675 bits      0.9844 bits/instance
Mean absolute error                      0.0024
Root mean squared error                  0.0425
Relative absolute error                  0.7072 %
Root relative squared error             10.415  %
Total Number of Instances              597     


=== Detailed Accuracy By Class ===

                 TP Rate  FP Rate  Precision  Recall   F-Measure  MCC      ROC Area  PRC Area  Class
                 0.993    0.000    1.000      0.993    0.997      0.993    1.000     1.000     TRUE
                 1.000    0.007    0.994      1.000    0.997      0.993    1.000     1.000     FALSE
                 ?        0.000    ?          ?        ?          ?        ?         ?         UNKNOWN
Weighted Avg.    0.997    0.004    0.997      0.997    0.997      0.993    1.000     1.000     


=== Confusion Matrix ===

   a   b   c   <-- classified as
 288   2   0 |   a = TRUE
   0 307   0 |   b = FALSE
   0   0   0 |   c = UNKNOWN

