WARNING: core mtj jar files are not available as resources to this classloader (jdk.internal.loader.ClassLoaders$AppClassLoader@5c29bfd)

=== Classifier model (full training set) ===

J48 pruned tree
------------------

NUM1 <= 5181465.688365
|   LOGICALS3 = And: TRUE (169.0)
|   LOGICALS3 = Or
|   |   NUM1 <= 4774235.006548: TRUE (28.0)
|   |   NUM1 > 4774235.006548: FALSE (4.0)
|   LOGICALS3 = Implies: TRUE (0.0)
NUM1 > 5181465.688365
|   NUM3 <= 2.834025
|   |   LOGICALS3 = And
|   |   |   NUM3 <= 2.79856: TRUE (36.0)
|   |   |   NUM3 > 2.79856
|   |   |   |   NUM1 <= 5457020.097207: TRUE (2.0)
|   |   |   |   NUM1 > 5457020.097207: FALSE (2.0)
|   |   LOGICALS3 = Or: FALSE (17.0)
|   |   LOGICALS3 = Implies: TRUE (0.0)
|   NUM3 > 2.834025: FALSE (222.0)

Number of Leaves  : 	10

Size of the tree : 	17


Time taken to build model: 0.02 seconds

Time taken to test model on training data: 0.01 seconds

=== Error on training data ===

Correctly Classified Instances         480              100      %
Incorrectly Classified Instances         0                0      %
Kappa statistic                          1     
K&B Relative Info Score                100      %
K&B Information Score                  481.2849 bits      1.0027 bits/instance
Class complexity | order 0             481.2849 bits      1.0027 bits/instance
Class complexity | scheme                0      bits      0      bits/instance
Complexity improvement     (Sf)        481.2849 bits      1.0027 bits/instance
Mean absolute error                      0     
Root mean squared error                  0     
Relative absolute error                  0      %
Root relative squared error              0      %
Total Number of Instances              480     


=== Detailed Accuracy By Class ===

                 TP Rate  FP Rate  Precision  Recall   F-Measure  MCC      ROC Area  PRC Area  Class
                 1.000    0.000    1.000      1.000    1.000      1.000    1.000     1.000     TRUE
                 1.000    0.000    1.000      1.000    1.000      1.000    1.000     1.000     FALSE
                 ?        0.000    ?          ?        ?          ?        ?         ?         UNKNOWN
Weighted Avg.    1.000    0.000    1.000      1.000    1.000      1.000    1.000     1.000     


=== Confusion Matrix ===

   a   b   c   <-- classified as
 235   0   0 |   a = TRUE
   0 245   0 |   b = FALSE
   0   0   0 |   c = UNKNOWN

Time taken to perform cross-validation: 0.03 seconds


=== Stratified cross-validation ===

Correctly Classified Instances         474               98.75   %
Incorrectly Classified Instances         6                1.25   %
Kappa statistic                          0.975 
K&B Relative Info Score                 97.6212 %
K&B Information Score                  470.0252 bits      0.9792 bits/instance
Class complexity | order 0             481.4786 bits      1.0031 bits/instance
Class complexity | scheme               29.7575 bits      0.062  bits/instance
Complexity improvement     (Sf)        451.721  bits      0.9411 bits/instance
Mean absolute error                      0.008 
Root mean squared error                  0.0817
Relative absolute error                  2.3955 %
Root relative squared error             20.0132 %
Total Number of Instances              480     


=== Detailed Accuracy By Class ===

                 TP Rate  FP Rate  Precision  Recall   F-Measure  MCC      ROC Area  PRC Area  Class
                 0.991    0.016    0.983      0.991    0.987      0.975    0.998     0.997     TRUE
                 0.984    0.009    0.992      0.984    0.988      0.975    0.998     0.998     FALSE
                 ?        0.000    ?          ?        ?          ?        ?         ?         UNKNOWN
Weighted Avg.    0.988    0.012    0.988      0.988    0.988      0.975    0.998     0.997     


=== Confusion Matrix ===

   a   b   c   <-- classified as
 233   2   0 |   a = TRUE
   4 241   0 |   b = FALSE
   0   0   0 |   c = UNKNOWN

