
=== Classifier model (full training set) ===

J48 pruned tree
------------------

NUM0 <= 7242438
|   NUM6 <= 1633167: TRUE (231.0)
|   NUM6 > 1633167: FALSE (1004.0)
NUM0 > 7242438: TRUE (773.0)

Number of Leaves  : 	3

Size of the tree : 	5


Time taken to build model: 0.58 seconds

Time taken to test model on training data: 0.1 seconds

=== Error on training data ===

Correctly Classified Instances        2008              100      %
Incorrectly Classified Instances         0                0      %
Kappa statistic                          1     
K&B Relative Info Score                100      %
K&B Information Score                 2008      bits      1      bits/instance
Class complexity | order 0            2008      bits      1      bits/instance
Class complexity | scheme                0      bits      0      bits/instance
Complexity improvement     (Sf)       2008      bits      1      bits/instance
Mean absolute error                      0     
Root mean squared error                  0     
Relative absolute error                  0      %
Root relative squared error              0      %
Total Number of Instances             2008     


=== Detailed Accuracy By Class ===

                 TP Rate  FP Rate  Precision  Recall   F-Measure  MCC      ROC Area  PRC Area  Class
                 1.000    0.000    1.000      1.000    1.000      1.000    1.000     1.000     TRUE
                 1.000    0.000    1.000      1.000    1.000      1.000    1.000     1.000     FALSE
Weighted Avg.    1.000    0.000    1.000      1.000    1.000      1.000    1.000     1.000     


=== Confusion Matrix ===

    a    b   <-- classified as
 1004    0 |    a = TRUE
    0 1004 |    b = FALSE

Time taken to perform cross-validation: 0.42 seconds


=== Stratified cross-validation ===

Correctly Classified Instances        2006               99.9004 %
Incorrectly Classified Instances         2                0.0996 %
Kappa statistic                          0.998 
K&B Relative Info Score                 99.8008 %
K&B Information Score                 2004.0067 bits      0.998  bits/instance
Class complexity | order 0            2008.0067 bits      1      bits/instance
Class complexity | scheme             2148      bits      1.0697 bits/instance
Complexity improvement     (Sf)       -139.9933 bits     -0.0697 bits/instance
Mean absolute error                      0.001 
Root mean squared error                  0.0316
Relative absolute error                  0.1992 %
Root relative squared error              6.3119 %
Total Number of Instances             2008     


=== Detailed Accuracy By Class ===

                 TP Rate  FP Rate  Precision  Recall   F-Measure  MCC      ROC Area  PRC Area  Class
                 0.999    0.001    0.999      0.999    0.999      0.998    0.999     0.999     TRUE
                 0.999    0.001    0.999      0.999    0.999      0.998    0.999     0.999     FALSE
Weighted Avg.    0.999    0.001    0.999      0.999    0.999      0.998    0.999     0.999     


=== Confusion Matrix ===

    a    b   <-- classified as
 1003    1 |    a = TRUE
    1 1003 |    b = FALSE

Picked up JAVA_TOOL_OPTIONS: -Xmx2g
java.lang.reflect.InaccessibleObjectException: Unable to make protected final java.lang.Class java.lang.ClassLoader.defineClass(java.lang.String,byte[],int,int,java.security.ProtectionDomain) throws java.lang.ClassFormatError accessible: module java.base does not "opens java.lang" to unnamed module @4b6995df
	at java.base/java.lang.reflect.AccessibleObject.checkCanSetAccessible(AccessibleObject.java:354)
	at java.base/java.lang.reflect.AccessibleObject.checkCanSetAccessible(AccessibleObject.java:297)
	at java.base/java.lang.reflect.Method.checkCanSetAccessible(Method.java:199)
	at java.base/java.lang.reflect.Method.setAccessible(Method.java:193)
	at weka.core.WekaPackageClassLoaderManager.injectClasses(WekaPackageClassLoaderManager.java:792)
	at weka.core.WekaPackageClassLoaderManager.injectAllClassesInFromStream(WekaPackageClassLoaderManager.java:690)
	at weka.core.WekaPackageClassLoaderManager.injectMTJCoreClasses(WekaPackageClassLoaderManager.java:118)
	at weka.core.WekaPackageManager.<clinit>(WekaPackageManager.java:255)
	at weka.core.ResourceUtils.readProperties(ResourceUtils.java:241)
	at weka.core.ResourceUtils.readProperties(ResourceUtils.java:184)
	at weka.core.Utils.readProperties(Utils.java:183)
	at weka.core.Capabilities.<clinit>(Capabilities.java:104)
	at weka.classifiers.trees.J48.getCapabilities(J48.java:250)
	at weka.classifiers.trees.J48.buildClassifier(J48.java:300)
	at weka.classifiers.evaluation.Evaluation.evaluateModel(Evaluation.java:1632)
	at weka.classifiers.Evaluation.evaluateModel(Evaluation.java:668)
	at weka.classifiers.AbstractClassifier.runClassifier(AbstractClassifier.java:141)
	at weka.classifiers.trees.J48.main(J48.java:1221)
