WARNING: core mtj jar files are not available as resources to this classloader (jdk.internal.loader.ClassLoaders$AppClassLoader@5c29bfd)

=== Classifier model (full training set) ===

J48 pruned tree
------------------

NUM2 <= -3.502565: TRUE (254.0)
NUM2 > -3.502565: FALSE (298.0)

Number of Leaves  : 	2

Size of the tree : 	3


Time taken to build model: 0.02 seconds

Time taken to test model on training data: 0 seconds

=== Error on training data ===

Correctly Classified Instances         552              100      %
Incorrectly Classified Instances         0                0      %
Kappa statistic                          1     
K&B Relative Info Score                100      %
K&B Information Score                  550.9036 bits      0.998  bits/instance
Class complexity | order 0             550.9036 bits      0.998  bits/instance
Class complexity | scheme                0      bits      0      bits/instance
Complexity improvement     (Sf)        550.9036 bits      0.998  bits/instance
Mean absolute error                      0     
Root mean squared error                  0     
Relative absolute error                  0      %
Root relative squared error              0      %
Total Number of Instances              552     


=== Detailed Accuracy By Class ===

                 TP Rate  FP Rate  Precision  Recall   F-Measure  MCC      ROC Area  PRC Area  Class
                 1.000    0.000    1.000      1.000    1.000      1.000    1.000     1.000     TRUE
                 1.000    0.000    1.000      1.000    1.000      1.000    1.000     1.000     FALSE
                 ?        0.000    ?          ?        ?          ?        ?         ?         UNKNOWN
Weighted Avg.    1.000    0.000    1.000      1.000    1.000      1.000    1.000     1.000     


=== Confusion Matrix ===

   a   b   c   <-- classified as
 254   0   0 |   a = TRUE
   0 298   0 |   b = FALSE
   0   0   0 |   c = UNKNOWN

Time taken to perform cross-validation: 0.02 seconds


=== Stratified cross-validation ===

Correctly Classified Instances         550               99.6377 %
Incorrectly Classified Instances         2                0.3623 %
Kappa statistic                          0.9927
K&B Relative Info Score                 99.2706 %
K&B Information Score                  547.0629 bits      0.9911 bits/instance
Class complexity | order 0             551.0825 bits      0.9983 bits/instance
Class complexity | scheme             2148      bits      3.8913 bits/instance
Complexity improvement     (Sf)      -1596.9175 bits     -2.893  bits/instance
Mean absolute error                      0.0024
Root mean squared error                  0.0491
Relative absolute error                  0.7278 %
Root relative squared error             12.0766 %
Total Number of Instances              552     


=== Detailed Accuracy By Class ===

                 TP Rate  FP Rate  Precision  Recall   F-Measure  MCC      ROC Area  PRC Area  Class
                 0.992    0.000    1.000      0.992    0.996      0.993    0.996     0.996     TRUE
                 1.000    0.008    0.993      1.000    0.997      0.993    0.996     0.993     FALSE
                 ?        0.000    ?          ?        ?          ?        ?         ?         UNKNOWN
Weighted Avg.    0.996    0.004    0.996      0.996    0.996      0.993    0.996     0.994     


=== Confusion Matrix ===

   a   b   c   <-- classified as
 252   2   0 |   a = TRUE
   0 298   0 |   b = FALSE
   0   0   0 |   c = UNKNOWN

