WARNING: core mtj jar files are not available as resources to this classloader (jdk.internal.loader.ClassLoaders$AppClassLoader@5c29bfd)

=== Classifier model (full training set) ===

J48 pruned tree
------------------

NUM2 <= -3.502565: TRUE (191.0)
NUM2 > -3.502565: FALSE (223.0)

Number of Leaves  : 	2

Size of the tree : 	3


Time taken to build model: 0.01 seconds

Time taken to test model on training data: 0.01 seconds

=== Error on training data ===

Correctly Classified Instances         414              100      %
Incorrectly Classified Instances         0                0      %
Kappa statistic                          1     
K&B Relative Info Score                100      %
K&B Information Score                  413.6481 bits      0.9991 bits/instance
Class complexity | order 0             413.6481 bits      0.9991 bits/instance
Class complexity | scheme                0      bits      0      bits/instance
Complexity improvement     (Sf)        413.6481 bits      0.9991 bits/instance
Mean absolute error                      0     
Root mean squared error                  0     
Relative absolute error                  0      %
Root relative squared error              0      %
Total Number of Instances              414     


=== Detailed Accuracy By Class ===

                 TP Rate  FP Rate  Precision  Recall   F-Measure  MCC      ROC Area  PRC Area  Class
                 1.000    0.000    1.000      1.000    1.000      1.000    1.000     1.000     TRUE
                 1.000    0.000    1.000      1.000    1.000      1.000    1.000     1.000     FALSE
                 ?        0.000    ?          ?        ?          ?        ?         ?         UNKNOWN
Weighted Avg.    1.000    0.000    1.000      1.000    1.000      1.000    1.000     1.000     


=== Confusion Matrix ===

   a   b   c   <-- classified as
 191   0   0 |   a = TRUE
   0 223   0 |   b = FALSE
   0   0   0 |   c = UNKNOWN

Time taken to perform cross-validation: 0.01 seconds


=== Stratified cross-validation ===

Correctly Classified Instances         413               99.7585 %
Incorrectly Classified Instances         1                0.2415 %
Kappa statistic                          0.9951
K&B Relative Info Score                 99.5145 %
K&B Information Score                  411.8112 bits      0.9947 bits/instance
Class complexity | order 0             413.8205 bits      0.9996 bits/instance
Class complexity | scheme             1074      bits      2.5942 bits/instance
Complexity improvement     (Sf)       -660.1795 bits     -1.5946 bits/instance
Mean absolute error                      0.0016
Root mean squared error                  0.0401
Relative absolute error                  0.4847 %
Root relative squared error              9.8586 %
Total Number of Instances              414     


=== Detailed Accuracy By Class ===

                 TP Rate  FP Rate  Precision  Recall   F-Measure  MCC      ROC Area  PRC Area  Class
                 0.995    0.000    1.000      0.995    0.997      0.995    0.997     0.997     TRUE
                 1.000    0.005    0.996      1.000    0.998      0.995    0.997     0.996     FALSE
                 ?        0.000    ?          ?        ?          ?        ?         ?         UNKNOWN
Weighted Avg.    0.998    0.003    0.998      0.998    0.998      0.995    0.997     0.996     


=== Confusion Matrix ===

   a   b   c   <-- classified as
 190   1   0 |   a = TRUE
   0 223   0 |   b = FALSE
   0   0   0 |   c = UNKNOWN

