WARNING: core mtj jar files are not available as resources to this classloader (jdk.internal.loader.ClassLoaders$AppClassLoader@5c29bfd)

=== Classifier model (full training set) ===

J48 pruned tree
------------------

NUM1 <= 14: TRUE (9.0)
NUM1 > 14: FALSE (18.0)

Number of Leaves  : 	2

Size of the tree : 	3


Time taken to build model: 0.01 seconds

Time taken to test model on training data: 0 seconds

=== Error on training data ===

Correctly Classified Instances          27              100      %
Incorrectly Classified Instances         0                0      %
Kappa statistic                          1     
K&B Relative Info Score                100      %
K&B Information Score                   26.126  bits      0.9676 bits/instance
Class complexity | order 0              26.126  bits      0.9676 bits/instance
Class complexity | scheme                0      bits      0      bits/instance
Complexity improvement     (Sf)         26.126  bits      0.9676 bits/instance
Mean absolute error                      0     
Root mean squared error                  0     
Relative absolute error                  0      %
Root relative squared error              0      %
Total Number of Instances               27     


=== Detailed Accuracy By Class ===

                 TP Rate  FP Rate  Precision  Recall   F-Measure  MCC      ROC Area  PRC Area  Class
                 1.000    0.000    1.000      1.000    1.000      1.000    1.000     1.000     TRUE
                 1.000    0.000    1.000      1.000    1.000      1.000    1.000     1.000     FALSE
                 ?        0.000    ?          ?        ?          ?        ?         ?         UNKNOWN
Weighted Avg.    1.000    0.000    1.000      1.000    1.000      1.000    1.000     1.000     


=== Confusion Matrix ===

  a  b  c   <-- classified as
  9  0  0 |  a = TRUE
  0 18  0 |  b = FALSE
  0  0  0 |  c = UNKNOWN

Time taken to perform cross-validation: 0.01 seconds


=== Stratified cross-validation ===

Correctly Classified Instances          26               96.2963 %
Incorrectly Classified Instances         1                3.7037 %
Kappa statistic                          0.9143
K&B Relative Info Score                 91.6874 %
K&B Information Score                   24.2313 bits      0.8975 bits/instance
Class complexity | order 0              26.4282 bits      0.9788 bits/instance
Class complexity | scheme             1074      bits     39.7778 bits/instance
Complexity improvement     (Sf)      -1047.5718 bits    -38.799  bits/instance
Mean absolute error                      0.0247
Root mean squared error                  0.1571
Relative absolute error                  7.8684 %
Root relative squared error             40.5361 %
Total Number of Instances               27     


=== Detailed Accuracy By Class ===

                 TP Rate  FP Rate  Precision  Recall   F-Measure  MCC      ROC Area  PRC Area  Class
                 0.889    0.000    1.000      0.889    0.941      0.918    0.944     0.926     TRUE
                 1.000    0.111    0.947      1.000    0.973      0.918    0.944     0.947     FALSE
                 ?        0.000    ?          ?        ?          ?        ?         ?         UNKNOWN
Weighted Avg.    0.963    0.074    0.965      0.963    0.962      0.918    0.944     0.940     


=== Confusion Matrix ===

  a  b  c   <-- classified as
  8  1  0 |  a = TRUE
  0 18  0 |  b = FALSE
  0  0  0 |  c = UNKNOWN

