WARNING: core mtj jar files are not available as resources to this classloader (jdk.internal.loader.ClassLoaders$AppClassLoader@5c29bfd)

=== Classifier model (full training set) ===

J48 pruned tree
------------------

NUM2 <= 6.679071
|   NUM1 <= 17: TRUE (19.0)
|   NUM1 > 17: FALSE (8.0)
NUM2 > 6.679071: FALSE (27.0)

Number of Leaves  : 	3

Size of the tree : 	5


Time taken to build model: 0.01 seconds

Time taken to test model on training data: 0 seconds

=== Error on training data ===

Correctly Classified Instances          54              100      %
Incorrectly Classified Instances         0                0      %
Kappa statistic                          1     
K&B Relative Info Score                100      %
K&B Information Score                   51.9121 bits      0.9613 bits/instance
Class complexity | order 0              51.9121 bits      0.9613 bits/instance
Class complexity | scheme                0      bits      0      bits/instance
Complexity improvement     (Sf)         51.9121 bits      0.9613 bits/instance
Mean absolute error                      0     
Root mean squared error                  0     
Relative absolute error                  0      %
Root relative squared error              0      %
Total Number of Instances               54     


=== Detailed Accuracy By Class ===

                 TP Rate  FP Rate  Precision  Recall   F-Measure  MCC      ROC Area  PRC Area  Class
                 1.000    0.000    1.000      1.000    1.000      1.000    1.000     1.000     TRUE
                 1.000    0.000    1.000      1.000    1.000      1.000    1.000     1.000     FALSE
                 ?        0.000    ?          ?        ?          ?        ?         ?         UNKNOWN
Weighted Avg.    1.000    0.000    1.000      1.000    1.000      1.000    1.000     1.000     


=== Confusion Matrix ===

  a  b  c   <-- classified as
 19  0  0 |  a = TRUE
  0 35  0 |  b = FALSE
  0  0  0 |  c = UNKNOWN

Time taken to perform cross-validation: 0.01 seconds


=== Stratified cross-validation ===

Correctly Classified Instances          52               96.2963 %
Incorrectly Classified Instances         2                3.7037 %
Kappa statistic                          0.9168
K&B Relative Info Score                 91.6149 %
K&B Information Score                   47.8036 bits      0.8853 bits/instance
Class complexity | order 0              52.1789 bits      0.9663 bits/instance
Class complexity | scheme             1079.0099 bits     19.9817 bits/instance
Complexity improvement     (Sf)      -1026.8309 bits    -19.0154 bits/instance
Mean absolute error                      0.0255
Root mean squared error                  0.1546
Relative absolute error                  8.1682 %
Root relative squared error             39.5567 %
Total Number of Instances               54     


=== Detailed Accuracy By Class ===

                 TP Rate  FP Rate  Precision  Recall   F-Measure  MCC      ROC Area  PRC Area  Class
                 0.895    0.000    1.000      0.895    0.944      0.920    0.969     0.958     TRUE
                 1.000    0.105    0.946      1.000    0.972      0.920    0.969     0.968     FALSE
                 ?        0.000    ?          ?        ?          ?        ?         ?         UNKNOWN
Weighted Avg.    0.963    0.068    0.965      0.963    0.962      0.920    0.969     0.964     


=== Confusion Matrix ===

  a  b  c   <-- classified as
 17  2  0 |  a = TRUE
  0 35  0 |  b = FALSE
  0  0  0 |  c = UNKNOWN

