WARNING: core mtj jar files are not available as resources to this classloader (jdk.internal.loader.ClassLoaders$AppClassLoader@5c29bfd)

=== Classifier model (full training set) ===

J48 pruned tree
------------------

QUANTIFIERS1 = ForAll: FALSE (618.0)
QUANTIFIERS1 = Exists: TRUE (375.0/1.0)

Number of Leaves  : 	2

Size of the tree : 	3


Time taken to build model: 0.02 seconds

Time taken to test model on training data: 0.01 seconds

=== Error on training data ===

Correctly Classified Instances         992               99.8993 %
Incorrectly Classified Instances         1                0.1007 %
Kappa statistic                          0.9979
K&B Relative Info Score                 99.629  %
K&B Information Score                  946.8554 bits      0.9535 bits/instance
Class complexity | order 0             950.3816 bits      0.9571 bits/instance
Class complexity | scheme                9.9915 bits      0.0101 bits/instance
Complexity improvement     (Sf)        940.3901 bits      0.947  bits/instance
Mean absolute error                      0.0013
Root mean squared error                  0.0259
Relative absolute error                  0.4272 %
Root relative squared error              6.5405 %
Total Number of Instances              993     


=== Detailed Accuracy By Class ===

                 TP Rate  FP Rate  Precision  Recall   F-Measure  MCC      ROC Area  PRC Area  Class
                 1.000    0.002    0.997      1.000    0.999      0.998    0.999     0.997     TRUE
                 0.998    0.000    1.000      0.998    0.999      0.998    0.999     0.999     FALSE
                 ?        0.000    ?          ?        ?          ?        ?         ?         UNKNOWN
Weighted Avg.    0.999    0.001    0.999      0.999    0.999      0.998    0.999     0.999     


=== Confusion Matrix ===

   a   b   c   <-- classified as
 374   0   0 |   a = TRUE
   1 618   0 |   b = FALSE
   0   0   0 |   c = UNKNOWN

Time taken to perform cross-validation: 0.03 seconds


=== Stratified cross-validation ===

Correctly Classified Instances         992               99.8993 %
Incorrectly Classified Instances         1                0.1007 %
Kappa statistic                          0.9979
K&B Relative Info Score                 99.6285 %
K&B Information Score                  947.0197 bits      0.9537 bits/instance
Class complexity | order 0             950.5508 bits      0.9573 bits/instance
Class complexity | scheme             1075.4425 bits      1.083  bits/instance
Complexity improvement     (Sf)       -124.8917 bits     -0.1258 bits/instance
Mean absolute error                      0.0013
Root mean squared error                  0.0259
Relative absolute error                  0.428  %
Root relative squared error              6.5589 %
Total Number of Instances              993     


=== Detailed Accuracy By Class ===

                 TP Rate  FP Rate  Precision  Recall   F-Measure  MCC      ROC Area  PRC Area  Class
                 1.000    0.002    0.997      1.000    0.999      0.998    0.998     0.994     TRUE
                 0.998    0.000    1.000      0.998    0.999      0.998    0.998     0.999     FALSE
                 ?        0.000    ?          ?        ?          ?        ?         ?         UNKNOWN
Weighted Avg.    0.999    0.001    0.999      0.999    0.999      0.998    0.998     0.997     


=== Confusion Matrix ===

   a   b   c   <-- classified as
 374   0   0 |   a = TRUE
   1 618   0 |   b = FALSE
   0   0   0 |   c = UNKNOWN

