WARNING: core mtj jar files are not available as resources to this classloader (jdk.internal.loader.ClassLoaders$AppClassLoader@5c29bfd)

=== Classifier model (full training set) ===

J48 pruned tree
------------------

NUM3 <= 1.998044
|   NUM2 <= -3.535136: TRUE (186.0)
|   NUM2 > -3.535136: FALSE (488.0)
NUM3 > 1.998044: TRUE (427.0)

Number of Leaves  : 	3

Size of the tree : 	5


Time taken to build model: 0.02 seconds

Time taken to test model on training data: 0.01 seconds

=== Error on training data ===

Correctly Classified Instances        1101              100      %
Incorrectly Classified Instances         0                0      %
Kappa statistic                          1     
K&B Relative Info Score                100      %
K&B Information Score                 1092.1802 bits      0.992  bits/instance
Class complexity | order 0            1092.1802 bits      0.992  bits/instance
Class complexity | scheme                0      bits      0      bits/instance
Complexity improvement     (Sf)       1092.1802 bits      0.992  bits/instance
Mean absolute error                      0     
Root mean squared error                  0     
Relative absolute error                  0      %
Root relative squared error              0      %
Total Number of Instances             1101     


=== Detailed Accuracy By Class ===

                 TP Rate  FP Rate  Precision  Recall   F-Measure  MCC      ROC Area  PRC Area  Class
                 1.000    0.000    1.000      1.000    1.000      1.000    1.000     1.000     TRUE
                 1.000    0.000    1.000      1.000    1.000      1.000    1.000     1.000     FALSE
                 ?        0.000    ?          ?        ?          ?        ?         ?         UNKNOWN
Weighted Avg.    1.000    0.000    1.000      1.000    1.000      1.000    1.000     1.000     


=== Confusion Matrix ===

   a   b   c   <-- classified as
 613   0   0 |   a = TRUE
   0 488   0 |   b = FALSE
   0   0   0 |   c = UNKNOWN

Time taken to perform cross-validation: 0.03 seconds


=== Stratified cross-validation ===

Correctly Classified Instances        1100               99.9092 %
Incorrectly Classified Instances         1                0.0908 %
Kappa statistic                          0.9982
K&B Relative Info Score                 99.8152 %
K&B Information Score                 1090.3313 bits      0.9903 bits/instance
Class complexity | order 0            1092.3497 bits      0.9921 bits/instance
Class complexity | scheme             1074      bits      0.9755 bits/instance
Complexity improvement     (Sf)         18.3497 bits      0.0167 bits/instance
Mean absolute error                      0.0006
Root mean squared error                  0.0246
Relative absolute error                  0.1838 %
Root relative squared error              6.0667 %
Total Number of Instances             1101     


=== Detailed Accuracy By Class ===

                 TP Rate  FP Rate  Precision  Recall   F-Measure  MCC      ROC Area  PRC Area  Class
                 0.998    0.000    1.000      0.998    0.999      0.998    0.999     0.999     TRUE
                 1.000    0.002    0.998      1.000    0.999      0.998    0.999     0.998     FALSE
                 ?        0.000    ?          ?        ?          ?        ?         ?         UNKNOWN
Weighted Avg.    0.999    0.001    0.999      0.999    0.999      0.998    0.999     0.999     


=== Confusion Matrix ===

   a   b   c   <-- classified as
 612   1   0 |   a = TRUE
   0 488   0 |   b = FALSE
   0   0   0 |   c = UNKNOWN

