WARNING: core mtj jar files are not available as resources to this classloader (jdk.internal.loader.ClassLoaders$AppClassLoader@5c29bfd)

=== Classifier model (full training set) ===

J48 pruned tree
------------------

NUM3 <= 1.998044: FALSE (115.0)
NUM3 > 1.998044: TRUE (161.0)

Number of Leaves  : 	2

Size of the tree : 	3


Time taken to build model: 0.01 seconds

Time taken to test model on training data: 0 seconds

=== Error on training data ===

Correctly Classified Instances         276              100      %
Incorrectly Classified Instances         0                0      %
Kappa statistic                          1     
K&B Relative Info Score                100      %
K&B Information Score                  271.8738 bits      0.9851 bits/instance
Class complexity | order 0             271.8738 bits      0.9851 bits/instance
Class complexity | scheme                0      bits      0      bits/instance
Complexity improvement     (Sf)        271.8738 bits      0.9851 bits/instance
Mean absolute error                      0     
Root mean squared error                  0     
Relative absolute error                  0      %
Root relative squared error              0      %
Total Number of Instances              276     


=== Detailed Accuracy By Class ===

                 TP Rate  FP Rate  Precision  Recall   F-Measure  MCC      ROC Area  PRC Area  Class
                 1.000    0.000    1.000      1.000    1.000      1.000    1.000     1.000     TRUE
                 1.000    0.000    1.000      1.000    1.000      1.000    1.000     1.000     FALSE
                 ?        0.000    ?          ?        ?          ?        ?         ?         UNKNOWN
Weighted Avg.    1.000    0.000    1.000      1.000    1.000      1.000    1.000     1.000     


=== Confusion Matrix ===

   a   b   c   <-- classified as
 161   0   0 |   a = TRUE
   0 115   0 |   b = FALSE
   0   0   0 |   c = UNKNOWN

Time taken to perform cross-validation: 0.01 seconds


=== Stratified cross-validation ===

Correctly Classified Instances         275               99.6377 %
Incorrectly Classified Instances         1                0.3623 %
Kappa statistic                          0.9925
K&B Relative Info Score                 99.2499 %
K&B Information Score                  270.0218 bits      0.9783 bits/instance
Class complexity | order 0             272.0625 bits      0.9857 bits/instance
Class complexity | scheme             1074      bits      3.8913 bits/instance
Complexity improvement     (Sf)       -801.9375 bits     -2.9056 bits/instance
Mean absolute error                      0.0024
Root mean squared error                  0.0491
Relative absolute error                  0.742  %
Root relative squared error             12.2081 %
Total Number of Instances              276     


=== Detailed Accuracy By Class ===

                 TP Rate  FP Rate  Precision  Recall   F-Measure  MCC      ROC Area  PRC Area  Class
                 1.000    0.009    0.994      1.000    0.997      0.993    0.996     0.994     TRUE
                 0.991    0.000    1.000      0.991    0.996      0.993    0.996     0.995     FALSE
                 ?        0.000    ?          ?        ?          ?        ?         ?         UNKNOWN
Weighted Avg.    0.996    0.005    0.996      0.996    0.996      0.993    0.996     0.994     


=== Confusion Matrix ===

   a   b   c   <-- classified as
 161   0   0 |   a = TRUE
   1 114   0 |   b = FALSE
   0   0   0 |   c = UNKNOWN

