WARNING: core mtj jar files are not available as resources to this classloader (jdk.internal.loader.ClassLoaders$AppClassLoader@5c29bfd)

=== Classifier model (full training set) ===

J48 pruned tree
------------------

NUM1 <= 5162493.806373
|   LOGICALS3 = And: TRUE (89.0)
|   LOGICALS3 = Or
|   |   NUM1 <= 4634106.490737: TRUE (20.0)
|   |   NUM1 > 4634106.490737: FALSE (5.0)
|   LOGICALS3 = Implies: TRUE (0.0)
NUM1 > 5162493.806373
|   NUM3 <= 2.721332
|   |   LOGICALS3 = And: TRUE (16.0)
|   |   LOGICALS3 = Or: FALSE (6.0)
|   |   LOGICALS3 = Implies: TRUE (0.0)
|   NUM3 > 2.721332: FALSE (92.0)

Number of Leaves  : 	8

Size of the tree : 	13


Time taken to build model: 0.02 seconds

Time taken to test model on training data: 0.01 seconds

=== Error on training data ===

Correctly Classified Instances         228              100      %
Incorrectly Classified Instances         0                0      %
Kappa statistic                          1     
K&B Relative Info Score                100      %
K&B Information Score                  227.8935 bits      0.9995 bits/instance
Class complexity | order 0             227.8935 bits      0.9995 bits/instance
Class complexity | scheme                0      bits      0      bits/instance
Complexity improvement     (Sf)        227.8935 bits      0.9995 bits/instance
Mean absolute error                      0     
Root mean squared error                  0     
Relative absolute error                  0      %
Root relative squared error              0      %
Total Number of Instances              228     


=== Detailed Accuracy By Class ===

                 TP Rate  FP Rate  Precision  Recall   F-Measure  MCC      ROC Area  PRC Area  Class
                 1.000    0.000    1.000      1.000    1.000      1.000    1.000     1.000     TRUE
                 1.000    0.000    1.000      1.000    1.000      1.000    1.000     1.000     FALSE
                 ?        0.000    ?          ?        ?          ?        ?         ?         UNKNOWN
Weighted Avg.    1.000    0.000    1.000      1.000    1.000      1.000    1.000     1.000     


=== Confusion Matrix ===

   a   b   c   <-- classified as
 125   0   0 |   a = TRUE
   0 103   0 |   b = FALSE
   0   0   0 |   c = UNKNOWN

Time taken to perform cross-validation: 0.02 seconds


=== Stratified cross-validation ===

Correctly Classified Instances         227               99.5614 %
Incorrectly Classified Instances         1                0.4386 %
Kappa statistic                          0.9912
K&B Relative Info Score                 99.1173 %
K&B Information Score                  226.0928 bits      0.9916 bits/instance
Class complexity | order 0             228.1062 bits      1.0005 bits/instance
Class complexity | scheme             1074      bits      4.7105 bits/instance
Complexity improvement     (Sf)       -845.8938 bits     -3.7101 bits/instance
Mean absolute error                      0.0029
Root mean squared error                  0.0541
Relative absolute error                  0.8809 %
Root relative squared error             13.3047 %
Total Number of Instances              228     


=== Detailed Accuracy By Class ===

                 TP Rate  FP Rate  Precision  Recall   F-Measure  MCC      ROC Area  PRC Area  Class
                 0.992    0.000    1.000      0.992    0.996      0.991    0.996     0.996     TRUE
                 1.000    0.008    0.990      1.000    0.995      0.991    0.996     0.990     FALSE
                 ?        0.000    ?          ?        ?          ?        ?         ?         UNKNOWN
Weighted Avg.    0.996    0.004    0.996      0.996    0.996      0.991    0.996     0.994     


=== Confusion Matrix ===

   a   b   c   <-- classified as
 124   1   0 |   a = TRUE
   0 103   0 |   b = FALSE
   0   0   0 |   c = UNKNOWN

