WARNING: core mtj jar files are not available as resources to this classloader (jdk.internal.loader.ClassLoaders$AppClassLoader@5c29bfd)

=== Classifier model (full training set) ===

J48 pruned tree
------------------

NUM1 <= 4702016.189781: TRUE (912.0)
NUM1 > 4702016.189781
|   LOGICALS3 = And
|   |   NUM1 <= 5203515.292132: TRUE (232.0)
|   |   NUM1 > 5203515.292132
|   |   |   NUM3 <= 2.802319: TRUE (122.0)
|   |   |   NUM3 > 2.802319: FALSE (318.0)
|   LOGICALS3 = Or: FALSE (675.0)
|   LOGICALS3 = Implies: FALSE (0.0)

Number of Leaves  : 	6

Size of the tree : 	10


Time taken to build model: 0.04 seconds

Time taken to test model on training data: 0.01 seconds

=== Error on training data ===

Correctly Classified Instances        2259              100      %
Incorrectly Classified Instances         0                0      %
Kappa statistic                          1     
K&B Relative Info Score                100      %
K&B Information Score                 2236.5841 bits      0.9901 bits/instance
Class complexity | order 0            2236.5841 bits      0.9901 bits/instance
Class complexity | scheme                0      bits      0      bits/instance
Complexity improvement     (Sf)       2236.5841 bits      0.9901 bits/instance
Mean absolute error                      0     
Root mean squared error                  0     
Relative absolute error                  0      %
Root relative squared error              0      %
Total Number of Instances             2259     


=== Detailed Accuracy By Class ===

                 TP Rate  FP Rate  Precision  Recall   F-Measure  MCC      ROC Area  PRC Area  Class
                 1.000    0.000    1.000      1.000    1.000      1.000    1.000     1.000     TRUE
                 1.000    0.000    1.000      1.000    1.000      1.000    1.000     1.000     FALSE
                 ?        0.000    ?          ?        ?          ?        ?         ?         UNKNOWN
Weighted Avg.    1.000    0.000    1.000      1.000    1.000      1.000    1.000     1.000     


=== Confusion Matrix ===

    a    b    c   <-- classified as
 1266    0    0 |    a = TRUE
    0  993    0 |    b = FALSE
    0    0    0 |    c = UNKNOWN

Time taken to perform cross-validation: 0.08 seconds


=== Stratified cross-validation ===

Correctly Classified Instances        2256               99.8672 %
Incorrectly Classified Instances         3                0.1328 %
Kappa statistic                          0.9973
K&B Relative Info Score                 99.7289 %
K&B Information Score                 2230.6872 bits      0.9875 bits/instance
Class complexity | order 0            2236.7502 bits      0.9902 bits/instance
Class complexity | scheme             3222      bits      1.4263 bits/instance
Complexity improvement     (Sf)       -985.2498 bits     -0.4361 bits/instance
Mean absolute error                      0.0009
Root mean squared error                  0.0298
Relative absolute error                  0.2694 %
Root relative squared error              7.3422 %
Total Number of Instances             2259     


=== Detailed Accuracy By Class ===

                 TP Rate  FP Rate  Precision  Recall   F-Measure  MCC      ROC Area  PRC Area  Class
                 0.998    0.001    0.999      0.998    0.999      0.997    0.999     0.999     TRUE
                 0.999    0.002    0.998      0.999    0.998      0.997    0.999     0.997     FALSE
                 ?        0.000    ?          ?        ?          ?        ?         ?         UNKNOWN
Weighted Avg.    0.999    0.001    0.999      0.999    0.999      0.997    0.999     0.998     


=== Confusion Matrix ===

    a    b    c   <-- classified as
 1264    2    0 |    a = TRUE
    1  992    0 |    b = FALSE
    0    0    0 |    c = UNKNOWN

