WARNING: core mtj jar files are not available as resources to this classloader (jdk.internal.loader.ClassLoaders$AppClassLoader@5c29bfd)

=== Classifier model (full training set) ===

J48 pruned tree
------------------

NUM1 <= 4720148.109067: TRUE (227.0)
NUM1 > 4720148.109067
|   LOGICALS3 = And
|   |   NUM1 <= 5210722.533901: TRUE (37.0)
|   |   NUM1 > 5210722.533901
|   |   |   NUM3 <= 2.772914: TRUE (26.0)
|   |   |   NUM3 > 2.772914: FALSE (95.0)
|   LOGICALS3 = Or: FALSE (182.0)
|   LOGICALS3 = Implies: FALSE (0.0)

Number of Leaves  : 	6

Size of the tree : 	10


Time taken to build model: 0.02 seconds

Time taken to test model on training data: 0.01 seconds

=== Error on training data ===

Correctly Classified Instances         567              100      %
Incorrectly Classified Instances         0                0      %
Kappa statistic                          1     
K&B Relative Info Score                100      %
K&B Information Score                  568.2213 bits      1.0022 bits/instance
Class complexity | order 0             568.2213 bits      1.0022 bits/instance
Class complexity | scheme                0      bits      0      bits/instance
Complexity improvement     (Sf)        568.2213 bits      1.0022 bits/instance
Mean absolute error                      0     
Root mean squared error                  0     
Relative absolute error                  0      %
Root relative squared error              0      %
Total Number of Instances              567     


=== Detailed Accuracy By Class ===

                 TP Rate  FP Rate  Precision  Recall   F-Measure  MCC      ROC Area  PRC Area  Class
                 1.000    0.000    1.000      1.000    1.000      1.000    1.000     1.000     TRUE
                 1.000    0.000    1.000      1.000    1.000      1.000    1.000     1.000     FALSE
                 ?        0.000    ?          ?        ?          ?        ?         ?         UNKNOWN
Weighted Avg.    1.000    0.000    1.000      1.000    1.000      1.000    1.000     1.000     


=== Confusion Matrix ===

   a   b   c   <-- classified as
 290   0   0 |   a = TRUE
   0 277   0 |   b = FALSE
   0   0   0 |   c = UNKNOWN

Time taken to perform cross-validation: 0.03 seconds


=== Stratified cross-validation ===

Correctly Classified Instances         567              100      %
Incorrectly Classified Instances         0                0      %
Kappa statistic                          1     
K&B Relative Info Score                100      %
K&B Information Score                  568.3867 bits      1.0024 bits/instance
Class complexity | order 0             568.3867 bits      1.0024 bits/instance
Class complexity | scheme                0      bits      0      bits/instance
Complexity improvement     (Sf)        568.3867 bits      1.0024 bits/instance
Mean absolute error                      0     
Root mean squared error                  0     
Relative absolute error                  0      %
Root relative squared error              0      %
Total Number of Instances              567     


=== Detailed Accuracy By Class ===

                 TP Rate  FP Rate  Precision  Recall   F-Measure  MCC      ROC Area  PRC Area  Class
                 1.000    0.000    1.000      1.000    1.000      1.000    1.000     1.000     TRUE
                 1.000    0.000    1.000      1.000    1.000      1.000    1.000     1.000     FALSE
                 ?        0.000    ?          ?        ?          ?        ?         ?         UNKNOWN
Weighted Avg.    1.000    0.000    1.000      1.000    1.000      1.000    1.000     1.000     


=== Confusion Matrix ===

   a   b   c   <-- classified as
 290   0   0 |   a = TRUE
   0 277   0 |   b = FALSE
   0   0   0 |   c = UNKNOWN

