WARNING: core mtj jar files are not available as resources to this classloader (jdk.internal.loader.ClassLoaders$AppClassLoader@5c29bfd)

=== Classifier model (full training set) ===

J48 pruned tree
------------------

NUM1 <= 4703115.211261: TRUE (959.0)
NUM1 > 4703115.211261
|   LOGICALS3 = And
|   |   NUM3 <= 2.798926: TRUE (225.0)
|   |   NUM3 > 2.798926
|   |   |   NUM1 <= 5197750.562648: TRUE (173.0)
|   |   |   NUM1 > 5197750.562648: FALSE (459.0)
|   LOGICALS3 = Or: FALSE (818.0)
|   LOGICALS3 = Implies: FALSE (0.0)

Number of Leaves  : 	6

Size of the tree : 	10


Time taken to build model: 0.04 seconds

Time taken to test model on training data: 0.01 seconds

=== Error on training data ===

Correctly Classified Instances        2634              100      %
Incorrectly Classified Instances         0                0      %
Kappa statistic                          1     
K&B Relative Info Score                100      %
K&B Information Score                 2633.6884 bits      0.9999 bits/instance
Class complexity | order 0            2633.6884 bits      0.9999 bits/instance
Class complexity | scheme                0      bits      0      bits/instance
Complexity improvement     (Sf)       2633.6884 bits      0.9999 bits/instance
Mean absolute error                      0     
Root mean squared error                  0     
Relative absolute error                  0      %
Root relative squared error              0      %
Total Number of Instances             2634     


=== Detailed Accuracy By Class ===

                 TP Rate  FP Rate  Precision  Recall   F-Measure  MCC      ROC Area  PRC Area  Class
                 1.000    0.000    1.000      1.000    1.000      1.000    1.000     1.000     TRUE
                 1.000    0.000    1.000      1.000    1.000      1.000    1.000     1.000     FALSE
                 ?        0.000    ?          ?        ?          ?        ?         ?         UNKNOWN
Weighted Avg.    1.000    0.000    1.000      1.000    1.000      1.000    1.000     1.000     


=== Confusion Matrix ===

    a    b    c   <-- classified as
 1357    0    0 |    a = TRUE
    0 1277    0 |    b = FALSE
    0    0    0 |    c = UNKNOWN

Time taken to perform cross-validation: 0.08 seconds


=== Stratified cross-validation ===

Correctly Classified Instances        2633               99.962  %
Incorrectly Classified Instances         1                0.038  %
Kappa statistic                          0.9992
K&B Relative Info Score                 99.924  %
K&B Information Score                 2631.8509 bits      0.9992 bits/instance
Class complexity | order 0            2633.8522 bits      0.9999 bits/instance
Class complexity | scheme             1074      bits      0.4077 bits/instance
Complexity improvement     (Sf)       1559.8522 bits      0.5922 bits/instance
Mean absolute error                      0.0003
Root mean squared error                  0.0159
Relative absolute error                  0.076  %
Root relative squared error              3.8987 %
Total Number of Instances             2634     


=== Detailed Accuracy By Class ===

                 TP Rate  FP Rate  Precision  Recall   F-Measure  MCC      ROC Area  PRC Area  Class
                 1.000    0.001    0.999      1.000    1.000      0.999    1.000     0.999     TRUE
                 0.999    0.000    1.000      0.999    1.000      0.999    1.000     1.000     FALSE
                 ?        0.000    ?          ?        ?          ?        ?         ?         UNKNOWN
Weighted Avg.    1.000    0.000    1.000      1.000    1.000      0.999    1.000     0.999     


=== Confusion Matrix ===

    a    b    c   <-- classified as
 1357    0    0 |    a = TRUE
    1 1276    0 |    b = FALSE
    0    0    0 |    c = UNKNOWN

