WARNING: core mtj jar files are not available as resources to this classloader (jdk.internal.loader.ClassLoaders$AppClassLoader@5c29bfd)

=== Classifier model (full training set) ===

J48 pruned tree
------------------

QUANTIFIERS1 = ForAll: FALSE (988.0)
QUANTIFIERS1 = Exists: TRUE (686.0/1.0)

Number of Leaves  : 	2

Size of the tree : 	3


Time taken to build model: 0.02 seconds

Time taken to test model on training data: 0.01 seconds

=== Error on training data ===

Correctly Classified Instances        1673               99.9403 %
Incorrectly Classified Instances         1                0.0597 %
Kappa statistic                          0.9988
K&B Relative Info Score                 99.7868 %
K&B Information Score                 1631.9081 bits      0.9749 bits/instance
Class complexity | order 0            1635.3956 bits      0.9769 bits/instance
Class complexity | scheme               10.8637 bits      0.0065 bits/instance
Complexity improvement     (Sf)       1624.5319 bits      0.9704 bits/instance
Mean absolute error                      0.0008
Root mean squared error                  0.0199
Relative absolute error                  0.2466 %
Root relative squared error              4.9673 %
Total Number of Instances             1674     


=== Detailed Accuracy By Class ===

                 TP Rate  FP Rate  Precision  Recall   F-Measure  MCC      ROC Area  PRC Area  Class
                 1.000    0.001    0.999      1.000    0.999      0.999    0.999     0.999     TRUE
                 0.999    0.000    1.000      0.999    0.999      0.999    0.999     1.000     FALSE
                 ?        0.000    ?          ?        ?          ?        ?         ?         UNKNOWN
Weighted Avg.    0.999    0.000    0.999      0.999    0.999      0.999    0.999     0.999     


=== Confusion Matrix ===

   a   b   c   <-- classified as
 685   0   0 |   a = TRUE
   1 988   0 |   b = FALSE
   0   0   0 |   c = UNKNOWN

Time taken to perform cross-validation: 0.04 seconds


=== Stratified cross-validation ===

Correctly Classified Instances        1673               99.9403 %
Incorrectly Classified Instances         1                0.0597 %
Kappa statistic                          0.9988
K&B Relative Info Score                 99.7866 %
K&B Information Score                 1632.0702 bits      0.975  bits/instance
Class complexity | order 0            1635.5607 bits      0.977  bits/instance
Class complexity | scheme             1075.4428 bits      0.6424 bits/instance
Complexity improvement     (Sf)        560.1178 bits      0.3346 bits/instance
Mean absolute error                      0.0008
Root mean squared error                  0.02  
Relative absolute error                  0.2468 %
Root relative squared error              4.9749 %
Total Number of Instances             1674     


=== Detailed Accuracy By Class ===

                 TP Rate  FP Rate  Precision  Recall   F-Measure  MCC      ROC Area  PRC Area  Class
                 1.000    0.001    0.999      1.000    0.999      0.999    0.999     0.997     TRUE
                 0.999    0.000    1.000      0.999    0.999      0.999    0.999     1.000     FALSE
                 ?        0.000    ?          ?        ?          ?        ?         ?         UNKNOWN
Weighted Avg.    0.999    0.000    0.999      0.999    0.999      0.999    0.999     0.998     


=== Confusion Matrix ===

   a   b   c   <-- classified as
 685   0   0 |   a = TRUE
   1 988   0 |   b = FALSE
   0   0   0 |   c = UNKNOWN

