WARNING: core mtj jar files are not available as resources to this classloader (jdk.internal.loader.ClassLoaders$AppClassLoader@5c29bfd)

=== Classifier model (full training set) ===

J48 pruned tree
------------------

NUM3 <= 2.789581: TRUE (29.0)
NUM3 > 2.789581: FALSE (46.0)

Number of Leaves  : 	2

Size of the tree : 	3


Time taken to build model: 0.01 seconds

Time taken to test model on training data: 0 seconds

=== Error on training data ===

Correctly Classified Instances          75              100      %
Incorrectly Classified Instances         0                0      %
Kappa statistic                          1     
K&B Relative Info Score                100      %
K&B Information Score                   73.5943 bits      0.9813 bits/instance
Class complexity | order 0              73.5943 bits      0.9813 bits/instance
Class complexity | scheme                0      bits      0      bits/instance
Complexity improvement     (Sf)         73.5943 bits      0.9813 bits/instance
Mean absolute error                      0     
Root mean squared error                  0     
Relative absolute error                  0      %
Root relative squared error              0      %
Total Number of Instances               75     


=== Detailed Accuracy By Class ===

                 TP Rate  FP Rate  Precision  Recall   F-Measure  MCC      ROC Area  PRC Area  Class
                 1.000    0.000    1.000      1.000    1.000      1.000    1.000     1.000     TRUE
                 1.000    0.000    1.000      1.000    1.000      1.000    1.000     1.000     FALSE
                 ?        0.000    ?          ?        ?          ?        ?         ?         UNKNOWN
Weighted Avg.    1.000    0.000    1.000      1.000    1.000      1.000    1.000     1.000     


=== Confusion Matrix ===

  a  b  c   <-- classified as
 29  0  0 |  a = TRUE
  0 46  0 |  b = FALSE
  0  0  0 |  c = UNKNOWN

Time taken to perform cross-validation: 0.01 seconds


=== Stratified cross-validation ===

Correctly Classified Instances          74               98.6667 %
Incorrectly Classified Instances         1                1.3333 %
Kappa statistic                          0.9717
K&B Relative Info Score                 97.1861 %
K&B Information Score                   71.7486 bits      0.9566 bits/instance
Class complexity | order 0              73.826  bits      0.9843 bits/instance
Class complexity | scheme             1074      bits     14.32   bits/instance
Complexity improvement     (Sf)      -1000.174  bits    -13.3357 bits/instance
Mean absolute error                      0.0089
Root mean squared error                  0.0943
Relative absolute error                  2.7613 %
Root relative squared error             23.6849 %
Total Number of Instances               75     


=== Detailed Accuracy By Class ===

                 TP Rate  FP Rate  Precision  Recall   F-Measure  MCC      ROC Area  PRC Area  Class
                 0.966    0.000    1.000      0.966    0.982      0.972    0.983     0.979     TRUE
                 1.000    0.034    0.979      1.000    0.989      0.972    0.983     0.979     FALSE
                 ?        0.000    ?          ?        ?          ?        ?         ?         UNKNOWN
Weighted Avg.    0.987    0.021    0.987      0.987    0.987      0.972    0.983     0.979     


=== Confusion Matrix ===

  a  b  c   <-- classified as
 28  1  0 |  a = TRUE
  0 46  0 |  b = FALSE
  0  0  0 |  c = UNKNOWN

