WARNING: core mtj jar files are not available as resources to this classloader (jdk.internal.loader.ClassLoaders$AppClassLoader@5c29bfd)

=== Classifier model (full training set) ===

J48 pruned tree
------------------

NUM1 <= 5193114.187179: TRUE (178.0)
NUM1 > 5193114.187179: FALSE (227.0)

Number of Leaves  : 	2

Size of the tree : 	3


Time taken to build model: 0.02 seconds

Time taken to test model on training data: 0.01 seconds

=== Error on training data ===

Correctly Classified Instances         405              100      %
Incorrectly Classified Instances         0                0      %
Kappa statistic                          1     
K&B Relative Info Score                100      %
K&B Information Score                  402.147  bits      0.993  bits/instance
Class complexity | order 0             402.147  bits      0.993  bits/instance
Class complexity | scheme                0      bits      0      bits/instance
Complexity improvement     (Sf)        402.147  bits      0.993  bits/instance
Mean absolute error                      0     
Root mean squared error                  0     
Relative absolute error                  0      %
Root relative squared error              0      %
Total Number of Instances              405     


=== Detailed Accuracy By Class ===

                 TP Rate  FP Rate  Precision  Recall   F-Measure  MCC      ROC Area  PRC Area  Class
                 1.000    0.000    1.000      1.000    1.000      1.000    1.000     1.000     TRUE
                 1.000    0.000    1.000      1.000    1.000      1.000    1.000     1.000     FALSE
                 ?        0.000    ?          ?        ?          ?        ?         ?         UNKNOWN
Weighted Avg.    1.000    0.000    1.000      1.000    1.000      1.000    1.000     1.000     


=== Confusion Matrix ===

   a   b   c   <-- classified as
 178   0   0 |   a = TRUE
   0 227   0 |   b = FALSE
   0   0   0 |   c = UNKNOWN

Time taken to perform cross-validation: 0.02 seconds


=== Stratified cross-validation ===

Correctly Classified Instances         404               99.7531 %
Incorrectly Classified Instances         1                0.2469 %
Kappa statistic                          0.995 
K&B Relative Info Score                 99.4972 %
K&B Information Score                  400.3028 bits      0.9884 bits/instance
Class complexity | order 0             402.3256 bits      0.9934 bits/instance
Class complexity | scheme             1074      bits      2.6519 bits/instance
Complexity improvement     (Sf)       -671.6744 bits     -1.6585 bits/instance
Mean absolute error                      0.0016
Root mean squared error                  0.0406
Relative absolute error                  0.4997 %
Root relative squared error             10.0112 %
Total Number of Instances              405     


=== Detailed Accuracy By Class ===

                 TP Rate  FP Rate  Precision  Recall   F-Measure  MCC      ROC Area  PRC Area  Class
                 0.994    0.000    1.000      0.994    0.997      0.995    0.997     0.997     TRUE
                 1.000    0.006    0.996      1.000    0.998      0.995    0.997     0.996     FALSE
                 ?        0.000    ?          ?        ?          ?        ?         ?         UNKNOWN
Weighted Avg.    0.998    0.003    0.998      0.998    0.998      0.995    0.997     0.996     


=== Confusion Matrix ===

   a   b   c   <-- classified as
 177   1   0 |   a = TRUE
   0 227   0 |   b = FALSE
   0   0   0 |   c = UNKNOWN

