WARNING: core mtj jar files are not available as resources to this classloader (jdk.internal.loader.ClassLoaders$AppClassLoader@5c29bfd)

=== Classifier model (full training set) ===

J48 pruned tree
------------------

NUM1 <= 5198684.827807
|   NUM1 <= 4696032.601227: TRUE (1112.0)
|   NUM1 > 4696032.601227
|   |   LOGICALS3 = And: TRUE (178.0)
|   |   LOGICALS3 = Or
|   |   |   NUM0 <= 4765967: FALSE (117.0)
|   |   |   NUM0 > 4765967
|   |   |   |   NUM0 <= 4918648: FALSE (3.0)
|   |   |   |   NUM0 > 4918648: TRUE (3.0)
|   |   LOGICALS3 = Implies: TRUE (0.0)
NUM1 > 5198684.827807: FALSE (1272.0)

Number of Leaves  : 	7

Size of the tree : 	12


Time taken to build model: 0.03 seconds

Time taken to test model on training data: 0.01 seconds

=== Error on training data ===

Correctly Classified Instances        2685              100      %
Incorrectly Classified Instances         0                0      %
Kappa statistic                          1     
K&B Relative Info Score                100      %
K&B Information Score                 2683.8076 bits      0.9996 bits/instance
Class complexity | order 0            2683.8076 bits      0.9996 bits/instance
Class complexity | scheme                0      bits      0      bits/instance
Complexity improvement     (Sf)       2683.8076 bits      0.9996 bits/instance
Mean absolute error                      0     
Root mean squared error                  0     
Relative absolute error                  0      %
Root relative squared error              0      %
Total Number of Instances             2685     


=== Detailed Accuracy By Class ===

                 TP Rate  FP Rate  Precision  Recall   F-Measure  MCC      ROC Area  PRC Area  Class
                 1.000    0.000    1.000      1.000    1.000      1.000    1.000     1.000     TRUE
                 1.000    0.000    1.000      1.000    1.000      1.000    1.000     1.000     FALSE
                 ?        0.000    ?          ?        ?          ?        ?         ?         UNKNOWN
Weighted Avg.    1.000    0.000    1.000      1.000    1.000      1.000    1.000     1.000     


=== Confusion Matrix ===

    a    b    c   <-- classified as
 1293    0    0 |    a = TRUE
    0 1392    0 |    b = FALSE
    0    0    0 |    c = UNKNOWN

Time taken to perform cross-validation: 0.07 seconds


=== Stratified cross-validation ===

Correctly Classified Instances        2681               99.851  %
Incorrectly Classified Instances         4                0.149  %
Kappa statistic                          0.997 
K&B Relative Info Score                 99.7016 %
K&B Information Score                 2675.9631 bits      0.9966 bits/instance
Class complexity | order 0            2683.9707 bits      0.9996 bits/instance
Class complexity | scheme             4296      bits      1.6    bits/instance
Complexity improvement     (Sf)      -1612.0293 bits     -0.6004 bits/instance
Mean absolute error                      0.001 
Root mean squared error                  0.0315
Relative absolute error                  0.2982 %
Root relative squared error              7.7247 %
Total Number of Instances             2685     


=== Detailed Accuracy By Class ===

                 TP Rate  FP Rate  Precision  Recall   F-Measure  MCC      ROC Area  PRC Area  Class
                 0.999    0.002    0.998      0.999    0.998      0.997    0.999     0.997     TRUE
                 0.998    0.001    0.999      0.998    0.999      0.997    0.999     0.998     FALSE
                 ?        0.000    ?          ?        ?          ?        ?         ?         UNKNOWN
Weighted Avg.    0.999    0.001    0.999      0.999    0.999      0.997    0.999     0.998     


=== Confusion Matrix ===

    a    b    c   <-- classified as
 1292    1    0 |    a = TRUE
    3 1389    0 |    b = FALSE
    0    0    0 |    c = UNKNOWN

