WARNING: core mtj jar files are not available as resources to this classloader (jdk.internal.loader.ClassLoaders$AppClassLoader@5c29bfd)

=== Classifier model (full training set) ===

J48 pruned tree
------------------

NUM1 <= 5193114.187179: TRUE (119.0)
NUM1 > 5193114.187179: FALSE (151.0)

Number of Leaves  : 	2

Size of the tree : 	3


Time taken to build model: 0.02 seconds

Time taken to test model on training data: 0.01 seconds

=== Error on training data ===

Correctly Classified Instances         270              100      %
Incorrectly Classified Instances         0                0      %
Kappa statistic                          1     
K&B Relative Info Score                100      %
K&B Information Score                  268.6874 bits      0.9951 bits/instance
Class complexity | order 0             268.6874 bits      0.9951 bits/instance
Class complexity | scheme                0      bits      0      bits/instance
Complexity improvement     (Sf)        268.6874 bits      0.9951 bits/instance
Mean absolute error                      0     
Root mean squared error                  0     
Relative absolute error                  0      %
Root relative squared error              0      %
Total Number of Instances              270     


=== Detailed Accuracy By Class ===

                 TP Rate  FP Rate  Precision  Recall   F-Measure  MCC      ROC Area  PRC Area  Class
                 1.000    0.000    1.000      1.000    1.000      1.000    1.000     1.000     TRUE
                 1.000    0.000    1.000      1.000    1.000      1.000    1.000     1.000     FALSE
                 ?        0.000    ?          ?        ?          ?        ?         ?         UNKNOWN
Weighted Avg.    1.000    0.000    1.000      1.000    1.000      1.000    1.000     1.000     


=== Confusion Matrix ===

   a   b   c   <-- classified as
 119   0   0 |   a = TRUE
   0 151   0 |   b = FALSE
   0   0   0 |   c = UNKNOWN

Time taken to perform cross-validation: 0.01 seconds


=== Stratified cross-validation ===

Correctly Classified Instances         269               99.6296 %
Incorrectly Classified Instances         1                0.3704 %
Kappa statistic                          0.9925
K&B Relative Info Score                 99.2481 %
K&B Information Score                  266.8457 bits      0.9883 bits/instance
Class complexity | order 0             268.8673 bits      0.9958 bits/instance
Class complexity | scheme             1074      bits      3.9778 bits/instance
Complexity improvement     (Sf)       -805.1327 bits     -2.982  bits/instance
Mean absolute error                      0.0025
Root mean squared error                  0.0497
Relative absolute error                  0.748  %
Root relative squared error             12.257  %
Total Number of Instances              270     


=== Detailed Accuracy By Class ===

                 TP Rate  FP Rate  Precision  Recall   F-Measure  MCC      ROC Area  PRC Area  Class
                 0.992    0.000    1.000      0.992    0.996      0.993    0.996     0.995     TRUE
                 1.000    0.008    0.993      1.000    0.997      0.993    0.996     0.993     FALSE
                 ?        0.000    ?          ?        ?          ?        ?         ?         UNKNOWN
Weighted Avg.    0.996    0.005    0.996      0.996    0.996      0.993    0.996     0.994     


=== Confusion Matrix ===

   a   b   c   <-- classified as
 118   1   0 |   a = TRUE
   0 151   0 |   b = FALSE
   0   0   0 |   c = UNKNOWN

