WARNING: core mtj jar files are not available as resources to this classloader (jdk.internal.loader.ClassLoaders$AppClassLoader@5c29bfd)

=== Classifier model (full training set) ===

J48 pruned tree
------------------

NUM3 <= 2.799387: TRUE (61.0)
NUM3 > 2.799387: FALSE (86.0)

Number of Leaves  : 	2

Size of the tree : 	3


Time taken to build model: 0.01 seconds

Time taken to test model on training data: 0 seconds

=== Error on training data ===

Correctly Classified Instances         147              100      %
Incorrectly Classified Instances         0                0      %
Kappa statistic                          1     
K&B Relative Info Score                100      %
K&B Information Score                  145.3372 bits      0.9887 bits/instance
Class complexity | order 0             145.3372 bits      0.9887 bits/instance
Class complexity | scheme                0      bits      0      bits/instance
Complexity improvement     (Sf)        145.3372 bits      0.9887 bits/instance
Mean absolute error                      0     
Root mean squared error                  0     
Relative absolute error                  0      %
Root relative squared error              0      %
Total Number of Instances              147     


=== Detailed Accuracy By Class ===

                 TP Rate  FP Rate  Precision  Recall   F-Measure  MCC      ROC Area  PRC Area  Class
                 1.000    0.000    1.000      1.000    1.000      1.000    1.000     1.000     TRUE
                 1.000    0.000    1.000      1.000    1.000      1.000    1.000     1.000     FALSE
                 ?        0.000    ?          ?        ?          ?        ?         ?         UNKNOWN
Weighted Avg.    1.000    0.000    1.000      1.000    1.000      1.000    1.000     1.000     


=== Confusion Matrix ===

  a  b  c   <-- classified as
 61  0  0 |  a = TRUE
  0 86  0 |  b = FALSE
  0  0  0 |  c = UNKNOWN

Time taken to perform cross-validation: 0.01 seconds


=== Stratified cross-validation ===

Correctly Classified Instances         146               99.3197 %
Incorrectly Classified Instances         1                0.6803 %
Kappa statistic                          0.986 
K&B Relative Info Score                 98.5912 %
K&B Information Score                  143.4893 bits      0.9761 bits/instance
Class complexity | order 0             145.5397 bits      0.9901 bits/instance
Class complexity | scheme             1074      bits      7.3061 bits/instance
Complexity improvement     (Sf)       -928.4603 bits     -6.3161 bits/instance
Mean absolute error                      0.0045
Root mean squared error                  0.0673
Relative absolute error                  1.3893 %
Root relative squared error             16.7343 %
Total Number of Instances              147     


=== Detailed Accuracy By Class ===

                 TP Rate  FP Rate  Precision  Recall   F-Measure  MCC      ROC Area  PRC Area  Class
                 0.984    0.000    1.000      0.984    0.992      0.986    0.992     0.990     TRUE
                 1.000    0.016    0.989      1.000    0.994      0.986    0.992     0.989     FALSE
                 ?        0.000    ?          ?        ?          ?        ?         ?         UNKNOWN
Weighted Avg.    0.993    0.010    0.993      0.993    0.993      0.986    0.992     0.989     


=== Confusion Matrix ===

  a  b  c   <-- classified as
 60  1  0 |  a = TRUE
  0 86  0 |  b = FALSE
  0  0  0 |  c = UNKNOWN

