WARNING: core mtj jar files are not available as resources to this classloader (jdk.internal.loader.ClassLoaders$AppClassLoader@5c29bfd)

=== Classifier model (full training set) ===

J48 pruned tree
------------------

NUM3 <= 2.799387: TRUE (77.0)
NUM3 > 2.799387: FALSE (106.0)

Number of Leaves  : 	2

Size of the tree : 	3


Time taken to build model: 0.01 seconds

Time taken to test model on training data: 0 seconds

=== Error on training data ===

Correctly Classified Instances         183              100      %
Incorrectly Classified Instances         0                0      %
Kappa statistic                          1     
K&B Relative Info Score                100      %
K&B Information Score                  181.0946 bits      0.9896 bits/instance
Class complexity | order 0             181.0946 bits      0.9896 bits/instance
Class complexity | scheme                0      bits      0      bits/instance
Complexity improvement     (Sf)        181.0946 bits      0.9896 bits/instance
Mean absolute error                      0     
Root mean squared error                  0     
Relative absolute error                  0      %
Root relative squared error              0      %
Total Number of Instances              183     


=== Detailed Accuracy By Class ===

                 TP Rate  FP Rate  Precision  Recall   F-Measure  MCC      ROC Area  PRC Area  Class
                 1.000    0.000    1.000      1.000    1.000      1.000    1.000     1.000     TRUE
                 1.000    0.000    1.000      1.000    1.000      1.000    1.000     1.000     FALSE
                 ?        0.000    ?          ?        ?          ?        ?         ?         UNKNOWN
Weighted Avg.    1.000    0.000    1.000      1.000    1.000      1.000    1.000     1.000     


=== Confusion Matrix ===

   a   b   c   <-- classified as
  77   0   0 |   a = TRUE
   0 106   0 |   b = FALSE
   0   0   0 |   c = UNKNOWN

Time taken to perform cross-validation: 0.01 seconds


=== Stratified cross-validation ===

Correctly Classified Instances         182               99.4536 %
Incorrectly Classified Instances         1                0.5464 %
Kappa statistic                          0.9888
K&B Relative Info Score                 98.8777 %
K&B Information Score                  179.2796 bits      0.9797 bits/instance
Class complexity | order 0             181.3146 bits      0.9908 bits/instance
Class complexity | scheme             1074      bits      5.8689 bits/instance
Complexity improvement     (Sf)       -892.6854 bits     -4.8781 bits/instance
Mean absolute error                      0.0036
Root mean squared error                  0.0604
Relative absolute error                  1.1135 %
Root relative squared error             14.9691 %
Total Number of Instances              183     


=== Detailed Accuracy By Class ===

                 TP Rate  FP Rate  Precision  Recall   F-Measure  MCC      ROC Area  PRC Area  Class
                 0.987    0.000    1.000      0.987    0.993      0.989    0.994     0.992     TRUE
                 1.000    0.013    0.991      1.000    0.995      0.989    0.994     0.991     FALSE
                 ?        0.000    ?          ?        ?          ?        ?         ?         UNKNOWN
Weighted Avg.    0.995    0.008    0.995      0.995    0.995      0.989    0.994     0.991     


=== Confusion Matrix ===

   a   b   c   <-- classified as
  76   1   0 |   a = TRUE
   0 106   0 |   b = FALSE
   0   0   0 |   c = UNKNOWN

