WARNING: core mtj jar files are not available as resources to this classloader (jdk.internal.loader.ClassLoaders$AppClassLoader@5c29bfd)

=== Classifier model (full training set) ===

J48 pruned tree
------------------

NUM3 <= 2.799387: TRUE (44.0)
NUM3 > 2.799387: FALSE (67.0)

Number of Leaves  : 	2

Size of the tree : 	3


Time taken to build model: 0.01 seconds

Time taken to test model on training data: 0 seconds

=== Error on training data ===

Correctly Classified Instances         111              100      %
Incorrectly Classified Instances         0                0      %
Kappa statistic                          1     
K&B Relative Info Score                100      %
K&B Information Score                  108.9492 bits      0.9815 bits/instance
Class complexity | order 0             108.9492 bits      0.9815 bits/instance
Class complexity | scheme                0      bits      0      bits/instance
Complexity improvement     (Sf)        108.9492 bits      0.9815 bits/instance
Mean absolute error                      0     
Root mean squared error                  0     
Relative absolute error                  0      %
Root relative squared error              0      %
Total Number of Instances              111     


=== Detailed Accuracy By Class ===

                 TP Rate  FP Rate  Precision  Recall   F-Measure  MCC      ROC Area  PRC Area  Class
                 1.000    0.000    1.000      1.000    1.000      1.000    1.000     1.000     TRUE
                 1.000    0.000    1.000      1.000    1.000      1.000    1.000     1.000     FALSE
                 ?        0.000    ?          ?        ?          ?        ?         ?         UNKNOWN
Weighted Avg.    1.000    0.000    1.000      1.000    1.000      1.000    1.000     1.000     


=== Confusion Matrix ===

  a  b  c   <-- classified as
 44  0  0 |  a = TRUE
  0 67  0 |  b = FALSE
  0  0  0 |  c = UNKNOWN

Time taken to perform cross-validation: 0.01 seconds


=== Stratified cross-validation ===

Correctly Classified Instances         110               99.0991 %
Incorrectly Classified Instances         1                0.9009 %
Kappa statistic                          0.9811
K&B Relative Info Score                 98.1129 %
K&B Information Score                  107.1699 bits      0.9655 bits/instance
Class complexity | order 0             109.2312 bits      0.9841 bits/instance
Class complexity | scheme             1074      bits      9.6757 bits/instance
Complexity improvement     (Sf)       -964.7688 bits     -8.6916 bits/instance
Mean absolute error                      0.006 
Root mean squared error                  0.0775
Relative absolute error                  1.8599 %
Root relative squared error             19.3856 %
Total Number of Instances              111     


=== Detailed Accuracy By Class ===

                 TP Rate  FP Rate  Precision  Recall   F-Measure  MCC      ROC Area  PRC Area  Class
                 0.977    0.000    1.000      0.977    0.989      0.981    0.989     0.986     TRUE
                 1.000    0.023    0.985      1.000    0.993      0.981    0.989     0.985     FALSE
                 ?        0.000    ?          ?        ?          ?        ?         ?         UNKNOWN
Weighted Avg.    0.991    0.014    0.991      0.991    0.991      0.981    0.989     0.986     


=== Confusion Matrix ===

  a  b  c   <-- classified as
 43  1  0 |  a = TRUE
  0 67  0 |  b = FALSE
  0  0  0 |  c = UNKNOWN

