WARNING: core mtj jar files are not available as resources to this classloader (jdk.internal.loader.ClassLoaders$AppClassLoader@5c29bfd)

=== Classifier model (full training set) ===

J48 pruned tree
------------------

NUM3 <= 1.98544: FALSE (102.0)
NUM3 > 1.98544: TRUE (93.0)

Number of Leaves  : 	2

Size of the tree : 	3


Time taken to build model: 0.01 seconds

Time taken to test model on training data: 0 seconds

=== Error on training data ===

Correctly Classified Instances         195              100      %
Incorrectly Classified Instances         0                0      %
Kappa statistic                          1     
K&B Relative Info Score                100      %
K&B Information Score                  196.1247 bits      1.0058 bits/instance
Class complexity | order 0             196.1247 bits      1.0058 bits/instance
Class complexity | scheme                0      bits      0      bits/instance
Complexity improvement     (Sf)        196.1247 bits      1.0058 bits/instance
Mean absolute error                      0     
Root mean squared error                  0     
Relative absolute error                  0      %
Root relative squared error              0      %
Total Number of Instances              195     


=== Detailed Accuracy By Class ===

                 TP Rate  FP Rate  Precision  Recall   F-Measure  MCC      ROC Area  PRC Area  Class
                 1.000    0.000    1.000      1.000    1.000      1.000    1.000     1.000     TRUE
                 1.000    0.000    1.000      1.000    1.000      1.000    1.000     1.000     FALSE
                 ?        0.000    ?          ?        ?          ?        ?         ?         UNKNOWN
Weighted Avg.    1.000    0.000    1.000      1.000    1.000      1.000    1.000     1.000     


=== Confusion Matrix ===

   a   b   c   <-- classified as
  93   0   0 |   a = TRUE
   0 102   0 |   b = FALSE
   0   0   0 |   c = UNKNOWN

Time taken to perform cross-validation: 0.01 seconds


=== Stratified cross-validation ===

Correctly Classified Instances         194               99.4872 %
Incorrectly Classified Instances         1                0.5128 %
Kappa statistic                          0.9897
K&B Relative Info Score                 98.9804 %
K&B Information Score                  194.322  bits      0.9965 bits/instance
Class complexity | order 0             196.3236 bits      1.0068 bits/instance
Class complexity | scheme             1074      bits      5.5077 bits/instance
Complexity improvement     (Sf)       -877.6764 bits     -4.5009 bits/instance
Mean absolute error                      0.0034
Root mean squared error                  0.0585
Relative absolute error                  1.0219 %
Root relative squared error             14.3347 %
Total Number of Instances              195     


=== Detailed Accuracy By Class ===

                 TP Rate  FP Rate  Precision  Recall   F-Measure  MCC      ROC Area  PRC Area  Class
                 1.000    0.010    0.989      1.000    0.995      0.990    0.995     0.989     TRUE
                 0.990    0.000    1.000      0.990    0.995      0.990    0.995     0.995     FALSE
                 ?        0.000    ?          ?        ?          ?        ?         ?         UNKNOWN
Weighted Avg.    0.995    0.005    0.995      0.995    0.995      0.990    0.995     0.992     


=== Confusion Matrix ===

   a   b   c   <-- classified as
  93   0   0 |   a = TRUE
   1 101   0 |   b = FALSE
   0   0   0 |   c = UNKNOWN

