WARNING: core mtj jar files are not available as resources to this classloader (jdk.internal.loader.ClassLoaders$AppClassLoader@5c29bfd)

=== Classifier model (full training set) ===

J48 pruned tree
------------------

NUM3 <= 1.98544: FALSE (129.0)
NUM3 > 1.98544: TRUE (114.0)

Number of Leaves  : 	2

Size of the tree : 	3


Time taken to build model: 0.01 seconds

Time taken to test model on training data: 0 seconds

=== Error on training data ===

Correctly Classified Instances         243              100      %
Incorrectly Classified Instances         0                0      %
Kappa statistic                          1     
K&B Relative Info Score                100      %
K&B Information Score                  243.7597 bits      1.0031 bits/instance
Class complexity | order 0             243.7597 bits      1.0031 bits/instance
Class complexity | scheme                0      bits      0      bits/instance
Complexity improvement     (Sf)        243.7597 bits      1.0031 bits/instance
Mean absolute error                      0     
Root mean squared error                  0     
Relative absolute error                  0      %
Root relative squared error              0      %
Total Number of Instances              243     


=== Detailed Accuracy By Class ===

                 TP Rate  FP Rate  Precision  Recall   F-Measure  MCC      ROC Area  PRC Area  Class
                 1.000    0.000    1.000      1.000    1.000      1.000    1.000     1.000     TRUE
                 1.000    0.000    1.000      1.000    1.000      1.000    1.000     1.000     FALSE
                 ?        0.000    ?          ?        ?          ?        ?         ?         UNKNOWN
Weighted Avg.    1.000    0.000    1.000      1.000    1.000      1.000    1.000     1.000     


=== Confusion Matrix ===

   a   b   c   <-- classified as
 114   0   0 |   a = TRUE
   0 129   0 |   b = FALSE
   0   0   0 |   c = UNKNOWN

Time taken to perform cross-validation: 0.01 seconds


=== Stratified cross-validation ===

Correctly Classified Instances         242               99.5885 %
Incorrectly Classified Instances         1                0.4115 %
Kappa statistic                          0.9917
K&B Relative Info Score                 99.1784 %
K&B Information Score                  241.9449 bits      0.9957 bits/instance
Class complexity | order 0             243.9491 bits      1.0039 bits/instance
Class complexity | scheme             1074      bits      4.4198 bits/instance
Complexity improvement     (Sf)       -830.0509 bits     -3.4158 bits/instance
Mean absolute error                      0.0027
Root mean squared error                  0.0524
Relative absolute error                  0.8224 %
Root relative squared error             12.8529 %
Total Number of Instances              243     


=== Detailed Accuracy By Class ===

                 TP Rate  FP Rate  Precision  Recall   F-Measure  MCC      ROC Area  PRC Area  Class
                 1.000    0.008    0.991      1.000    0.996      0.992    0.996     0.991     TRUE
                 0.992    0.000    1.000      0.992    0.996      0.992    0.996     0.996     FALSE
                 ?        0.000    ?          ?        ?          ?        ?         ?         UNKNOWN
Weighted Avg.    0.996    0.004    0.996      0.996    0.996      0.992    0.996     0.994     


=== Confusion Matrix ===

   a   b   c   <-- classified as
 114   0   0 |   a = TRUE
   1 128   0 |   b = FALSE
   0   0   0 |   c = UNKNOWN

