WARNING: core mtj jar files are not available as resources to this classloader (jdk.internal.loader.ClassLoaders$AppClassLoader@5c29bfd)

=== Classifier model (full training set) ===

J48 pruned tree
------------------

NUM1 <= 5190496.400583
|   LOGICALS3 = And: TRUE (221.0)
|   LOGICALS3 = Or
|   |   NUM1 <= 4641058.524995: TRUE (40.0)
|   |   NUM1 > 4641058.524995: FALSE (22.0)
|   LOGICALS3 = Implies: TRUE (0.0)
NUM1 > 5190496.400583
|   NUM3 <= 2.799566
|   |   LOGICALS3 = And: TRUE (40.0)
|   |   LOGICALS3 = Or: FALSE (24.0)
|   |   LOGICALS3 = Implies: TRUE (0.0)
|   NUM3 > 2.799566: FALSE (301.0)

Number of Leaves  : 	8

Size of the tree : 	13


Time taken to build model: 0.02 seconds

Time taken to test model on training data: 0.01 seconds

=== Error on training data ===

Correctly Classified Instances         648              100      %
Incorrectly Classified Instances         0                0      %
Kappa statistic                          1     
K&B Relative Info Score                100      %
K&B Information Score                  647.0797 bits      0.9986 bits/instance
Class complexity | order 0             647.0797 bits      0.9986 bits/instance
Class complexity | scheme                0      bits      0      bits/instance
Complexity improvement     (Sf)        647.0797 bits      0.9986 bits/instance
Mean absolute error                      0     
Root mean squared error                  0     
Relative absolute error                  0      %
Root relative squared error              0      %
Total Number of Instances              648     


=== Detailed Accuracy By Class ===

                 TP Rate  FP Rate  Precision  Recall   F-Measure  MCC      ROC Area  PRC Area  Class
                 1.000    0.000    1.000      1.000    1.000      1.000    1.000     1.000     TRUE
                 1.000    0.000    1.000      1.000    1.000      1.000    1.000     1.000     FALSE
                 ?        0.000    ?          ?        ?          ?        ?         ?         UNKNOWN
Weighted Avg.    1.000    0.000    1.000      1.000    1.000      1.000    1.000     1.000     


=== Confusion Matrix ===

   a   b   c   <-- classified as
 301   0   0 |   a = TRUE
   0 347   0 |   b = FALSE
   0   0   0 |   c = UNKNOWN

Time taken to perform cross-validation: 0.03 seconds


=== Stratified cross-validation ===

Correctly Classified Instances         646               99.6914 %
Incorrectly Classified Instances         2                0.3086 %
Kappa statistic                          0.9938
K&B Relative Info Score                 99.3315 %
K&B Information Score                  642.9231 bits      0.9922 bits/instance
Class complexity | order 0             647.2498 bits      0.9988 bits/instance
Class complexity | scheme             2148.3107 bits      3.3153 bits/instance
Complexity improvement     (Sf)      -1501.061  bits     -2.3165 bits/instance
Mean absolute error                      0.0023
Root mean squared error                  0.0454
Relative absolute error                  0.6859 %
Root relative squared error             11.1412 %
Total Number of Instances              648     


=== Detailed Accuracy By Class ===

                 TP Rate  FP Rate  Precision  Recall   F-Measure  MCC      ROC Area  PRC Area  Class
                 0.993    0.000    1.000      0.993    0.997      0.994    0.996     0.996     TRUE
                 1.000    0.007    0.994      1.000    0.997      0.994    0.996     0.993     FALSE
                 ?        0.000    ?          ?        ?          ?        ?         ?         UNKNOWN
Weighted Avg.    0.997    0.004    0.997      0.997    0.997      0.994    0.996     0.995     


=== Confusion Matrix ===

   a   b   c   <-- classified as
 299   2   0 |   a = TRUE
   0 347   0 |   b = FALSE
   0   0   0 |   c = UNKNOWN

